20250718-192929<INFO :00001690>: [KG_Goddess] starting ...
20250718-192929<INFO :00001690>: [KG_Goddess] Loading kg_goddess.ini
20250718-192929<INFO :00001690>: [KG_Goddess] Loaded KG_Angel, version 2.5
20250718-192929<INFO :00001690>: [KG_Goddess] Initializing role database ...
20250718-192929<DEBUG:00001690>: [KGD] Success connect to localhost:3306, character set switch to latin1
20250718-192929<INFO :00001690>: [KG_Goddess] Initializing role statistic ...
20250718-192929<INFO :00001690>: [KG_Goddess] Initializing server manager ...
20250718-192929<INFO :00001690>: [KG_Goddess] Initializing Sequence ...
20250718-192929<INFO :00001690>: [KG_Goddess] Initializing NameServer ...
20250718-192929<DEBUG:00001690>: [Database] character set switch to latin1
20250718-192929<INFO :00001690>: [ServerManager] Listening at 127.0.0.1:5001
20250718-192929<INFO :00001690>: [KG_Goddess] RoleLock disable
20250718-192929<INFO :00001690>: [KG_Goddess] Set log level to DEBUG
20250718-192929<INFO :00001690>: [KG_Goddess] Start success
20250718-192932<INFO :00004A94>: [ServerManager] Accept from (127.0.0.1: 58962) SocketStream = 01007348
20250718-192932<INFO :00004228>: [Goddess Server 00] Started, service for 127.0.0.1:58962
20250718-192932<DEBUG:00004228>: [KGD] Success connect to localhost:3306, character set switch to latin1
20250718-192933<INFO :00004A94>: [ServerManager] Accept from (127.0.0.1: 58967) SocketStream = 01006FE8
20250718-192933<INFO :00002D70>: [Goddess Server 01] Started, service for 127.0.0.1:58967
20250718-192933<DEBUG:00002D70>: [KGD] Success connect to localhost:3306, character set switch to latin1
20250718-192937<INFO :00004A94>: [ServerManager] Accept from (127.0.0.1: 58979) SocketStream = 01007030
20250718-192937<INFO :00004330>: [Goddess Server 02] Started, service for 127.0.0.1:58979
20250718-192937<DEBUG:00004330>: [KGD] Success connect to localhost:3306, character set switch to latin1
20250718-192937<DEBUG:00004330>: [Goddess Server 02] Enter KG_GoddessServer::_query_statistic_info()
20250718-192937<DEBUG:00004330>: KGLOG_PROCESS_ERROR(piStatistic) at line 2189 in KG_GoddessServer::_query_statistic_info
20250718-192937<DEBUG:00004330>: [Goddess Server 02] Leave KG_GoddessServer::_query_statistic_info()
20250718-192937<INFO :00004A94>: [ServerManager] Accept from (127.0.0.1: 58984) SocketStream = 01007588
20250718-192937<INFO :00002F50>: [Goddess Server 03] Started, service for 127.0.0.1:58984
20250718-192937<DEBUG:00002F50>: [KGD] Success connect to localhost:3306, character set switch to latin1
20250718-192937<DEBUG:00002F50>: [Goddess Server 03] Enter KG_GoddessServer::_query_statistic_info()
20250718-192937<DEBUG:00002F50>: KGLOG_PROCESS_ERROR(piStatistic) at line 2189 in KG_GoddessServer::_query_statistic_info
20250718-192937<DEBUG:00002F50>: [Goddess Server 03] Leave KG_GoddessServer::_query_statistic_info()
20250718-192937<INFO :00004A94>: [ServerManager] Accept from (127.0.0.1: 58989) SocketStream = 01007270
20250718-192937<INFO :000031BC>: [Goddess Server 04] Started, service for 127.0.0.1:58989
20250718-192937<DEBUG:000031BC>: [KGD] Success connect to localhost:3306, character set switch to latin1
20250718-192937<DEBUG:000031BC>: [Goddess Server 04] Enter KG_GoddessServer::_query_statistic_info()
20250718-192937<DEBUG:000031BC>: KGLOG_PROCESS_ERROR(piStatistic) at line 2189 in KG_GoddessServer::_query_statistic_info
20250718-192937<DEBUG:000031BC>: [Goddess Server 04] Leave KG_GoddessServer::_query_statistic_info()
20250718-192937<INFO :00004A94>: [ServerManager] Accept from (127.0.0.1: 58994) SocketStream = 010076A8
20250718-192937<INFO :00004AEC>: [Goddess Server 05] Started, service for 127.0.0.1:58994
20250718-192937<DEBUG:00004AEC>: [KGD] Success connect to localhost:3306, character set switch to latin1
20250718-192937<DEBUG:00004AEC>: [Goddess Server 05] Enter KG_GoddessServer::_query_statistic_info()
20250718-192937<DEBUG:00004AEC>: KGLOG_PROCESS_ERROR(piStatistic) at line 2189 in KG_GoddessServer::_query_statistic_info
20250718-192937<DEBUG:00004AEC>: [Goddess Server 05] Leave KG_GoddessServer::_query_statistic_info()
20250718-192937<INFO :00004A94>: [ServerManager] Accept from (127.0.0.1: 58999) SocketStream = 010074B0
20250718-192937<INFO :00003628>: [Goddess Server 06] Started, service for 127.0.0.1:58999
20250718-192937<DEBUG:00003628>: [KGD] Success connect to localhost:3306, character set switch to latin1
20250718-192937<INFO :00004A94>: [ServerManager] Accept from (127.0.0.1: 59002) SocketStream = 010073D8
20250718-192937<INFO :00003530>: [Goddess Server 07] Started, service for 127.0.0.1:59002
20250718-192937<DEBUG:00003530>: [KGD] Success connect to localhost:3306, character set switch to latin1
20250718-192937<INFO :00004A94>: [ServerManager] Accept from (127.0.0.1: 59005) SocketStream = 01007780
20250718-192937<INFO :00003650>: [Goddess Server 08] Started, service for 127.0.0.1:59005
20250718-192937<DEBUG:00003650>: [KGD] Success connect to localhost:3306, character set switch to latin1
20250718-192937<DEBUG:00003650>: [Goddess Server 08] Enter KG_GoddessServer::_query_statistic_info()
20250718-192937<DEBUG:00003650>: KGLOG_PROCESS_ERROR(piStatistic) at line 2189 in KG_GoddessServer::_query_statistic_info
20250718-192937<DEBUG:00003650>: [Goddess Server 08] Leave KG_GoddessServer::_query_statistic_info()
20250718-192938<DEBUG:00003628>: [Goddess Server 06] Enter KG_GoddessServer::_query_statistic_info()
20250718-192938<DEBUG:00003628>: KGLOG_PROCESS_ERROR(piStatistic) at line 2189 in KG_GoddessServer::_query_statistic_info
20250718-192938<DEBUG:00003628>: [Goddess Server 06] Leave KG_GoddessServer::_query_statistic_info()
20250718-192938<DEBUG:00003530>: [Goddess Server 07] Enter KG_GoddessServer::_query_statistic_info()
20250718-192938<DEBUG:00003530>: KGLOG_PROCESS_ERROR(piStatistic) at line 2189 in KG_GoddessServer::_query_statistic_info
20250718-192938<DEBUG:00003530>: [Goddess Server 07] Leave KG_GoddessServer::_query_statistic_info()
20250718-192941<DEBUG:00004228>: [Goddess Server 00] Enter KG_GoddessServer::_query_role_list()
20250718-192941<INFO :00004228>: [Goddess Server 00] Query roles list of account "xboyhd"
20250718-192941<DEBUG:00004228>: [Goddess Server 00] Leave KG_GoddessServer::_query_role_list()
20250718-192942<DEBUG:00004228>: [Goddess Server 00] Enter KG_GoddessServer::_query_role_list_in_zone()
20250718-192942<DEBUG:00004228>: [Goddess Server 00] Leave KG_GoddessServer::_query_role_list_in_zone()
20250718-192944<DEBUG:00004330>: [Goddess Server 02] Enter KG_GoddessServer::_ping()
20250718-192944<DEBUG:00002F50>: [Goddess Server 03] Enter KG_GoddessServer::_ping()
20250718-192944<DEBUG:000031BC>: [Goddess Server 04] Enter KG_GoddessServer::_ping()
20250718-192945<DEBUG:00004AEC>: [Goddess Server 05] Enter KG_GoddessServer::_ping()
20250718-192946<DEBUG:00003650>: [Goddess Server 08] Enter KG_GoddessServer::_ping()
20250718-192947<DEBUG:00004228>: [Goddess Server 00] Enter KG_GoddessServer::_query_role_list()
20250718-192947<INFO :00004228>: [Goddess Server 00] Query roles list of account "xboyhd2"
20250718-192947<DEBUG:00004228>: [Goddess Server 00] Leave KG_GoddessServer::_query_role_list()
20250718-192947<DEBUG:00003628>: [Goddess Server 06] Enter KG_GoddessServer::_ping()
20250718-192948<DEBUG:00003530>: [Goddess Server 07] Enter KG_GoddessServer::_ping()
20250718-192948<DEBUG:00004228>: [Goddess Server 00] Enter KG_GoddessServer::_query_role_list_in_zone()
20250718-192948<DEBUG:00004228>: [Goddess Server 00] Leave KG_GoddessServer::_query_role_list_in_zone()
20250718-192949<DEBUG:00004228>: [Goddess Server 00] Enter KG_GoddessServer::_query_role_data()
20250718-192949<INFO :00004228>: [Goddess Server 00] PacketID : 5, Get role "TCQGaming" of Account "xboyhd", Result = 1
20250718-192949<DEBUG:00004228>: [Goddess Server 00] Leave KG_GoddessServer::_query_role_data()
20250718-192949<DEBUG:00003650>: [Goddess Server 08] Unsupported protocol: 38
20250718-192951<DEBUG:00003650>: [Goddess Server 08] Unsupported protocol: 37
20250718-192952<DEBUG:00004228>: [Goddess Server 00] Enter KG_GoddessServer::_query_role_data()
20250718-192952<INFO :00004228>: [Goddess Server 00] PacketID : 6, Get role "testttt" of Account "xboyhd2", Result = 1
20250718-192952<DEBUG:00004228>: [Goddess Server 00] Leave KG_GoddessServer::_query_role_data()
20250718-192953<DEBUG:00004330>: [Goddess Server 02] Unsupported protocol: 38
20250718-192954<DEBUG:00004330>: [Goddess Server 02] Enter KG_GoddessServer::_ping()
20250718-192954<DEBUG:00002F50>: [Goddess Server 03] Enter KG_GoddessServer::_ping()
20250718-192954<DEBUG:000031BC>: [Goddess Server 04] Enter KG_GoddessServer::_ping()
20250718-192955<DEBUG:00004330>: [Goddess Server 02] Unsupported protocol: 37
20250718-192955<DEBUG:00004330>: [Goddess Server 02] Enter KG_GoddessServer::_save_role_data()
20250718-192955<INFO :00004330>: [Goddess Server 02] PacketID : 1, Save role "testttt" of Account "xboyhd2", LeaveFlag = 1, Result = 1
20250718-192955<DEBUG:00004330>: [Goddess Server 02] Leave KG_GoddessServer::_save_role_data()
20250718-192955<DEBUG:00004AEC>: [Goddess Server 05] Enter KG_GoddessServer::_ping()
20250718-192955<DEBUG:00003650>: [Goddess Server 08] Unsupported protocol: 38
20250718-192956<DEBUG:00003650>: [Goddess Server 08] Unsupported protocol: 37
20250718-192956<DEBUG:00003650>: [Goddess Server 08] Enter KG_GoddessServer::_ping()
20250718-192957<DEBUG:00003628>: [Goddess Server 06] Enter KG_GoddessServer::_ping()
20250718-192958<DEBUG:00003530>: [Goddess Server 07] Enter KG_GoddessServer::_ping()
20250718-192959<DEBUG:00002D70>: [Goddess Server 01] Enter KG_GoddessServer::_ping()
20250718-193003<DEBUG:00003650>: [Goddess Server 08] Enter KG_GoddessServer::_save_role_data()
20250718-193003<INFO :00003650>: [Goddess Server 08] PacketID : 2, Save role "testttt" of Account "xboyhd2", LeaveFlag = 1, Result = 1
20250718-193003<DEBUG:00003650>: [Goddess Server 08] Leave KG_GoddessServer::_save_role_data()
20250718-193003<DEBUG:00004330>: [Goddess Server 02] Unsupported protocol: 38
20250718-193004<DEBUG:00004330>: [Goddess Server 02] Enter KG_GoddessServer::_ping()
20250718-193004<DEBUG:00004330>: [Goddess Server 02] Unsupported protocol: 37
20250718-193004<DEBUG:00004330>: [Goddess Server 02] Enter KG_GoddessServer::_ping()
20250718-193004<DEBUG:00002F50>: [Goddess Server 03] Enter KG_GoddessServer::_ping()
20250718-193004<DEBUG:00002F50>: [Goddess Server 03] Enter KG_GoddessServer::_ping()
20250718-193004<DEBUG:000031BC>: [Goddess Server 04] Enter KG_GoddessServer::_ping()
20250718-193005<DEBUG:000031BC>: [Goddess Server 04] Enter KG_GoddessServer::_ping()
20250718-193005<DEBUG:00004AEC>: [Goddess Server 05] Enter KG_GoddessServer::_ping()
20250718-193005<DEBUG:00004AEC>: [Goddess Server 05] Enter KG_GoddessServer::_ping()
20250718-193006<DEBUG:00003650>: [Goddess Server 08] Enter KG_GoddessServer::_ping()
20250718-193006<DEBUG:00003650>: [Goddess Server 08] Enter KG_GoddessServer::_ping()
20250718-193007<DEBUG:00003628>: [Goddess Server 06] Enter KG_GoddessServer::_ping()
20250718-193007<DEBUG:00003628>: [Goddess Server 06] Enter KG_GoddessServer::_ping()
20250718-193008<DEBUG:00003530>: [Goddess Server 07] Enter KG_GoddessServer::_ping()
20250718-193008<DEBUG:00003530>: [Goddess Server 07] Enter KG_GoddessServer::_ping()
20250718-193012<DEBUG:00004228>: [Goddess Server 00] Enter KG_GoddessServer::_ping()
20250718-193014<DEBUG:00004330>: [Goddess Server 02] Enter KG_GoddessServer::_ping()
20250718-193014<DEBUG:00002F50>: [Goddess Server 03] Enter KG_GoddessServer::_ping()
20250718-193014<DEBUG:000031BC>: [Goddess Server 04] Enter KG_GoddessServer::_ping()
20250718-193015<DEBUG:00004AEC>: [Goddess Server 05] Enter KG_GoddessServer::_ping()
20250718-193016<DEBUG:00003650>: [Goddess Server 08] Enter KG_GoddessServer::_ping()
20250718-193017<DEBUG:00003628>: [Goddess Server 06] Enter KG_GoddessServer::_ping()
20250718-193018<DEBUG:00003530>: [Goddess Server 07] Enter KG_GoddessServer::_ping()
20250718-193024<DEBUG:00004330>: [Goddess Server 02] Enter KG_GoddessServer::_ping()
20250718-193024<DEBUG:00002F50>: [Goddess Server 03] Enter KG_GoddessServer::_ping()
20250718-193024<DEBUG:000031BC>: [Goddess Server 04] Enter KG_GoddessServer::_ping()
20250718-193025<DEBUG:00004AEC>: [Goddess Server 05] Enter KG_GoddessServer::_ping()
20250718-193026<DEBUG:00003650>: [Goddess Server 08] Enter KG_GoddessServer::_ping()
20250718-193027<DEBUG:00003628>: [Goddess Server 06] Enter KG_GoddessServer::_ping()
20250718-193028<DEBUG:00003530>: [Goddess Server 07] Enter KG_GoddessServer::_ping()
20250718-193029<DEBUG:00002D70>: [Goddess Server 01] Enter KG_GoddessServer::_ping()
20250718-193032<DEBUG:00004228>: [Goddess Server 00] Enter KG_GoddessServer::_ping()
20250718-193034<DEBUG:00004330>: [Goddess Server 02] Enter KG_GoddessServer::_ping()
20250718-193034<DEBUG:00004330>: [Goddess Server 02] Enter KG_GoddessServer::_ping()
20250718-193034<DEBUG:00002F50>: [Goddess Server 03] Enter KG_GoddessServer::_ping()
20250718-193034<DEBUG:00002F50>: [Goddess Server 03] Enter KG_GoddessServer::_ping()
20250718-193034<DEBUG:000031BC>: [Goddess Server 04] Enter KG_GoddessServer::_ping()
20250718-193035<DEBUG:000031BC>: [Goddess Server 04] Enter KG_GoddessServer::_ping()
20250718-193035<DEBUG:00004AEC>: [Goddess Server 05] Enter KG_GoddessServer::_ping()
20250718-193035<DEBUG:00004AEC>: [Goddess Server 05] Enter KG_GoddessServer::_ping()
20250718-193036<DEBUG:00003650>: [Goddess Server 08] Enter KG_GoddessServer::_ping()
20250718-193036<DEBUG:00003650>: [Goddess Server 08] Enter KG_GoddessServer::_ping()
20250718-193037<DEBUG:00003628>: [Goddess Server 06] Enter KG_GoddessServer::_ping()
20250718-193037<DEBUG:00003628>: [Goddess Server 06] Enter KG_GoddessServer::_ping()
20250718-193038<DEBUG:00003530>: [Goddess Server 07] Enter KG_GoddessServer::_ping()
20250718-193038<DEBUG:00003530>: [Goddess Server 07] Enter KG_GoddessServer::_ping()
20250718-193044<DEBUG:00004330>: [Goddess Server 02] Enter KG_GoddessServer::_ping()
20250718-193044<DEBUG:00002F50>: [Goddess Server 03] Enter KG_GoddessServer::_ping()
20250718-193044<DEBUG:000031BC>: [Goddess Server 04] Enter KG_GoddessServer::_ping()
20250718-193045<DEBUG:00004AEC>: [Goddess Server 05] Enter KG_GoddessServer::_ping()
20250718-193046<DEBUG:00003650>: [Goddess Server 08] Enter KG_GoddessServer::_ping()
20250718-193047<DEBUG:00003628>: [Goddess Server 06] Enter KG_GoddessServer::_ping()
20250718-193048<DEBUG:00003530>: [Goddess Server 07] Enter KG_GoddessServer::_ping()
20250718-193052<DEBUG:00004228>: [Goddess Server 00] Enter KG_GoddessServer::_ping()
20250718-193054<DEBUG:00004330>: [Goddess Server 02] Enter KG_GoddessServer::_ping()
20250718-193054<DEBUG:00002F50>: [Goddess Server 03] Enter KG_GoddessServer::_ping()
20250718-193054<DEBUG:000031BC>: [Goddess Server 04] Enter KG_GoddessServer::_ping()
20250718-193055<DEBUG:00004AEC>: [Goddess Server 05] Enter KG_GoddessServer::_ping()
20250718-193056<DEBUG:00003650>: [Goddess Server 08] Enter KG_GoddessServer::_ping()
20250718-193057<DEBUG:00003628>: [Goddess Server 06] Enter KG_GoddessServer::_ping()
20250718-193058<DEBUG:00003530>: [Goddess Server 07] Enter KG_GoddessServer::_ping()
20250718-193059<DEBUG:00002D70>: [Goddess Server 01] Enter KG_GoddessServer::_ping()
20250718-193104<DEBUG:00004330>: [Goddess Server 02] Enter KG_GoddessServer::_ping()
20250718-193104<DEBUG:00004330>: [Goddess Server 02] Enter KG_GoddessServer::_ping()
20250718-193104<DEBUG:00002F50>: [Goddess Server 03] Enter KG_GoddessServer::_ping()
20250718-193104<DEBUG:00002F50>: [Goddess Server 03] Enter KG_GoddessServer::_ping()
20250718-193104<DEBUG:000031BC>: [Goddess Server 04] Enter KG_GoddessServer::_ping()
20250718-193105<DEBUG:000031BC>: [Goddess Server 04] Enter KG_GoddessServer::_ping()
20250718-193105<DEBUG:00004AEC>: [Goddess Server 05] Enter KG_GoddessServer::_ping()
20250718-193105<DEBUG:00004AEC>: [Goddess Server 05] Enter KG_GoddessServer::_ping()
20250718-193106<DEBUG:00003650>: [Goddess Server 08] Enter KG_GoddessServer::_ping()
20250718-193106<DEBUG:00003650>: [Goddess Server 08] Enter KG_GoddessServer::_ping()
20250718-193107<DEBUG:00003628>: [Goddess Server 06] Enter KG_GoddessServer::_ping()
20250718-193108<DEBUG:00003628>: [Goddess Server 06] Enter KG_GoddessServer::_ping()
20250718-193108<DEBUG:00003530>: [Goddess Server 07] Enter KG_GoddessServer::_ping()
20250718-193108<DEBUG:00003530>: [Goddess Server 07] Enter KG_GoddessServer::_ping()
20250718-193112<DEBUG:00004228>: [Goddess Server 00] Enter KG_GoddessServer::_ping()
20250718-193114<DEBUG:00004330>: [Goddess Server 02] Enter KG_GoddessServer::_ping()
20250718-193114<DEBUG:00002F50>: [Goddess Server 03] Enter KG_GoddessServer::_ping()
20250718-193114<DEBUG:000031BC>: [Goddess Server 04] Enter KG_GoddessServer::_ping()
20250718-193115<DEBUG:00004AEC>: [Goddess Server 05] Enter KG_GoddessServer::_ping()
20250718-193116<DEBUG:00003650>: [Goddess Server 08] Enter KG_GoddessServer::_ping()
20250718-193117<DEBUG:00003628>: [Goddess Server 06] Enter KG_GoddessServer::_ping()
20250718-193118<DEBUG:00003530>: [Goddess Server 07] Enter KG_GoddessServer::_ping()
20250718-193124<DEBUG:00004330>: [Goddess Server 02] Enter KG_GoddessServer::_ping()
20250718-193124<DEBUG:00002F50>: [Goddess Server 03] Enter KG_GoddessServer::_ping()
20250718-193124<DEBUG:000031BC>: [Goddess Server 04] Enter KG_GoddessServer::_ping()
20250718-193125<DEBUG:00004AEC>: [Goddess Server 05] Enter KG_GoddessServer::_ping()
20250718-193126<DEBUG:00003650>: [Goddess Server 08] Enter KG_GoddessServer::_ping()
20250718-193127<DEBUG:00003628>: [Goddess Server 06] Enter KG_GoddessServer::_ping()
20250718-193128<DEBUG:00003530>: [Goddess Server 07] Enter KG_GoddessServer::_ping()
20250718-193129<DEBUG:00002D70>: [Goddess Server 01] Enter KG_GoddessServer::_ping()
20250718-193132<DEBUG:00004228>: [Goddess Server 00] Enter KG_GoddessServer::_ping()
20250718-193134<DEBUG:00004330>: [Goddess Server 02] Enter KG_GoddessServer::_ping()
20250718-193134<DEBUG:00004330>: [Goddess Server 02] Enter KG_GoddessServer::_ping()
20250718-193134<DEBUG:00002F50>: [Goddess Server 03] Enter KG_GoddessServer::_ping()
20250718-193134<DEBUG:00002F50>: [Goddess Server 03] Enter KG_GoddessServer::_ping()
20250718-193134<DEBUG:000031BC>: [Goddess Server 04] Enter KG_GoddessServer::_ping()
20250718-193135<DEBUG:000031BC>: [Goddess Server 04] Enter KG_GoddessServer::_ping()
20250718-193135<DEBUG:00004AEC>: [Goddess Server 05] Enter KG_GoddessServer::_ping()
20250718-193135<DEBUG:00004AEC>: [Goddess Server 05] Enter KG_GoddessServer::_ping()
20250718-193136<DEBUG:00003650>: [Goddess Server 08] Enter KG_GoddessServer::_ping()
20250718-193136<DEBUG:00003650>: [Goddess Server 08] Enter KG_GoddessServer::_ping()
20250718-193137<DEBUG:00003628>: [Goddess Server 06] Enter KG_GoddessServer::_ping()
20250718-193138<DEBUG:00003530>: [Goddess Server 07] Enter KG_GoddessServer::_ping()
20250718-193138<DEBUG:00003628>: [Goddess Server 06] Enter KG_GoddessServer::_ping()
20250718-193138<DEBUG:00003530>: [Goddess Server 07] Enter KG_GoddessServer::_ping()
20250718-193144<DEBUG:00004330>: [Goddess Server 02] Enter KG_GoddessServer::_ping()
20250718-193144<DEBUG:00002F50>: [Goddess Server 03] Enter KG_GoddessServer::_ping()
20250718-193144<DEBUG:000031BC>: [Goddess Server 04] Enter KG_GoddessServer::_ping()
20250718-193145<DEBUG:00004AEC>: [Goddess Server 05] Enter KG_GoddessServer::_ping()
20250718-193146<DEBUG:00003650>: [Goddess Server 08] Enter KG_GoddessServer::_ping()
20250718-193147<DEBUG:00003628>: [Goddess Server 06] Enter KG_GoddessServer::_ping()
20250718-193148<DEBUG:00003530>: [Goddess Server 07] Enter KG_GoddessServer::_ping()
