20250718-192837<INFO :00002848>: [KG_Goddess] starting ...
20250718-192837<INFO :00002848>: [KG_Goddess] Loading kg_goddess.ini
20250718-192837<INFO :00002848>: [KG_Goddess] Loaded KG_Angel, version 2.5
20250718-192837<INFO :00002848>: [KG_Goddess] Initializing role database ...
20250718-192837<DEBUG:00002848>: [KGD] Success connect to localhost:3306, character set switch to latin1
20250718-192837<INFO :00002848>: [KG_Goddess] Initializing role statistic ...
20250718-192837<INFO :00002848>: [KG_Goddess] Initializing server manager ...
20250718-192837<INFO :00002848>: [KG_Goddess] Initializing Sequence ...
20250718-192837<INFO :00002848>: [KG_Goddess] Initializing NameServer ...
20250718-192837<DEBUG:00002848>: [Database] character set switch to latin1
20250718-192837<INFO :00002848>: [ServerManager] Listening at 127.0.0.1:5001
20250718-192837<INFO :00002848>: [KG_Goddess] RoleLock disable
20250718-192837<INFO :00002848>: [KG_Goddess] Set log level to DEBUG
20250718-192837<INFO :00002848>: [KG_Goddess] Start success
20250718-192838<DEBUG:00002848>: nSocket = 704, nSendFlag = 0, Error = 10054
20250718-192838<INFO :00004BAC>: [ServerManager] Accept from (127.0.0.1: 60224) SocketStream = 01107738
20250718-192838<INFO :00000D80>: [Goddess Server 00] Started, service for 127.0.0.1:60224
20250718-192838<DEBUG:00000D80>: [KGD] Success connect to localhost:3306, character set switch to latin1
20250718-192840<INFO :00004BAC>: [ServerManager] Accept from (127.0.0.1: 60231) SocketStream = 011073D8
20250718-192840<INFO :00005364>: [Goddess Server 01] Started, service for 127.0.0.1:60231
20250718-192840<DEBUG:00005364>: [KGD] Success connect to localhost:3306, character set switch to latin1
20250718-192843<INFO :00004BAC>: [ServerManager] Accept from (127.0.0.1: 60239) SocketStream = 01107390
20250718-192843<INFO :00003858>: [Goddess Server 02] Started, service for 127.0.0.1:60239
20250718-192843<DEBUG:00003858>: [KGD] Success connect to localhost:3306, character set switch to latin1
20250718-192843<DEBUG:00003858>: [Goddess Server 02] Enter KG_GoddessServer::_query_statistic_info()
20250718-192843<DEBUG:00003858>: KGLOG_PROCESS_ERROR(piStatistic) at line 2189 in KG_GoddessServer::_query_statistic_info
20250718-192843<DEBUG:00003858>: [Goddess Server 02] Leave KG_GoddessServer::_query_statistic_info()
20250718-192845<INFO :00004BAC>: [ServerManager] Accept from (127.0.0.1: 60245) SocketStream = 011071E0
20250718-192845<INFO :0000341C>: [Goddess Server 03] Started, service for 127.0.0.1:60245
20250718-192845<DEBUG:0000341C>: [KGD] Success connect to localhost:3306, character set switch to latin1
20250718-192845<DEBUG:0000341C>: [Goddess Server 03] Enter KG_GoddessServer::_query_statistic_info()
20250718-192845<DEBUG:0000341C>: KGLOG_PROCESS_ERROR(piStatistic) at line 2189 in KG_GoddessServer::_query_statistic_info
20250718-192845<DEBUG:0000341C>: [Goddess Server 03] Leave KG_GoddessServer::_query_statistic_info()
20250718-192845<INFO :00004BAC>: [ServerManager] Accept from (127.0.0.1: 60250) SocketStream = 01107030
20250718-192845<INFO :0000529C>: [Goddess Server 04] Started, service for 127.0.0.1:60250
20250718-192845<DEBUG:0000529C>: [KGD] Success connect to localhost:3306, character set switch to latin1
20250718-192845<INFO :00004BAC>: [ServerManager] Accept from (127.0.0.1: 60255) SocketStream = 01107468
20250718-192845<INFO :00003990>: [Goddess Server 05] Started, service for 127.0.0.1:60255
20250718-192845<DEBUG:00003990>: [KGD] Success connect to localhost:3306, character set switch to latin1
20250718-192845<INFO :00004BAC>: [ServerManager] Accept from (127.0.0.1: 60260) SocketStream = 01107540
20250718-192845<INFO :00004F74>: [Goddess Server 06] Started, service for 127.0.0.1:60260
20250718-192845<DEBUG:00004F74>: [KGD] Success connect to localhost:3306, character set switch to latin1
20250718-192845<INFO :00004BAC>: [ServerManager] Accept from (127.0.0.1: 60263) SocketStream = 01107588
20250718-192845<INFO :000027E8>: [Goddess Server 07] Started, service for 127.0.0.1:60263
20250718-192845<DEBUG:000027E8>: [KGD] Success connect to localhost:3306, character set switch to latin1
20250718-192845<INFO :00004BAC>: [ServerManager] Accept from (127.0.0.1: 60266) SocketStream = 011075D0
20250718-192845<INFO :0000433C>: [Goddess Server 08] Started, service for 127.0.0.1:60266
20250718-192845<DEBUG:0000433C>: [KGD] Success connect to localhost:3306, character set switch to latin1
20250718-192846<DEBUG:00004F74>: [Goddess Server 06] Enter KG_GoddessServer::_query_statistic_info()
20250718-192846<DEBUG:00004F74>: KGLOG_PROCESS_ERROR(piStatistic) at line 2189 in KG_GoddessServer::_query_statistic_info
20250718-192846<DEBUG:00004F74>: [Goddess Server 06] Leave KG_GoddessServer::_query_statistic_info()
20250718-192846<DEBUG:000027E8>: [Goddess Server 07] Enter KG_GoddessServer::_query_statistic_info()
20250718-192846<DEBUG:000027E8>: KGLOG_PROCESS_ERROR(piStatistic) at line 2189 in KG_GoddessServer::_query_statistic_info
20250718-192846<DEBUG:000027E8>: [Goddess Server 07] Leave KG_GoddessServer::_query_statistic_info()
20250718-192848<DEBUG:00003990>: [Goddess Server 05] Enter KG_GoddessServer::_query_statistic_info()
20250718-192848<DEBUG:00003990>: KGLOG_PROCESS_ERROR(piStatistic) at line 2189 in KG_GoddessServer::_query_statistic_info
20250718-192848<DEBUG:00003990>: [Goddess Server 05] Leave KG_GoddessServer::_query_statistic_info()
20250718-192849<DEBUG:0000529C>: [Goddess Server 04] Enter KG_GoddessServer::_query_statistic_info()
20250718-192849<DEBUG:0000529C>: KGLOG_PROCESS_ERROR(piStatistic) at line 2189 in KG_GoddessServer::_query_statistic_info
20250718-192849<DEBUG:0000529C>: [Goddess Server 04] Leave KG_GoddessServer::_query_statistic_info()
20250718-192850<DEBUG:0000433C>: [Goddess Server 08] Enter KG_GoddessServer::_query_statistic_info()
20250718-192850<DEBUG:0000433C>: KGLOG_PROCESS_ERROR(piStatistic) at line 2189 in KG_GoddessServer::_query_statistic_info
20250718-192850<DEBUG:0000433C>: [Goddess Server 08] Leave KG_GoddessServer::_query_statistic_info()
20250718-192850<DEBUG:00003858>: [Goddess Server 02] Enter KG_GoddessServer::_ping()
20250718-192852<DEBUG:0000341C>: [Goddess Server 03] Enter KG_GoddessServer::_ping()
20250718-192854<DEBUG:00000D80>: [Goddess Server 00] Enter KG_GoddessServer::_query_role_list()
20250718-192854<INFO :00000D80>: [Goddess Server 00] Query roles list of account "xboyhd"
20250718-192854<DEBUG:00000D80>: [Goddess Server 00] Leave KG_GoddessServer::_query_role_list()
20250718-192855<DEBUG:00000D80>: [Goddess Server 00] Enter KG_GoddessServer::_query_role_list_in_zone()
20250718-192855<DEBUG:00000D80>: [Goddess Server 00] Leave KG_GoddessServer::_query_role_list_in_zone()
20250718-192855<DEBUG:00004F74>: [Goddess Server 06] Enter KG_GoddessServer::_ping()
20250718-192856<DEBUG:000027E8>: [Goddess Server 07] Enter KG_GoddessServer::_ping()
20250718-192856<DEBUG:00000D80>: [Goddess Server 00] Enter KG_GoddessServer::_query_role_data()
20250718-192856<INFO :00000D80>: [Goddess Server 00] PacketID : 3, Get role "TCQGaming" of Account "xboyhd", Result = 1
20250718-192856<DEBUG:00000D80>: [Goddess Server 00] Leave KG_GoddessServer::_query_role_data()
20250718-192857<DEBUG:00003858>: [Goddess Server 02] Unsupported protocol: 38
20250718-192857<DEBUG:00003858>: [Goddess Server 02] Unsupported protocol: 37
20250718-192857<DEBUG:00003858>: [Goddess Server 02] Enter KG_GoddessServer::_save_role_data()
20250718-192857<INFO :00003858>: [Goddess Server 02] PacketID : 1, Save role "TCQGaming" of Account "xboyhd", LeaveFlag = 1, Result = 1
20250718-192857<DEBUG:00003858>: [Goddess Server 02] Leave KG_GoddessServer::_save_role_data()
20250718-192857<DEBUG:0000433C>: [Goddess Server 08] Unsupported protocol: 38
20250718-192858<DEBUG:00003990>: [Goddess Server 05] Enter KG_GoddessServer::_ping()
20250718-192858<DEBUG:0000433C>: [Goddess Server 08] Unsupported protocol: 37
20250718-192859<DEBUG:0000529C>: [Goddess Server 04] Enter KG_GoddessServer::_ping()
20250718-192900<DEBUG:0000433C>: [Goddess Server 08] Enter KG_GoddessServer::_ping()
20250718-192900<DEBUG:00003858>: [Goddess Server 02] Enter KG_GoddessServer::_ping()
20250718-192902<DEBUG:0000341C>: [Goddess Server 03] Enter KG_GoddessServer::_ping()
20250718-192905<DEBUG:00004F74>: [Goddess Server 06] Enter KG_GoddessServer::_ping()
20250718-192906<DEBUG:00005364>: [Goddess Server 01] Enter KG_GoddessServer::_ping()
20250718-192906<DEBUG:000027E8>: [Goddess Server 07] Enter KG_GoddessServer::_ping()
20250718-192908<DEBUG:00003990>: [Goddess Server 05] Enter KG_GoddessServer::_ping()
20250718-192909<DEBUG:0000529C>: [Goddess Server 04] Enter KG_GoddessServer::_ping()
20250718-192910<DEBUG:0000433C>: [Goddess Server 08] Enter KG_GoddessServer::_ping()
20250718-192910<DEBUG:00003858>: [Goddess Server 02] Enter KG_GoddessServer::_ping()
20250718-192910<DEBUG:00003858>: [Goddess Server 02] Enter KG_GoddessServer::_ping()
20250718-192912<DEBUG:0000341C>: [Goddess Server 03] Enter KG_GoddessServer::_ping()
20250718-192912<DEBUG:0000341C>: [Goddess Server 03] Enter KG_GoddessServer::_ping()
20250718-192915<DEBUG:00004F74>: [Goddess Server 06] Enter KG_GoddessServer::_ping()
20250718-192915<DEBUG:00004F74>: [Goddess Server 06] Enter KG_GoddessServer::_ping()
20250718-192916<DEBUG:000027E8>: [Goddess Server 07] Enter KG_GoddessServer::_ping()
20250718-192916<DEBUG:000027E8>: [Goddess Server 07] Enter KG_GoddessServer::_ping()
20250718-192916<DEBUG:00000D80>: [Goddess Server 00] Enter KG_GoddessServer::_ping()
20250718-192918<DEBUG:00003990>: [Goddess Server 05] Enter KG_GoddessServer::_ping()
20250718-192918<DEBUG:00003990>: [Goddess Server 05] Enter KG_GoddessServer::_ping()
20250718-192919<DEBUG:0000529C>: [Goddess Server 04] Enter KG_GoddessServer::_ping()
20250718-192919<DEBUG:0000529C>: [Goddess Server 04] Enter KG_GoddessServer::_ping()
20250718-192920<DEBUG:0000433C>: [Goddess Server 08] Enter KG_GoddessServer::_ping()
20250718-192920<DEBUG:0000433C>: [Goddess Server 08] Enter KG_GoddessServer::_ping()
20250718-192920<DEBUG:00003858>: [Goddess Server 02] Enter KG_GoddessServer::_ping()
20250718-192922<DEBUG:0000341C>: [Goddess Server 03] Enter KG_GoddessServer::_ping()
20250718-192925<DEBUG:00004F74>: [Goddess Server 06] Enter KG_GoddessServer::_ping()
20250718-192926<DEBUG:000027E8>: [Goddess Server 07] Enter KG_GoddessServer::_ping()
20250718-192928<DEBUG:00003990>: [Goddess Server 05] Enter KG_GoddessServer::_ping()
20250718-192929<DEBUG:0000529C>: [Goddess Server 04] Enter KG_GoddessServer::_ping()
20250718-192930<DEBUG:0000433C>: [Goddess Server 08] Enter KG_GoddessServer::_ping()
20250718-192930<DEBUG:00003858>: [Goddess Server 02] Enter KG_GoddessServer::_ping()
20250718-192932<DEBUG:0000341C>: [Goddess Server 03] Enter KG_GoddessServer::_ping()
20250718-192935<DEBUG:00004F74>: [Goddess Server 06] Enter KG_GoddessServer::_ping()
20250718-192935<DEBUG:00005364>: [Goddess Server 01] Enter KG_GoddessServer::_ping()
20250718-192936<DEBUG:000027E8>: [Goddess Server 07] Enter KG_GoddessServer::_ping()
20250718-192936<DEBUG:00000D80>: [Goddess Server 00] Enter KG_GoddessServer::_ping()
20250718-192938<DEBUG:00003990>: [Goddess Server 05] Enter KG_GoddessServer::_ping()
20250718-192939<DEBUG:0000529C>: [Goddess Server 04] Enter KG_GoddessServer::_ping()
20250718-192940<DEBUG:0000433C>: [Goddess Server 08] Enter KG_GoddessServer::_ping()
20250718-192940<DEBUG:00003858>: [Goddess Server 02] Enter KG_GoddessServer::_ping()
20250718-192940<DEBUG:00003858>: [Goddess Server 02] Enter KG_GoddessServer::_ping()
20250718-192942<DEBUG:0000341C>: [Goddess Server 03] Enter KG_GoddessServer::_ping()
20250718-192942<DEBUG:0000341C>: [Goddess Server 03] Enter KG_GoddessServer::_ping()
20250718-192945<DEBUG:00004F74>: [Goddess Server 06] Enter KG_GoddessServer::_ping()
20250718-192945<DEBUG:00004F74>: [Goddess Server 06] Enter KG_GoddessServer::_ping()
20250718-192946<DEBUG:000027E8>: [Goddess Server 07] Enter KG_GoddessServer::_ping()
20250718-192946<DEBUG:000027E8>: [Goddess Server 07] Enter KG_GoddessServer::_ping()
20250718-192948<DEBUG:00003990>: [Goddess Server 05] Enter KG_GoddessServer::_ping()
20250718-192948<DEBUG:00003990>: [Goddess Server 05] Enter KG_GoddessServer::_ping()
20250718-192949<DEBUG:0000529C>: [Goddess Server 04] Enter KG_GoddessServer::_ping()
20250718-192949<DEBUG:0000529C>: [Goddess Server 04] Enter KG_GoddessServer::_ping()
20250718-192950<DEBUG:0000433C>: [Goddess Server 08] Enter KG_GoddessServer::_ping()
20250718-192950<DEBUG:0000433C>: [Goddess Server 08] Enter KG_GoddessServer::_ping()
20250718-192950<DEBUG:00003858>: [Goddess Server 02] Enter KG_GoddessServer::_ping()
20250718-192952<DEBUG:0000341C>: [Goddess Server 03] Enter KG_GoddessServer::_ping()
20250718-192955<DEBUG:00004F74>: [Goddess Server 06] Enter KG_GoddessServer::_ping()
20250718-192956<DEBUG:000027E8>: [Goddess Server 07] Enter KG_GoddessServer::_ping()
20250718-192956<DEBUG:00000D80>: [Goddess Server 00] Enter KG_GoddessServer::_ping()
20250718-192958<DEBUG:00003990>: [Goddess Server 05] Enter KG_GoddessServer::_ping()
20250718-192959<DEBUG:0000529C>: [Goddess Server 04] Enter KG_GoddessServer::_ping()
20250718-193000<DEBUG:0000433C>: [Goddess Server 08] Enter KG_GoddessServer::_ping()
20250718-193000<DEBUG:00003858>: [Goddess Server 02] Enter KG_GoddessServer::_ping()
20250718-193001<DEBUG:0000433C>: [Goddess Server 08] Enter KG_GoddessServer::_save_role_data()
20250718-193001<INFO :0000433C>: [Goddess Server 08] PacketID : 1, Save role "TCQGaming" of Account "xboyhd", LeaveFlag = 1, Result = 1
20250718-193001<DEBUG:0000433C>: [Goddess Server 08] Leave KG_GoddessServer::_save_role_data()
20250718-193002<DEBUG:00003858>: [Goddess Server 02] Unsupported protocol: 38
20250718-193002<DEBUG:00003858>: [Goddess Server 02] Unsupported protocol: 37
20250718-193002<DEBUG:0000341C>: [Goddess Server 03] Enter KG_GoddessServer::_ping()
20250718-193005<DEBUG:00004F74>: [Goddess Server 06] Enter KG_GoddessServer::_ping()
20250718-193005<DEBUG:00005364>: [Goddess Server 01] Enter KG_GoddessServer::_ping()
20250718-193006<DEBUG:000027E8>: [Goddess Server 07] Enter KG_GoddessServer::_ping()
20250718-193008<DEBUG:00003990>: [Goddess Server 05] Enter KG_GoddessServer::_ping()
20250718-193009<DEBUG:0000529C>: [Goddess Server 04] Enter KG_GoddessServer::_ping()
20250718-193010<DEBUG:0000433C>: [Goddess Server 08] Enter KG_GoddessServer::_ping()
20250718-193010<DEBUG:00003858>: [Goddess Server 02] Enter KG_GoddessServer::_ping()
20250718-193010<DEBUG:00003858>: [Goddess Server 02] Enter KG_GoddessServer::_ping()
20250718-193012<DEBUG:0000341C>: [Goddess Server 03] Enter KG_GoddessServer::_ping()
20250718-193012<DEBUG:0000341C>: [Goddess Server 03] Enter KG_GoddessServer::_ping()
20250718-193015<DEBUG:00004F74>: [Goddess Server 06] Enter KG_GoddessServer::_ping()
20250718-193016<DEBUG:00004F74>: [Goddess Server 06] Enter KG_GoddessServer::_ping()
20250718-193016<DEBUG:000027E8>: [Goddess Server 07] Enter KG_GoddessServer::_ping()
20250718-193016<DEBUG:000027E8>: [Goddess Server 07] Enter KG_GoddessServer::_ping()
20250718-193016<DEBUG:00000D80>: [Goddess Server 00] Enter KG_GoddessServer::_ping()
20250718-193018<DEBUG:00003990>: [Goddess Server 05] Enter KG_GoddessServer::_ping()
20250718-193018<DEBUG:00003990>: [Goddess Server 05] Enter KG_GoddessServer::_ping()
20250718-193019<DEBUG:0000529C>: [Goddess Server 04] Enter KG_GoddessServer::_ping()
20250718-193019<DEBUG:0000529C>: [Goddess Server 04] Enter KG_GoddessServer::_ping()
20250718-193020<DEBUG:0000433C>: [Goddess Server 08] Enter KG_GoddessServer::_ping()
20250718-193020<DEBUG:0000433C>: [Goddess Server 08] Enter KG_GoddessServer::_ping()
20250718-193020<DEBUG:00003858>: [Goddess Server 02] Enter KG_GoddessServer::_ping()
20250718-193022<DEBUG:0000341C>: [Goddess Server 03] Enter KG_GoddessServer::_ping()
20250718-193025<DEBUG:00004F74>: [Goddess Server 06] Enter KG_GoddessServer::_ping()
20250718-193026<DEBUG:000027E8>: [Goddess Server 07] Enter KG_GoddessServer::_ping()
20250718-193028<DEBUG:00003990>: [Goddess Server 05] Enter KG_GoddessServer::_ping()
20250718-193029<DEBUG:0000529C>: [Goddess Server 04] Enter KG_GoddessServer::_ping()
20250718-193030<DEBUG:0000433C>: [Goddess Server 08] Enter KG_GoddessServer::_ping()
20250718-193030<DEBUG:00003858>: [Goddess Server 02] Enter KG_GoddessServer::_ping()
20250718-193032<DEBUG:0000341C>: [Goddess Server 03] Enter KG_GoddessServer::_ping()
20250718-193035<DEBUG:00004F74>: [Goddess Server 06] Enter KG_GoddessServer::_ping()
20250718-193036<DEBUG:00005364>: [Goddess Server 01] Enter KG_GoddessServer::_ping()
20250718-193036<DEBUG:000027E8>: [Goddess Server 07] Enter KG_GoddessServer::_ping()
20250718-193036<DEBUG:00000D80>: [Goddess Server 00] Enter KG_GoddessServer::_ping()
20250718-193038<DEBUG:00003990>: [Goddess Server 05] Enter KG_GoddessServer::_ping()
20250718-193039<DEBUG:0000529C>: [Goddess Server 04] Enter KG_GoddessServer::_ping()
20250718-193040<DEBUG:0000433C>: [Goddess Server 08] Enter KG_GoddessServer::_ping()
20250718-193040<DEBUG:00003858>: [Goddess Server 02] Enter KG_GoddessServer::_ping()
20250718-193040<DEBUG:00003858>: [Goddess Server 02] Enter KG_GoddessServer::_ping()
20250718-193042<DEBUG:0000341C>: [Goddess Server 03] Enter KG_GoddessServer::_ping()
20250718-193043<DEBUG:0000341C>: [Goddess Server 03] Enter KG_GoddessServer::_ping()
20250718-193045<DEBUG:00004F74>: [Goddess Server 06] Enter KG_GoddessServer::_ping()
20250718-193046<DEBUG:000027E8>: [Goddess Server 07] Enter KG_GoddessServer::_ping()
20250718-193046<DEBUG:00004F74>: [Goddess Server 06] Enter KG_GoddessServer::_ping()
20250718-193046<DEBUG:000027E8>: [Goddess Server 07] Enter KG_GoddessServer::_ping()
20250718-193048<DEBUG:00003990>: [Goddess Server 05] Enter KG_GoddessServer::_ping()
20250718-193048<DEBUG:00003990>: [Goddess Server 05] Enter KG_GoddessServer::_ping()
20250718-193049<DEBUG:0000529C>: [Goddess Server 04] Enter KG_GoddessServer::_ping()
20250718-193049<DEBUG:0000529C>: [Goddess Server 04] Enter KG_GoddessServer::_ping()
20250718-193050<DEBUG:0000433C>: [Goddess Server 08] Enter KG_GoddessServer::_ping()
20250718-193050<DEBUG:0000433C>: [Goddess Server 08] Enter KG_GoddessServer::_ping()
20250718-193050<DEBUG:00003858>: [Goddess Server 02] Enter KG_GoddessServer::_ping()
20250718-193052<DEBUG:0000341C>: [Goddess Server 03] Enter KG_GoddessServer::_ping()
20250718-193055<DEBUG:00004F74>: [Goddess Server 06] Enter KG_GoddessServer::_ping()
20250718-193056<DEBUG:000027E8>: [Goddess Server 07] Enter KG_GoddessServer::_ping()
20250718-193056<DEBUG:00000D80>: [Goddess Server 00] Enter KG_GoddessServer::_ping()
20250718-193058<DEBUG:00003990>: [Goddess Server 05] Enter KG_GoddessServer::_ping()
20250718-193059<DEBUG:0000529C>: [Goddess Server 04] Enter KG_GoddessServer::_ping()
20250718-193100<DEBUG:0000433C>: [Goddess Server 08] Enter KG_GoddessServer::_ping()
20250718-193100<DEBUG:00003858>: [Goddess Server 02] Enter KG_GoddessServer::_ping()
20250718-193102<DEBUG:0000341C>: [Goddess Server 03] Enter KG_GoddessServer::_ping()
20250718-193105<DEBUG:00004F74>: [Goddess Server 06] Enter KG_GoddessServer::_ping()
20250718-193106<DEBUG:00005364>: [Goddess Server 01] Enter KG_GoddessServer::_ping()
20250718-193106<DEBUG:000027E8>: [Goddess Server 07] Enter KG_GoddessServer::_ping()
20250718-193108<DEBUG:00003990>: [Goddess Server 05] Enter KG_GoddessServer::_ping()
20250718-193109<DEBUG:0000529C>: [Goddess Server 04] Enter KG_GoddessServer::_ping()
20250718-193110<DEBUG:0000433C>: [Goddess Server 08] Enter KG_GoddessServer::_ping()
20250718-193110<DEBUG:00003858>: [Goddess Server 02] Enter KG_GoddessServer::_ping()
20250718-193110<DEBUG:00003858>: [Goddess Server 02] Enter KG_GoddessServer::_ping()
20250718-193112<DEBUG:0000341C>: [Goddess Server 03] Enter KG_GoddessServer::_ping()
20250718-193113<DEBUG:0000341C>: [Goddess Server 03] Enter KG_GoddessServer::_ping()
20250718-193115<DEBUG:00004F74>: [Goddess Server 06] Enter KG_GoddessServer::_ping()
20250718-193116<DEBUG:000027E8>: [Goddess Server 07] Enter KG_GoddessServer::_ping()
20250718-193116<DEBUG:00004F74>: [Goddess Server 06] Enter KG_GoddessServer::_ping()
20250718-193116<DEBUG:000027E8>: [Goddess Server 07] Enter KG_GoddessServer::_ping()
20250718-193116<DEBUG:00000D80>: [Goddess Server 00] Enter KG_GoddessServer::_ping()
20250718-193118<DEBUG:00003990>: [Goddess Server 05] Enter KG_GoddessServer::_ping()
20250718-193118<DEBUG:00003990>: [Goddess Server 05] Enter KG_GoddessServer::_ping()
20250718-193119<DEBUG:0000529C>: [Goddess Server 04] Enter KG_GoddessServer::_ping()
20250718-193119<DEBUG:0000529C>: [Goddess Server 04] Enter KG_GoddessServer::_ping()
20250718-193120<DEBUG:0000433C>: [Goddess Server 08] Enter KG_GoddessServer::_ping()
20250718-193120<DEBUG:0000433C>: [Goddess Server 08] Enter KG_GoddessServer::_ping()
20250718-193120<DEBUG:00003858>: [Goddess Server 02] Enter KG_GoddessServer::_ping()
20250718-193122<DEBUG:0000341C>: [Goddess Server 03] Enter KG_GoddessServer::_ping()
20250718-193125<DEBUG:00004F74>: [Goddess Server 06] Enter KG_GoddessServer::_ping()
20250718-193126<DEBUG:000027E8>: [Goddess Server 07] Enter KG_GoddessServer::_ping()
20250718-193128<DEBUG:00003990>: [Goddess Server 05] Enter KG_GoddessServer::_ping()
20250718-193129<DEBUG:0000529C>: [Goddess Server 04] Enter KG_GoddessServer::_ping()
20250718-193130<DEBUG:0000433C>: [Goddess Server 08] Enter KG_GoddessServer::_ping()
20250718-193130<DEBUG:00003858>: [Goddess Server 02] Enter KG_GoddessServer::_ping()
20250718-193132<DEBUG:0000341C>: [Goddess Server 03] Enter KG_GoddessServer::_ping()
20250718-193135<DEBUG:00004F74>: [Goddess Server 06] Enter KG_GoddessServer::_ping()
20250718-193136<DEBUG:00005364>: [Goddess Server 01] Enter KG_GoddessServer::_ping()
20250718-193136<DEBUG:000027E8>: [Goddess Server 07] Enter KG_GoddessServer::_ping()
20250718-193136<DEBUG:00000D80>: [Goddess Server 00] Enter KG_GoddessServer::_ping()
20250718-193138<DEBUG:00003990>: [Goddess Server 05] Enter KG_GoddessServer::_ping()
20250718-193139<DEBUG:0000529C>: [Goddess Server 04] Enter KG_GoddessServer::_ping()
20250718-193140<DEBUG:0000433C>: [Goddess Server 08] Enter KG_GoddessServer::_ping()
20250718-193140<DEBUG:00003858>: [Goddess Server 02] Enter KG_GoddessServer::_ping()
20250718-193140<DEBUG:00003858>: [Goddess Server 02] Enter KG_GoddessServer::_ping()
20250718-193142<DEBUG:0000341C>: [Goddess Server 03] Enter KG_GoddessServer::_ping()
20250718-193143<DEBUG:0000341C>: [Goddess Server 03] Enter KG_GoddessServer::_ping()
20250718-193145<DEBUG:00004F74>: [Goddess Server 06] Enter KG_GoddessServer::_ping()
20250718-193146<DEBUG:000027E8>: [Goddess Server 07] Enter KG_GoddessServer::_ping()
20250718-193146<DEBUG:00004F74>: [Goddess Server 06] Enter KG_GoddessServer::_ping()
20250718-193146<DEBUG:000027E8>: [Goddess Server 07] Enter KG_GoddessServer::_ping()
20250718-193148<DEBUG:00003990>: [Goddess Server 05] Enter KG_GoddessServer::_ping()
20250718-193149<DEBUG:00003990>: [Goddess Server 05] Enter KG_GoddessServer::_ping()
20250718-193149<DEBUG:0000529C>: [Goddess Server 04] Enter KG_GoddessServer::_ping()
20250718-193149<DEBUG:0000529C>: [Goddess Server 04] Enter KG_GoddessServer::_ping()
20250718-193150<DEBUG:0000433C>: [Goddess Server 08] Enter KG_GoddessServer::_ping()
20250718-193150<DEBUG:00003858>: [Goddess Server 02] Enter KG_GoddessServer::_ping()
20250718-193150<DEBUG:0000433C>: [Goddess Server 08] Enter KG_GoddessServer::_ping()
20250718-193152<DEBUG:0000341C>: [Goddess Server 03] Enter KG_GoddessServer::_ping()
20250718-193155<DEBUG:00004F74>: [Goddess Server 06] Enter KG_GoddessServer::_ping()
20250718-193156<DEBUG:000027E8>: [Goddess Server 07] Enter KG_GoddessServer::_ping()
20250718-193156<DEBUG:00000D80>: [Goddess Server 00] Enter KG_GoddessServer::_ping()
20250718-193158<DEBUG:00003990>: [Goddess Server 05] Enter KG_GoddessServer::_ping()
20250718-193159<DEBUG:0000529C>: [Goddess Server 04] Enter KG_GoddessServer::_ping()
20250718-193200<DEBUG:0000433C>: [Goddess Server 08] Enter KG_GoddessServer::_ping()
20250718-193200<DEBUG:00003858>: [Goddess Server 02] Enter KG_GoddessServer::_ping()
20250718-193202<DEBUG:0000341C>: [Goddess Server 03] Enter KG_GoddessServer::_ping()
20250718-193205<DEBUG:00004F74>: [Goddess Server 06] Enter KG_GoddessServer::_ping()
20250718-193206<DEBUG:00005364>: [Goddess Server 01] Enter KG_GoddessServer::_ping()
20250718-193206<DEBUG:000027E8>: [Goddess Server 07] Enter KG_GoddessServer::_ping()
20250718-193208<DEBUG:00003990>: [Goddess Server 05] Enter KG_GoddessServer::_ping()
20250718-193209<DEBUG:0000529C>: [Goddess Server 04] Enter KG_GoddessServer::_ping()
20250718-193210<DEBUG:0000433C>: [Goddess Server 08] Enter KG_GoddessServer::_ping()
20250718-193210<DEBUG:00003858>: [Goddess Server 02] Enter KG_GoddessServer::_ping()
20250718-193210<DEBUG:00003858>: [Goddess Server 02] Enter KG_GoddessServer::_ping()
20250718-193212<DEBUG:0000341C>: [Goddess Server 03] Enter KG_GoddessServer::_ping()
20250718-193213<DEBUG:0000341C>: [Goddess Server 03] Enter KG_GoddessServer::_ping()
20250718-193215<DEBUG:00004F74>: [Goddess Server 06] Enter KG_GoddessServer::_ping()
20250718-193216<DEBUG:000027E8>: [Goddess Server 07] Enter KG_GoddessServer::_ping()
20250718-193216<DEBUG:00004F74>: [Goddess Server 06] Enter KG_GoddessServer::_ping()
20250718-193216<DEBUG:000027E8>: [Goddess Server 07] Enter KG_GoddessServer::_ping()
20250718-193216<DEBUG:00000D80>: [Goddess Server 00] Enter KG_GoddessServer::_ping()
20250718-193218<DEBUG:00003990>: [Goddess Server 05] Enter KG_GoddessServer::_ping()
20250718-193219<DEBUG:00003990>: [Goddess Server 05] Enter KG_GoddessServer::_ping()
20250718-193219<DEBUG:0000529C>: [Goddess Server 04] Enter KG_GoddessServer::_ping()
20250718-193219<DEBUG:0000529C>: [Goddess Server 04] Enter KG_GoddessServer::_ping()
20250718-193220<DEBUG:0000433C>: [Goddess Server 08] Enter KG_GoddessServer::_ping()
20250718-193220<DEBUG:00003858>: [Goddess Server 02] Enter KG_GoddessServer::_ping()
20250718-193220<DEBUG:0000433C>: [Goddess Server 08] Enter KG_GoddessServer::_ping()
20250718-193222<DEBUG:0000341C>: [Goddess Server 03] Enter KG_GoddessServer::_ping()
20250718-193225<DEBUG:00004F74>: [Goddess Server 06] Enter KG_GoddessServer::_ping()
20250718-193226<DEBUG:000027E8>: [Goddess Server 07] Enter KG_GoddessServer::_ping()
20250718-193228<DEBUG:00003990>: [Goddess Server 05] Enter KG_GoddessServer::_ping()
20250718-193229<DEBUG:0000529C>: [Goddess Server 04] Enter KG_GoddessServer::_ping()
20250718-193230<DEBUG:0000433C>: [Goddess Server 08] Enter KG_GoddessServer::_ping()
20250718-193230<DEBUG:00003858>: [Goddess Server 02] Enter KG_GoddessServer::_ping()
20250718-193232<DEBUG:0000341C>: [Goddess Server 03] Enter KG_GoddessServer::_ping()
20250718-193235<DEBUG:00004F74>: [Goddess Server 06] Enter KG_GoddessServer::_ping()
20250718-193236<DEBUG:00005364>: [Goddess Server 01] Enter KG_GoddessServer::_ping()
20250718-193236<DEBUG:000027E8>: [Goddess Server 07] Enter KG_GoddessServer::_ping()
20250718-193236<DEBUG:00000D80>: [Goddess Server 00] Enter KG_GoddessServer::_ping()
20250718-193238<DEBUG:00003990>: [Goddess Server 05] Enter KG_GoddessServer::_ping()
20250718-193239<DEBUG:0000529C>: [Goddess Server 04] Enter KG_GoddessServer::_ping()
20250718-193240<DEBUG:0000433C>: [Goddess Server 08] Enter KG_GoddessServer::_ping()
20250718-193240<DEBUG:00003858>: [Goddess Server 02] Enter KG_GoddessServer::_ping()
20250718-193240<DEBUG:00003858>: [Goddess Server 02] Enter KG_GoddessServer::_ping()
20250718-193242<DEBUG:0000341C>: [Goddess Server 03] Enter KG_GoddessServer::_ping()
20250718-193243<DEBUG:0000341C>: [Goddess Server 03] Enter KG_GoddessServer::_ping()
20250718-193245<DEBUG:00004F74>: [Goddess Server 06] Enter KG_GoddessServer::_ping()
20250718-193246<DEBUG:000027E8>: [Goddess Server 07] Enter KG_GoddessServer::_ping()
20250718-193246<DEBUG:00004F74>: [Goddess Server 06] Enter KG_GoddessServer::_ping()
20250718-193246<DEBUG:000027E8>: [Goddess Server 07] Enter KG_GoddessServer::_ping()
20250718-193248<DEBUG:00003990>: [Goddess Server 05] Enter KG_GoddessServer::_ping()
20250718-193249<DEBUG:00003990>: [Goddess Server 05] Enter KG_GoddessServer::_ping()
20250718-193249<DEBUG:0000529C>: [Goddess Server 04] Enter KG_GoddessServer::_ping()
20250718-193249<DEBUG:0000529C>: [Goddess Server 04] Enter KG_GoddessServer::_ping()
20250718-193250<DEBUG:0000433C>: [Goddess Server 08] Enter KG_GoddessServer::_ping()
20250718-193250<DEBUG:00003858>: [Goddess Server 02] Enter KG_GoddessServer::_ping()
20250718-193250<DEBUG:0000433C>: [Goddess Server 08] Enter KG_GoddessServer::_ping()
20250718-193252<DEBUG:0000341C>: [Goddess Server 03] Enter KG_GoddessServer::_ping()
20250718-193255<DEBUG:00004F74>: [Goddess Server 06] Enter KG_GoddessServer::_ping()
20250718-193256<DEBUG:000027E8>: [Goddess Server 07] Enter KG_GoddessServer::_ping()
20250718-193256<DEBUG:00000D80>: [Goddess Server 00] Enter KG_GoddessServer::_ping()
20250718-193258<DEBUG:00003990>: [Goddess Server 05] Enter KG_GoddessServer::_ping()
20250718-193259<DEBUG:0000529C>: [Goddess Server 04] Enter KG_GoddessServer::_ping()
20250718-193300<DEBUG:0000433C>: [Goddess Server 08] Enter KG_GoddessServer::_ping()
20250718-193300<DEBUG:00003858>: [Goddess Server 02] Enter KG_GoddessServer::_ping()
