20250718-192854<INFO :000049C0>: [KG_Goddess] starting ...
20250718-192854<INFO :000049C0>: [KG_Goddess] Loading kg_goddess.ini
20250718-192854<INFO :000049C0>: [KG_Goddess] Loaded KG_Angel, version 2.5
20250718-192854<INFO :000049C0>: [KG_Goddess] Initializing role database ...
20250718-192854<DEBUG:000049C0>: [KGD] Success connect to localhost:3306, character set switch to latin1
20250718-192854<INFO :000049C0>: [KG_Goddess] Initializing role statistic ...
20250718-192854<INFO :000049C0>: [KG_Goddess] Initializing server manager ...
20250718-192854<INFO :000049C0>: [KG_Goddess] Initializing Sequence ...
20250718-192854<INFO :000049C0>: [KG_Goddess] Initializing NameServer ...
20250718-192854<DEBUG:000049C0>: [Database] character set switch to latin1
20250718-192854<INFO :000049C0>: [ServerManager] Listening at 127.0.0.1:5001
20250718-192854<INFO :000049C0>: [KG_Goddess] RoleLock disable
20250718-192854<INFO :000049C0>: [KG_Goddess] Set log level to DEBUG
20250718-192854<INFO :000049C0>: [KG_Goddess] Start success
20250718-192855<DEBUG:000049C0>: nSocket = 232, nSendFlag = 0, Error = 10054
20250718-192855<INFO :000028F4>: [ServerManager] Accept from (127.0.0.1: 50465) SocketStream = 00566FE8
20250718-192855<INFO :00003B88>: [Goddess Server 00] Started, service for 127.0.0.1:50465
20250718-192855<DEBUG:00003B88>: [KGD] Success connect to localhost:3306, character set switch to latin1
20250718-192856<INFO :000028F4>: [ServerManager] Accept from (127.0.0.1: 50471) SocketStream = 00567618
20250718-192856<INFO :0000268C>: [Goddess Server 01] Started, service for 127.0.0.1:50471
20250718-192856<DEBUG:0000268C>: [KGD] Success connect to localhost:3306, character set switch to latin1
20250718-192901<INFO :000028F4>: [ServerManager] Accept from (127.0.0.1: 50482) SocketStream = 005670C0
20250718-192901<INFO :000045EC>: [Goddess Server 02] Started, service for 127.0.0.1:50482
20250718-192901<DEBUG:000045EC>: [KGD] Success connect to localhost:3306, character set switch to latin1
20250718-192901<INFO :000028F4>: [ServerManager] Accept from (127.0.0.1: 50487) SocketStream = 00567540
20250718-192901<INFO :00004608>: [Goddess Server 03] Started, service for 127.0.0.1:50487
20250718-192901<DEBUG:00004608>: [KGD] Success connect to localhost:3306, character set switch to latin1
20250718-192901<DEBUG:00004608>: [Goddess Server 03] Enter KG_GoddessServer::_query_statistic_info()
20250718-192901<DEBUG:00004608>: KGLOG_PROCESS_ERROR(piStatistic) at line 2189 in KG_GoddessServer::_query_statistic_info
20250718-192901<DEBUG:00004608>: [Goddess Server 03] Leave KG_GoddessServer::_query_statistic_info()
20250718-192901<INFO :000028F4>: [ServerManager] Accept from (127.0.0.1: 50492) SocketStream = 005676F0
20250718-192901<INFO :0000461C>: [Goddess Server 04] Started, service for 127.0.0.1:50492
20250718-192901<DEBUG:0000461C>: [KGD] Success connect to localhost:3306, character set switch to latin1
20250718-192901<DEBUG:0000461C>: [Goddess Server 04] Enter KG_GoddessServer::_query_statistic_info()
20250718-192901<DEBUG:0000461C>: KGLOG_PROCESS_ERROR(piStatistic) at line 2189 in KG_GoddessServer::_query_statistic_info
20250718-192901<DEBUG:0000461C>: [Goddess Server 04] Leave KG_GoddessServer::_query_statistic_info()
20250718-192901<INFO :000028F4>: [ServerManager] Accept from (127.0.0.1: 50497) SocketStream = 005674F8
20250718-192901<INFO :00004630>: [Goddess Server 05] Started, service for 127.0.0.1:50497
20250718-192901<DEBUG:00004630>: [KGD] Success connect to localhost:3306, character set switch to latin1
20250718-192901<INFO :000028F4>: [ServerManager] Accept from (127.0.0.1: 50502) SocketStream = 00567420
20250718-192901<INFO :0000463C>: [Goddess Server 06] Started, service for 127.0.0.1:50502
20250718-192901<DEBUG:0000463C>: [KGD] Success connect to localhost:3306, character set switch to latin1
20250718-192901<INFO :000028F4>: [ServerManager] Accept from (127.0.0.1: 50505) SocketStream = 00567030
20250718-192901<INFO :00004648>: [Goddess Server 07] Started, service for 127.0.0.1:50505
20250718-192901<DEBUG:00004648>: [KGD] Success connect to localhost:3306, character set switch to latin1
20250718-192901<INFO :000028F4>: [ServerManager] Accept from (127.0.0.1: 50510) SocketStream = 00567738
20250718-192901<INFO :00004654>: [Goddess Server 08] Started, service for 127.0.0.1:50510
20250718-192901<DEBUG:00004654>: [KGD] Success connect to localhost:3306, character set switch to latin1
20250718-192902<DEBUG:0000463C>: [Goddess Server 06] Enter KG_GoddessServer::_query_statistic_info()
20250718-192902<DEBUG:0000463C>: KGLOG_PROCESS_ERROR(piStatistic) at line 2189 in KG_GoddessServer::_query_statistic_info
20250718-192902<DEBUG:0000463C>: [Goddess Server 06] Leave KG_GoddessServer::_query_statistic_info()
20250718-192902<DEBUG:00004654>: [Goddess Server 08] Enter KG_GoddessServer::_query_statistic_info()
20250718-192902<DEBUG:00004654>: KGLOG_PROCESS_ERROR(piStatistic) at line 2189 in KG_GoddessServer::_query_statistic_info
20250718-192902<DEBUG:00004654>: [Goddess Server 08] Leave KG_GoddessServer::_query_statistic_info()
20250718-192902<DEBUG:000045EC>: [Goddess Server 02] Enter KG_GoddessServer::_query_statistic_info()
20250718-192903<DEBUG:000045EC>: KGLOG_PROCESS_ERROR(piStatistic) at line 2189 in KG_GoddessServer::_query_statistic_info
20250718-192903<DEBUG:000045EC>: [Goddess Server 02] Leave KG_GoddessServer::_query_statistic_info()
20250718-192904<DEBUG:00004630>: [Goddess Server 05] Enter KG_GoddessServer::_query_statistic_info()
20250718-192904<DEBUG:00004630>: KGLOG_PROCESS_ERROR(piStatistic) at line 2189 in KG_GoddessServer::_query_statistic_info
20250718-192904<DEBUG:00004630>: [Goddess Server 05] Leave KG_GoddessServer::_query_statistic_info()
20250718-192905<DEBUG:00004648>: [Goddess Server 07] Enter KG_GoddessServer::_query_statistic_info()
20250718-192905<DEBUG:00004648>: KGLOG_PROCESS_ERROR(piStatistic) at line 2189 in KG_GoddessServer::_query_statistic_info
20250718-192905<DEBUG:00004648>: [Goddess Server 07] Leave KG_GoddessServer::_query_statistic_info()
20250718-192907<DEBUG:00004608>: [Goddess Server 03] Enter KG_GoddessServer::_ping()
20250718-192908<DEBUG:0000461C>: [Goddess Server 04] Enter KG_GoddessServer::_ping()
20250718-192911<DEBUG:00003B88>: [Goddess Server 00] Enter KG_GoddessServer::_query_role_list()
20250718-192911<INFO :00003B88>: [Goddess Server 00] Query roles list of account "xboyhd"
20250718-192911<DEBUG:00003B88>: [Goddess Server 00] Leave KG_GoddessServer::_query_role_list()
20250718-192911<DEBUG:0000463C>: [Goddess Server 06] Enter KG_GoddessServer::_ping()
20250718-192911<DEBUG:00003B88>: [Goddess Server 00] Enter KG_GoddessServer::_query_role_list_in_zone()
20250718-192911<DEBUG:00003B88>: [Goddess Server 00] Leave KG_GoddessServer::_query_role_list_in_zone()
20250718-192912<DEBUG:00004654>: [Goddess Server 08] Enter KG_GoddessServer::_ping()
20250718-192913<DEBUG:000045EC>: [Goddess Server 02] Enter KG_GoddessServer::_ping()
20250718-192914<DEBUG:00004630>: [Goddess Server 05] Enter KG_GoddessServer::_ping()
20250718-192915<DEBUG:00003B88>: [Goddess Server 00] Enter KG_GoddessServer::_query_role_data()
20250718-192915<INFO :00003B88>: [Goddess Server 00] PacketID : 3, Get role "TCQGaming" of Account "xboyhd", Result = 1
20250718-192915<DEBUG:00003B88>: [Goddess Server 00] Leave KG_GoddessServer::_query_role_data()
20250718-192915<DEBUG:00004648>: [Goddess Server 07] Enter KG_GoddessServer::_ping()
20250718-192916<DEBUG:00004648>: [Goddess Server 07] Unsupported protocol: 38
20250718-192917<DEBUG:00004608>: [Goddess Server 03] Enter KG_GoddessServer::_ping()
20250718-192917<DEBUG:00004648>: [Goddess Server 07] Unsupported protocol: 37
20250718-192918<DEBUG:0000461C>: [Goddess Server 04] Enter KG_GoddessServer::_ping()
20250718-192921<DEBUG:0000463C>: [Goddess Server 06] Enter KG_GoddessServer::_ping()
20250718-192922<DEBUG:00004654>: [Goddess Server 08] Enter KG_GoddessServer::_ping()
20250718-192922<DEBUG:0000268C>: [Goddess Server 01] Enter KG_GoddessServer::_ping()
20250718-192923<DEBUG:000045EC>: [Goddess Server 02] Enter KG_GoddessServer::_ping()
20250718-192924<DEBUG:00004630>: [Goddess Server 05] Enter KG_GoddessServer::_ping()
20250718-192925<DEBUG:00004648>: [Goddess Server 07] Enter KG_GoddessServer::_ping()
20250718-192927<DEBUG:00004608>: [Goddess Server 03] Enter KG_GoddessServer::_ping()
20250718-192927<DEBUG:00004608>: [Goddess Server 03] Enter KG_GoddessServer::_ping()
20250718-192928<DEBUG:0000461C>: [Goddess Server 04] Enter KG_GoddessServer::_ping()
20250718-192928<DEBUG:0000461C>: [Goddess Server 04] Enter KG_GoddessServer::_ping()
20250718-192931<DEBUG:0000463C>: [Goddess Server 06] Enter KG_GoddessServer::_ping()
20250718-192931<DEBUG:0000463C>: [Goddess Server 06] Enter KG_GoddessServer::_ping()
20250718-192932<DEBUG:00004654>: [Goddess Server 08] Enter KG_GoddessServer::_ping()
20250718-192932<DEBUG:00004654>: [Goddess Server 08] Enter KG_GoddessServer::_ping()
20250718-192933<DEBUG:000045EC>: [Goddess Server 02] Enter KG_GoddessServer::_ping()
20250718-192933<DEBUG:000045EC>: [Goddess Server 02] Enter KG_GoddessServer::_ping()
20250718-192934<DEBUG:00004630>: [Goddess Server 05] Enter KG_GoddessServer::_ping()
20250718-192934<DEBUG:00004630>: [Goddess Server 05] Enter KG_GoddessServer::_ping()
20250718-192935<DEBUG:00003B88>: [Goddess Server 00] Enter KG_GoddessServer::_ping()
20250718-192935<DEBUG:00004648>: [Goddess Server 07] Enter KG_GoddessServer::_ping()
20250718-192935<DEBUG:00004648>: [Goddess Server 07] Enter KG_GoddessServer::_ping()
20250718-192937<DEBUG:00004608>: [Goddess Server 03] Enter KG_GoddessServer::_ping()
20250718-192938<DEBUG:0000461C>: [Goddess Server 04] Enter KG_GoddessServer::_ping()
20250718-192941<DEBUG:0000463C>: [Goddess Server 06] Enter KG_GoddessServer::_ping()
20250718-192942<DEBUG:00004654>: [Goddess Server 08] Enter KG_GoddessServer::_ping()
20250718-192943<DEBUG:000045EC>: [Goddess Server 02] Enter KG_GoddessServer::_ping()
20250718-192944<DEBUG:00004630>: [Goddess Server 05] Enter KG_GoddessServer::_ping()
20250718-192945<DEBUG:00004648>: [Goddess Server 07] Enter KG_GoddessServer::_ping()
20250718-192947<DEBUG:00004608>: [Goddess Server 03] Enter KG_GoddessServer::_ping()
20250718-192948<DEBUG:0000461C>: [Goddess Server 04] Enter KG_GoddessServer::_ping()
20250718-192951<DEBUG:0000463C>: [Goddess Server 06] Enter KG_GoddessServer::_ping()
20250718-192952<DEBUG:00004654>: [Goddess Server 08] Enter KG_GoddessServer::_ping()
20250718-192952<DEBUG:0000268C>: [Goddess Server 01] Enter KG_GoddessServer::_ping()
20250718-192953<DEBUG:000045EC>: [Goddess Server 02] Enter KG_GoddessServer::_ping()
20250718-192954<DEBUG:00004630>: [Goddess Server 05] Enter KG_GoddessServer::_ping()
20250718-192955<DEBUG:00003B88>: [Goddess Server 00] Enter KG_GoddessServer::_ping()
20250718-192955<DEBUG:00004648>: [Goddess Server 07] Enter KG_GoddessServer::_ping()
20250718-192957<DEBUG:00004608>: [Goddess Server 03] Enter KG_GoddessServer::_ping()
20250718-192957<DEBUG:00004608>: [Goddess Server 03] Enter KG_GoddessServer::_ping()
20250718-192958<DEBUG:0000461C>: [Goddess Server 04] Enter KG_GoddessServer::_ping()
20250718-192958<DEBUG:0000461C>: [Goddess Server 04] Enter KG_GoddessServer::_ping()
20250718-193001<DEBUG:0000463C>: [Goddess Server 06] Enter KG_GoddessServer::_ping()
20250718-193001<DEBUG:0000463C>: [Goddess Server 06] Enter KG_GoddessServer::_ping()
20250718-193002<DEBUG:00004654>: [Goddess Server 08] Enter KG_GoddessServer::_ping()
20250718-193002<DEBUG:00004654>: [Goddess Server 08] Enter KG_GoddessServer::_ping()
20250718-193003<DEBUG:000045EC>: [Goddess Server 02] Enter KG_GoddessServer::_ping()
20250718-193003<DEBUG:000045EC>: [Goddess Server 02] Enter KG_GoddessServer::_ping()
20250718-193004<DEBUG:00004630>: [Goddess Server 05] Enter KG_GoddessServer::_ping()
20250718-193004<DEBUG:00004630>: [Goddess Server 05] Enter KG_GoddessServer::_ping()
20250718-193005<DEBUG:00004648>: [Goddess Server 07] Enter KG_GoddessServer::_ping()
20250718-193005<DEBUG:00004648>: [Goddess Server 07] Enter KG_GoddessServer::_ping()
20250718-193007<DEBUG:00004608>: [Goddess Server 03] Enter KG_GoddessServer::_ping()
20250718-193008<DEBUG:0000461C>: [Goddess Server 04] Enter KG_GoddessServer::_ping()
20250718-193011<DEBUG:0000463C>: [Goddess Server 06] Enter KG_GoddessServer::_ping()
20250718-193012<DEBUG:00004654>: [Goddess Server 08] Enter KG_GoddessServer::_ping()
20250718-193013<DEBUG:000045EC>: [Goddess Server 02] Enter KG_GoddessServer::_ping()
20250718-193014<DEBUG:00004630>: [Goddess Server 05] Enter KG_GoddessServer::_ping()
20250718-193015<DEBUG:00003B88>: [Goddess Server 00] Enter KG_GoddessServer::_ping()
20250718-193015<DEBUG:00004648>: [Goddess Server 07] Enter KG_GoddessServer::_ping()
20250718-193017<DEBUG:00004608>: [Goddess Server 03] Enter KG_GoddessServer::_ping()
20250718-193018<DEBUG:0000461C>: [Goddess Server 04] Enter KG_GoddessServer::_ping()
20250718-193021<DEBUG:0000463C>: [Goddess Server 06] Enter KG_GoddessServer::_ping()
20250718-193022<DEBUG:00004654>: [Goddess Server 08] Enter KG_GoddessServer::_ping()
20250718-193022<DEBUG:0000268C>: [Goddess Server 01] Enter KG_GoddessServer::_ping()
20250718-193023<DEBUG:000045EC>: [Goddess Server 02] Enter KG_GoddessServer::_ping()
20250718-193024<DEBUG:00004630>: [Goddess Server 05] Enter KG_GoddessServer::_ping()
20250718-193025<DEBUG:00004648>: [Goddess Server 07] Enter KG_GoddessServer::_ping()
20250718-193027<DEBUG:00004608>: [Goddess Server 03] Enter KG_GoddessServer::_ping()
20250718-193027<DEBUG:00004608>: [Goddess Server 03] Enter KG_GoddessServer::_ping()
20250718-193028<DEBUG:0000461C>: [Goddess Server 04] Enter KG_GoddessServer::_ping()
20250718-193028<DEBUG:0000461C>: [Goddess Server 04] Enter KG_GoddessServer::_ping()
20250718-193031<DEBUG:0000463C>: [Goddess Server 06] Enter KG_GoddessServer::_ping()
20250718-193031<DEBUG:0000463C>: [Goddess Server 06] Enter KG_GoddessServer::_ping()
20250718-193032<DEBUG:00004654>: [Goddess Server 08] Enter KG_GoddessServer::_ping()
20250718-193032<DEBUG:00004654>: [Goddess Server 08] Enter KG_GoddessServer::_ping()
20250718-193033<DEBUG:000045EC>: [Goddess Server 02] Enter KG_GoddessServer::_ping()
20250718-193033<DEBUG:000045EC>: [Goddess Server 02] Enter KG_GoddessServer::_ping()
20250718-193034<DEBUG:00004630>: [Goddess Server 05] Enter KG_GoddessServer::_ping()
20250718-193034<DEBUG:00004630>: [Goddess Server 05] Enter KG_GoddessServer::_ping()
20250718-193035<DEBUG:00003B88>: [Goddess Server 00] Enter KG_GoddessServer::_ping()
20250718-193035<DEBUG:00004648>: [Goddess Server 07] Enter KG_GoddessServer::_ping()
20250718-193035<DEBUG:00004648>: [Goddess Server 07] Enter KG_GoddessServer::_ping()
20250718-193037<DEBUG:00004608>: [Goddess Server 03] Enter KG_GoddessServer::_ping()
20250718-193038<DEBUG:0000461C>: [Goddess Server 04] Enter KG_GoddessServer::_ping()
20250718-193041<DEBUG:0000463C>: [Goddess Server 06] Enter KG_GoddessServer::_ping()
20250718-193042<DEBUG:00004654>: [Goddess Server 08] Enter KG_GoddessServer::_ping()
20250718-193043<DEBUG:000045EC>: [Goddess Server 02] Enter KG_GoddessServer::_ping()
20250718-193044<DEBUG:00004630>: [Goddess Server 05] Enter KG_GoddessServer::_ping()
20250718-193045<DEBUG:00004648>: [Goddess Server 07] Enter KG_GoddessServer::_ping()
20250718-193047<DEBUG:00004608>: [Goddess Server 03] Enter KG_GoddessServer::_ping()
20250718-193048<DEBUG:0000461C>: [Goddess Server 04] Enter KG_GoddessServer::_ping()
20250718-193051<DEBUG:0000463C>: [Goddess Server 06] Enter KG_GoddessServer::_ping()
20250718-193052<DEBUG:00004654>: [Goddess Server 08] Enter KG_GoddessServer::_ping()
20250718-193052<DEBUG:0000268C>: [Goddess Server 01] Enter KG_GoddessServer::_ping()
20250718-193053<DEBUG:000045EC>: [Goddess Server 02] Enter KG_GoddessServer::_ping()
20250718-193054<DEBUG:00004630>: [Goddess Server 05] Enter KG_GoddessServer::_ping()
20250718-193055<DEBUG:00003B88>: [Goddess Server 00] Enter KG_GoddessServer::_ping()
20250718-193055<DEBUG:00004648>: [Goddess Server 07] Enter KG_GoddessServer::_ping()
20250718-193057<DEBUG:00004608>: [Goddess Server 03] Enter KG_GoddessServer::_ping()
20250718-193057<DEBUG:00004608>: [Goddess Server 03] Enter KG_GoddessServer::_ping()
20250718-193058<DEBUG:0000461C>: [Goddess Server 04] Enter KG_GoddessServer::_ping()
20250718-193058<DEBUG:0000461C>: [Goddess Server 04] Enter KG_GoddessServer::_ping()
20250718-193101<DEBUG:0000463C>: [Goddess Server 06] Enter KG_GoddessServer::_ping()
20250718-193101<DEBUG:0000463C>: [Goddess Server 06] Enter KG_GoddessServer::_ping()
20250718-193102<DEBUG:00004654>: [Goddess Server 08] Enter KG_GoddessServer::_ping()
20250718-193102<DEBUG:00004654>: [Goddess Server 08] Enter KG_GoddessServer::_ping()
20250718-193103<DEBUG:000045EC>: [Goddess Server 02] Enter KG_GoddessServer::_ping()
20250718-193103<DEBUG:000045EC>: [Goddess Server 02] Enter KG_GoddessServer::_ping()
20250718-193104<DEBUG:00004630>: [Goddess Server 05] Enter KG_GoddessServer::_ping()
20250718-193104<DEBUG:00004630>: [Goddess Server 05] Enter KG_GoddessServer::_ping()
20250718-193105<DEBUG:00004648>: [Goddess Server 07] Enter KG_GoddessServer::_ping()
20250718-193105<DEBUG:00004648>: [Goddess Server 07] Enter KG_GoddessServer::_ping()
20250718-193107<DEBUG:00004608>: [Goddess Server 03] Enter KG_GoddessServer::_ping()
20250718-193108<DEBUG:0000461C>: [Goddess Server 04] Enter KG_GoddessServer::_ping()
20250718-193111<DEBUG:0000463C>: [Goddess Server 06] Enter KG_GoddessServer::_ping()
20250718-193112<DEBUG:00004654>: [Goddess Server 08] Enter KG_GoddessServer::_ping()
20250718-193113<DEBUG:000045EC>: [Goddess Server 02] Enter KG_GoddessServer::_ping()
20250718-193114<DEBUG:00004630>: [Goddess Server 05] Enter KG_GoddessServer::_ping()
20250718-193115<DEBUG:00003B88>: [Goddess Server 00] Enter KG_GoddessServer::_ping()
20250718-193115<DEBUG:00004648>: [Goddess Server 07] Enter KG_GoddessServer::_ping()
20250718-193117<DEBUG:00004608>: [Goddess Server 03] Enter KG_GoddessServer::_ping()
20250718-193118<DEBUG:0000461C>: [Goddess Server 04] Enter KG_GoddessServer::_ping()
20250718-193121<DEBUG:0000463C>: [Goddess Server 06] Enter KG_GoddessServer::_ping()
20250718-193122<DEBUG:00004654>: [Goddess Server 08] Enter KG_GoddessServer::_ping()
20250718-193122<DEBUG:0000268C>: [Goddess Server 01] Enter KG_GoddessServer::_ping()
20250718-193123<DEBUG:000045EC>: [Goddess Server 02] Enter KG_GoddessServer::_ping()
20250718-193124<DEBUG:00004630>: [Goddess Server 05] Enter KG_GoddessServer::_ping()
20250718-193125<DEBUG:00004648>: [Goddess Server 07] Enter KG_GoddessServer::_ping()
20250718-193127<DEBUG:00004608>: [Goddess Server 03] Enter KG_GoddessServer::_ping()
20250718-193128<DEBUG:00004608>: [Goddess Server 03] Enter KG_GoddessServer::_ping()
20250718-193128<DEBUG:0000461C>: [Goddess Server 04] Enter KG_GoddessServer::_ping()
20250718-193128<DEBUG:0000461C>: [Goddess Server 04] Enter KG_GoddessServer::_ping()
20250718-193131<DEBUG:0000463C>: [Goddess Server 06] Enter KG_GoddessServer::_ping()
20250718-193131<DEBUG:0000463C>: [Goddess Server 06] Enter KG_GoddessServer::_ping()
20250718-193132<DEBUG:00004654>: [Goddess Server 08] Enter KG_GoddessServer::_ping()
20250718-193132<DEBUG:00004654>: [Goddess Server 08] Enter KG_GoddessServer::_ping()
20250718-193133<DEBUG:000045EC>: [Goddess Server 02] Enter KG_GoddessServer::_ping()
20250718-193133<DEBUG:000045EC>: [Goddess Server 02] Enter KG_GoddessServer::_ping()
20250718-193134<DEBUG:00004630>: [Goddess Server 05] Enter KG_GoddessServer::_ping()
20250718-193134<DEBUG:00004630>: [Goddess Server 05] Enter KG_GoddessServer::_ping()
20250718-193135<DEBUG:00003B88>: [Goddess Server 00] Enter KG_GoddessServer::_ping()
20250718-193135<DEBUG:00004648>: [Goddess Server 07] Enter KG_GoddessServer::_ping()
20250718-193136<DEBUG:00004648>: [Goddess Server 07] Enter KG_GoddessServer::_ping()
20250718-193137<DEBUG:00004608>: [Goddess Server 03] Enter KG_GoddessServer::_ping()
20250718-193138<DEBUG:0000461C>: [Goddess Server 04] Enter KG_GoddessServer::_ping()
20250718-193141<DEBUG:0000463C>: [Goddess Server 06] Enter KG_GoddessServer::_ping()
20250718-193142<DEBUG:00004654>: [Goddess Server 08] Enter KG_GoddessServer::_ping()
20250718-193143<DEBUG:000045EC>: [Goddess Server 02] Enter KG_GoddessServer::_ping()
20250718-193144<DEBUG:00004630>: [Goddess Server 05] Enter KG_GoddessServer::_ping()
20250718-193145<DEBUG:00004648>: [Goddess Server 07] Enter KG_GoddessServer::_ping()
20250718-193147<DEBUG:00004608>: [Goddess Server 03] Enter KG_GoddessServer::_ping()
20250718-193148<DEBUG:0000461C>: [Goddess Server 04] Enter KG_GoddessServer::_ping()
20250718-193151<DEBUG:0000463C>: [Goddess Server 06] Enter KG_GoddessServer::_ping()
20250718-193152<DEBUG:00004654>: [Goddess Server 08] Enter KG_GoddessServer::_ping()
20250718-193152<DEBUG:0000268C>: [Goddess Server 01] Enter KG_GoddessServer::_ping()
20250718-193153<DEBUG:000045EC>: [Goddess Server 02] Enter KG_GoddessServer::_ping()
20250718-193154<DEBUG:00004630>: [Goddess Server 05] Enter KG_GoddessServer::_ping()
20250718-193155<DEBUG:00003B88>: [Goddess Server 00] Enter KG_GoddessServer::_ping()
20250718-193155<DEBUG:00004648>: [Goddess Server 07] Enter KG_GoddessServer::_ping()
20250718-193157<DEBUG:00004608>: [Goddess Server 03] Enter KG_GoddessServer::_ping()
20250718-193158<DEBUG:00004608>: [Goddess Server 03] Enter KG_GoddessServer::_ping()
20250718-193158<DEBUG:0000461C>: [Goddess Server 04] Enter KG_GoddessServer::_ping()
20250718-193158<DEBUG:0000461C>: [Goddess Server 04] Enter KG_GoddessServer::_ping()
20250718-193201<DEBUG:0000463C>: [Goddess Server 06] Enter KG_GoddessServer::_ping()
20250718-193201<DEBUG:0000463C>: [Goddess Server 06] Enter KG_GoddessServer::_ping()
20250718-193202<DEBUG:00004654>: [Goddess Server 08] Enter KG_GoddessServer::_ping()
20250718-193202<DEBUG:00004654>: [Goddess Server 08] Enter KG_GoddessServer::_ping()
20250718-193203<DEBUG:000045EC>: [Goddess Server 02] Enter KG_GoddessServer::_ping()
20250718-193203<DEBUG:000045EC>: [Goddess Server 02] Enter KG_GoddessServer::_ping()
20250718-193204<DEBUG:00004630>: [Goddess Server 05] Enter KG_GoddessServer::_ping()
20250718-193204<DEBUG:00004630>: [Goddess Server 05] Enter KG_GoddessServer::_ping()
20250718-193205<DEBUG:00004648>: [Goddess Server 07] Enter KG_GoddessServer::_ping()
20250718-193206<DEBUG:00004648>: [Goddess Server 07] Enter KG_GoddessServer::_ping()
20250718-193207<DEBUG:00004608>: [Goddess Server 03] Enter KG_GoddessServer::_ping()
20250718-193208<DEBUG:0000461C>: [Goddess Server 04] Enter KG_GoddessServer::_ping()
20250718-193211<DEBUG:0000463C>: [Goddess Server 06] Enter KG_GoddessServer::_ping()
20250718-193212<DEBUG:00004654>: [Goddess Server 08] Enter KG_GoddessServer::_ping()
20250718-193213<DEBUG:000045EC>: [Goddess Server 02] Enter KG_GoddessServer::_ping()
20250718-193214<DEBUG:00004630>: [Goddess Server 05] Enter KG_GoddessServer::_ping()
20250718-193215<DEBUG:00003B88>: [Goddess Server 00] Enter KG_GoddessServer::_ping()
20250718-193215<DEBUG:00004648>: [Goddess Server 07] Enter KG_GoddessServer::_ping()
20250718-193217<DEBUG:00004608>: [Goddess Server 03] Enter KG_GoddessServer::_ping()
20250718-193218<DEBUG:0000461C>: [Goddess Server 04] Enter KG_GoddessServer::_ping()
20250718-193221<DEBUG:0000463C>: [Goddess Server 06] Enter KG_GoddessServer::_ping()
20250718-193222<DEBUG:00004654>: [Goddess Server 08] Enter KG_GoddessServer::_ping()
20250718-193222<DEBUG:0000268C>: [Goddess Server 01] Enter KG_GoddessServer::_ping()
20250718-193223<DEBUG:000045EC>: [Goddess Server 02] Enter KG_GoddessServer::_ping()
20250718-193224<DEBUG:00004630>: [Goddess Server 05] Enter KG_GoddessServer::_ping()
20250718-193225<DEBUG:00004648>: [Goddess Server 07] Enter KG_GoddessServer::_ping()
20250718-193227<DEBUG:00004608>: [Goddess Server 03] Enter KG_GoddessServer::_ping()
20250718-193228<DEBUG:00004608>: [Goddess Server 03] Enter KG_GoddessServer::_ping()
20250718-193228<DEBUG:0000461C>: [Goddess Server 04] Enter KG_GoddessServer::_ping()
20250718-193228<DEBUG:0000461C>: [Goddess Server 04] Enter KG_GoddessServer::_ping()
20250718-193231<DEBUG:0000463C>: [Goddess Server 06] Enter KG_GoddessServer::_ping()
20250718-193231<DEBUG:0000463C>: [Goddess Server 06] Enter KG_GoddessServer::_ping()
20250718-193232<DEBUG:00004654>: [Goddess Server 08] Enter KG_GoddessServer::_ping()
20250718-193232<DEBUG:00004654>: [Goddess Server 08] Enter KG_GoddessServer::_ping()
20250718-193233<DEBUG:000045EC>: [Goddess Server 02] Enter KG_GoddessServer::_ping()
20250718-193233<DEBUG:000045EC>: [Goddess Server 02] Enter KG_GoddessServer::_ping()
20250718-193234<DEBUG:00004630>: [Goddess Server 05] Enter KG_GoddessServer::_ping()
20250718-193234<DEBUG:00004630>: [Goddess Server 05] Enter KG_GoddessServer::_ping()
20250718-193235<DEBUG:00003B88>: [Goddess Server 00] Enter KG_GoddessServer::_ping()
20250718-193235<DEBUG:00004648>: [Goddess Server 07] Enter KG_GoddessServer::_ping()
20250718-193236<DEBUG:00004648>: [Goddess Server 07] Enter KG_GoddessServer::_ping()
20250718-193237<DEBUG:00004608>: [Goddess Server 03] Enter KG_GoddessServer::_ping()
20250718-193238<DEBUG:0000461C>: [Goddess Server 04] Enter KG_GoddessServer::_ping()
20250718-193241<DEBUG:0000463C>: [Goddess Server 06] Enter KG_GoddessServer::_ping()
20250718-193242<DEBUG:00004654>: [Goddess Server 08] Enter KG_GoddessServer::_ping()
20250718-193243<DEBUG:000045EC>: [Goddess Server 02] Enter KG_GoddessServer::_ping()
20250718-193244<DEBUG:00004630>: [Goddess Server 05] Enter KG_GoddessServer::_ping()
20250718-193245<DEBUG:00004648>: [Goddess Server 07] Enter KG_GoddessServer::_ping()
20250718-193247<DEBUG:00004608>: [Goddess Server 03] Enter KG_GoddessServer::_ping()
20250718-193248<DEBUG:0000461C>: [Goddess Server 04] Enter KG_GoddessServer::_ping()
20250718-193251<DEBUG:0000463C>: [Goddess Server 06] Enter KG_GoddessServer::_ping()
20250718-193252<DEBUG:00004654>: [Goddess Server 08] Enter KG_GoddessServer::_ping()
20250718-193252<DEBUG:0000268C>: [Goddess Server 01] Enter KG_GoddessServer::_ping()
20250718-193253<DEBUG:000045EC>: [Goddess Server 02] Enter KG_GoddessServer::_ping()
20250718-193254<DEBUG:00004630>: [Goddess Server 05] Enter KG_GoddessServer::_ping()
20250718-193255<DEBUG:00003B88>: [Goddess Server 00] Enter KG_GoddessServer::_ping()
20250718-193255<DEBUG:00004648>: [Goddess Server 07] Enter KG_GoddessServer::_ping()
20250718-193257<DEBUG:00004608>: [Goddess Server 03] Enter KG_GoddessServer::_ping()
20250718-193258<DEBUG:00004608>: [Goddess Server 03] Enter KG_GoddessServer::_ping()
20250718-193258<DEBUG:0000461C>: [Goddess Server 04] Enter KG_GoddessServer::_ping()
20250718-193258<DEBUG:0000461C>: [Goddess Server 04] Enter KG_GoddessServer::_ping()
20250718-193301<DEBUG:0000463C>: [Goddess Server 06] Enter KG_GoddessServer::_ping()
20250718-193301<DEBUG:0000463C>: [Goddess Server 06] Enter KG_GoddessServer::_ping()
20250718-193302<DEBUG:00004654>: [Goddess Server 08] Enter KG_GoddessServer::_ping()
20250718-193302<DEBUG:00004654>: [Goddess Server 08] Enter KG_GoddessServer::_ping()
20250718-193303<DEBUG:000045EC>: [Goddess Server 02] Enter KG_GoddessServer::_ping()
20250718-193303<DEBUG:000045EC>: [Goddess Server 02] Enter KG_GoddessServer::_ping()
20250718-193304<DEBUG:00004630>: [Goddess Server 05] Enter KG_GoddessServer::_ping()
20250718-193304<DEBUG:00004630>: [Goddess Server 05] Enter KG_GoddessServer::_ping()
20250718-193305<DEBUG:00004648>: [Goddess Server 07] Enter KG_GoddessServer::_ping()
20250718-193306<DEBUG:00004648>: [Goddess Server 07] Enter KG_GoddessServer::_ping()
20250718-193307<DEBUG:00004608>: [Goddess Server 03] Enter KG_GoddessServer::_ping()
20250718-193308<DEBUG:0000461C>: [Goddess Server 04] Enter KG_GoddessServer::_ping()
20250718-193311<DEBUG:0000463C>: [Goddess Server 06] Enter KG_GoddessServer::_ping()
20250718-193312<DEBUG:00004654>: [Goddess Server 08] Enter KG_GoddessServer::_ping()
20250718-193313<DEBUG:000045EC>: [Goddess Server 02] Enter KG_GoddessServer::_ping()
20250718-193314<DEBUG:00004630>: [Goddess Server 05] Enter KG_GoddessServer::_ping()
20250718-193315<DEBUG:00003B88>: [Goddess Server 00] Enter KG_GoddessServer::_ping()
20250718-193315<DEBUG:00004648>: [Goddess Server 07] Enter KG_GoddessServer::_ping()
20250718-193317<DEBUG:00004608>: [Goddess Server 03] Enter KG_GoddessServer::_ping()
20250718-193318<DEBUG:0000461C>: [Goddess Server 04] Enter KG_GoddessServer::_ping()
20250718-193321<DEBUG:0000463C>: [Goddess Server 06] Enter KG_GoddessServer::_ping()
20250718-193322<DEBUG:00004654>: [Goddess Server 08] Enter KG_GoddessServer::_ping()
20250718-193322<DEBUG:0000268C>: [Goddess Server 01] Enter KG_GoddessServer::_ping()
20250718-193323<DEBUG:000045EC>: [Goddess Server 02] Enter KG_GoddessServer::_ping()
20250718-193324<DEBUG:00004630>: [Goddess Server 05] Enter KG_GoddessServer::_ping()
20250718-193325<DEBUG:00004648>: [Goddess Server 07] Enter KG_GoddessServer::_ping()
20250718-193327<DEBUG:00004608>: [Goddess Server 03] Enter KG_GoddessServer::_ping()
20250718-193328<DEBUG:00004608>: [Goddess Server 03] Enter KG_GoddessServer::_ping()
20250718-193328<DEBUG:0000461C>: [Goddess Server 04] Enter KG_GoddessServer::_ping()
20250718-193328<DEBUG:0000461C>: [Goddess Server 04] Enter KG_GoddessServer::_ping()
20250718-193331<DEBUG:0000463C>: [Goddess Server 06] Enter KG_GoddessServer::_ping()
20250718-193331<DEBUG:0000463C>: [Goddess Server 06] Enter KG_GoddessServer::_ping()
20250718-193332<DEBUG:00004654>: [Goddess Server 08] Enter KG_GoddessServer::_ping()
20250718-193332<DEBUG:00004654>: [Goddess Server 08] Enter KG_GoddessServer::_ping()
20250718-193333<DEBUG:000045EC>: [Goddess Server 02] Enter KG_GoddessServer::_ping()
20250718-193333<DEBUG:000045EC>: [Goddess Server 02] Enter KG_GoddessServer::_ping()
20250718-193334<DEBUG:00004630>: [Goddess Server 05] Enter KG_GoddessServer::_ping()
20250718-193334<DEBUG:00004630>: [Goddess Server 05] Enter KG_GoddessServer::_ping()
20250718-193335<DEBUG:00003B88>: [Goddess Server 00] Enter KG_GoddessServer::_ping()
20250718-193335<DEBUG:00004648>: [Goddess Server 07] Enter KG_GoddessServer::_ping()
20250718-193336<DEBUG:00004648>: [Goddess Server 07] Enter KG_GoddessServer::_ping()
20250718-193337<DEBUG:00004608>: [Goddess Server 03] Enter KG_GoddessServer::_ping()
20250718-193338<DEBUG:0000461C>: [Goddess Server 04] Enter KG_GoddessServer::_ping()
20250718-193341<DEBUG:0000463C>: [Goddess Server 06] Enter KG_GoddessServer::_ping()
20250718-193342<DEBUG:00004654>: [Goddess Server 08] Enter KG_GoddessServer::_ping()
20250718-193343<DEBUG:000045EC>: [Goddess Server 02] Enter KG_GoddessServer::_ping()
20250718-193344<DEBUG:00004630>: [Goddess Server 05] Enter KG_GoddessServer::_ping()
20250718-193345<DEBUG:00004648>: [Goddess Server 07] Enter KG_GoddessServer::_ping()
20250718-193347<DEBUG:00004608>: [Goddess Server 03] Enter KG_GoddessServer::_ping()
20250718-193348<DEBUG:0000461C>: [Goddess Server 04] Enter KG_GoddessServer::_ping()
20250718-193351<DEBUG:0000463C>: [Goddess Server 06] Enter KG_GoddessServer::_ping()
20250718-193352<DEBUG:00004654>: [Goddess Server 08] Enter KG_GoddessServer::_ping()
20250718-193352<DEBUG:0000268C>: [Goddess Server 01] Enter KG_GoddessServer::_ping()
20250718-193353<DEBUG:000045EC>: [Goddess Server 02] Enter KG_GoddessServer::_ping()
20250718-193354<DEBUG:00004630>: [Goddess Server 05] Enter KG_GoddessServer::_ping()
20250718-193355<DEBUG:00003B88>: [Goddess Server 00] Enter KG_GoddessServer::_ping()
20250718-193355<DEBUG:00004648>: [Goddess Server 07] Enter KG_GoddessServer::_ping()
20250718-193357<DEBUG:00004608>: [Goddess Server 03] Enter KG_GoddessServer::_ping()
20250718-193358<DEBUG:0000461C>: [Goddess Server 04] Enter KG_GoddessServer::_ping()
20250718-193358<DEBUG:00004608>: [Goddess Server 03] Enter KG_GoddessServer::_ping()
20250718-193358<DEBUG:0000461C>: [Goddess Server 04] Enter KG_GoddessServer::_ping()
20250718-193401<DEBUG:0000463C>: [Goddess Server 06] Enter KG_GoddessServer::_ping()
20250718-193401<DEBUG:0000463C>: [Goddess Server 06] Enter KG_GoddessServer::_ping()
20250718-193402<DEBUG:00004654>: [Goddess Server 08] Enter KG_GoddessServer::_ping()
20250718-193402<DEBUG:00004654>: [Goddess Server 08] Enter KG_GoddessServer::_ping()
20250718-193403<DEBUG:000045EC>: [Goddess Server 02] Enter KG_GoddessServer::_ping()
20250718-193403<DEBUG:000045EC>: [Goddess Server 02] Enter KG_GoddessServer::_ping()
20250718-193404<DEBUG:00004630>: [Goddess Server 05] Enter KG_GoddessServer::_ping()
20250718-193405<DEBUG:00004630>: [Goddess Server 05] Enter KG_GoddessServer::_ping()
