20250718-192858<INFO :00003A4C>: [KG_Goddess] starting ...
20250718-192858<INFO :00003A4C>: [KG_Goddess] Loading kg_goddess.ini
20250718-192858<INFO :00003A4C>: [KG_Goddess] Loaded KG_Angel, version 2.5
20250718-192858<INFO :00003A4C>: [KG_Goddess] Initializing role database ...
20250718-192858<DEBUG:00003A4C>: [KGD] Success connect to localhost:3306, character set switch to latin1
20250718-192858<INFO :00003A4C>: [KG_Goddess] Initializing role statistic ...
20250718-192858<INFO :00003A4C>: [KG_Goddess] Initializing server manager ...
20250718-192858<INFO :00003A4C>: [KG_Goddess] Initializing Sequence ...
20250718-192858<INFO :00003A4C>: [KG_Goddess] Initializing NameServer ...
20250718-192858<DEBUG:00003A4C>: [Database] character set switch to latin1
20250718-192858<INFO :00003A4C>: [ServerManager] Listening at 127.0.0.1:5001
20250718-192858<INFO :00003A4C>: [KG_Goddess] RoleLock disable
20250718-192858<INFO :00003A4C>: [KG_Goddess] Set log level to DEBUG
20250718-192858<INFO :00003A4C>: [KG_Goddess] Start success
20250718-192858<DEBUG:00003A4C>: nSocket = 280, nSendFlag = 0, Error = 10054
20250718-192859<INFO :00003A78>: [ServerManager] Accept from (127.0.0.1: 60464) SocketStream = 00F57150
20250718-192859<INFO :000044A0>: [Goddess Server 00] Started, service for 127.0.0.1:60464
20250718-192859<DEBUG:000044A0>: [KGD] Success connect to localhost:3306, character set switch to latin1
20250718-192901<INFO :00003A78>: [ServerManager] Accept from (127.0.0.1: 60471) SocketStream = 00F57270
20250718-192901<INFO :00001714>: [Goddess Server 01] Started, service for 127.0.0.1:60471
20250718-192901<DEBUG:00001714>: [KGD] Success connect to localhost:3306, character set switch to latin1
20250718-192905<INFO :00003A78>: [ServerManager] Accept from (127.0.0.1: 60482) SocketStream = 00F57588
20250718-192905<INFO :00004AF0>: [Goddess Server 02] Started, service for 127.0.0.1:60482
20250718-192905<DEBUG:00004AF0>: [KGD] Success connect to localhost:3306, character set switch to latin1
20250718-192905<DEBUG:00004AF0>: [Goddess Server 02] Enter KG_GoddessServer::_query_statistic_info()
20250718-192905<DEBUG:00004AF0>: KGLOG_PROCESS_ERROR(piStatistic) at line 2189 in KG_GoddessServer::_query_statistic_info
20250718-192905<DEBUG:00004AF0>: [Goddess Server 02] Leave KG_GoddessServer::_query_statistic_info()
20250718-192905<INFO :00003A78>: [ServerManager] Accept from (127.0.0.1: 60487) SocketStream = 00F570C0
20250718-192905<INFO :00004110>: [Goddess Server 03] Started, service for 127.0.0.1:60487
20250718-192905<DEBUG:00004110>: [KGD] Success connect to localhost:3306, character set switch to latin1
20250718-192905<DEBUG:00004110>: [Goddess Server 03] Enter KG_GoddessServer::_query_statistic_info()
20250718-192905<DEBUG:00004110>: KGLOG_PROCESS_ERROR(piStatistic) at line 2189 in KG_GoddessServer::_query_statistic_info
20250718-192905<DEBUG:00004110>: [Goddess Server 03] Leave KG_GoddessServer::_query_statistic_info()
20250718-192905<INFO :00003A78>: [ServerManager] Accept from (127.0.0.1: 60492) SocketStream = 00F575D0
20250718-192905<INFO :00000068>: [Goddess Server 04] Started, service for 127.0.0.1:60492
20250718-192905<DEBUG:00000068>: [KGD] Success connect to localhost:3306, character set switch to latin1
20250718-192905<DEBUG:00000068>: [Goddess Server 04] Enter KG_GoddessServer::_query_statistic_info()
20250718-192905<DEBUG:00000068>: KGLOG_PROCESS_ERROR(piStatistic) at line 2189 in KG_GoddessServer::_query_statistic_info
20250718-192905<DEBUG:00000068>: [Goddess Server 04] Leave KG_GoddessServer::_query_statistic_info()
20250718-192905<INFO :00003A78>: [ServerManager] Accept from (127.0.0.1: 60497) SocketStream = 00F57198
20250718-192905<INFO :000021E8>: [Goddess Server 05] Started, service for 127.0.0.1:60497
20250718-192905<DEBUG:000021E8>: [KGD] Success connect to localhost:3306, character set switch to latin1
20250718-192905<INFO :00003A78>: [ServerManager] Accept from (127.0.0.1: 60502) SocketStream = 00F57390
20250718-192905<INFO :00004E0C>: [Goddess Server 06] Started, service for 127.0.0.1:60502
20250718-192905<DEBUG:00004E0C>: [KGD] Success connect to localhost:3306, character set switch to latin1
20250718-192905<INFO :00003A78>: [ServerManager] Accept from (127.0.0.1: 60505) SocketStream = 00F57030
20250718-192905<INFO :00004554>: [Goddess Server 07] Started, service for 127.0.0.1:60505
20250718-192905<DEBUG:00004554>: [KGD] Success connect to localhost:3306, character set switch to latin1
20250718-192905<INFO :00003A78>: [ServerManager] Accept from (127.0.0.1: 60508) SocketStream = 00F57660
20250718-192905<INFO :00003D94>: [Goddess Server 08] Started, service for 127.0.0.1:60508
20250718-192905<DEBUG:00003D94>: [KGD] Success connect to localhost:3306, character set switch to latin1
20250718-192906<DEBUG:00004E0C>: [Goddess Server 06] Enter KG_GoddessServer::_query_statistic_info()
20250718-192906<DEBUG:00004E0C>: KGLOG_PROCESS_ERROR(piStatistic) at line 2189 in KG_GoddessServer::_query_statistic_info
20250718-192906<DEBUG:00004E0C>: [Goddess Server 06] Leave KG_GoddessServer::_query_statistic_info()
20250718-192906<DEBUG:00004554>: [Goddess Server 07] Enter KG_GoddessServer::_query_statistic_info()
20250718-192906<DEBUG:00004554>: KGLOG_PROCESS_ERROR(piStatistic) at line 2189 in KG_GoddessServer::_query_statistic_info
20250718-192906<DEBUG:00004554>: [Goddess Server 07] Leave KG_GoddessServer::_query_statistic_info()
20250718-192908<DEBUG:000021E8>: [Goddess Server 05] Enter KG_GoddessServer::_query_statistic_info()
20250718-192908<DEBUG:000021E8>: KGLOG_PROCESS_ERROR(piStatistic) at line 2189 in KG_GoddessServer::_query_statistic_info
20250718-192908<DEBUG:000021E8>: [Goddess Server 05] Leave KG_GoddessServer::_query_statistic_info()
20250718-192910<DEBUG:00003D94>: [Goddess Server 08] Enter KG_GoddessServer::_query_statistic_info()
20250718-192910<DEBUG:00003D94>: KGLOG_PROCESS_ERROR(piStatistic) at line 2189 in KG_GoddessServer::_query_statistic_info
20250718-192910<DEBUG:00003D94>: [Goddess Server 08] Leave KG_GoddessServer::_query_statistic_info()
20250718-192912<DEBUG:00004AF0>: [Goddess Server 02] Enter KG_GoddessServer::_ping()
20250718-192912<DEBUG:00004110>: [Goddess Server 03] Enter KG_GoddessServer::_ping()
20250718-192913<DEBUG:00000068>: [Goddess Server 04] Enter KG_GoddessServer::_ping()
20250718-192915<DEBUG:00004E0C>: [Goddess Server 06] Enter KG_GoddessServer::_ping()
20250718-192916<DEBUG:00004554>: [Goddess Server 07] Enter KG_GoddessServer::_ping()
20250718-192916<DEBUG:000044A0>: [Goddess Server 00] Enter KG_GoddessServer::_ping()
20250718-192916<DEBUG:000044A0>: [Goddess Server 00] Enter KG_GoddessServer::_query_role_list()
20250718-192916<INFO :000044A0>: [Goddess Server 00] Query roles list of account "xboyhd"
20250718-192916<DEBUG:000044A0>: [Goddess Server 00] Leave KG_GoddessServer::_query_role_list()
20250718-192917<DEBUG:000044A0>: [Goddess Server 00] Enter KG_GoddessServer::_query_role_list_in_zone()
20250718-192917<DEBUG:000044A0>: [Goddess Server 00] Leave KG_GoddessServer::_query_role_list_in_zone()
20250718-192918<DEBUG:000021E8>: [Goddess Server 05] Enter KG_GoddessServer::_ping()
20250718-192919<DEBUG:000044A0>: [Goddess Server 00] Enter KG_GoddessServer::_query_role_list()
20250718-192919<INFO :000044A0>: [Goddess Server 00] Query roles list of account "xboyhd1"
20250718-192919<DEBUG:000044A0>: [Goddess Server 00] Leave KG_GoddessServer::_query_role_list()
20250718-192920<DEBUG:000044A0>: [Goddess Server 00] Enter KG_GoddessServer::_query_role_list_in_zone()
20250718-192920<DEBUG:000044A0>: [Goddess Server 00] Leave KG_GoddessServer::_query_role_list_in_zone()
20250718-192920<DEBUG:00003D94>: [Goddess Server 08] Enter KG_GoddessServer::_ping()
20250718-192921<DEBUG:000044A0>: [Goddess Server 00] Enter KG_GoddessServer::_query_role_data()
20250718-192921<INFO :000044A0>: [Goddess Server 00] PacketID : 5, Get role "TCQGaming" of Account "xboyhd", Result = 1
20250718-192921<DEBUG:000044A0>: [Goddess Server 00] Leave KG_GoddessServer::_query_role_data()
20250718-192922<DEBUG:00004AF0>: [Goddess Server 02] Enter KG_GoddessServer::_ping()
20250718-192922<DEBUG:000044A0>: [Goddess Server 00] Enter KG_GoddessServer::_query_role_data()
20250718-192922<INFO :000044A0>: [Goddess Server 00] PacketID : 6, Get role "tessssssst" of Account "xboyhd1", Result = 1
20250718-192922<DEBUG:000044A0>: [Goddess Server 00] Leave KG_GoddessServer::_query_role_data()
20250718-192922<DEBUG:00004110>: [Goddess Server 03] Enter KG_GoddessServer::_ping()
20250718-192923<DEBUG:00004AF0>: [Goddess Server 02] Unsupported protocol: 38
20250718-192923<DEBUG:00000068>: [Goddess Server 04] Enter KG_GoddessServer::_ping()
20250718-192924<DEBUG:00004AF0>: [Goddess Server 02] Unsupported protocol: 38
20250718-192924<DEBUG:00004AF0>: [Goddess Server 02] Unsupported protocol: 37
20250718-192924<DEBUG:00004AF0>: [Goddess Server 02] Enter KG_GoddessServer::_save_role_data()
20250718-192924<INFO :00004AF0>: [Goddess Server 02] PacketID : 1, Save role "TCQGaming" of Account "xboyhd", LeaveFlag = 1, Result = 1
20250718-192924<DEBUG:00004AF0>: [Goddess Server 02] Leave KG_GoddessServer::_save_role_data()
20250718-192924<DEBUG:00003D94>: [Goddess Server 08] Unsupported protocol: 38
20250718-192924<DEBUG:00003D94>: [Goddess Server 08] Unsupported protocol: 37
20250718-192925<DEBUG:00004AF0>: [Goddess Server 02] Unsupported protocol: 37
20250718-192925<DEBUG:00004AF0>: [Goddess Server 02] Enter KG_GoddessServer::_save_role_data()
20250718-192925<INFO :00004AF0>: [Goddess Server 02] PacketID : 2, Save role "tessssssst" of Account "xboyhd1", LeaveFlag = 1, Result = 1
20250718-192925<DEBUG:00004AF0>: [Goddess Server 02] Leave KG_GoddessServer::_save_role_data()
20250718-192925<DEBUG:00003D94>: [Goddess Server 08] Unsupported protocol: 38
20250718-192925<DEBUG:00004E0C>: [Goddess Server 06] Enter KG_GoddessServer::_ping()
20250718-192926<DEBUG:00004554>: [Goddess Server 07] Enter KG_GoddessServer::_ping()
20250718-192926<DEBUG:00003D94>: [Goddess Server 08] Unsupported protocol: 37
20250718-192926<DEBUG:000044A0>: [Goddess Server 00] Enter KG_GoddessServer::_query_role_list()
20250718-192926<INFO :000044A0>: [Goddess Server 00] Query roles list of account "xboyhd2"
20250718-192926<DEBUG:000044A0>: [Goddess Server 00] Leave KG_GoddessServer::_query_role_list()
20250718-192927<DEBUG:00001714>: [Goddess Server 01] Enter KG_GoddessServer::_ping()
20250718-192927<DEBUG:000044A0>: [Goddess Server 00] Enter KG_GoddessServer::_query_role_list_in_zone()
20250718-192927<DEBUG:000044A0>: [Goddess Server 00] Leave KG_GoddessServer::_query_role_list_in_zone()
20250718-192928<DEBUG:000021E8>: [Goddess Server 05] Enter KG_GoddessServer::_ping()
20250718-192930<DEBUG:00003D94>: [Goddess Server 08] Enter KG_GoddessServer::_ping()
20250718-192932<DEBUG:00004AF0>: [Goddess Server 02] Enter KG_GoddessServer::_ping()
20250718-192932<DEBUG:00004AF0>: [Goddess Server 02] Enter KG_GoddessServer::_ping()
20250718-192932<DEBUG:00004110>: [Goddess Server 03] Enter KG_GoddessServer::_ping()
20250718-192932<DEBUG:00004110>: [Goddess Server 03] Enter KG_GoddessServer::_ping()
20250718-192933<DEBUG:00000068>: [Goddess Server 04] Enter KG_GoddessServer::_ping()
20250718-192933<DEBUG:00000068>: [Goddess Server 04] Enter KG_GoddessServer::_ping()
20250718-192935<DEBUG:00004E0C>: [Goddess Server 06] Enter KG_GoddessServer::_ping()
20250718-192935<DEBUG:00004E0C>: [Goddess Server 06] Enter KG_GoddessServer::_ping()
20250718-192936<DEBUG:00004554>: [Goddess Server 07] Enter KG_GoddessServer::_ping()
20250718-192936<DEBUG:00004554>: [Goddess Server 07] Enter KG_GoddessServer::_ping()
20250718-192938<DEBUG:000021E8>: [Goddess Server 05] Enter KG_GoddessServer::_ping()
20250718-192938<DEBUG:000021E8>: [Goddess Server 05] Enter KG_GoddessServer::_ping()
20250718-192940<DEBUG:00003D94>: [Goddess Server 08] Enter KG_GoddessServer::_ping()
20250718-192940<DEBUG:00003D94>: [Goddess Server 08] Enter KG_GoddessServer::_ping()
20250718-192942<DEBUG:00004AF0>: [Goddess Server 02] Enter KG_GoddessServer::_ping()
20250718-192942<DEBUG:00004110>: [Goddess Server 03] Enter KG_GoddessServer::_ping()
20250718-192943<DEBUG:000044A0>: [Goddess Server 00] Enter KG_GoddessServer::_query_role_data()
20250718-192943<INFO :000044A0>: [Goddess Server 00] PacketID : 9, Get role "testttt" of Account "xboyhd2", Result = 1
20250718-192943<DEBUG:000044A0>: [Goddess Server 00] Leave KG_GoddessServer::_query_role_data()
20250718-192943<DEBUG:00000068>: [Goddess Server 04] Enter KG_GoddessServer::_ping()
20250718-192944<DEBUG:00004AF0>: [Goddess Server 02] Unsupported protocol: 38
20250718-192945<DEBUG:00004AF0>: [Goddess Server 02] Unsupported protocol: 37
20250718-192945<DEBUG:00004AF0>: [Goddess Server 02] Enter KG_GoddessServer::_save_role_data()
20250718-192945<INFO :00004AF0>: [Goddess Server 02] PacketID : 2, Save role "testttt" of Account "xboyhd2", LeaveFlag = 1, Result = 1
20250718-192945<DEBUG:00004AF0>: [Goddess Server 02] Leave KG_GoddessServer::_save_role_data()
20250718-192945<DEBUG:00003D94>: [Goddess Server 08] Unsupported protocol: 38
20250718-192945<DEBUG:00004E0C>: [Goddess Server 06] Enter KG_GoddessServer::_ping()
20250718-192946<DEBUG:00004554>: [Goddess Server 07] Enter KG_GoddessServer::_ping()
20250718-192946<DEBUG:00003D94>: [Goddess Server 08] Unsupported protocol: 37
20250718-192948<DEBUG:000021E8>: [Goddess Server 05] Enter KG_GoddessServer::_ping()
20250718-192950<DEBUG:00003D94>: [Goddess Server 08] Enter KG_GoddessServer::_save_role_data()
20250718-192950<INFO :00003D94>: [Goddess Server 08] PacketID : 3, Save role "testttt" of Account "xboyhd2", LeaveFlag = 1, Result = 1
20250718-192950<DEBUG:00003D94>: [Goddess Server 08] Leave KG_GoddessServer::_save_role_data()
20250718-192950<DEBUG:00004AF0>: [Goddess Server 02] Unsupported protocol: 38
20250718-192950<DEBUG:00003D94>: [Goddess Server 08] Enter KG_GoddessServer::_ping()
20250718-192950<DEBUG:00004AF0>: [Goddess Server 02] Unsupported protocol: 37
20250718-192952<DEBUG:00004AF0>: [Goddess Server 02] Enter KG_GoddessServer::_ping()
20250718-192952<DEBUG:00004110>: [Goddess Server 03] Enter KG_GoddessServer::_ping()
20250718-192953<DEBUG:00000068>: [Goddess Server 04] Enter KG_GoddessServer::_ping()
20250718-192955<DEBUG:00004E0C>: [Goddess Server 06] Enter KG_GoddessServer::_ping()
20250718-192956<DEBUG:00004554>: [Goddess Server 07] Enter KG_GoddessServer::_ping()
20250718-192957<DEBUG:00001714>: [Goddess Server 01] Enter KG_GoddessServer::_ping()
20250718-192958<DEBUG:000021E8>: [Goddess Server 05] Enter KG_GoddessServer::_ping()
20250718-193000<DEBUG:00003D94>: [Goddess Server 08] Enter KG_GoddessServer::_ping()
20250718-193002<DEBUG:00004AF0>: [Goddess Server 02] Enter KG_GoddessServer::_ping()
20250718-193002<DEBUG:00004AF0>: [Goddess Server 02] Enter KG_GoddessServer::_ping()
20250718-193002<DEBUG:00004110>: [Goddess Server 03] Enter KG_GoddessServer::_ping()
20250718-193003<DEBUG:00004110>: [Goddess Server 03] Enter KG_GoddessServer::_ping()
20250718-193003<DEBUG:000044A0>: [Goddess Server 00] Enter KG_GoddessServer::_ping()
20250718-193003<DEBUG:00000068>: [Goddess Server 04] Enter KG_GoddessServer::_ping()
20250718-193003<DEBUG:00000068>: [Goddess Server 04] Enter KG_GoddessServer::_ping()
20250718-193005<DEBUG:00004E0C>: [Goddess Server 06] Enter KG_GoddessServer::_ping()
20250718-193005<DEBUG:00004E0C>: [Goddess Server 06] Enter KG_GoddessServer::_ping()
20250718-193006<DEBUG:00004554>: [Goddess Server 07] Enter KG_GoddessServer::_ping()
20250718-193006<DEBUG:00004554>: [Goddess Server 07] Enter KG_GoddessServer::_ping()
20250718-193008<DEBUG:000021E8>: [Goddess Server 05] Enter KG_GoddessServer::_ping()
20250718-193009<DEBUG:000021E8>: [Goddess Server 05] Enter KG_GoddessServer::_ping()
20250718-193010<DEBUG:00003D94>: [Goddess Server 08] Enter KG_GoddessServer::_ping()
20250718-193010<DEBUG:00003D94>: [Goddess Server 08] Enter KG_GoddessServer::_ping()
20250718-193012<DEBUG:00004AF0>: [Goddess Server 02] Enter KG_GoddessServer::_ping()
20250718-193012<DEBUG:00004110>: [Goddess Server 03] Enter KG_GoddessServer::_ping()
20250718-193013<DEBUG:00000068>: [Goddess Server 04] Enter KG_GoddessServer::_ping()
20250718-193015<DEBUG:00004E0C>: [Goddess Server 06] Enter KG_GoddessServer::_ping()
20250718-193016<DEBUG:00004554>: [Goddess Server 07] Enter KG_GoddessServer::_ping()
20250718-193018<DEBUG:000021E8>: [Goddess Server 05] Enter KG_GoddessServer::_ping()
20250718-193020<DEBUG:00003D94>: [Goddess Server 08] Enter KG_GoddessServer::_ping()
20250718-193022<DEBUG:00004AF0>: [Goddess Server 02] Enter KG_GoddessServer::_ping()
20250718-193022<DEBUG:00004110>: [Goddess Server 03] Enter KG_GoddessServer::_ping()
20250718-193023<DEBUG:00000068>: [Goddess Server 04] Enter KG_GoddessServer::_ping()
20250718-193023<DEBUG:000044A0>: [Goddess Server 00] Enter KG_GoddessServer::_ping()
20250718-193025<DEBUG:00004E0C>: [Goddess Server 06] Enter KG_GoddessServer::_ping()
20250718-193026<DEBUG:00004554>: [Goddess Server 07] Enter KG_GoddessServer::_ping()
20250718-193027<DEBUG:00001714>: [Goddess Server 01] Enter KG_GoddessServer::_ping()
20250718-193028<DEBUG:000021E8>: [Goddess Server 05] Enter KG_GoddessServer::_ping()
20250718-193030<DEBUG:00003D94>: [Goddess Server 08] Enter KG_GoddessServer::_ping()
20250718-193032<DEBUG:00004AF0>: [Goddess Server 02] Enter KG_GoddessServer::_ping()
20250718-193032<DEBUG:00004AF0>: [Goddess Server 02] Enter KG_GoddessServer::_ping()
20250718-193032<DEBUG:00004110>: [Goddess Server 03] Enter KG_GoddessServer::_ping()
20250718-193033<DEBUG:00004110>: [Goddess Server 03] Enter KG_GoddessServer::_ping()
20250718-193033<DEBUG:00000068>: [Goddess Server 04] Enter KG_GoddessServer::_ping()
20250718-193033<DEBUG:00000068>: [Goddess Server 04] Enter KG_GoddessServer::_ping()
20250718-193035<DEBUG:00004E0C>: [Goddess Server 06] Enter KG_GoddessServer::_ping()
20250718-193036<DEBUG:00004E0C>: [Goddess Server 06] Enter KG_GoddessServer::_ping()
20250718-193036<DEBUG:00004554>: [Goddess Server 07] Enter KG_GoddessServer::_ping()
20250718-193036<DEBUG:00004554>: [Goddess Server 07] Enter KG_GoddessServer::_ping()
20250718-193038<DEBUG:000021E8>: [Goddess Server 05] Enter KG_GoddessServer::_ping()
20250718-193039<DEBUG:000021E8>: [Goddess Server 05] Enter KG_GoddessServer::_ping()
20250718-193040<DEBUG:00003D94>: [Goddess Server 08] Enter KG_GoddessServer::_ping()
20250718-193040<DEBUG:00003D94>: [Goddess Server 08] Enter KG_GoddessServer::_ping()
20250718-193042<DEBUG:00004AF0>: [Goddess Server 02] Enter KG_GoddessServer::_ping()
20250718-193042<DEBUG:00004110>: [Goddess Server 03] Enter KG_GoddessServer::_ping()
20250718-193043<DEBUG:00000068>: [Goddess Server 04] Enter KG_GoddessServer::_ping()
20250718-193043<DEBUG:000044A0>: [Goddess Server 00] Enter KG_GoddessServer::_ping()
20250718-193045<DEBUG:00004E0C>: [Goddess Server 06] Enter KG_GoddessServer::_ping()
20250718-193046<DEBUG:00004554>: [Goddess Server 07] Enter KG_GoddessServer::_ping()
20250718-193048<DEBUG:000021E8>: [Goddess Server 05] Enter KG_GoddessServer::_ping()
20250718-193050<DEBUG:00003D94>: [Goddess Server 08] Enter KG_GoddessServer::_ping()
20250718-193052<DEBUG:00004AF0>: [Goddess Server 02] Enter KG_GoddessServer::_ping()
20250718-193052<DEBUG:00004110>: [Goddess Server 03] Enter KG_GoddessServer::_ping()
20250718-193053<DEBUG:00000068>: [Goddess Server 04] Enter KG_GoddessServer::_ping()
20250718-193055<DEBUG:00004E0C>: [Goddess Server 06] Enter KG_GoddessServer::_ping()
20250718-193056<DEBUG:00004554>: [Goddess Server 07] Enter KG_GoddessServer::_ping()
20250718-193057<DEBUG:00001714>: [Goddess Server 01] Enter KG_GoddessServer::_ping()
20250718-193058<DEBUG:000021E8>: [Goddess Server 05] Enter KG_GoddessServer::_ping()
20250718-193100<DEBUG:00003D94>: [Goddess Server 08] Enter KG_GoddessServer::_ping()
20250718-193102<DEBUG:00004AF0>: [Goddess Server 02] Enter KG_GoddessServer::_ping()
20250718-193102<DEBUG:00004AF0>: [Goddess Server 02] Enter KG_GoddessServer::_ping()
20250718-193102<DEBUG:00004110>: [Goddess Server 03] Enter KG_GoddessServer::_ping()
20250718-193103<DEBUG:00004110>: [Goddess Server 03] Enter KG_GoddessServer::_ping()
20250718-193103<DEBUG:00000068>: [Goddess Server 04] Enter KG_GoddessServer::_ping()
20250718-193103<DEBUG:000044A0>: [Goddess Server 00] Enter KG_GoddessServer::_ping()
20250718-193103<DEBUG:00000068>: [Goddess Server 04] Enter KG_GoddessServer::_ping()
20250718-193105<DEBUG:00004E0C>: [Goddess Server 06] Enter KG_GoddessServer::_ping()
20250718-193106<DEBUG:00004554>: [Goddess Server 07] Enter KG_GoddessServer::_ping()
20250718-193106<DEBUG:00004E0C>: [Goddess Server 06] Enter KG_GoddessServer::_ping()
20250718-193106<DEBUG:00004554>: [Goddess Server 07] Enter KG_GoddessServer::_ping()
20250718-193108<DEBUG:000021E8>: [Goddess Server 05] Enter KG_GoddessServer::_ping()
20250718-193109<DEBUG:000021E8>: [Goddess Server 05] Enter KG_GoddessServer::_ping()
20250718-193110<DEBUG:00003D94>: [Goddess Server 08] Enter KG_GoddessServer::_ping()
20250718-193110<DEBUG:00003D94>: [Goddess Server 08] Enter KG_GoddessServer::_ping()
20250718-193112<DEBUG:00004AF0>: [Goddess Server 02] Enter KG_GoddessServer::_ping()
20250718-193112<DEBUG:00004110>: [Goddess Server 03] Enter KG_GoddessServer::_ping()
20250718-193113<DEBUG:00000068>: [Goddess Server 04] Enter KG_GoddessServer::_ping()
20250718-193115<DEBUG:00004E0C>: [Goddess Server 06] Enter KG_GoddessServer::_ping()
20250718-193116<DEBUG:00004554>: [Goddess Server 07] Enter KG_GoddessServer::_ping()
20250718-193118<DEBUG:000021E8>: [Goddess Server 05] Enter KG_GoddessServer::_ping()
20250718-193120<DEBUG:00003D94>: [Goddess Server 08] Enter KG_GoddessServer::_ping()
20250718-193122<DEBUG:00004AF0>: [Goddess Server 02] Enter KG_GoddessServer::_ping()
20250718-193122<DEBUG:00004110>: [Goddess Server 03] Enter KG_GoddessServer::_ping()
20250718-193123<DEBUG:00000068>: [Goddess Server 04] Enter KG_GoddessServer::_ping()
20250718-193123<DEBUG:000044A0>: [Goddess Server 00] Enter KG_GoddessServer::_ping()
20250718-193125<DEBUG:00004E0C>: [Goddess Server 06] Enter KG_GoddessServer::_ping()
20250718-193126<DEBUG:00004554>: [Goddess Server 07] Enter KG_GoddessServer::_ping()
20250718-193127<DEBUG:00001714>: [Goddess Server 01] Enter KG_GoddessServer::_ping()
20250718-193128<DEBUG:000021E8>: [Goddess Server 05] Enter KG_GoddessServer::_ping()
20250718-193130<DEBUG:00003D94>: [Goddess Server 08] Enter KG_GoddessServer::_ping()
20250718-193132<DEBUG:00004AF0>: [Goddess Server 02] Enter KG_GoddessServer::_ping()
20250718-193132<DEBUG:00004AF0>: [Goddess Server 02] Enter KG_GoddessServer::_ping()
20250718-193132<DEBUG:00004110>: [Goddess Server 03] Enter KG_GoddessServer::_ping()
20250718-193133<DEBUG:00004110>: [Goddess Server 03] Enter KG_GoddessServer::_ping()
20250718-193133<DEBUG:00000068>: [Goddess Server 04] Enter KG_GoddessServer::_ping()
20250718-193133<DEBUG:00000068>: [Goddess Server 04] Enter KG_GoddessServer::_ping()
20250718-193135<DEBUG:00004E0C>: [Goddess Server 06] Enter KG_GoddessServer::_ping()
20250718-193136<DEBUG:00004554>: [Goddess Server 07] Enter KG_GoddessServer::_ping()
20250718-193136<DEBUG:00004E0C>: [Goddess Server 06] Enter KG_GoddessServer::_ping()
20250718-193136<DEBUG:00004554>: [Goddess Server 07] Enter KG_GoddessServer::_ping()
20250718-193138<DEBUG:000021E8>: [Goddess Server 05] Enter KG_GoddessServer::_ping()
20250718-193139<DEBUG:000021E8>: [Goddess Server 05] Enter KG_GoddessServer::_ping()
20250718-193140<DEBUG:00003D94>: [Goddess Server 08] Enter KG_GoddessServer::_ping()
20250718-193140<DEBUG:00003D94>: [Goddess Server 08] Enter KG_GoddessServer::_ping()
20250718-193142<DEBUG:00004AF0>: [Goddess Server 02] Enter KG_GoddessServer::_ping()
20250718-193142<DEBUG:00004110>: [Goddess Server 03] Enter KG_GoddessServer::_ping()
20250718-193143<DEBUG:00000068>: [Goddess Server 04] Enter KG_GoddessServer::_ping()
20250718-193143<DEBUG:000044A0>: [Goddess Server 00] Enter KG_GoddessServer::_ping()
20250718-193145<DEBUG:00004E0C>: [Goddess Server 06] Enter KG_GoddessServer::_ping()
20250718-193146<DEBUG:00004554>: [Goddess Server 07] Enter KG_GoddessServer::_ping()
20250718-193148<DEBUG:000021E8>: [Goddess Server 05] Enter KG_GoddessServer::_ping()
20250718-193150<DEBUG:00003D94>: [Goddess Server 08] Enter KG_GoddessServer::_save_role_data()
20250718-193150<INFO :00003D94>: [Goddess Server 08] PacketID : 1, Save role "TCQGaming" of Account "xboyhd", LeaveFlag = 0, Result = 1
20250718-193150<DEBUG:00003D94>: [Goddess Server 08] Leave KG_GoddessServer::_save_role_data()
20250718-193150<DEBUG:00003D94>: [Goddess Server 08] Enter KG_GoddessServer::_ping()
20250718-193152<DEBUG:00004AF0>: [Goddess Server 02] Enter KG_GoddessServer::_ping()
20250718-193152<DEBUG:00004110>: [Goddess Server 03] Enter KG_GoddessServer::_ping()
20250718-193153<DEBUG:00000068>: [Goddess Server 04] Enter KG_GoddessServer::_ping()
20250718-193155<DEBUG:00004E0C>: [Goddess Server 06] Enter KG_GoddessServer::_ping()
20250718-193156<DEBUG:00004554>: [Goddess Server 07] Enter KG_GoddessServer::_ping()
20250718-193157<DEBUG:00001714>: [Goddess Server 01] Enter KG_GoddessServer::_ping()
20250718-193158<DEBUG:000021E8>: [Goddess Server 05] Enter KG_GoddessServer::_ping()
20250718-193200<DEBUG:00003D94>: [Goddess Server 08] Enter KG_GoddessServer::_ping()
20250718-193202<DEBUG:00004AF0>: [Goddess Server 02] Enter KG_GoddessServer::_ping()
20250718-193202<DEBUG:00004110>: [Goddess Server 03] Enter KG_GoddessServer::_ping()
20250718-193202<DEBUG:00004AF0>: [Goddess Server 02] Enter KG_GoddessServer::_ping()
20250718-193203<DEBUG:00000068>: [Goddess Server 04] Enter KG_GoddessServer::_ping()
20250718-193203<DEBUG:00004110>: [Goddess Server 03] Enter KG_GoddessServer::_ping()
20250718-193203<DEBUG:000044A0>: [Goddess Server 00] Enter KG_GoddessServer::_ping()
20250718-193203<DEBUG:00000068>: [Goddess Server 04] Enter KG_GoddessServer::_ping()
20250718-193205<DEBUG:00004E0C>: [Goddess Server 06] Enter KG_GoddessServer::_ping()
20250718-193206<DEBUG:00004554>: [Goddess Server 07] Enter KG_GoddessServer::_ping()
20250718-193206<DEBUG:00004E0C>: [Goddess Server 06] Enter KG_GoddessServer::_ping()
20250718-193206<DEBUG:00004554>: [Goddess Server 07] Enter KG_GoddessServer::_ping()
20250718-193208<DEBUG:000021E8>: [Goddess Server 05] Enter KG_GoddessServer::_ping()
20250718-193209<DEBUG:000021E8>: [Goddess Server 05] Enter KG_GoddessServer::_ping()
20250718-193210<DEBUG:00003D94>: [Goddess Server 08] Enter KG_GoddessServer::_ping()
20250718-193210<DEBUG:00003D94>: [Goddess Server 08] Enter KG_GoddessServer::_ping()
20250718-193212<DEBUG:00004AF0>: [Goddess Server 02] Enter KG_GoddessServer::_ping()
20250718-193212<DEBUG:00004110>: [Goddess Server 03] Enter KG_GoddessServer::_ping()
20250718-193213<DEBUG:00000068>: [Goddess Server 04] Enter KG_GoddessServer::_ping()
20250718-193215<DEBUG:00004E0C>: [Goddess Server 06] Enter KG_GoddessServer::_ping()
20250718-193216<DEBUG:00004554>: [Goddess Server 07] Enter KG_GoddessServer::_ping()
20250718-193218<DEBUG:000021E8>: [Goddess Server 05] Enter KG_GoddessServer::_ping()
20250718-193220<DEBUG:00003D94>: [Goddess Server 08] Enter KG_GoddessServer::_ping()
20250718-193222<DEBUG:00004AF0>: [Goddess Server 02] Enter KG_GoddessServer::_ping()
20250718-193222<DEBUG:00004110>: [Goddess Server 03] Enter KG_GoddessServer::_ping()
20250718-193223<DEBUG:00000068>: [Goddess Server 04] Enter KG_GoddessServer::_ping()
20250718-193223<DEBUG:000044A0>: [Goddess Server 00] Enter KG_GoddessServer::_ping()
20250718-193225<DEBUG:00004E0C>: [Goddess Server 06] Enter KG_GoddessServer::_ping()
20250718-193226<DEBUG:00004554>: [Goddess Server 07] Enter KG_GoddessServer::_ping()
20250718-193227<DEBUG:00001714>: [Goddess Server 01] Enter KG_GoddessServer::_ping()
20250718-193228<DEBUG:000021E8>: [Goddess Server 05] Enter KG_GoddessServer::_ping()
20250718-193230<DEBUG:00003D94>: [Goddess Server 08] Enter KG_GoddessServer::_ping()
20250718-193232<DEBUG:00004AF0>: [Goddess Server 02] Enter KG_GoddessServer::_ping()
20250718-193232<DEBUG:00004110>: [Goddess Server 03] Enter KG_GoddessServer::_ping()
20250718-193232<DEBUG:00004AF0>: [Goddess Server 02] Enter KG_GoddessServer::_ping()
20250718-193233<DEBUG:00000068>: [Goddess Server 04] Enter KG_GoddessServer::_ping()
20250718-193233<DEBUG:00004110>: [Goddess Server 03] Enter KG_GoddessServer::_ping()
20250718-193233<DEBUG:00000068>: [Goddess Server 04] Enter KG_GoddessServer::_ping()
20250718-193235<DEBUG:00004E0C>: [Goddess Server 06] Enter KG_GoddessServer::_ping()
20250718-193236<DEBUG:00004554>: [Goddess Server 07] Enter KG_GoddessServer::_ping()
20250718-193236<DEBUG:00004E0C>: [Goddess Server 06] Enter KG_GoddessServer::_ping()
20250718-193236<DEBUG:00004554>: [Goddess Server 07] Enter KG_GoddessServer::_ping()
20250718-193238<DEBUG:000021E8>: [Goddess Server 05] Enter KG_GoddessServer::_ping()
20250718-193239<DEBUG:000021E8>: [Goddess Server 05] Enter KG_GoddessServer::_ping()
20250718-193240<DEBUG:00003D94>: [Goddess Server 08] Enter KG_GoddessServer::_ping()
20250718-193240<DEBUG:00003D94>: [Goddess Server 08] Enter KG_GoddessServer::_ping()
20250718-193242<DEBUG:00004AF0>: [Goddess Server 02] Enter KG_GoddessServer::_ping()
20250718-193242<DEBUG:00004110>: [Goddess Server 03] Enter KG_GoddessServer::_ping()
20250718-193243<DEBUG:00000068>: [Goddess Server 04] Enter KG_GoddessServer::_ping()
20250718-193243<DEBUG:000044A0>: [Goddess Server 00] Enter KG_GoddessServer::_ping()
20250718-193245<DEBUG:00004E0C>: [Goddess Server 06] Enter KG_GoddessServer::_ping()
20250718-193246<DEBUG:00004554>: [Goddess Server 07] Enter KG_GoddessServer::_ping()
20250718-193248<DEBUG:000021E8>: [Goddess Server 05] Enter KG_GoddessServer::_ping()
20250718-193250<DEBUG:00003D94>: [Goddess Server 08] Enter KG_GoddessServer::_ping()
20250718-193252<DEBUG:00004AF0>: [Goddess Server 02] Enter KG_GoddessServer::_ping()
20250718-193252<DEBUG:00004110>: [Goddess Server 03] Enter KG_GoddessServer::_ping()
20250718-193253<DEBUG:00000068>: [Goddess Server 04] Enter KG_GoddessServer::_ping()
20250718-193255<DEBUG:00004E0C>: [Goddess Server 06] Enter KG_GoddessServer::_ping()
20250718-193256<DEBUG:00004554>: [Goddess Server 07] Enter KG_GoddessServer::_ping()
20250718-193257<DEBUG:00001714>: [Goddess Server 01] Enter KG_GoddessServer::_ping()
20250718-193258<DEBUG:000021E8>: [Goddess Server 05] Enter KG_GoddessServer::_ping()
20250718-193300<DEBUG:00003D94>: [Goddess Server 08] Enter KG_GoddessServer::_ping()
20250718-193302<DEBUG:00004AF0>: [Goddess Server 02] Enter KG_GoddessServer::_ping()
20250718-193302<DEBUG:00004110>: [Goddess Server 03] Enter KG_GoddessServer::_ping()
20250718-193302<DEBUG:00004AF0>: [Goddess Server 02] Enter KG_GoddessServer::_ping()
20250718-193303<DEBUG:00000068>: [Goddess Server 04] Enter KG_GoddessServer::_ping()
20250718-193303<DEBUG:00004110>: [Goddess Server 03] Enter KG_GoddessServer::_ping()
20250718-193303<DEBUG:000044A0>: [Goddess Server 00] Enter KG_GoddessServer::_ping()
20250718-193303<DEBUG:00000068>: [Goddess Server 04] Enter KG_GoddessServer::_ping()
20250718-193305<DEBUG:00004E0C>: [Goddess Server 06] Enter KG_GoddessServer::_ping()
20250718-193306<DEBUG:00004554>: [Goddess Server 07] Enter KG_GoddessServer::_ping()
20250718-193306<DEBUG:00004E0C>: [Goddess Server 06] Enter KG_GoddessServer::_ping()
20250718-193306<DEBUG:00004554>: [Goddess Server 07] Enter KG_GoddessServer::_ping()
20250718-193308<DEBUG:000021E8>: [Goddess Server 05] Enter KG_GoddessServer::_ping()
20250718-193309<DEBUG:000021E8>: [Goddess Server 05] Enter KG_GoddessServer::_ping()
20250718-193310<DEBUG:00003D94>: [Goddess Server 08] Enter KG_GoddessServer::_ping()
20250718-193311<DEBUG:00003D94>: [Goddess Server 08] Enter KG_GoddessServer::_ping()
20250718-193312<DEBUG:00004AF0>: [Goddess Server 02] Enter KG_GoddessServer::_ping()
20250718-193312<DEBUG:00004110>: [Goddess Server 03] Enter KG_GoddessServer::_ping()
20250718-193313<DEBUG:00000068>: [Goddess Server 04] Enter KG_GoddessServer::_ping()
20250718-193315<DEBUG:00004E0C>: [Goddess Server 06] Enter KG_GoddessServer::_ping()
20250718-193316<DEBUG:00004554>: [Goddess Server 07] Enter KG_GoddessServer::_ping()
20250718-193318<DEBUG:000021E8>: [Goddess Server 05] Enter KG_GoddessServer::_ping()
20250718-193320<DEBUG:00003D94>: [Goddess Server 08] Enter KG_GoddessServer::_ping()
20250718-193322<DEBUG:00004AF0>: [Goddess Server 02] Enter KG_GoddessServer::_ping()
20250718-193322<DEBUG:00004110>: [Goddess Server 03] Enter KG_GoddessServer::_ping()
20250718-193323<DEBUG:00000068>: [Goddess Server 04] Enter KG_GoddessServer::_ping()
20250718-193323<DEBUG:000044A0>: [Goddess Server 00] Enter KG_GoddessServer::_ping()
20250718-193325<DEBUG:00004E0C>: [Goddess Server 06] Enter KG_GoddessServer::_ping()
20250718-193326<DEBUG:00004554>: [Goddess Server 07] Enter KG_GoddessServer::_ping()
20250718-193327<DEBUG:00001714>: [Goddess Server 01] Enter KG_GoddessServer::_ping()
20250718-193328<DEBUG:000021E8>: [Goddess Server 05] Enter KG_GoddessServer::_ping()
20250718-193330<DEBUG:00003D94>: [Goddess Server 08] Enter KG_GoddessServer::_ping()
20250718-193332<DEBUG:00004AF0>: [Goddess Server 02] Enter KG_GoddessServer::_ping()
20250718-193332<DEBUG:00004110>: [Goddess Server 03] Enter KG_GoddessServer::_ping()
20250718-193333<DEBUG:00004AF0>: [Goddess Server 02] Enter KG_GoddessServer::_ping()
20250718-193333<DEBUG:00000068>: [Goddess Server 04] Enter KG_GoddessServer::_ping()
20250718-193333<DEBUG:00004110>: [Goddess Server 03] Enter KG_GoddessServer::_ping()
20250718-193333<DEBUG:00000068>: [Goddess Server 04] Enter KG_GoddessServer::_ping()
20250718-193335<DEBUG:00004E0C>: [Goddess Server 06] Enter KG_GoddessServer::_ping()
20250718-193336<DEBUG:00004554>: [Goddess Server 07] Enter KG_GoddessServer::_ping()
20250718-193336<DEBUG:00004E0C>: [Goddess Server 06] Enter KG_GoddessServer::_ping()
20250718-193336<DEBUG:00004554>: [Goddess Server 07] Enter KG_GoddessServer::_ping()
20250718-193338<DEBUG:000021E8>: [Goddess Server 05] Enter KG_GoddessServer::_ping()
20250718-193339<DEBUG:000021E8>: [Goddess Server 05] Enter KG_GoddessServer::_ping()
20250718-193340<DEBUG:00003D94>: [Goddess Server 08] Enter KG_GoddessServer::_ping()
20250718-193341<DEBUG:00003D94>: [Goddess Server 08] Enter KG_GoddessServer::_ping()
20250718-193342<DEBUG:00004AF0>: [Goddess Server 02] Enter KG_GoddessServer::_ping()
20250718-193342<DEBUG:00004110>: [Goddess Server 03] Enter KG_GoddessServer::_ping()
20250718-193343<DEBUG:00000068>: [Goddess Server 04] Enter KG_GoddessServer::_ping()
20250718-193343<DEBUG:000044A0>: [Goddess Server 00] Enter KG_GoddessServer::_ping()
20250718-193345<DEBUG:00004E0C>: [Goddess Server 06] Enter KG_GoddessServer::_ping()
20250718-193346<DEBUG:00004554>: [Goddess Server 07] Enter KG_GoddessServer::_ping()
20250718-193348<DEBUG:000021E8>: [Goddess Server 05] Enter KG_GoddessServer::_ping()
20250718-193350<DEBUG:00003D94>: [Goddess Server 08] Enter KG_GoddessServer::_ping()
20250718-193352<DEBUG:00004AF0>: [Goddess Server 02] Enter KG_GoddessServer::_ping()
20250718-193352<DEBUG:00004110>: [Goddess Server 03] Enter KG_GoddessServer::_ping()
20250718-193353<DEBUG:00000068>: [Goddess Server 04] Enter KG_GoddessServer::_ping()
20250718-193355<DEBUG:00004E0C>: [Goddess Server 06] Enter KG_GoddessServer::_ping()
20250718-193356<DEBUG:00004554>: [Goddess Server 07] Enter KG_GoddessServer::_ping()
20250718-193357<DEBUG:00001714>: [Goddess Server 01] Enter KG_GoddessServer::_ping()
