20250718-192921<INFO :00003B84>: [KG_Goddess] starting ...
20250718-192921<INFO :00003B84>: [KG_Goddess] Loading kg_goddess.ini
20250718-192921<INFO :00003B84>: [KG_Goddess] Loaded KG_Angel, version 2.5
20250718-192921<INFO :00003B84>: [KG_Goddess] Initializing role database ...
20250718-192921<DEBUG:00003B84>: [KGD] Success connect to localhost:3306, character set switch to latin1
20250718-192921<INFO :00003B84>: [KG_Goddess] Initializing role statistic ...
20250718-192921<INFO :00003B84>: [KG_Goddess] Initializing server manager ...
20250718-192921<INFO :00003B84>: [KG_Goddess] Initializing Sequence ...
20250718-192921<INFO :00003B84>: [KG_Goddess] Initializing NameServer ...
20250718-192921<DEBUG:00003B84>: [Database] character set switch to latin1
20250718-192921<INFO :00003B84>: [ServerManager] Listening at 127.0.0.1:5001
20250718-192921<INFO :00003B84>: [KG_Goddess] RoleLock disable
20250718-192921<INFO :00003B84>: [KG_Goddess] Set log level to DEBUG
20250718-192921<INFO :00003B84>: [KG_Goddess] Start success
20250718-192924<INFO :00004E6C>: [ServerManager] Accept from (127.0.0.1: 59221) SocketStream = 010B71E0
20250718-192924<INFO :00003D8C>: [Goddess Server 00] Started, service for 127.0.0.1:59221
20250718-192924<DEBUG:00003D8C>: [KGD] Success connect to localhost:3306, character set switch to latin1
20250718-192925<INFO :00004E6C>: [ServerManager] Accept from (127.0.0.1: 59226) SocketStream = 010B7540
20250718-192925<INFO :00003F6C>: [Goddess Server 01] Started, service for 127.0.0.1:59226
20250718-192925<DEBUG:00003F6C>: [KGD] Success connect to localhost:3306, character set switch to latin1
20250718-192930<INFO :00004E6C>: [ServerManager] Accept from (127.0.0.1: 59236) SocketStream = 010B7078
20250718-192930<INFO :000036B0>: [Goddess Server 02] Started, service for 127.0.0.1:59236
20250718-192930<DEBUG:000036B0>: [KGD] Success connect to localhost:3306, character set switch to latin1
20250718-192930<INFO :00004E6C>: [ServerManager] Accept from (127.0.0.1: 59242) SocketStream = 010B7270
20250718-192930<INFO :000038D0>: [Goddess Server 03] Started, service for 127.0.0.1:59242
20250718-192930<DEBUG:000038D0>: [KGD] Success connect to localhost:3306, character set switch to latin1
20250718-192930<DEBUG:000038D0>: [Goddess Server 03] Enter KG_GoddessServer::_query_statistic_info()
20250718-192930<DEBUG:000038D0>: KGLOG_PROCESS_ERROR(piStatistic) at line 2189 in KG_GoddessServer::_query_statistic_info
20250718-192930<DEBUG:000038D0>: [Goddess Server 03] Leave KG_GoddessServer::_query_statistic_info()
20250718-192930<INFO :00004E6C>: [ServerManager] Accept from (127.0.0.1: 59247) SocketStream = 010B76F0
20250718-192930<INFO :00003F78>: [Goddess Server 04] Started, service for 127.0.0.1:59247
20250718-192930<DEBUG:00003F78>: [KGD] Success connect to localhost:3306, character set switch to latin1
20250718-192930<DEBUG:00003F78>: [Goddess Server 04] Enter KG_GoddessServer::_query_statistic_info()
20250718-192930<DEBUG:00003F78>: KGLOG_PROCESS_ERROR(piStatistic) at line 2189 in KG_GoddessServer::_query_statistic_info
20250718-192930<DEBUG:00003F78>: [Goddess Server 04] Leave KG_GoddessServer::_query_statistic_info()
20250718-192930<INFO :00004E6C>: [ServerManager] Accept from (127.0.0.1: 59252) SocketStream = 010B75D0
20250718-192930<INFO :00002AD0>: [Goddess Server 05] Started, service for 127.0.0.1:59252
20250718-192930<DEBUG:00002AD0>: [KGD] Success connect to localhost:3306, character set switch to latin1
20250718-192930<DEBUG:00002AD0>: [Goddess Server 05] Enter KG_GoddessServer::_query_statistic_info()
20250718-192930<DEBUG:00002AD0>: KGLOG_PROCESS_ERROR(piStatistic) at line 2189 in KG_GoddessServer::_query_statistic_info
20250718-192930<DEBUG:00002AD0>: [Goddess Server 05] Leave KG_GoddessServer::_query_statistic_info()
20250718-192930<INFO :00004E6C>: [ServerManager] Accept from (127.0.0.1: 59257) SocketStream = 010B7390
20250718-192930<INFO :00000C9C>: [Goddess Server 06] Started, service for 127.0.0.1:59257
20250718-192930<DEBUG:00000C9C>: [KGD] Success connect to localhost:3306, character set switch to latin1
20250718-192930<INFO :00004E6C>: [ServerManager] Accept from (127.0.0.1: 59260) SocketStream = 010B7108
20250718-192930<INFO :000049B8>: [Goddess Server 07] Started, service for 127.0.0.1:59260
20250718-192930<DEBUG:000049B8>: [KGD] Success connect to localhost:3306, character set switch to latin1
20250718-192931<INFO :00004E6C>: [ServerManager] Accept from (127.0.0.1: 59263) SocketStream = 010B7300
20250718-192931<INFO :00003E40>: [Goddess Server 08] Started, service for 127.0.0.1:59263
20250718-192931<DEBUG:00003E40>: [KGD] Success connect to localhost:3306, character set switch to latin1
20250718-192932<DEBUG:00000C9C>: [Goddess Server 06] Enter KG_GoddessServer::_query_statistic_info()
20250718-192932<DEBUG:00000C9C>: KGLOG_PROCESS_ERROR(piStatistic) at line 2189 in KG_GoddessServer::_query_statistic_info
20250718-192932<DEBUG:00000C9C>: [Goddess Server 06] Leave KG_GoddessServer::_query_statistic_info()
20250718-192932<DEBUG:000049B8>: [Goddess Server 07] Enter KG_GoddessServer::_query_statistic_info()
20250718-192932<DEBUG:000049B8>: KGLOG_PROCESS_ERROR(piStatistic) at line 2189 in KG_GoddessServer::_query_statistic_info
20250718-192932<DEBUG:000049B8>: [Goddess Server 07] Leave KG_GoddessServer::_query_statistic_info()
20250718-192933<DEBUG:000036B0>: [Goddess Server 02] Enter KG_GoddessServer::_query_statistic_info()
20250718-192933<DEBUG:000036B0>: KGLOG_PROCESS_ERROR(piStatistic) at line 2189 in KG_GoddessServer::_query_statistic_info
20250718-192933<DEBUG:000036B0>: [Goddess Server 02] Leave KG_GoddessServer::_query_statistic_info()
20250718-192936<DEBUG:00003E40>: [Goddess Server 08] Enter KG_GoddessServer::_query_statistic_info()
20250718-192936<DEBUG:00003E40>: KGLOG_PROCESS_ERROR(piStatistic) at line 2189 in KG_GoddessServer::_query_statistic_info
20250718-192936<DEBUG:00003E40>: [Goddess Server 08] Leave KG_GoddessServer::_query_statistic_info()
20250718-192938<DEBUG:000038D0>: [Goddess Server 03] Enter KG_GoddessServer::_ping()
20250718-192938<DEBUG:00003F78>: [Goddess Server 04] Enter KG_GoddessServer::_ping()
20250718-192939<DEBUG:00002AD0>: [Goddess Server 05] Enter KG_GoddessServer::_ping()
20250718-192941<DEBUG:00000C9C>: [Goddess Server 06] Enter KG_GoddessServer::_ping()
20250718-192942<DEBUG:000049B8>: [Goddess Server 07] Enter KG_GoddessServer::_ping()
20250718-192942<DEBUG:00003D8C>: [Goddess Server 00] Enter KG_GoddessServer::_ping()
20250718-192943<DEBUG:000036B0>: [Goddess Server 02] Enter KG_GoddessServer::_ping()
20250718-192943<DEBUG:00003D8C>: [Goddess Server 00] Enter KG_GoddessServer::_query_role_list()
20250718-192943<INFO :00003D8C>: [Goddess Server 00] Query roles list of account "xboyhd"
20250718-192943<DEBUG:00003D8C>: [Goddess Server 00] Leave KG_GoddessServer::_query_role_list()
20250718-192944<DEBUG:00003D8C>: [Goddess Server 00] Enter KG_GoddessServer::_query_role_list_in_zone()
20250718-192944<DEBUG:00003D8C>: [Goddess Server 00] Leave KG_GoddessServer::_query_role_list_in_zone()
20250718-192946<DEBUG:00003E40>: [Goddess Server 08] Enter KG_GoddessServer::_ping()
20250718-192946<DEBUG:00003D8C>: [Goddess Server 00] Enter KG_GoddessServer::_query_role_list()
20250718-192946<INFO :00003D8C>: [Goddess Server 00] Query roles list of account "xboyhd5"
20250718-192946<DEBUG:00003D8C>: [Goddess Server 00] Leave KG_GoddessServer::_query_role_list()
20250718-192947<DEBUG:00003D8C>: [Goddess Server 00] Enter KG_GoddessServer::_query_role_data()
20250718-192947<INFO :00003D8C>: [Goddess Server 00] PacketID : 4, Get role "TCQGaming" of Account "xboyhd", Result = 1
20250718-192947<DEBUG:00003D8C>: [Goddess Server 00] Leave KG_GoddessServer::_query_role_data()
20250718-192948<DEBUG:000038D0>: [Goddess Server 03] Enter KG_GoddessServer::_ping()
20250718-192948<DEBUG:00003D8C>: [Goddess Server 00] Enter KG_GoddessServer::_query_role_list_in_zone()
20250718-192948<DEBUG:00003D8C>: [Goddess Server 00] Leave KG_GoddessServer::_query_role_list_in_zone()
20250718-192948<DEBUG:00003E40>: [Goddess Server 08] Unsupported protocol: 38
20250718-192948<DEBUG:00003F78>: [Goddess Server 04] Enter KG_GoddessServer::_ping()
20250718-192949<DEBUG:00002AD0>: [Goddess Server 05] Enter KG_GoddessServer::_ping()
20250718-192950<DEBUG:00003E40>: [Goddess Server 08] Unsupported protocol: 37
20250718-192950<DEBUG:00003D8C>: [Goddess Server 00] Enter KG_GoddessServer::_query_role_list()
20250718-192950<INFO :00003D8C>: [Goddess Server 00] Query roles list of account "xboyhd2"
20250718-192950<DEBUG:00003D8C>: [Goddess Server 00] Leave KG_GoddessServer::_query_role_list()
20250718-192951<DEBUG:00003D8C>: [Goddess Server 00] Enter KG_GoddessServer::_query_role_list_in_zone()
20250718-192951<DEBUG:00003D8C>: [Goddess Server 00] Leave KG_GoddessServer::_query_role_list_in_zone()
20250718-192951<DEBUG:00000C9C>: [Goddess Server 06] Enter KG_GoddessServer::_ping()
20250718-192952<DEBUG:000049B8>: [Goddess Server 07] Enter KG_GoddessServer::_ping()
20250718-192952<DEBUG:00003F6C>: [Goddess Server 01] Enter KG_GoddessServer::_ping()
20250718-192953<DEBUG:000036B0>: [Goddess Server 02] Enter KG_GoddessServer::_ping()
20250718-192956<DEBUG:00003E40>: [Goddess Server 08] Enter KG_GoddessServer::_ping()
20250718-192958<DEBUG:000038D0>: [Goddess Server 03] Enter KG_GoddessServer::_ping()
20250718-192958<DEBUG:000038D0>: [Goddess Server 03] Enter KG_GoddessServer::_ping()
20250718-192958<DEBUG:00003F78>: [Goddess Server 04] Enter KG_GoddessServer::_ping()
20250718-192958<DEBUG:00003F78>: [Goddess Server 04] Enter KG_GoddessServer::_ping()
20250718-192959<DEBUG:00002AD0>: [Goddess Server 05] Enter KG_GoddessServer::_ping()
20250718-192959<DEBUG:00002AD0>: [Goddess Server 05] Enter KG_GoddessServer::_ping()
20250718-193001<DEBUG:00000C9C>: [Goddess Server 06] Enter KG_GoddessServer::_ping()
20250718-193001<DEBUG:00000C9C>: [Goddess Server 06] Enter KG_GoddessServer::_ping()
20250718-193002<DEBUG:000049B8>: [Goddess Server 07] Enter KG_GoddessServer::_ping()
20250718-193002<DEBUG:000049B8>: [Goddess Server 07] Enter KG_GoddessServer::_ping()
20250718-193003<DEBUG:00003D8C>: [Goddess Server 00] Enter KG_GoddessServer::_query_role_data()
20250718-193003<INFO :00003D8C>: [Goddess Server 00] PacketID : 8, Get role "testttt" of Account "xboyhd2", Result = 1
20250718-193003<DEBUG:00003D8C>: [Goddess Server 00] Leave KG_GoddessServer::_query_role_data()
20250718-193003<DEBUG:000036B0>: [Goddess Server 02] Enter KG_GoddessServer::_ping()
20250718-193003<DEBUG:000036B0>: [Goddess Server 02] Enter KG_GoddessServer::_ping()
20250718-193004<DEBUG:000036B0>: [Goddess Server 02] Unsupported protocol: 38
20250718-193006<DEBUG:000036B0>: [Goddess Server 02] Unsupported protocol: 37
20250718-193006<DEBUG:000036B0>: [Goddess Server 02] Enter KG_GoddessServer::_save_role_data()
20250718-193006<INFO :000036B0>: [Goddess Server 02] PacketID : 1, Save role "testttt" of Account "xboyhd2", LeaveFlag = 1, Result = 1
20250718-193006<DEBUG:000036B0>: [Goddess Server 02] Leave KG_GoddessServer::_save_role_data()
20250718-193006<DEBUG:00003E40>: [Goddess Server 08] Unsupported protocol: 38
20250718-193006<DEBUG:00003E40>: [Goddess Server 08] Enter KG_GoddessServer::_ping()
20250718-193006<DEBUG:00003E40>: [Goddess Server 08] Enter KG_GoddessServer::_ping()
20250718-193006<DEBUG:00003E40>: [Goddess Server 08] Unsupported protocol: 37
20250718-193008<DEBUG:000038D0>: [Goddess Server 03] Enter KG_GoddessServer::_ping()
20250718-193008<DEBUG:00003F78>: [Goddess Server 04] Enter KG_GoddessServer::_ping()
20250718-193009<DEBUG:00002AD0>: [Goddess Server 05] Enter KG_GoddessServer::_ping()
20250718-193011<DEBUG:00000C9C>: [Goddess Server 06] Enter KG_GoddessServer::_ping()
20250718-193012<DEBUG:000049B8>: [Goddess Server 07] Enter KG_GoddessServer::_ping()
20250718-193012<DEBUG:00003E40>: [Goddess Server 08] Enter KG_GoddessServer::_save_role_data()
20250718-193012<INFO :00003E40>: [Goddess Server 08] PacketID : 2, Save role "testttt" of Account "xboyhd2", LeaveFlag = 1, Result = 1
20250718-193012<DEBUG:00003E40>: [Goddess Server 08] Leave KG_GoddessServer::_save_role_data()
20250718-193012<DEBUG:000036B0>: [Goddess Server 02] Unsupported protocol: 38
20250718-193012<DEBUG:000036B0>: [Goddess Server 02] Unsupported protocol: 37
20250718-193013<DEBUG:000036B0>: [Goddess Server 02] Enter KG_GoddessServer::_ping()
20250718-193014<DEBUG:00003D8C>: [Goddess Server 00] Enter KG_GoddessServer::_query_role_data()
20250718-193014<INFO :00003D8C>: [Goddess Server 00] PacketID : 9, Get role "thieulamne" of Account "xboyhd5", Result = 1
20250718-193014<DEBUG:00003D8C>: [Goddess Server 00] Leave KG_GoddessServer::_query_role_data()
20250718-193015<DEBUG:000036B0>: [Goddess Server 02] Unsupported protocol: 38
20250718-193016<DEBUG:00003E40>: [Goddess Server 08] Enter KG_GoddessServer::_ping()
20250718-193016<DEBUG:000036B0>: [Goddess Server 02] Unsupported protocol: 37
20250718-193016<DEBUG:000036B0>: [Goddess Server 02] Enter KG_GoddessServer::_save_role_data()
20250718-193016<INFO :000036B0>: [Goddess Server 02] PacketID : 2, Save role "thieulamne" of Account "xboyhd5", LeaveFlag = 1, Result = 1
20250718-193016<DEBUG:000036B0>: [Goddess Server 02] Leave KG_GoddessServer::_save_role_data()
20250718-193016<DEBUG:00003E40>: [Goddess Server 08] Unsupported protocol: 38
20250718-193017<DEBUG:00003E40>: [Goddess Server 08] Unsupported protocol: 37
20250718-193018<DEBUG:000038D0>: [Goddess Server 03] Enter KG_GoddessServer::_ping()
20250718-193018<DEBUG:00003F78>: [Goddess Server 04] Enter KG_GoddessServer::_ping()
20250718-193019<DEBUG:00002AD0>: [Goddess Server 05] Enter KG_GoddessServer::_ping()
20250718-193021<DEBUG:00000C9C>: [Goddess Server 06] Enter KG_GoddessServer::_ping()
20250718-193022<DEBUG:000049B8>: [Goddess Server 07] Enter KG_GoddessServer::_ping()
20250718-193022<DEBUG:00003F6C>: [Goddess Server 01] Enter KG_GoddessServer::_ping()
20250718-193023<DEBUG:000036B0>: [Goddess Server 02] Enter KG_GoddessServer::_ping()
20250718-193026<DEBUG:00003E40>: [Goddess Server 08] Enter KG_GoddessServer::_ping()
20250718-193028<DEBUG:000038D0>: [Goddess Server 03] Enter KG_GoddessServer::_ping()
20250718-193028<DEBUG:000038D0>: [Goddess Server 03] Enter KG_GoddessServer::_ping()
20250718-193028<DEBUG:00003F78>: [Goddess Server 04] Enter KG_GoddessServer::_ping()
20250718-193028<DEBUG:00003F78>: [Goddess Server 04] Enter KG_GoddessServer::_ping()
20250718-193029<DEBUG:00002AD0>: [Goddess Server 05] Enter KG_GoddessServer::_ping()
20250718-193029<DEBUG:00002AD0>: [Goddess Server 05] Enter KG_GoddessServer::_ping()
20250718-193031<DEBUG:00000C9C>: [Goddess Server 06] Enter KG_GoddessServer::_ping()
20250718-193031<DEBUG:00000C9C>: [Goddess Server 06] Enter KG_GoddessServer::_ping()
20250718-193032<DEBUG:000049B8>: [Goddess Server 07] Enter KG_GoddessServer::_ping()
20250718-193032<DEBUG:000049B8>: [Goddess Server 07] Enter KG_GoddessServer::_ping()
20250718-193033<DEBUG:000036B0>: [Goddess Server 02] Enter KG_GoddessServer::_ping()
20250718-193033<DEBUG:000036B0>: [Goddess Server 02] Enter KG_GoddessServer::_ping()
20250718-193034<DEBUG:00003D8C>: [Goddess Server 00] Enter KG_GoddessServer::_ping()
20250718-193036<DEBUG:00003E40>: [Goddess Server 08] Enter KG_GoddessServer::_ping()
20250718-193036<DEBUG:00003E40>: [Goddess Server 08] Enter KG_GoddessServer::_ping()
20250718-193038<DEBUG:000038D0>: [Goddess Server 03] Enter KG_GoddessServer::_ping()
20250718-193038<DEBUG:00003F78>: [Goddess Server 04] Enter KG_GoddessServer::_ping()
20250718-193039<DEBUG:00002AD0>: [Goddess Server 05] Enter KG_GoddessServer::_ping()
20250718-193041<DEBUG:00000C9C>: [Goddess Server 06] Enter KG_GoddessServer::_ping()
20250718-193042<DEBUG:000049B8>: [Goddess Server 07] Enter KG_GoddessServer::_ping()
20250718-193043<DEBUG:000036B0>: [Goddess Server 02] Enter KG_GoddessServer::_ping()
20250718-193046<DEBUG:00003E40>: [Goddess Server 08] Enter KG_GoddessServer::_ping()
20250718-193048<DEBUG:000038D0>: [Goddess Server 03] Enter KG_GoddessServer::_ping()
20250718-193048<DEBUG:00003F78>: [Goddess Server 04] Enter KG_GoddessServer::_ping()
20250718-193049<DEBUG:00002AD0>: [Goddess Server 05] Enter KG_GoddessServer::_ping()
20250718-193051<DEBUG:00000C9C>: [Goddess Server 06] Enter KG_GoddessServer::_ping()
20250718-193052<DEBUG:000049B8>: [Goddess Server 07] Enter KG_GoddessServer::_ping()
20250718-193052<DEBUG:00003F6C>: [Goddess Server 01] Enter KG_GoddessServer::_ping()
20250718-193053<DEBUG:000036B0>: [Goddess Server 02] Enter KG_GoddessServer::_ping()
20250718-193053<DEBUG:00003E40>: [Goddess Server 08] Enter KG_GoddessServer::_save_role_data()
20250718-193053<INFO :00003E40>: [Goddess Server 08] PacketID : 2, Save role "thieulamne" of Account "xboyhd5", LeaveFlag = 1, Result = 1
20250718-193053<DEBUG:00003E40>: [Goddess Server 08] Leave KG_GoddessServer::_save_role_data()
20250718-193054<DEBUG:000036B0>: [Goddess Server 02] Unsupported protocol: 38
20250718-193054<DEBUG:00003D8C>: [Goddess Server 00] Enter KG_GoddessServer::_ping()
20250718-193054<DEBUG:000036B0>: [Goddess Server 02] Unsupported protocol: 37
20250718-193056<DEBUG:00003E40>: [Goddess Server 08] Enter KG_GoddessServer::_ping()
20250718-193058<DEBUG:000038D0>: [Goddess Server 03] Enter KG_GoddessServer::_ping()
20250718-193058<DEBUG:000038D0>: [Goddess Server 03] Enter KG_GoddessServer::_ping()
20250718-193058<DEBUG:00003F78>: [Goddess Server 04] Enter KG_GoddessServer::_ping()
20250718-193058<DEBUG:00003F78>: [Goddess Server 04] Enter KG_GoddessServer::_ping()
20250718-193059<DEBUG:00002AD0>: [Goddess Server 05] Enter KG_GoddessServer::_ping()
20250718-193059<DEBUG:00002AD0>: [Goddess Server 05] Enter KG_GoddessServer::_ping()
20250718-193101<DEBUG:00000C9C>: [Goddess Server 06] Enter KG_GoddessServer::_ping()
20250718-193101<DEBUG:00000C9C>: [Goddess Server 06] Enter KG_GoddessServer::_ping()
20250718-193102<DEBUG:000049B8>: [Goddess Server 07] Enter KG_GoddessServer::_ping()
20250718-193102<DEBUG:000049B8>: [Goddess Server 07] Enter KG_GoddessServer::_ping()
20250718-193103<DEBUG:000036B0>: [Goddess Server 02] Enter KG_GoddessServer::_ping()
20250718-193103<DEBUG:000036B0>: [Goddess Server 02] Enter KG_GoddessServer::_ping()
20250718-193106<DEBUG:00003E40>: [Goddess Server 08] Enter KG_GoddessServer::_ping()
20250718-193106<DEBUG:00003E40>: [Goddess Server 08] Enter KG_GoddessServer::_ping()
20250718-193108<DEBUG:000038D0>: [Goddess Server 03] Enter KG_GoddessServer::_ping()
20250718-193108<DEBUG:00003F78>: [Goddess Server 04] Enter KG_GoddessServer::_ping()
20250718-193109<DEBUG:00002AD0>: [Goddess Server 05] Enter KG_GoddessServer::_ping()
20250718-193111<DEBUG:00000C9C>: [Goddess Server 06] Enter KG_GoddessServer::_ping()
20250718-193112<DEBUG:000049B8>: [Goddess Server 07] Enter KG_GoddessServer::_ping()
20250718-193113<DEBUG:000036B0>: [Goddess Server 02] Enter KG_GoddessServer::_ping()
20250718-193114<DEBUG:00003D8C>: [Goddess Server 00] Enter KG_GoddessServer::_ping()
20250718-193116<DEBUG:00003E40>: [Goddess Server 08] Enter KG_GoddessServer::_ping()
20250718-193118<DEBUG:000038D0>: [Goddess Server 03] Enter KG_GoddessServer::_ping()
20250718-193118<DEBUG:00003F78>: [Goddess Server 04] Enter KG_GoddessServer::_ping()
20250718-193119<DEBUG:00002AD0>: [Goddess Server 05] Enter KG_GoddessServer::_ping()
20250718-193121<DEBUG:00000C9C>: [Goddess Server 06] Enter KG_GoddessServer::_ping()
20250718-193122<DEBUG:000049B8>: [Goddess Server 07] Enter KG_GoddessServer::_ping()
20250718-193122<DEBUG:00003F6C>: [Goddess Server 01] Enter KG_GoddessServer::_ping()
20250718-193123<DEBUG:000036B0>: [Goddess Server 02] Enter KG_GoddessServer::_ping()
20250718-193126<DEBUG:00003E40>: [Goddess Server 08] Enter KG_GoddessServer::_ping()
20250718-193128<DEBUG:000038D0>: [Goddess Server 03] Enter KG_GoddessServer::_ping()
20250718-193128<DEBUG:000038D0>: [Goddess Server 03] Enter KG_GoddessServer::_ping()
20250718-193128<DEBUG:00003F78>: [Goddess Server 04] Enter KG_GoddessServer::_ping()
20250718-193128<DEBUG:00003F78>: [Goddess Server 04] Enter KG_GoddessServer::_ping()
20250718-193129<DEBUG:00002AD0>: [Goddess Server 05] Enter KG_GoddessServer::_ping()
20250718-193129<DEBUG:00002AD0>: [Goddess Server 05] Enter KG_GoddessServer::_ping()
20250718-193131<DEBUG:00000C9C>: [Goddess Server 06] Enter KG_GoddessServer::_ping()
20250718-193131<DEBUG:00000C9C>: [Goddess Server 06] Enter KG_GoddessServer::_ping()
20250718-193132<DEBUG:000049B8>: [Goddess Server 07] Enter KG_GoddessServer::_ping()
20250718-193132<DEBUG:000049B8>: [Goddess Server 07] Enter KG_GoddessServer::_ping()
20250718-193133<DEBUG:000036B0>: [Goddess Server 02] Enter KG_GoddessServer::_ping()
20250718-193133<DEBUG:000036B0>: [Goddess Server 02] Enter KG_GoddessServer::_ping()
20250718-193134<DEBUG:00003D8C>: [Goddess Server 00] Enter KG_GoddessServer::_ping()
20250718-193136<DEBUG:00003E40>: [Goddess Server 08] Enter KG_GoddessServer::_ping()
20250718-193136<DEBUG:00003E40>: [Goddess Server 08] Enter KG_GoddessServer::_ping()
20250718-193138<DEBUG:000038D0>: [Goddess Server 03] Enter KG_GoddessServer::_ping()
20250718-193138<DEBUG:00003F78>: [Goddess Server 04] Enter KG_GoddessServer::_ping()
20250718-193139<DEBUG:00002AD0>: [Goddess Server 05] Enter KG_GoddessServer::_ping()
20250718-193141<DEBUG:00000C9C>: [Goddess Server 06] Enter KG_GoddessServer::_ping()
20250718-193142<DEBUG:000049B8>: [Goddess Server 07] Enter KG_GoddessServer::_ping()
20250718-193143<DEBUG:000036B0>: [Goddess Server 02] Enter KG_GoddessServer::_ping()
20250718-193146<DEBUG:00003E40>: [Goddess Server 08] Enter KG_GoddessServer::_ping()
20250718-193148<DEBUG:000038D0>: [Goddess Server 03] Enter KG_GoddessServer::_ping()
20250718-193148<DEBUG:00003F78>: [Goddess Server 04] Enter KG_GoddessServer::_ping()
20250718-193149<DEBUG:00002AD0>: [Goddess Server 05] Enter KG_GoddessServer::_ping()
20250718-193151<DEBUG:00000C9C>: [Goddess Server 06] Enter KG_GoddessServer::_ping()
20250718-193152<DEBUG:000049B8>: [Goddess Server 07] Enter KG_GoddessServer::_ping()
20250718-193152<DEBUG:00003F6C>: [Goddess Server 01] Enter KG_GoddessServer::_ping()
20250718-193153<DEBUG:000036B0>: [Goddess Server 02] Enter KG_GoddessServer::_ping()
20250718-193154<DEBUG:00003D8C>: [Goddess Server 00] Enter KG_GoddessServer::_ping()
20250718-193156<DEBUG:00003E40>: [Goddess Server 08] Enter KG_GoddessServer::_ping()
20250718-193158<DEBUG:000038D0>: [Goddess Server 03] Enter KG_GoddessServer::_ping()
20250718-193158<DEBUG:000038D0>: [Goddess Server 03] Enter KG_GoddessServer::_ping()
20250718-193158<DEBUG:00003F78>: [Goddess Server 04] Enter KG_GoddessServer::_ping()
20250718-193159<DEBUG:00003F78>: [Goddess Server 04] Enter KG_GoddessServer::_ping()
20250718-193159<DEBUG:00002AD0>: [Goddess Server 05] Enter KG_GoddessServer::_ping()
20250718-193159<DEBUG:00002AD0>: [Goddess Server 05] Enter KG_GoddessServer::_ping()
20250718-193201<DEBUG:00000C9C>: [Goddess Server 06] Enter KG_GoddessServer::_ping()
20250718-193201<DEBUG:00000C9C>: [Goddess Server 06] Enter KG_GoddessServer::_ping()
20250718-193202<DEBUG:000049B8>: [Goddess Server 07] Enter KG_GoddessServer::_ping()
20250718-193202<DEBUG:000049B8>: [Goddess Server 07] Enter KG_GoddessServer::_ping()
20250718-193203<DEBUG:000036B0>: [Goddess Server 02] Enter KG_GoddessServer::_ping()
20250718-193203<DEBUG:000036B0>: [Goddess Server 02] Enter KG_GoddessServer::_ping()
20250718-193206<DEBUG:00003E40>: [Goddess Server 08] Enter KG_GoddessServer::_ping()
20250718-193206<DEBUG:00003E40>: [Goddess Server 08] Enter KG_GoddessServer::_ping()
20250718-193208<DEBUG:000038D0>: [Goddess Server 03] Enter KG_GoddessServer::_ping()
20250718-193208<DEBUG:00003F78>: [Goddess Server 04] Enter KG_GoddessServer::_ping()
20250718-193209<DEBUG:00002AD0>: [Goddess Server 05] Enter KG_GoddessServer::_ping()
20250718-193211<DEBUG:00000C9C>: [Goddess Server 06] Enter KG_GoddessServer::_ping()
20250718-193212<DEBUG:000049B8>: [Goddess Server 07] Enter KG_GoddessServer::_ping()
20250718-193213<DEBUG:000036B0>: [Goddess Server 02] Enter KG_GoddessServer::_ping()
20250718-193214<DEBUG:00003D8C>: [Goddess Server 00] Enter KG_GoddessServer::_ping()
20250718-193216<DEBUG:00003E40>: [Goddess Server 08] Enter KG_GoddessServer::_ping()
20250718-193218<DEBUG:000038D0>: [Goddess Server 03] Enter KG_GoddessServer::_ping()
20250718-193218<DEBUG:00003F78>: [Goddess Server 04] Enter KG_GoddessServer::_ping()
20250718-193219<DEBUG:00002AD0>: [Goddess Server 05] Enter KG_GoddessServer::_ping()
20250718-193221<DEBUG:00000C9C>: [Goddess Server 06] Enter KG_GoddessServer::_ping()
20250718-193222<DEBUG:000049B8>: [Goddess Server 07] Enter KG_GoddessServer::_ping()
20250718-193222<DEBUG:00003F6C>: [Goddess Server 01] Enter KG_GoddessServer::_ping()
20250718-193223<DEBUG:000036B0>: [Goddess Server 02] Enter KG_GoddessServer::_ping()
20250718-193226<DEBUG:00003E40>: [Goddess Server 08] Enter KG_GoddessServer::_ping()
20250718-193228<DEBUG:000038D0>: [Goddess Server 03] Enter KG_GoddessServer::_ping()
20250718-193228<DEBUG:000038D0>: [Goddess Server 03] Enter KG_GoddessServer::_ping()
20250718-193228<DEBUG:00003F78>: [Goddess Server 04] Enter KG_GoddessServer::_ping()
20250718-193229<DEBUG:00003F78>: [Goddess Server 04] Enter KG_GoddessServer::_ping()
20250718-193229<DEBUG:00002AD0>: [Goddess Server 05] Enter KG_GoddessServer::_ping()
20250718-193229<DEBUG:00002AD0>: [Goddess Server 05] Enter KG_GoddessServer::_ping()
20250718-193231<DEBUG:00000C9C>: [Goddess Server 06] Enter KG_GoddessServer::_ping()
20250718-193232<DEBUG:00000C9C>: [Goddess Server 06] Enter KG_GoddessServer::_ping()
20250718-193232<DEBUG:000049B8>: [Goddess Server 07] Enter KG_GoddessServer::_ping()
20250718-193232<DEBUG:000049B8>: [Goddess Server 07] Enter KG_GoddessServer::_ping()
20250718-193233<DEBUG:000036B0>: [Goddess Server 02] Enter KG_GoddessServer::_ping()
20250718-193233<DEBUG:000036B0>: [Goddess Server 02] Enter KG_GoddessServer::_ping()
20250718-193234<DEBUG:00003D8C>: [Goddess Server 00] Enter KG_GoddessServer::_ping()
20250718-193236<DEBUG:00003E40>: [Goddess Server 08] Enter KG_GoddessServer::_ping()
20250718-193236<DEBUG:00003E40>: [Goddess Server 08] Enter KG_GoddessServer::_ping()
20250718-193238<DEBUG:000038D0>: [Goddess Server 03] Enter KG_GoddessServer::_ping()
20250718-193238<DEBUG:00003F78>: [Goddess Server 04] Enter KG_GoddessServer::_ping()
20250718-193239<DEBUG:00002AD0>: [Goddess Server 05] Enter KG_GoddessServer::_ping()
20250718-193241<DEBUG:00000C9C>: [Goddess Server 06] Enter KG_GoddessServer::_ping()
20250718-193242<DEBUG:000049B8>: [Goddess Server 07] Enter KG_GoddessServer::_ping()
20250718-193243<DEBUG:000036B0>: [Goddess Server 02] Enter KG_GoddessServer::_ping()
20250718-193246<DEBUG:00003E40>: [Goddess Server 08] Enter KG_GoddessServer::_ping()
20250718-193248<DEBUG:000038D0>: [Goddess Server 03] Enter KG_GoddessServer::_ping()
20250718-193248<DEBUG:00003F78>: [Goddess Server 04] Enter KG_GoddessServer::_ping()
20250718-193249<DEBUG:00002AD0>: [Goddess Server 05] Enter KG_GoddessServer::_ping()
20250718-193251<DEBUG:00000C9C>: [Goddess Server 06] Enter KG_GoddessServer::_ping()
20250718-193252<DEBUG:000049B8>: [Goddess Server 07] Enter KG_GoddessServer::_ping()
20250718-193252<DEBUG:00003F6C>: [Goddess Server 01] Enter KG_GoddessServer::_ping()
20250718-193253<DEBUG:000036B0>: [Goddess Server 02] Enter KG_GoddessServer::_ping()
20250718-193254<DEBUG:00003D8C>: [Goddess Server 00] Enter KG_GoddessServer::_ping()
20250718-193256<DEBUG:00003E40>: [Goddess Server 08] Enter KG_GoddessServer::_ping()
20250718-193258<DEBUG:000038D0>: [Goddess Server 03] Enter KG_GoddessServer::_ping()
20250718-193258<DEBUG:000038D0>: [Goddess Server 03] Enter KG_GoddessServer::_ping()
20250718-193258<DEBUG:00003F78>: [Goddess Server 04] Enter KG_GoddessServer::_ping()
20250718-193259<DEBUG:00003F78>: [Goddess Server 04] Enter KG_GoddessServer::_ping()
20250718-193259<DEBUG:00002AD0>: [Goddess Server 05] Enter KG_GoddessServer::_ping()
20250718-193259<DEBUG:00002AD0>: [Goddess Server 05] Enter KG_GoddessServer::_ping()
20250718-193301<DEBUG:00000C9C>: [Goddess Server 06] Enter KG_GoddessServer::_ping()
20250718-193302<DEBUG:000049B8>: [Goddess Server 07] Enter KG_GoddessServer::_ping()
20250718-193302<DEBUG:00000C9C>: [Goddess Server 06] Enter KG_GoddessServer::_ping()
20250718-193302<DEBUG:000049B8>: [Goddess Server 07] Enter KG_GoddessServer::_ping()
20250718-193303<DEBUG:000036B0>: [Goddess Server 02] Enter KG_GoddessServer::_ping()
20250718-193303<DEBUG:000036B0>: [Goddess Server 02] Enter KG_GoddessServer::_ping()
20250718-193306<DEBUG:00003E40>: [Goddess Server 08] Enter KG_GoddessServer::_ping()
20250718-193306<DEBUG:00003E40>: [Goddess Server 08] Enter KG_GoddessServer::_ping()
20250718-193308<DEBUG:000038D0>: [Goddess Server 03] Enter KG_GoddessServer::_ping()
20250718-193308<DEBUG:00003F78>: [Goddess Server 04] Enter KG_GoddessServer::_ping()
20250718-193309<DEBUG:00002AD0>: [Goddess Server 05] Enter KG_GoddessServer::_ping()
20250718-193311<DEBUG:00000C9C>: [Goddess Server 06] Enter KG_GoddessServer::_ping()
20250718-193312<DEBUG:000049B8>: [Goddess Server 07] Enter KG_GoddessServer::_ping()
20250718-193313<DEBUG:000036B0>: [Goddess Server 02] Enter KG_GoddessServer::_ping()
20250718-193314<DEBUG:00003D8C>: [Goddess Server 00] Enter KG_GoddessServer::_ping()
20250718-193316<DEBUG:00003E40>: [Goddess Server 08] Enter KG_GoddessServer::_ping()
20250718-193318<DEBUG:000038D0>: [Goddess Server 03] Enter KG_GoddessServer::_ping()
20250718-193318<DEBUG:00003F78>: [Goddess Server 04] Enter KG_GoddessServer::_ping()
20250718-193319<DEBUG:00002AD0>: [Goddess Server 05] Enter KG_GoddessServer::_ping()
20250718-193321<DEBUG:00000C9C>: [Goddess Server 06] Enter KG_GoddessServer::_ping()
20250718-193322<DEBUG:000049B8>: [Goddess Server 07] Enter KG_GoddessServer::_ping()
20250718-193322<DEBUG:00003F6C>: [Goddess Server 01] Enter KG_GoddessServer::_ping()
20250718-193323<DEBUG:000036B0>: [Goddess Server 02] Enter KG_GoddessServer::_ping()
20250718-193326<DEBUG:00003E40>: [Goddess Server 08] Enter KG_GoddessServer::_ping()
20250718-193328<DEBUG:000038D0>: [Goddess Server 03] Enter KG_GoddessServer::_ping()
20250718-193328<DEBUG:00003F78>: [Goddess Server 04] Enter KG_GoddessServer::_ping()
20250718-193328<DEBUG:000038D0>: [Goddess Server 03] Enter KG_GoddessServer::_ping()
20250718-193329<DEBUG:00002AD0>: [Goddess Server 05] Enter KG_GoddessServer::_ping()
20250718-193329<DEBUG:00003F78>: [Goddess Server 04] Enter KG_GoddessServer::_ping()
20250718-193329<DEBUG:00002AD0>: [Goddess Server 05] Enter KG_GoddessServer::_ping()
20250718-193331<DEBUG:00000C9C>: [Goddess Server 06] Enter KG_GoddessServer::_ping()
20250718-193332<DEBUG:000049B8>: [Goddess Server 07] Enter KG_GoddessServer::_ping()
20250718-193332<DEBUG:00000C9C>: [Goddess Server 06] Enter KG_GoddessServer::_ping()
20250718-193332<DEBUG:000049B8>: [Goddess Server 07] Enter KG_GoddessServer::_ping()
20250718-193333<DEBUG:000036B0>: [Goddess Server 02] Enter KG_GoddessServer::_ping()
20250718-193334<DEBUG:000036B0>: [Goddess Server 02] Enter KG_GoddessServer::_ping()
20250718-193334<DEBUG:00003D8C>: [Goddess Server 00] Enter KG_GoddessServer::_ping()
20250718-193336<DEBUG:00003E40>: [Goddess Server 08] Enter KG_GoddessServer::_ping()
20250718-193336<DEBUG:00003E40>: [Goddess Server 08] Enter KG_GoddessServer::_ping()
20250718-193338<DEBUG:000038D0>: [Goddess Server 03] Enter KG_GoddessServer::_ping()
20250718-193338<DEBUG:00003F78>: [Goddess Server 04] Enter KG_GoddessServer::_ping()
20250718-193339<DEBUG:00002AD0>: [Goddess Server 05] Enter KG_GoddessServer::_ping()
20250718-193341<DEBUG:00000C9C>: [Goddess Server 06] Enter KG_GoddessServer::_ping()
20250718-193342<DEBUG:000049B8>: [Goddess Server 07] Enter KG_GoddessServer::_ping()
20250718-193343<DEBUG:000036B0>: [Goddess Server 02] Enter KG_GoddessServer::_ping()
20250718-193346<DEBUG:00003E40>: [Goddess Server 08] Enter KG_GoddessServer::_ping()
20250718-193348<DEBUG:000038D0>: [Goddess Server 03] Enter KG_GoddessServer::_ping()
20250718-193348<DEBUG:00003F78>: [Goddess Server 04] Enter KG_GoddessServer::_ping()
20250718-193349<DEBUG:00002AD0>: [Goddess Server 05] Enter KG_GoddessServer::_ping()
20250718-193351<DEBUG:00000C9C>: [Goddess Server 06] Enter KG_GoddessServer::_ping()
20250718-193352<DEBUG:000049B8>: [Goddess Server 07] Enter KG_GoddessServer::_ping()
20250718-193352<DEBUG:00003F6C>: [Goddess Server 01] Enter KG_GoddessServer::_ping()
20250718-193353<DEBUG:000036B0>: [Goddess Server 02] Enter KG_GoddessServer::_ping()
20250718-193354<DEBUG:00003D8C>: [Goddess Server 00] Enter KG_GoddessServer::_ping()
20250718-193356<DEBUG:00003E40>: [Goddess Server 08] Enter KG_GoddessServer::_ping()
20250718-193358<DEBUG:000038D0>: [Goddess Server 03] Enter KG_GoddessServer::_ping()
20250718-193358<DEBUG:00003F78>: [Goddess Server 04] Enter KG_GoddessServer::_ping()
20250718-193358<DEBUG:000038D0>: [Goddess Server 03] Enter KG_GoddessServer::_ping()
20250718-193359<DEBUG:00002AD0>: [Goddess Server 05] Enter KG_GoddessServer::_ping()
20250718-193359<DEBUG:00003F78>: [Goddess Server 04] Enter KG_GoddessServer::_ping()
20250718-193359<DEBUG:00002AD0>: [Goddess Server 05] Enter KG_GoddessServer::_ping()
20250718-193401<DEBUG:00000C9C>: [Goddess Server 06] Enter KG_GoddessServer::_ping()
20250718-193402<DEBUG:000049B8>: [Goddess Server 07] Enter KG_GoddessServer::_ping()
20250718-193402<DEBUG:00000C9C>: [Goddess Server 06] Enter KG_GoddessServer::_ping()
20250718-193402<DEBUG:000049B8>: [Goddess Server 07] Enter KG_GoddessServer::_ping()
20250718-193403<DEBUG:000036B0>: [Goddess Server 02] Enter KG_GoddessServer::_ping()
20250718-193404<DEBUG:000036B0>: [Goddess Server 02] Enter KG_GoddessServer::_ping()
20250718-193406<DEBUG:00003E40>: [Goddess Server 08] Enter KG_GoddessServer::_ping()
20250718-193407<DEBUG:00003E40>: [Goddess Server 08] Enter KG_GoddessServer::_ping()
20250718-193408<DEBUG:000038D0>: [Goddess Server 03] Enter KG_GoddessServer::_ping()
20250718-193408<DEBUG:00003F78>: [Goddess Server 04] Enter KG_GoddessServer::_ping()
20250718-193409<DEBUG:00002AD0>: [Goddess Server 05] Enter KG_GoddessServer::_ping()
20250718-193411<DEBUG:00000C9C>: [Goddess Server 06] Enter KG_GoddessServer::_ping()
20250718-193412<DEBUG:000049B8>: [Goddess Server 07] Enter KG_GoddessServer::_ping()
20250718-193413<DEBUG:000036B0>: [Goddess Server 02] Enter KG_GoddessServer::_ping()
20250718-193414<DEBUG:00003D8C>: [Goddess Server 00] Enter KG_GoddessServer::_ping()
20250718-193416<DEBUG:00003E40>: [Goddess Server 08] Enter KG_GoddessServer::_ping()
20250718-193418<DEBUG:000038D0>: [Goddess Server 03] Enter KG_GoddessServer::_ping()
20250718-193418<DEBUG:00003F78>: [Goddess Server 04] Enter KG_GoddessServer::_ping()
20250718-193419<DEBUG:00002AD0>: [Goddess Server 05] Enter KG_GoddessServer::_ping()
20250718-193421<DEBUG:00000C9C>: [Goddess Server 06] Enter KG_GoddessServer::_ping()
20250718-193422<DEBUG:000049B8>: [Goddess Server 07] Enter KG_GoddessServer::_ping()
20250718-193422<DEBUG:00003F6C>: [Goddess Server 01] Enter KG_GoddessServer::_ping()
20250718-193423<DEBUG:000036B0>: [Goddess Server 02] Enter KG_GoddessServer::_ping()
20250718-193426<DEBUG:00003E40>: [Goddess Server 08] Enter KG_GoddessServer::_ping()
20250718-193428<DEBUG:000038D0>: [Goddess Server 03] Enter KG_GoddessServer::_ping()
20250718-193428<DEBUG:00003F78>: [Goddess Server 04] Enter KG_GoddessServer::_ping()
20250718-193428<DEBUG:000038D0>: [Goddess Server 03] Enter KG_GoddessServer::_ping()
20250718-193429<DEBUG:00002AD0>: [Goddess Server 05] Enter KG_GoddessServer::_ping()
20250718-193429<DEBUG:00003F78>: [Goddess Server 04] Enter KG_GoddessServer::_ping()
20250718-193429<DEBUG:00002AD0>: [Goddess Server 05] Enter KG_GoddessServer::_ping()
20250718-193431<DEBUG:00000C9C>: [Goddess Server 06] Enter KG_GoddessServer::_ping()
20250718-193432<DEBUG:000049B8>: [Goddess Server 07] Enter KG_GoddessServer::_ping()
20250718-193432<DEBUG:00000C9C>: [Goddess Server 06] Enter KG_GoddessServer::_ping()
20250718-193432<DEBUG:000049B8>: [Goddess Server 07] Enter KG_GoddessServer::_ping()
20250718-193433<DEBUG:000036B0>: [Goddess Server 02] Enter KG_GoddessServer::_ping()
20250718-193434<DEBUG:000036B0>: [Goddess Server 02] Enter KG_GoddessServer::_ping()
20250718-193434<DEBUG:00003D8C>: [Goddess Server 00] Enter KG_GoddessServer::_ping()
20250718-193436<DEBUG:00003E40>: [Goddess Server 08] Enter KG_GoddessServer::_ping()
20250718-193437<DEBUG:00003E40>: [Goddess Server 08] Enter KG_GoddessServer::_ping()
20250718-193438<DEBUG:000038D0>: [Goddess Server 03] Enter KG_GoddessServer::_ping()
20250718-193438<DEBUG:00003F78>: [Goddess Server 04] Enter KG_GoddessServer::_ping()
20250718-193439<DEBUG:00002AD0>: [Goddess Server 05] Enter KG_GoddessServer::_ping()
20250718-193441<DEBUG:00000C9C>: [Goddess Server 06] Enter KG_GoddessServer::_ping()
20250718-193442<DEBUG:000049B8>: [Goddess Server 07] Enter KG_GoddessServer::_ping()
20250718-193443<DEBUG:000036B0>: [Goddess Server 02] Enter KG_GoddessServer::_ping()
20250718-193446<DEBUG:00003E40>: [Goddess Server 08] Enter KG_GoddessServer::_ping()
20250718-193448<DEBUG:000038D0>: [Goddess Server 03] Enter KG_GoddessServer::_ping()
20250718-193448<DEBUG:00003F78>: [Goddess Server 04] Enter KG_GoddessServer::_ping()
20250718-193449<DEBUG:00002AD0>: [Goddess Server 05] Enter KG_GoddessServer::_ping()
20250718-193451<DEBUG:00000C9C>: [Goddess Server 06] Enter KG_GoddessServer::_ping()
20250718-193452<DEBUG:000049B8>: [Goddess Server 07] Enter KG_GoddessServer::_ping()
20250718-193452<DEBUG:00003F6C>: [Goddess Server 01] Enter KG_GoddessServer::_ping()
20250718-193453<DEBUG:000036B0>: [Goddess Server 02] Enter KG_GoddessServer::_ping()
20250718-193454<DEBUG:00003D8C>: [Goddess Server 00] Enter KG_GoddessServer::_ping()
20250718-193456<DEBUG:00003E40>: [Goddess Server 08] Enter KG_GoddessServer::_ping()
20250718-193458<DEBUG:000038D0>: [Goddess Server 03] Enter KG_GoddessServer::_ping()
20250718-193458<DEBUG:00003F78>: [Goddess Server 04] Enter KG_GoddessServer::_ping()
20250718-193458<DEBUG:000038D0>: [Goddess Server 03] Enter KG_GoddessServer::_ping()
20250718-193459<DEBUG:00002AD0>: [Goddess Server 05] Enter KG_GoddessServer::_ping()
20250718-193459<DEBUG:00003F78>: [Goddess Server 04] Enter KG_GoddessServer::_ping()
20250718-193459<DEBUG:00002AD0>: [Goddess Server 05] Enter KG_GoddessServer::_ping()
20250718-193501<DEBUG:00000C9C>: [Goddess Server 06] Enter KG_GoddessServer::_ping()
20250718-193502<DEBUG:000049B8>: [Goddess Server 07] Enter KG_GoddessServer::_ping()
20250718-193502<DEBUG:00000C9C>: [Goddess Server 06] Enter KG_GoddessServer::_ping()
20250718-193502<DEBUG:000049B8>: [Goddess Server 07] Enter KG_GoddessServer::_ping()
20250718-193503<DEBUG:000036B0>: [Goddess Server 02] Enter KG_GoddessServer::_ping()
20250718-193504<DEBUG:000036B0>: [Goddess Server 02] Enter KG_GoddessServer::_ping()
20250718-193506<DEBUG:00003E40>: [Goddess Server 08] Enter KG_GoddessServer::_ping()
20250718-193507<DEBUG:00003E40>: [Goddess Server 08] Enter KG_GoddessServer::_ping()
20250718-193508<DEBUG:000038D0>: [Goddess Server 03] Enter KG_GoddessServer::_ping()
20250718-193508<DEBUG:00003F78>: [Goddess Server 04] Enter KG_GoddessServer::_ping()
20250718-193509<DEBUG:00002AD0>: [Goddess Server 05] Enter KG_GoddessServer::_ping()
20250718-193511<DEBUG:00000C9C>: [Goddess Server 06] Enter KG_GoddessServer::_ping()
20250718-193512<DEBUG:000049B8>: [Goddess Server 07] Enter KG_GoddessServer::_ping()
20250718-193513<DEBUG:000036B0>: [Goddess Server 02] Enter KG_GoddessServer::_ping()
20250718-193514<DEBUG:00003D8C>: [Goddess Server 00] Enter KG_GoddessServer::_ping()
20250718-193516<DEBUG:00003E40>: [Goddess Server 08] Enter KG_GoddessServer::_ping()
20250718-193518<DEBUG:000038D0>: [Goddess Server 03] Enter KG_GoddessServer::_ping()
20250718-193518<DEBUG:00003F78>: [Goddess Server 04] Enter KG_GoddessServer::_ping()
20250718-193519<DEBUG:00002AD0>: [Goddess Server 05] Enter KG_GoddessServer::_ping()
20250718-193521<DEBUG:00000C9C>: [Goddess Server 06] Enter KG_GoddessServer::_ping()
20250718-193522<DEBUG:000049B8>: [Goddess Server 07] Enter KG_GoddessServer::_ping()
20250718-193522<DEBUG:00003F6C>: [Goddess Server 01] Enter KG_GoddessServer::_ping()
20250718-193523<DEBUG:000036B0>: [Goddess Server 02] Enter KG_GoddessServer::_ping()
20250718-193526<DEBUG:00003E40>: [Goddess Server 08] Enter KG_GoddessServer::_ping()
20250718-193528<DEBUG:000038D0>: [Goddess Server 03] Enter KG_GoddessServer::_ping()
20250718-193528<DEBUG:00003F78>: [Goddess Server 04] Enter KG_GoddessServer::_ping()
20250718-193528<DEBUG:000038D0>: [Goddess Server 03] Enter KG_GoddessServer::_ping()
20250718-193529<DEBUG:00002AD0>: [Goddess Server 05] Enter KG_GoddessServer::_ping()
20250718-193529<DEBUG:00003F78>: [Goddess Server 04] Enter KG_GoddessServer::_ping()
20250718-193529<DEBUG:00002AD0>: [Goddess Server 05] Enter KG_GoddessServer::_ping()
20250718-193531<DEBUG:00000C9C>: [Goddess Server 06] Enter KG_GoddessServer::_ping()
20250718-193532<DEBUG:000049B8>: [Goddess Server 07] Enter KG_GoddessServer::_ping()
20250718-193532<DEBUG:00000C9C>: [Goddess Server 06] Enter KG_GoddessServer::_ping()
20250718-193532<DEBUG:000049B8>: [Goddess Server 07] Enter KG_GoddessServer::_ping()
20250718-193533<DEBUG:000036B0>: [Goddess Server 02] Enter KG_GoddessServer::_ping()
20250718-193534<DEBUG:000036B0>: [Goddess Server 02] Enter KG_GoddessServer::_ping()
20250718-193534<DEBUG:00003D8C>: [Goddess Server 00] Enter KG_GoddessServer::_ping()
20250718-193536<DEBUG:00003E40>: [Goddess Server 08] Enter KG_GoddessServer::_ping()
20250718-193537<DEBUG:00003E40>: [Goddess Server 08] Enter KG_GoddessServer::_ping()
20250718-193538<DEBUG:000038D0>: [Goddess Server 03] Enter KG_GoddessServer::_ping()
20250718-193538<DEBUG:00003F78>: [Goddess Server 04] Enter KG_GoddessServer::_ping()
20250718-193539<DEBUG:00002AD0>: [Goddess Server 05] Enter KG_GoddessServer::_ping()
20250718-193541<DEBUG:00000C9C>: [Goddess Server 06] Enter KG_GoddessServer::_ping()
20250718-193542<DEBUG:000049B8>: [Goddess Server 07] Enter KG_GoddessServer::_ping()
20250718-193543<DEBUG:000036B0>: [Goddess Server 02] Enter KG_GoddessServer::_ping()
20250718-193546<DEBUG:00003E40>: [Goddess Server 08] Enter KG_GoddessServer::_ping()
20250718-193548<DEBUG:000038D0>: [Goddess Server 03] Enter KG_GoddessServer::_ping()
20250718-193548<DEBUG:00003F78>: [Goddess Server 04] Enter KG_GoddessServer::_ping()
20250718-193549<DEBUG:00002AD0>: [Goddess Server 05] Enter KG_GoddessServer::_ping()
20250718-193551<DEBUG:00000C9C>: [Goddess Server 06] Enter KG_GoddessServer::_ping()
20250718-193552<DEBUG:000049B8>: [Goddess Server 07] Enter KG_GoddessServer::_ping()
20250718-193552<DEBUG:00003F6C>: [Goddess Server 01] Enter KG_GoddessServer::_ping()
20250718-193553<DEBUG:000036B0>: [Goddess Server 02] Enter KG_GoddessServer::_ping()
20250718-193554<DEBUG:00003D8C>: [Goddess Server 00] Enter KG_GoddessServer::_ping()
20250718-193556<DEBUG:00003E40>: [Goddess Server 08] Enter KG_GoddessServer::_ping()
20250718-193558<DEBUG:000038D0>: [Goddess Server 03] Enter KG_GoddessServer::_ping()
20250718-193558<DEBUG:00003F78>: [Goddess Server 04] Enter KG_GoddessServer::_ping()
20250718-193559<DEBUG:000038D0>: [Goddess Server 03] Enter KG_GoddessServer::_ping()
20250718-193559<DEBUG:00002AD0>: [Goddess Server 05] Enter KG_GoddessServer::_ping()
20250718-193559<DEBUG:00003F78>: [Goddess Server 04] Enter KG_GoddessServer::_ping()
20250718-193559<DEBUG:00002AD0>: [Goddess Server 05] Enter KG_GoddessServer::_ping()
20250718-193601<DEBUG:00000C9C>: [Goddess Server 06] Enter KG_GoddessServer::_ping()
20250718-193602<DEBUG:000049B8>: [Goddess Server 07] Enter KG_GoddessServer::_ping()
20250718-193602<DEBUG:00000C9C>: [Goddess Server 06] Enter KG_GoddessServer::_ping()
20250718-193602<DEBUG:000049B8>: [Goddess Server 07] Enter KG_GoddessServer::_ping()
20250718-193603<DEBUG:000036B0>: [Goddess Server 02] Enter KG_GoddessServer::_ping()
20250718-193604<DEBUG:000036B0>: [Goddess Server 02] Enter KG_GoddessServer::_ping()
20250718-193606<DEBUG:00003E40>: [Goddess Server 08] Enter KG_GoddessServer::_ping()
20250718-193607<DEBUG:00003E40>: [Goddess Server 08] Enter KG_GoddessServer::_ping()
20250718-193608<DEBUG:000038D0>: [Goddess Server 03] Enter KG_GoddessServer::_ping()
20250718-193608<DEBUG:00003F78>: [Goddess Server 04] Enter KG_GoddessServer::_ping()
20250718-193609<DEBUG:00002AD0>: [Goddess Server 05] Enter KG_GoddessServer::_ping()
20250718-193611<DEBUG:00000C9C>: [Goddess Server 06] Enter KG_GoddessServer::_ping()
20250718-193612<DEBUG:000049B8>: [Goddess Server 07] Enter KG_GoddessServer::_ping()
20250718-193613<DEBUG:000036B0>: [Goddess Server 02] Enter KG_GoddessServer::_ping()
20250718-193614<DEBUG:00003D8C>: [Goddess Server 00] Enter KG_GoddessServer::_ping()
20250718-193616<DEBUG:00003E40>: [Goddess Server 08] Enter KG_GoddessServer::_ping()
20250718-193618<DEBUG:000038D0>: [Goddess Server 03] Enter KG_GoddessServer::_ping()
20250718-193618<DEBUG:00003F78>: [Goddess Server 04] Enter KG_GoddessServer::_ping()
20250718-193619<DEBUG:00002AD0>: [Goddess Server 05] Enter KG_GoddessServer::_ping()
20250718-193621<DEBUG:00000C9C>: [Goddess Server 06] Enter KG_GoddessServer::_ping()
20250718-193622<DEBUG:000049B8>: [Goddess Server 07] Enter KG_GoddessServer::_ping()
20250718-193622<DEBUG:00003F6C>: [Goddess Server 01] Enter KG_GoddessServer::_ping()
20250718-193623<DEBUG:000036B0>: [Goddess Server 02] Enter KG_GoddessServer::_ping()
20250718-193626<DEBUG:00003E40>: [Goddess Server 08] Enter KG_GoddessServer::_ping()
20250718-193628<DEBUG:000038D0>: [Goddess Server 03] Enter KG_GoddessServer::_ping()
20250718-193628<DEBUG:00003F78>: [Goddess Server 04] Enter KG_GoddessServer::_ping()
20250718-193629<DEBUG:000038D0>: [Goddess Server 03] Enter KG_GoddessServer::_ping()
20250718-193629<DEBUG:00002AD0>: [Goddess Server 05] Enter KG_GoddessServer::_ping()
20250718-193629<DEBUG:00003F78>: [Goddess Server 04] Enter KG_GoddessServer::_ping()
20250718-193629<DEBUG:00002AD0>: [Goddess Server 05] Enter KG_GoddessServer::_ping()
20250718-193631<DEBUG:00000C9C>: [Goddess Server 06] Enter KG_GoddessServer::_ping()
20250718-193632<DEBUG:000049B8>: [Goddess Server 07] Enter KG_GoddessServer::_ping()
20250718-193632<DEBUG:00000C9C>: [Goddess Server 06] Enter KG_GoddessServer::_ping()
20250718-193632<DEBUG:000049B8>: [Goddess Server 07] Enter KG_GoddessServer::_ping()
20250718-193633<DEBUG:000036B0>: [Goddess Server 02] Enter KG_GoddessServer::_ping()
20250718-193634<DEBUG:000036B0>: [Goddess Server 02] Enter KG_GoddessServer::_ping()
20250718-193634<DEBUG:00003D8C>: [Goddess Server 00] Enter KG_GoddessServer::_ping()
20250718-193636<DEBUG:00003E40>: [Goddess Server 08] Enter KG_GoddessServer::_ping()
20250718-193637<DEBUG:00003E40>: [Goddess Server 08] Enter KG_GoddessServer::_ping()
20250718-193638<DEBUG:000038D0>: [Goddess Server 03] Enter KG_GoddessServer::_ping()
20250718-193638<DEBUG:00003F78>: [Goddess Server 04] Enter KG_GoddessServer::_ping()
20250718-193639<DEBUG:00002AD0>: [Goddess Server 05] Enter KG_GoddessServer::_ping()
20250718-193641<DEBUG:00000C9C>: [Goddess Server 06] Enter KG_GoddessServer::_ping()
20250718-193642<DEBUG:000049B8>: [Goddess Server 07] Enter KG_GoddessServer::_ping()
20250718-193643<DEBUG:000036B0>: [Goddess Server 02] Enter KG_GoddessServer::_ping()
20250718-193646<DEBUG:00003E40>: [Goddess Server 08] Enter KG_GoddessServer::_ping()
20250718-193648<DEBUG:000038D0>: [Goddess Server 03] Enter KG_GoddessServer::_ping()
20250718-193648<DEBUG:00003F78>: [Goddess Server 04] Enter KG_GoddessServer::_ping()
20250718-193649<DEBUG:00002AD0>: [Goddess Server 05] Enter KG_GoddessServer::_ping()
20250718-193651<DEBUG:00000C9C>: [Goddess Server 06] Enter KG_GoddessServer::_ping()
20250718-193652<DEBUG:000049B8>: [Goddess Server 07] Enter KG_GoddessServer::_ping()
20250718-193652<DEBUG:00003F6C>: [Goddess Server 01] Enter KG_GoddessServer::_ping()
20250718-193653<DEBUG:000036B0>: [Goddess Server 02] Enter KG_GoddessServer::_ping()
20250718-193654<DEBUG:00003D8C>: [Goddess Server 00] Enter KG_GoddessServer::_ping()
20250718-193656<DEBUG:00003E40>: [Goddess Server 08] Enter KG_GoddessServer::_ping()
20250718-193658<DEBUG:000038D0>: [Goddess Server 03] Enter KG_GoddessServer::_ping()
20250718-193658<DEBUG:00003F78>: [Goddess Server 04] Enter KG_GoddessServer::_ping()
20250718-193659<DEBUG:000038D0>: [Goddess Server 03] Enter KG_GoddessServer::_ping()
20250718-193659<DEBUG:00002AD0>: [Goddess Server 05] Enter KG_GoddessServer::_ping()
20250718-193659<DEBUG:00003F78>: [Goddess Server 04] Enter KG_GoddessServer::_ping()
20250718-193700<DEBUG:00002AD0>: [Goddess Server 05] Enter KG_GoddessServer::_ping()
20250718-193701<DEBUG:00000C9C>: [Goddess Server 06] Enter KG_GoddessServer::_ping()
20250718-193702<DEBUG:000049B8>: [Goddess Server 07] Enter KG_GoddessServer::_ping()
20250718-193702<DEBUG:00000C9C>: [Goddess Server 06] Enter KG_GoddessServer::_ping()
20250718-193702<DEBUG:000049B8>: [Goddess Server 07] Enter KG_GoddessServer::_ping()
20250718-193703<DEBUG:000036B0>: [Goddess Server 02] Enter KG_GoddessServer::_ping()
20250718-193704<DEBUG:000036B0>: [Goddess Server 02] Enter KG_GoddessServer::_ping()
20250718-193706<DEBUG:00003E40>: [Goddess Server 08] Enter KG_GoddessServer::_ping()
20250718-193707<DEBUG:00003E40>: [Goddess Server 08] Enter KG_GoddessServer::_ping()
20250718-193708<DEBUG:000038D0>: [Goddess Server 03] Enter KG_GoddessServer::_ping()
20250718-193708<DEBUG:00003F78>: [Goddess Server 04] Enter KG_GoddessServer::_ping()
20250718-193709<DEBUG:00002AD0>: [Goddess Server 05] Enter KG_GoddessServer::_ping()
20250718-193711<DEBUG:00000C9C>: [Goddess Server 06] Enter KG_GoddessServer::_ping()
20250718-193712<DEBUG:000049B8>: [Goddess Server 07] Enter KG_GoddessServer::_ping()
20250718-193713<DEBUG:000036B0>: [Goddess Server 02] Enter KG_GoddessServer::_ping()
20250718-193714<DEBUG:00003D8C>: [Goddess Server 00] Enter KG_GoddessServer::_ping()
20250718-193716<DEBUG:00003E40>: [Goddess Server 08] Enter KG_GoddessServer::_ping()
20250718-193718<DEBUG:000038D0>: [Goddess Server 03] Enter KG_GoddessServer::_ping()
20250718-193718<DEBUG:00003F78>: [Goddess Server 04] Enter KG_GoddessServer::_ping()
20250718-193719<DEBUG:00002AD0>: [Goddess Server 05] Enter KG_GoddessServer::_ping()
20250718-193721<DEBUG:00000C9C>: [Goddess Server 06] Enter KG_GoddessServer::_ping()
20250718-193722<DEBUG:000049B8>: [Goddess Server 07] Enter KG_GoddessServer::_ping()
20250718-193722<DEBUG:00003F6C>: [Goddess Server 01] Enter KG_GoddessServer::_ping()
20250718-193723<DEBUG:000036B0>: [Goddess Server 02] Enter KG_GoddessServer::_ping()
20250718-193726<DEBUG:00003E40>: [Goddess Server 08] Enter KG_GoddessServer::_ping()
20250718-193728<DEBUG:000038D0>: [Goddess Server 03] Enter KG_GoddessServer::_ping()
20250718-193728<DEBUG:00003F78>: [Goddess Server 04] Enter KG_GoddessServer::_ping()
20250718-193729<DEBUG:00002AD0>: [Goddess Server 05] Enter KG_GoddessServer::_ping()
20250718-193729<DEBUG:000038D0>: [Goddess Server 03] Enter KG_GoddessServer::_ping()
20250718-193729<DEBUG:00003F78>: [Goddess Server 04] Enter KG_GoddessServer::_ping()
20250718-193730<DEBUG:00002AD0>: [Goddess Server 05] Enter KG_GoddessServer::_ping()
20250718-193731<DEBUG:00000C9C>: [Goddess Server 06] Enter KG_GoddessServer::_ping()
20250718-193732<DEBUG:000049B8>: [Goddess Server 07] Enter KG_GoddessServer::_ping()
20250718-193732<DEBUG:00000C9C>: [Goddess Server 06] Enter KG_GoddessServer::_ping()
20250718-193732<DEBUG:000049B8>: [Goddess Server 07] Enter KG_GoddessServer::_ping()
20250718-193733<DEBUG:000036B0>: [Goddess Server 02] Enter KG_GoddessServer::_ping()
20250718-193734<DEBUG:000036B0>: [Goddess Server 02] Enter KG_GoddessServer::_ping()
20250718-193734<DEBUG:00003D8C>: [Goddess Server 00] Enter KG_GoddessServer::_ping()
20250718-193736<DEBUG:00003E40>: [Goddess Server 08] Enter KG_GoddessServer::_ping()
20250718-193737<DEBUG:00003E40>: [Goddess Server 08] Enter KG_GoddessServer::_ping()
20250718-193738<DEBUG:000038D0>: [Goddess Server 03] Enter KG_GoddessServer::_ping()
20250718-193738<DEBUG:00003F78>: [Goddess Server 04] Enter KG_GoddessServer::_ping()
20250718-193739<DEBUG:00002AD0>: [Goddess Server 05] Enter KG_GoddessServer::_ping()
20250718-193741<DEBUG:00000C9C>: [Goddess Server 06] Enter KG_GoddessServer::_ping()
20250718-193742<DEBUG:000049B8>: [Goddess Server 07] Enter KG_GoddessServer::_ping()
20250718-193743<DEBUG:000036B0>: [Goddess Server 02] Enter KG_GoddessServer::_ping()
20250718-193746<DEBUG:00003E40>: [Goddess Server 08] Enter KG_GoddessServer::_ping()
20250718-193748<DEBUG:000038D0>: [Goddess Server 03] Enter KG_GoddessServer::_ping()
20250718-193748<DEBUG:00003F78>: [Goddess Server 04] Enter KG_GoddessServer::_ping()
20250718-193749<DEBUG:00002AD0>: [Goddess Server 05] Enter KG_GoddessServer::_ping()
20250718-193751<DEBUG:00000C9C>: [Goddess Server 06] Enter KG_GoddessServer::_ping()
20250718-193752<DEBUG:000049B8>: [Goddess Server 07] Enter KG_GoddessServer::_ping()
20250718-193752<DEBUG:00003F6C>: [Goddess Server 01] Enter KG_GoddessServer::_ping()
20250718-193753<DEBUG:000036B0>: [Goddess Server 02] Enter KG_GoddessServer::_ping()
20250718-193755<DEBUG:00003D8C>: [Goddess Server 00] Enter KG_GoddessServer::_ping()
20250718-193756<DEBUG:00003E40>: [Goddess Server 08] Enter KG_GoddessServer::_ping()
20250718-193758<DEBUG:000038D0>: [Goddess Server 03] Enter KG_GoddessServer::_ping()
20250718-193758<DEBUG:00003F78>: [Goddess Server 04] Enter KG_GoddessServer::_ping()
20250718-193759<DEBUG:00002AD0>: [Goddess Server 05] Enter KG_GoddessServer::_ping()
20250718-193759<DEBUG:000038D0>: [Goddess Server 03] Enter KG_GoddessServer::_ping()
20250718-193759<DEBUG:00003F78>: [Goddess Server 04] Enter KG_GoddessServer::_ping()
20250718-193800<DEBUG:00002AD0>: [Goddess Server 05] Enter KG_GoddessServer::_ping()
20250718-193801<DEBUG:00000C9C>: [Goddess Server 06] Enter KG_GoddessServer::_ping()
20250718-193802<DEBUG:000049B8>: [Goddess Server 07] Enter KG_GoddessServer::_ping()
20250718-193802<DEBUG:00000C9C>: [Goddess Server 06] Enter KG_GoddessServer::_ping()
20250718-193803<DEBUG:000049B8>: [Goddess Server 07] Enter KG_GoddessServer::_ping()
20250718-193803<DEBUG:000036B0>: [Goddess Server 02] Enter KG_GoddessServer::_ping()
20250718-193804<DEBUG:000036B0>: [Goddess Server 02] Enter KG_GoddessServer::_ping()
20250718-193806<DEBUG:00003E40>: [Goddess Server 08] Enter KG_GoddessServer::_ping()
20250718-193807<DEBUG:00003E40>: [Goddess Server 08] Enter KG_GoddessServer::_ping()
20250718-193808<DEBUG:000038D0>: [Goddess Server 03] Enter KG_GoddessServer::_ping()
20250718-193808<DEBUG:00003F78>: [Goddess Server 04] Enter KG_GoddessServer::_ping()
20250718-193809<DEBUG:00002AD0>: [Goddess Server 05] Enter KG_GoddessServer::_ping()
20250718-193811<DEBUG:00000C9C>: [Goddess Server 06] Enter KG_GoddessServer::_ping()
20250718-193812<DEBUG:000049B8>: [Goddess Server 07] Enter KG_GoddessServer::_ping()
20250718-193813<DEBUG:000036B0>: [Goddess Server 02] Enter KG_GoddessServer::_ping()
20250718-193815<DEBUG:00003D8C>: [Goddess Server 00] Enter KG_GoddessServer::_ping()
20250718-193816<DEBUG:00003E40>: [Goddess Server 08] Enter KG_GoddessServer::_ping()
20250718-193818<DEBUG:000038D0>: [Goddess Server 03] Enter KG_GoddessServer::_ping()
20250718-193818<DEBUG:00003F78>: [Goddess Server 04] Enter KG_GoddessServer::_ping()
20250718-193819<DEBUG:00002AD0>: [Goddess Server 05] Enter KG_GoddessServer::_ping()
20250718-193821<DEBUG:00000C9C>: [Goddess Server 06] Enter KG_GoddessServer::_ping()
20250718-193822<DEBUG:000049B8>: [Goddess Server 07] Enter KG_GoddessServer::_ping()
20250718-193822<DEBUG:00003F6C>: [Goddess Server 01] Enter KG_GoddessServer::_ping()
20250718-193823<DEBUG:000036B0>: [Goddess Server 02] Enter KG_GoddessServer::_ping()
20250718-193826<DEBUG:00003E40>: [Goddess Server 08] Enter KG_GoddessServer::_ping()
20250718-193828<DEBUG:000038D0>: [Goddess Server 03] Enter KG_GoddessServer::_ping()
20250718-193828<DEBUG:00003F78>: [Goddess Server 04] Enter KG_GoddessServer::_ping()
20250718-193829<DEBUG:00002AD0>: [Goddess Server 05] Enter KG_GoddessServer::_ping()
20250718-193829<DEBUG:000038D0>: [Goddess Server 03] Enter KG_GoddessServer::_ping()
20250718-193829<DEBUG:00003F78>: [Goddess Server 04] Enter KG_GoddessServer::_ping()
20250718-193830<DEBUG:00002AD0>: [Goddess Server 05] Enter KG_GoddessServer::_ping()
20250718-193831<DEBUG:00000C9C>: [Goddess Server 06] Enter KG_GoddessServer::_ping()
20250718-193832<DEBUG:000049B8>: [Goddess Server 07] Enter KG_GoddessServer::_ping()
20250718-193832<DEBUG:00000C9C>: [Goddess Server 06] Enter KG_GoddessServer::_ping()
20250718-193833<DEBUG:000049B8>: [Goddess Server 07] Enter KG_GoddessServer::_ping()
20250718-193833<DEBUG:000036B0>: [Goddess Server 02] Enter KG_GoddessServer::_ping()
20250718-193834<DEBUG:000036B0>: [Goddess Server 02] Enter KG_GoddessServer::_ping()
20250718-193835<DEBUG:00003D8C>: [Goddess Server 00] Enter KG_GoddessServer::_ping()
20250718-193836<DEBUG:00003E40>: [Goddess Server 08] Enter KG_GoddessServer::_ping()
20250718-193837<DEBUG:00003E40>: [Goddess Server 08] Enter KG_GoddessServer::_ping()
20250718-193838<DEBUG:000038D0>: [Goddess Server 03] Enter KG_GoddessServer::_ping()
20250718-193838<DEBUG:00003F78>: [Goddess Server 04] Enter KG_GoddessServer::_ping()
20250718-193839<DEBUG:00002AD0>: [Goddess Server 05] Enter KG_GoddessServer::_ping()
20250718-193841<DEBUG:00000C9C>: [Goddess Server 06] Enter KG_GoddessServer::_ping()
20250718-193842<DEBUG:000049B8>: [Goddess Server 07] Enter KG_GoddessServer::_ping()
20250718-193843<DEBUG:000036B0>: [Goddess Server 02] Enter KG_GoddessServer::_ping()
20250718-193846<DEBUG:00003E40>: [Goddess Server 08] Enter KG_GoddessServer::_ping()
20250718-193848<DEBUG:000038D0>: [Goddess Server 03] Enter KG_GoddessServer::_ping()
20250718-193848<DEBUG:00003F78>: [Goddess Server 04] Enter KG_GoddessServer::_ping()
20250718-193849<DEBUG:00002AD0>: [Goddess Server 05] Enter KG_GoddessServer::_ping()
20250718-193851<DEBUG:00000C9C>: [Goddess Server 06] Enter KG_GoddessServer::_ping()
20250718-193852<DEBUG:000049B8>: [Goddess Server 07] Enter KG_GoddessServer::_ping()
20250718-193852<DEBUG:00003F6C>: [Goddess Server 01] Enter KG_GoddessServer::_ping()
20250718-193853<DEBUG:000036B0>: [Goddess Server 02] Enter KG_GoddessServer::_ping()
20250718-193855<DEBUG:00003D8C>: [Goddess Server 00] Enter KG_GoddessServer::_ping()
20250718-193856<DEBUG:00003E40>: [Goddess Server 08] Enter KG_GoddessServer::_ping()
20250718-193858<DEBUG:000038D0>: [Goddess Server 03] Enter KG_GoddessServer::_ping()
20250718-193858<DEBUG:00003F78>: [Goddess Server 04] Enter KG_GoddessServer::_ping()
20250718-193859<DEBUG:00002AD0>: [Goddess Server 05] Enter KG_GoddessServer::_ping()
20250718-193859<DEBUG:000038D0>: [Goddess Server 03] Enter KG_GoddessServer::_ping()
20250718-193859<DEBUG:00003F78>: [Goddess Server 04] Enter KG_GoddessServer::_ping()
20250718-193900<DEBUG:00002AD0>: [Goddess Server 05] Enter KG_GoddessServer::_ping()
20250718-193901<DEBUG:00000C9C>: [Goddess Server 06] Enter KG_GoddessServer::_ping()
20250718-193902<DEBUG:000049B8>: [Goddess Server 07] Enter KG_GoddessServer::_ping()
20250718-193902<DEBUG:00000C9C>: [Goddess Server 06] Enter KG_GoddessServer::_ping()
20250718-193903<DEBUG:000049B8>: [Goddess Server 07] Enter KG_GoddessServer::_ping()
20250718-193903<DEBUG:000036B0>: [Goddess Server 02] Enter KG_GoddessServer::_ping()
20250718-193904<DEBUG:000036B0>: [Goddess Server 02] Enter KG_GoddessServer::_ping()
20250718-193906<DEBUG:00003E40>: [Goddess Server 08] Enter KG_GoddessServer::_ping()
20250718-193907<DEBUG:00003E40>: [Goddess Server 08] Enter KG_GoddessServer::_ping()
20250718-193908<DEBUG:000038D0>: [Goddess Server 03] Enter KG_GoddessServer::_ping()
20250718-193908<DEBUG:00003F78>: [Goddess Server 04] Enter KG_GoddessServer::_ping()
20250718-193909<DEBUG:00002AD0>: [Goddess Server 05] Enter KG_GoddessServer::_ping()
20250718-193911<DEBUG:00000C9C>: [Goddess Server 06] Enter KG_GoddessServer::_ping()
20250718-193912<DEBUG:000049B8>: [Goddess Server 07] Enter KG_GoddessServer::_ping()
20250718-193913<DEBUG:000036B0>: [Goddess Server 02] Enter KG_GoddessServer::_ping()
20250718-193915<DEBUG:00003D8C>: [Goddess Server 00] Enter KG_GoddessServer::_ping()
20250718-193916<DEBUG:00003E40>: [Goddess Server 08] Enter KG_GoddessServer::_ping()
20250718-193918<DEBUG:000038D0>: [Goddess Server 03] Enter KG_GoddessServer::_ping()
20250718-193918<DEBUG:00003F78>: [Goddess Server 04] Enter KG_GoddessServer::_ping()
20250718-193919<DEBUG:00002AD0>: [Goddess Server 05] Enter KG_GoddessServer::_ping()
20250718-193921<DEBUG:00000C9C>: [Goddess Server 06] Enter KG_GoddessServer::_ping()
20250718-193922<DEBUG:000049B8>: [Goddess Server 07] Enter KG_GoddessServer::_ping()
20250718-193922<DEBUG:00003F6C>: [Goddess Server 01] Enter KG_GoddessServer::_ping()
20250718-193923<DEBUG:000036B0>: [Goddess Server 02] Enter KG_GoddessServer::_ping()
20250718-193926<DEBUG:00003E40>: [Goddess Server 08] Enter KG_GoddessServer::_ping()
20250718-193928<DEBUG:000038D0>: [Goddess Server 03] Enter KG_GoddessServer::_ping()
20250718-193928<DEBUG:00003F78>: [Goddess Server 04] Enter KG_GoddessServer::_ping()
20250718-193929<DEBUG:00002AD0>: [Goddess Server 05] Enter KG_GoddessServer::_ping()
20250718-193929<DEBUG:000038D0>: [Goddess Server 03] Enter KG_GoddessServer::_ping()
20250718-193929<DEBUG:00003F78>: [Goddess Server 04] Enter KG_GoddessServer::_ping()
20250718-193930<DEBUG:00002AD0>: [Goddess Server 05] Enter KG_GoddessServer::_ping()
20250718-193931<DEBUG:00000C9C>: [Goddess Server 06] Enter KG_GoddessServer::_ping()
20250718-193932<DEBUG:000049B8>: [Goddess Server 07] Enter KG_GoddessServer::_ping()
20250718-193932<DEBUG:00000C9C>: [Goddess Server 06] Enter KG_GoddessServer::_ping()
20250718-193933<DEBUG:000049B8>: [Goddess Server 07] Enter KG_GoddessServer::_ping()
20250718-193933<DEBUG:000036B0>: [Goddess Server 02] Enter KG_GoddessServer::_ping()
20250718-193934<DEBUG:000036B0>: [Goddess Server 02] Enter KG_GoddessServer::_ping()
20250718-193935<DEBUG:00003D8C>: [Goddess Server 00] Enter KG_GoddessServer::_ping()
20250718-193936<DEBUG:00003E40>: [Goddess Server 08] Enter KG_GoddessServer::_ping()
20250718-193937<DEBUG:00003E40>: [Goddess Server 08] Enter KG_GoddessServer::_ping()
20250718-193938<DEBUG:000038D0>: [Goddess Server 03] Enter KG_GoddessServer::_ping()
20250718-193938<DEBUG:00003F78>: [Goddess Server 04] Enter KG_GoddessServer::_ping()
20250718-193939<DEBUG:00002AD0>: [Goddess Server 05] Enter KG_GoddessServer::_ping()
20250718-193941<DEBUG:00000C9C>: [Goddess Server 06] Enter KG_GoddessServer::_ping()
20250718-193942<DEBUG:000049B8>: [Goddess Server 07] Enter KG_GoddessServer::_ping()
20250718-193943<DEBUG:000036B0>: [Goddess Server 02] Enter KG_GoddessServer::_ping()
20250718-193946<DEBUG:00003E40>: [Goddess Server 08] Enter KG_GoddessServer::_ping()
20250718-193948<DEBUG:000038D0>: [Goddess Server 03] Enter KG_GoddessServer::_ping()
20250718-193948<DEBUG:00003F78>: [Goddess Server 04] Enter KG_GoddessServer::_ping()
20250718-193949<DEBUG:00002AD0>: [Goddess Server 05] Enter KG_GoddessServer::_ping()
20250718-193951<DEBUG:00000C9C>: [Goddess Server 06] Enter KG_GoddessServer::_ping()
20250718-193952<DEBUG:000049B8>: [Goddess Server 07] Enter KG_GoddessServer::_ping()
20250718-193952<DEBUG:00003F6C>: [Goddess Server 01] Enter KG_GoddessServer::_ping()
20250718-193953<DEBUG:000036B0>: [Goddess Server 02] Enter KG_GoddessServer::_ping()
20250718-193955<DEBUG:00003D8C>: [Goddess Server 00] Enter KG_GoddessServer::_ping()
20250718-193956<DEBUG:00003E40>: [Goddess Server 08] Enter KG_GoddessServer::_ping()
20250718-193958<DEBUG:000038D0>: [Goddess Server 03] Enter KG_GoddessServer::_ping()
20250718-193958<DEBUG:00003F78>: [Goddess Server 04] Enter KG_GoddessServer::_ping()
20250718-193959<DEBUG:00002AD0>: [Goddess Server 05] Enter KG_GoddessServer::_ping()
20250718-193959<DEBUG:000038D0>: [Goddess Server 03] Enter KG_GoddessServer::_ping()
20250718-193959<DEBUG:00003F78>: [Goddess Server 04] Enter KG_GoddessServer::_ping()
20250718-194000<DEBUG:00002AD0>: [Goddess Server 05] Enter KG_GoddessServer::_ping()
20250718-194001<DEBUG:00000C9C>: [Goddess Server 06] Enter KG_GoddessServer::_ping()
20250718-194002<DEBUG:000049B8>: [Goddess Server 07] Enter KG_GoddessServer::_ping()
20250718-194002<DEBUG:00000C9C>: [Goddess Server 06] Enter KG_GoddessServer::_ping()
20250718-194003<DEBUG:000049B8>: [Goddess Server 07] Enter KG_GoddessServer::_ping()
20250718-194003<DEBUG:000036B0>: [Goddess Server 02] Enter KG_GoddessServer::_ping()
20250718-194004<DEBUG:000036B0>: [Goddess Server 02] Enter KG_GoddessServer::_ping()
20250718-194006<DEBUG:00003E40>: [Goddess Server 08] Enter KG_GoddessServer::_ping()
20250718-194007<DEBUG:00003E40>: [Goddess Server 08] Enter KG_GoddessServer::_ping()
20250718-194008<DEBUG:000038D0>: [Goddess Server 03] Enter KG_GoddessServer::_ping()
20250718-194008<DEBUG:00003F78>: [Goddess Server 04] Enter KG_GoddessServer::_ping()
20250718-194009<DEBUG:00002AD0>: [Goddess Server 05] Enter KG_GoddessServer::_ping()
20250718-194011<DEBUG:00000C9C>: [Goddess Server 06] Enter KG_GoddessServer::_ping()
20250718-194012<DEBUG:000049B8>: [Goddess Server 07] Enter KG_GoddessServer::_ping()
20250718-194013<DEBUG:000036B0>: [Goddess Server 02] Enter KG_GoddessServer::_ping()
20250718-194015<DEBUG:00003D8C>: [Goddess Server 00] Enter KG_GoddessServer::_ping()
20250718-194016<DEBUG:00003E40>: [Goddess Server 08] Enter KG_GoddessServer::_ping()
20250718-194018<DEBUG:000038D0>: [Goddess Server 03] Enter KG_GoddessServer::_ping()
20250718-194018<DEBUG:00003F78>: [Goddess Server 04] Enter KG_GoddessServer::_ping()
20250718-194019<DEBUG:00002AD0>: [Goddess Server 05] Enter KG_GoddessServer::_ping()
20250718-194021<DEBUG:00000C9C>: [Goddess Server 06] Enter KG_GoddessServer::_ping()
20250718-194022<DEBUG:000049B8>: [Goddess Server 07] Enter KG_GoddessServer::_ping()
20250718-194022<DEBUG:00003F6C>: [Goddess Server 01] Enter KG_GoddessServer::_ping()
20250718-194023<DEBUG:000036B0>: [Goddess Server 02] Enter KG_GoddessServer::_ping()
20250718-194026<DEBUG:00003E40>: [Goddess Server 08] Enter KG_GoddessServer::_ping()
20250718-194028<DEBUG:000038D0>: [Goddess Server 03] Enter KG_GoddessServer::_ping()
20250718-194028<DEBUG:00003F78>: [Goddess Server 04] Enter KG_GoddessServer::_ping()
20250718-194029<DEBUG:00002AD0>: [Goddess Server 05] Enter KG_GoddessServer::_ping()
20250718-194029<DEBUG:000038D0>: [Goddess Server 03] Enter KG_GoddessServer::_ping()
20250718-194029<DEBUG:00003F78>: [Goddess Server 04] Enter KG_GoddessServer::_ping()
20250718-194030<DEBUG:00002AD0>: [Goddess Server 05] Enter KG_GoddessServer::_ping()
20250718-194031<DEBUG:00000C9C>: [Goddess Server 06] Enter KG_GoddessServer::_ping()
20250718-194032<DEBUG:000049B8>: [Goddess Server 07] Enter KG_GoddessServer::_ping()
20250718-194032<DEBUG:00000C9C>: [Goddess Server 06] Enter KG_GoddessServer::_ping()
20250718-194033<DEBUG:000049B8>: [Goddess Server 07] Enter KG_GoddessServer::_ping()
20250718-194033<DEBUG:000036B0>: [Goddess Server 02] Enter KG_GoddessServer::_ping()
20250718-194034<DEBUG:000036B0>: [Goddess Server 02] Enter KG_GoddessServer::_ping()
20250718-194035<DEBUG:00003D8C>: [Goddess Server 00] Enter KG_GoddessServer::_ping()
20250718-194036<DEBUG:00003E40>: [Goddess Server 08] Enter KG_GoddessServer::_ping()
20250718-194037<DEBUG:00003E40>: [Goddess Server 08] Enter KG_GoddessServer::_ping()
20250718-194038<DEBUG:000038D0>: [Goddess Server 03] Enter KG_GoddessServer::_ping()
20250718-194038<DEBUG:00003F78>: [Goddess Server 04] Enter KG_GoddessServer::_ping()
20250718-194039<DEBUG:00002AD0>: [Goddess Server 05] Enter KG_GoddessServer::_ping()
20250718-194041<DEBUG:00000C9C>: [Goddess Server 06] Enter KG_GoddessServer::_ping()
20250718-194042<DEBUG:000049B8>: [Goddess Server 07] Enter KG_GoddessServer::_ping()
20250718-194043<DEBUG:000036B0>: [Goddess Server 02] Enter KG_GoddessServer::_ping()
20250718-194046<DEBUG:00003E40>: [Goddess Server 08] Enter KG_GoddessServer::_ping()
20250718-194048<DEBUG:000038D0>: [Goddess Server 03] Enter KG_GoddessServer::_ping()
20250718-194048<DEBUG:00003F78>: [Goddess Server 04] Enter KG_GoddessServer::_ping()
20250718-194049<DEBUG:00002AD0>: [Goddess Server 05] Enter KG_GoddessServer::_ping()
20250718-194051<DEBUG:00000C9C>: [Goddess Server 06] Enter KG_GoddessServer::_ping()
20250718-194052<DEBUG:000049B8>: [Goddess Server 07] Enter KG_GoddessServer::_ping()
20250718-194052<DEBUG:00003F6C>: [Goddess Server 01] Enter KG_GoddessServer::_ping()
20250718-194053<DEBUG:000036B0>: [Goddess Server 02] Enter KG_GoddessServer::_ping()
20250718-194055<DEBUG:00003D8C>: [Goddess Server 00] Enter KG_GoddessServer::_ping()
20250718-194056<DEBUG:00003E40>: [Goddess Server 08] Enter KG_GoddessServer::_ping()
20250718-194058<DEBUG:000038D0>: [Goddess Server 03] Enter KG_GoddessServer::_ping()
20250718-194058<DEBUG:00003F78>: [Goddess Server 04] Enter KG_GoddessServer::_ping()
20250718-194059<DEBUG:00002AD0>: [Goddess Server 05] Enter KG_GoddessServer::_ping()
20250718-194059<DEBUG:000038D0>: [Goddess Server 03] Enter KG_GoddessServer::_ping()
20250718-194100<DEBUG:00003F78>: [Goddess Server 04] Enter KG_GoddessServer::_ping()
20250718-194100<DEBUG:00002AD0>: [Goddess Server 05] Enter KG_GoddessServer::_ping()
20250718-194101<DEBUG:00000C9C>: [Goddess Server 06] Enter KG_GoddessServer::_ping()
20250718-194102<DEBUG:000049B8>: [Goddess Server 07] Enter KG_GoddessServer::_ping()
20250718-194102<DEBUG:00000C9C>: [Goddess Server 06] Enter KG_GoddessServer::_ping()
20250718-194103<DEBUG:000049B8>: [Goddess Server 07] Enter KG_GoddessServer::_ping()
20250718-194103<DEBUG:000036B0>: [Goddess Server 02] Enter KG_GoddessServer::_ping()
20250718-194104<DEBUG:000036B0>: [Goddess Server 02] Enter KG_GoddessServer::_ping()
20250718-194106<DEBUG:00003E40>: [Goddess Server 08] Enter KG_GoddessServer::_ping()
20250718-194107<DEBUG:00003E40>: [Goddess Server 08] Enter KG_GoddessServer::_ping()
20250718-194108<DEBUG:000038D0>: [Goddess Server 03] Enter KG_GoddessServer::_ping()
20250718-194108<DEBUG:00003F78>: [Goddess Server 04] Enter KG_GoddessServer::_ping()
20250718-194109<DEBUG:00002AD0>: [Goddess Server 05] Enter KG_GoddessServer::_ping()
20250718-194111<DEBUG:00000C9C>: [Goddess Server 06] Enter KG_GoddessServer::_ping()
20250718-194112<DEBUG:000049B8>: [Goddess Server 07] Enter KG_GoddessServer::_ping()
20250718-194113<DEBUG:000036B0>: [Goddess Server 02] Enter KG_GoddessServer::_ping()
20250718-194115<DEBUG:00003D8C>: [Goddess Server 00] Enter KG_GoddessServer::_ping()
20250718-194116<DEBUG:00003E40>: [Goddess Server 08] Enter KG_GoddessServer::_ping()
20250718-194118<DEBUG:000038D0>: [Goddess Server 03] Enter KG_GoddessServer::_ping()
20250718-194118<DEBUG:00003F78>: [Goddess Server 04] Enter KG_GoddessServer::_ping()
20250718-194119<DEBUG:00002AD0>: [Goddess Server 05] Enter KG_GoddessServer::_ping()
20250718-194121<DEBUG:00000C9C>: [Goddess Server 06] Enter KG_GoddessServer::_ping()
20250718-194122<DEBUG:000049B8>: [Goddess Server 07] Enter KG_GoddessServer::_ping()
20250718-194122<DEBUG:00003F6C>: [Goddess Server 01] Enter KG_GoddessServer::_ping()
20250718-194123<DEBUG:000036B0>: [Goddess Server 02] Enter KG_GoddessServer::_ping()
20250718-194126<DEBUG:00003E40>: [Goddess Server 08] Enter KG_GoddessServer::_ping()
20250718-194128<DEBUG:000038D0>: [Goddess Server 03] Enter KG_GoddessServer::_ping()
20250718-194128<DEBUG:00003F78>: [Goddess Server 04] Enter KG_GoddessServer::_ping()
20250718-194129<DEBUG:00002AD0>: [Goddess Server 05] Enter KG_GoddessServer::_ping()
20250718-194129<DEBUG:000038D0>: [Goddess Server 03] Enter KG_GoddessServer::_ping()
20250718-194130<DEBUG:00003F78>: [Goddess Server 04] Enter KG_GoddessServer::_ping()
20250718-194130<DEBUG:00002AD0>: [Goddess Server 05] Enter KG_GoddessServer::_ping()
20250718-194131<DEBUG:00000C9C>: [Goddess Server 06] Enter KG_GoddessServer::_ping()
20250718-194132<DEBUG:000049B8>: [Goddess Server 07] Enter KG_GoddessServer::_ping()
20250718-194133<DEBUG:00000C9C>: [Goddess Server 06] Enter KG_GoddessServer::_ping()
20250718-194133<DEBUG:000049B8>: [Goddess Server 07] Enter KG_GoddessServer::_ping()
20250718-194133<DEBUG:000036B0>: [Goddess Server 02] Enter KG_GoddessServer::_ping()
20250718-194134<DEBUG:000036B0>: [Goddess Server 02] Enter KG_GoddessServer::_ping()
20250718-194135<DEBUG:00003D8C>: [Goddess Server 00] Enter KG_GoddessServer::_ping()
20250718-194136<DEBUG:00003E40>: [Goddess Server 08] Enter KG_GoddessServer::_ping()
20250718-194137<DEBUG:00003E40>: [Goddess Server 08] Enter KG_GoddessServer::_ping()
20250718-194138<DEBUG:000038D0>: [Goddess Server 03] Enter KG_GoddessServer::_ping()
20250718-194138<DEBUG:00003F78>: [Goddess Server 04] Enter KG_GoddessServer::_ping()
20250718-194139<DEBUG:00002AD0>: [Goddess Server 05] Enter KG_GoddessServer::_ping()
20250718-194141<DEBUG:00000C9C>: [Goddess Server 06] Enter KG_GoddessServer::_ping()
20250718-194142<DEBUG:000049B8>: [Goddess Server 07] Enter KG_GoddessServer::_ping()
20250718-194143<DEBUG:000036B0>: [Goddess Server 02] Enter KG_GoddessServer::_ping()
20250718-194146<DEBUG:00003E40>: [Goddess Server 08] Enter KG_GoddessServer::_ping()
20250718-194148<DEBUG:000038D0>: [Goddess Server 03] Enter KG_GoddessServer::_ping()
20250718-194148<DEBUG:00003F78>: [Goddess Server 04] Enter KG_GoddessServer::_ping()
20250718-194149<DEBUG:00002AD0>: [Goddess Server 05] Enter KG_GoddessServer::_ping()
20250718-194151<DEBUG:00000C9C>: [Goddess Server 06] Enter KG_GoddessServer::_ping()
20250718-194152<DEBUG:000049B8>: [Goddess Server 07] Enter KG_GoddessServer::_ping()
20250718-194152<DEBUG:00003F6C>: [Goddess Server 01] Enter KG_GoddessServer::_ping()
20250718-194153<DEBUG:000036B0>: [Goddess Server 02] Enter KG_GoddessServer::_ping()
20250718-194155<DEBUG:00003D8C>: [Goddess Server 00] Enter KG_GoddessServer::_ping()
20250718-194156<DEBUG:00003E40>: [Goddess Server 08] Enter KG_GoddessServer::_ping()
20250718-194158<DEBUG:000038D0>: [Goddess Server 03] Enter KG_GoddessServer::_ping()
20250718-194158<DEBUG:00003F78>: [Goddess Server 04] Enter KG_GoddessServer::_ping()
20250718-194159<DEBUG:00002AD0>: [Goddess Server 05] Enter KG_GoddessServer::_ping()
20250718-194159<DEBUG:000038D0>: [Goddess Server 03] Enter KG_GoddessServer::_ping()
20250718-194200<DEBUG:00003F78>: [Goddess Server 04] Enter KG_GoddessServer::_ping()
20250718-194200<DEBUG:00002AD0>: [Goddess Server 05] Enter KG_GoddessServer::_ping()
20250718-194201<DEBUG:00000C9C>: [Goddess Server 06] Enter KG_GoddessServer::_ping()
20250718-194202<DEBUG:000049B8>: [Goddess Server 07] Enter KG_GoddessServer::_ping()
20250718-194203<DEBUG:00000C9C>: [Goddess Server 06] Enter KG_GoddessServer::_ping()
20250718-194203<DEBUG:000049B8>: [Goddess Server 07] Enter KG_GoddessServer::_ping()
20250718-194203<DEBUG:000036B0>: [Goddess Server 02] Enter KG_GoddessServer::_ping()
20250718-194204<DEBUG:000036B0>: [Goddess Server 02] Enter KG_GoddessServer::_ping()
20250718-194206<DEBUG:00003E40>: [Goddess Server 08] Enter KG_GoddessServer::_ping()
20250718-194207<DEBUG:00003E40>: [Goddess Server 08] Enter KG_GoddessServer::_ping()
20250718-194208<DEBUG:000038D0>: [Goddess Server 03] Enter KG_GoddessServer::_ping()
20250718-194208<DEBUG:00003F78>: [Goddess Server 04] Enter KG_GoddessServer::_ping()
20250718-194209<DEBUG:00002AD0>: [Goddess Server 05] Enter KG_GoddessServer::_ping()
20250718-194211<DEBUG:00000C9C>: [Goddess Server 06] Enter KG_GoddessServer::_ping()
20250718-194212<DEBUG:000049B8>: [Goddess Server 07] Enter KG_GoddessServer::_ping()
20250718-194213<DEBUG:000036B0>: [Goddess Server 02] Enter KG_GoddessServer::_ping()
20250718-194215<DEBUG:00003D8C>: [Goddess Server 00] Enter KG_GoddessServer::_ping()
20250718-194216<DEBUG:00003E40>: [Goddess Server 08] Enter KG_GoddessServer::_ping()
20250718-194218<DEBUG:000038D0>: [Goddess Server 03] Enter KG_GoddessServer::_ping()
20250718-194218<DEBUG:00003F78>: [Goddess Server 04] Enter KG_GoddessServer::_ping()
20250718-194219<DEBUG:00002AD0>: [Goddess Server 05] Enter KG_GoddessServer::_ping()
20250718-194221<DEBUG:00000C9C>: [Goddess Server 06] Enter KG_GoddessServer::_ping()
20250718-194222<DEBUG:000049B8>: [Goddess Server 07] Enter KG_GoddessServer::_ping()
20250718-194222<DEBUG:00003F6C>: [Goddess Server 01] Enter KG_GoddessServer::_ping()
20250718-194223<DEBUG:000036B0>: [Goddess Server 02] Enter KG_GoddessServer::_ping()
20250718-194226<DEBUG:00003E40>: [Goddess Server 08] Enter KG_GoddessServer::_ping()
20250718-194228<DEBUG:000038D0>: [Goddess Server 03] Enter KG_GoddessServer::_ping()
20250718-194228<DEBUG:00003F78>: [Goddess Server 04] Enter KG_GoddessServer::_ping()
20250718-194229<DEBUG:00002AD0>: [Goddess Server 05] Enter KG_GoddessServer::_ping()
20250718-194229<DEBUG:000038D0>: [Goddess Server 03] Enter KG_GoddessServer::_ping()
20250718-194230<DEBUG:00003F78>: [Goddess Server 04] Enter KG_GoddessServer::_ping()
20250718-194230<DEBUG:00002AD0>: [Goddess Server 05] Enter KG_GoddessServer::_ping()
20250718-194231<DEBUG:00000C9C>: [Goddess Server 06] Enter KG_GoddessServer::_ping()
20250718-194232<DEBUG:000049B8>: [Goddess Server 07] Enter KG_GoddessServer::_ping()
20250718-194233<DEBUG:00000C9C>: [Goddess Server 06] Enter KG_GoddessServer::_ping()
20250718-194233<DEBUG:000036B0>: [Goddess Server 02] Enter KG_GoddessServer::_ping()
20250718-194233<DEBUG:000049B8>: [Goddess Server 07] Enter KG_GoddessServer::_ping()
20250718-194235<DEBUG:000036B0>: [Goddess Server 02] Enter KG_GoddessServer::_ping()
20250718-194235<DEBUG:00003D8C>: [Goddess Server 00] Enter KG_GoddessServer::_ping()
20250718-194236<DEBUG:00003E40>: [Goddess Server 08] Enter KG_GoddessServer::_ping()
20250718-194237<DEBUG:00003E40>: [Goddess Server 08] Enter KG_GoddessServer::_ping()
20250718-194238<DEBUG:000038D0>: [Goddess Server 03] Enter KG_GoddessServer::_ping()
20250718-194238<DEBUG:00003F78>: [Goddess Server 04] Enter KG_GoddessServer::_ping()
20250718-194239<DEBUG:00002AD0>: [Goddess Server 05] Enter KG_GoddessServer::_ping()
20250718-194241<DEBUG:00000C9C>: [Goddess Server 06] Enter KG_GoddessServer::_ping()
20250718-194242<DEBUG:000049B8>: [Goddess Server 07] Enter KG_GoddessServer::_ping()
20250718-194243<DEBUG:000036B0>: [Goddess Server 02] Enter KG_GoddessServer::_ping()
20250718-194246<DEBUG:00003E40>: [Goddess Server 08] Enter KG_GoddessServer::_ping()
20250718-194248<DEBUG:000038D0>: [Goddess Server 03] Enter KG_GoddessServer::_ping()
20250718-194248<DEBUG:00003F78>: [Goddess Server 04] Enter KG_GoddessServer::_ping()
20250718-194249<DEBUG:00002AD0>: [Goddess Server 05] Enter KG_GoddessServer::_ping()
20250718-194251<DEBUG:00000C9C>: [Goddess Server 06] Enter KG_GoddessServer::_ping()
20250718-194252<DEBUG:000049B8>: [Goddess Server 07] Enter KG_GoddessServer::_ping()
20250718-194252<DEBUG:00003F6C>: [Goddess Server 01] Enter KG_GoddessServer::_ping()
20250718-194253<DEBUG:000036B0>: [Goddess Server 02] Enter KG_GoddessServer::_ping()
20250718-194255<DEBUG:00003D8C>: [Goddess Server 00] Enter KG_GoddessServer::_ping()
20250718-194256<DEBUG:00003E40>: [Goddess Server 08] Enter KG_GoddessServer::_ping()
20250718-194258<DEBUG:000038D0>: [Goddess Server 03] Enter KG_GoddessServer::_ping()
20250718-194258<DEBUG:00003F78>: [Goddess Server 04] Enter KG_GoddessServer::_ping()
20250718-194259<DEBUG:00002AD0>: [Goddess Server 05] Enter KG_GoddessServer::_ping()
20250718-194259<DEBUG:000038D0>: [Goddess Server 03] Enter KG_GoddessServer::_ping()
20250718-194300<DEBUG:00003F78>: [Goddess Server 04] Enter KG_GoddessServer::_ping()
20250718-194300<DEBUG:00002AD0>: [Goddess Server 05] Enter KG_GoddessServer::_ping()
20250718-194301<DEBUG:00000C9C>: [Goddess Server 06] Enter KG_GoddessServer::_ping()
20250718-194302<DEBUG:000049B8>: [Goddess Server 07] Enter KG_GoddessServer::_ping()
20250718-194303<DEBUG:00000C9C>: [Goddess Server 06] Enter KG_GoddessServer::_ping()
20250718-194303<DEBUG:000036B0>: [Goddess Server 02] Enter KG_GoddessServer::_ping()
20250718-194303<DEBUG:000049B8>: [Goddess Server 07] Enter KG_GoddessServer::_ping()
20250718-194305<DEBUG:000036B0>: [Goddess Server 02] Enter KG_GoddessServer::_ping()
20250718-194306<DEBUG:00003E40>: [Goddess Server 08] Enter KG_GoddessServer::_ping()
20250718-194308<DEBUG:00003E40>: [Goddess Server 08] Enter KG_GoddessServer::_ping()
20250718-194308<DEBUG:000038D0>: [Goddess Server 03] Enter KG_GoddessServer::_ping()
20250718-194308<DEBUG:00003F78>: [Goddess Server 04] Enter KG_GoddessServer::_ping()
20250718-194309<DEBUG:00002AD0>: [Goddess Server 05] Enter KG_GoddessServer::_ping()
20250718-194311<DEBUG:00000C9C>: [Goddess Server 06] Enter KG_GoddessServer::_ping()
20250718-194312<DEBUG:000049B8>: [Goddess Server 07] Enter KG_GoddessServer::_ping()
20250718-194313<DEBUG:000036B0>: [Goddess Server 02] Enter KG_GoddessServer::_ping()
20250718-194315<DEBUG:00003D8C>: [Goddess Server 00] Enter KG_GoddessServer::_ping()
20250718-194316<DEBUG:00003E40>: [Goddess Server 08] Enter KG_GoddessServer::_ping()
20250718-194318<DEBUG:000038D0>: [Goddess Server 03] Enter KG_GoddessServer::_ping()
20250718-194318<DEBUG:00003F78>: [Goddess Server 04] Enter KG_GoddessServer::_ping()
20250718-194319<DEBUG:00002AD0>: [Goddess Server 05] Enter KG_GoddessServer::_ping()
20250718-194321<DEBUG:00000C9C>: [Goddess Server 06] Enter KG_GoddessServer::_ping()
20250718-194322<DEBUG:000049B8>: [Goddess Server 07] Enter KG_GoddessServer::_ping()
20250718-194322<DEBUG:00003F6C>: [Goddess Server 01] Enter KG_GoddessServer::_ping()
20250718-194323<DEBUG:000036B0>: [Goddess Server 02] Enter KG_GoddessServer::_ping()
20250718-194326<DEBUG:00003E40>: [Goddess Server 08] Enter KG_GoddessServer::_ping()
20250718-194328<DEBUG:000038D0>: [Goddess Server 03] Enter KG_GoddessServer::_ping()
20250718-194328<DEBUG:00003F78>: [Goddess Server 04] Enter KG_GoddessServer::_ping()
20250718-194329<DEBUG:00002AD0>: [Goddess Server 05] Enter KG_GoddessServer::_ping()
20250718-194329<DEBUG:000038D0>: [Goddess Server 03] Enter KG_GoddessServer::_ping()
20250718-194330<DEBUG:00003F78>: [Goddess Server 04] Enter KG_GoddessServer::_ping()
20250718-194330<DEBUG:00002AD0>: [Goddess Server 05] Enter KG_GoddessServer::_ping()
20250718-194331<DEBUG:00000C9C>: [Goddess Server 06] Enter KG_GoddessServer::_ping()
20250718-194332<DEBUG:000049B8>: [Goddess Server 07] Enter KG_GoddessServer::_ping()
20250718-194333<DEBUG:00000C9C>: [Goddess Server 06] Enter KG_GoddessServer::_ping()
20250718-194333<DEBUG:000036B0>: [Goddess Server 02] Enter KG_GoddessServer::_ping()
20250718-194333<DEBUG:000049B8>: [Goddess Server 07] Enter KG_GoddessServer::_ping()
