20250718-192926<INFO :00003B48>: [KG_Goddess] starting ...
20250718-192926<INFO :00003B48>: [KG_Goddess] Loading kg_goddess.ini
20250718-192926<INFO :00003B48>: [KG_Goddess] Loaded KG_Angel, version 2.5
20250718-192926<INFO :00003B48>: [KG_Goddess] Initializing role database ...
20250718-192926<DEBUG:00003B48>: [KGD] Success connect to localhost:3306, character set switch to latin1
20250718-192926<INFO :00003B48>: [KG_Goddess] Initializing role statistic ...
20250718-192926<INFO :00003B48>: [KG_Goddess] Initializing server manager ...
20250718-192926<INFO :00003B48>: [KG_Goddess] Initializing Sequence ...
20250718-192926<INFO :00003B48>: [KG_Goddess] Initializing NameServer ...
20250718-192926<DEBUG:00003B48>: [Database] character set switch to latin1
20250718-192926<INFO :00003B48>: [ServerManager] Listening at 127.0.0.1:5001
20250718-192926<INFO :00003B48>: [KG_Goddess] RoleLock disable
20250718-192926<INFO :00003B48>: [KG_Goddess] Set log level to DEBUG
20250718-192926<INFO :00003B48>: [KG_Goddess] Start success
20250718-192926<DEBUG:00003B48>: nSocket = 708, nSendFlag = 0, Error = 10054
20250718-192927<INFO :000042D4>: [ServerManager] Accept from (127.0.0.1: 59951) SocketStream = 00EE71E0
20250718-192927<INFO :00001534>: [Goddess Server 00] Started, service for 127.0.0.1:59951
20250718-192927<DEBUG:00001534>: [KGD] Success connect to localhost:3306, character set switch to latin1
20250718-192928<INFO :000042D4>: [ServerManager] Accept from (127.0.0.1: 59957) SocketStream = 00EE7030
20250718-192928<INFO :000012F4>: [Goddess Server 01] Started, service for 127.0.0.1:59957
20250718-192928<DEBUG:000012F4>: [KGD] Success connect to localhost:3306, character set switch to latin1
20250718-192933<INFO :000042D4>: [ServerManager] Accept from (127.0.0.1: 59969) SocketStream = 00EE7390
20250718-192933<INFO :00004A20>: [Goddess Server 02] Started, service for 127.0.0.1:59969
20250718-192933<DEBUG:00004A20>: [KGD] Success connect to localhost:3306, character set switch to latin1
20250718-192933<INFO :000042D4>: [ServerManager] Accept from (127.0.0.1: 59974) SocketStream = 00EE7078
20250718-192933<INFO :00004C18>: [Goddess Server 03] Started, service for 127.0.0.1:59974
20250718-192933<DEBUG:00004C18>: [KGD] Success connect to localhost:3306, character set switch to latin1
20250718-192933<DEBUG:00004C18>: [Goddess Server 03] Enter KG_GoddessServer::_query_statistic_info()
20250718-192933<DEBUG:00004C18>: KGLOG_PROCESS_ERROR(piStatistic) at line 2189 in KG_GoddessServer::_query_statistic_info
20250718-192933<DEBUG:00004C18>: [Goddess Server 03] Leave KG_GoddessServer::_query_statistic_info()
20250718-192933<INFO :000042D4>: [ServerManager] Accept from (127.0.0.1: 59980) SocketStream = 00EE7468
20250718-192933<INFO :00004424>: [Goddess Server 04] Started, service for 127.0.0.1:59980
20250718-192933<DEBUG:00004424>: [KGD] Success connect to localhost:3306, character set switch to latin1
20250718-192933<DEBUG:00004424>: [Goddess Server 04] Enter KG_GoddessServer::_query_statistic_info()
20250718-192933<DEBUG:00004424>: KGLOG_PROCESS_ERROR(piStatistic) at line 2189 in KG_GoddessServer::_query_statistic_info
20250718-192933<DEBUG:00004424>: [Goddess Server 04] Leave KG_GoddessServer::_query_statistic_info()
20250718-192933<INFO :000042D4>: [ServerManager] Accept from (127.0.0.1: 59985) SocketStream = 00EE74B0
20250718-192933<INFO :00000274>: [Goddess Server 05] Started, service for 127.0.0.1:59985
20250718-192933<DEBUG:00000274>: [KGD] Success connect to localhost:3306, character set switch to latin1
20250718-192933<DEBUG:00000274>: [Goddess Server 05] Enter KG_GoddessServer::_query_statistic_info()
20250718-192933<DEBUG:00000274>: KGLOG_PROCESS_ERROR(piStatistic) at line 2189 in KG_GoddessServer::_query_statistic_info
20250718-192933<DEBUG:00000274>: [Goddess Server 05] Leave KG_GoddessServer::_query_statistic_info()
20250718-192933<INFO :000042D4>: [ServerManager] Accept from (127.0.0.1: 59990) SocketStream = 00EE7420
20250718-192933<INFO :00004344>: [Goddess Server 06] Started, service for 127.0.0.1:59990
20250718-192933<DEBUG:00004344>: [KGD] Success connect to localhost:3306, character set switch to latin1
20250718-192933<INFO :000042D4>: [ServerManager] Accept from (127.0.0.1: 59993) SocketStream = 00EE73D8
20250718-192933<INFO :00002F50>: [Goddess Server 07] Started, service for 127.0.0.1:59993
20250718-192933<DEBUG:00002F50>: [KGD] Success connect to localhost:3306, character set switch to latin1
20250718-192933<INFO :000042D4>: [ServerManager] Accept from (127.0.0.1: 59996) SocketStream = 00EE7150
20250718-192933<INFO :00004598>: [Goddess Server 08] Started, service for 127.0.0.1:59996
20250718-192933<DEBUG:00004598>: [KGD] Success connect to localhost:3306, character set switch to latin1
20250718-192933<DEBUG:00004598>: [Goddess Server 08] Enter KG_GoddessServer::_query_statistic_info()
20250718-192933<DEBUG:00004598>: KGLOG_PROCESS_ERROR(piStatistic) at line 2189 in KG_GoddessServer::_query_statistic_info
20250718-192933<DEBUG:00004598>: [Goddess Server 08] Leave KG_GoddessServer::_query_statistic_info()
20250718-192934<DEBUG:00004344>: [Goddess Server 06] Enter KG_GoddessServer::_query_statistic_info()
20250718-192934<DEBUG:00004344>: KGLOG_PROCESS_ERROR(piStatistic) at line 2189 in KG_GoddessServer::_query_statistic_info
20250718-192934<DEBUG:00004344>: [Goddess Server 06] Leave KG_GoddessServer::_query_statistic_info()
20250718-192934<DEBUG:00002F50>: [Goddess Server 07] Enter KG_GoddessServer::_query_statistic_info()
20250718-192934<DEBUG:00002F50>: KGLOG_PROCESS_ERROR(piStatistic) at line 2189 in KG_GoddessServer::_query_statistic_info
20250718-192934<DEBUG:00002F50>: [Goddess Server 07] Leave KG_GoddessServer::_query_statistic_info()
20250718-192935<DEBUG:00004A20>: [Goddess Server 02] Enter KG_GoddessServer::_query_statistic_info()
20250718-192935<DEBUG:00004A20>: KGLOG_PROCESS_ERROR(piStatistic) at line 2189 in KG_GoddessServer::_query_statistic_info
20250718-192935<DEBUG:00004A20>: [Goddess Server 02] Leave KG_GoddessServer::_query_statistic_info()
20250718-192940<DEBUG:00004C18>: [Goddess Server 03] Enter KG_GoddessServer::_ping()
20250718-192941<DEBUG:00004424>: [Goddess Server 04] Enter KG_GoddessServer::_ping()
20250718-192941<DEBUG:00001534>: [Goddess Server 00] Enter KG_GoddessServer::_query_role_list()
20250718-192941<INFO :00001534>: [Goddess Server 00] Query roles list of account "xboyhd"
20250718-192941<DEBUG:00001534>: [Goddess Server 00] Leave KG_GoddessServer::_query_role_list()
20250718-192941<DEBUG:00000274>: [Goddess Server 05] Enter KG_GoddessServer::_ping()
20250718-192941<DEBUG:00001534>: [Goddess Server 00] Enter KG_GoddessServer::_query_role_list_in_zone()
20250718-192941<DEBUG:00001534>: [Goddess Server 00] Leave KG_GoddessServer::_query_role_list_in_zone()
20250718-192942<DEBUG:00004598>: [Goddess Server 08] Enter KG_GoddessServer::_ping()
20250718-192943<DEBUG:00001534>: [Goddess Server 00] Enter KG_GoddessServer::_query_role_list()
20250718-192943<INFO :00001534>: [Goddess Server 00] Query roles list of account "xboyhd5"
20250718-192943<DEBUG:00001534>: [Goddess Server 00] Leave KG_GoddessServer::_query_role_list()
20250718-192943<DEBUG:00004344>: [Goddess Server 06] Enter KG_GoddessServer::_ping()
20250718-192944<DEBUG:00002F50>: [Goddess Server 07] Enter KG_GoddessServer::_ping()
20250718-192944<DEBUG:00001534>: [Goddess Server 00] Enter KG_GoddessServer::_query_role_data()
20250718-192944<INFO :00001534>: [Goddess Server 00] PacketID : 4, Get role "TCQGaming" of Account "xboyhd", Result = 1
20250718-192944<DEBUG:00001534>: [Goddess Server 00] Leave KG_GoddessServer::_query_role_data()
20250718-192944<DEBUG:00001534>: [Goddess Server 00] Enter KG_GoddessServer::_query_role_list_in_zone()
20250718-192944<DEBUG:00001534>: [Goddess Server 00] Leave KG_GoddessServer::_query_role_list_in_zone()
20250718-192945<DEBUG:00004A20>: [Goddess Server 02] Enter KG_GoddessServer::_ping()
20250718-192946<DEBUG:00001534>: [Goddess Server 00] Enter KG_GoddessServer::_query_role_data()
20250718-192946<INFO :00001534>: [Goddess Server 00] PacketID : 6, Get role "thieulamne" of Account "xboyhd5", Result = 1
20250718-192946<DEBUG:00001534>: [Goddess Server 00] Leave KG_GoddessServer::_query_role_data()
20250718-192946<DEBUG:00004598>: [Goddess Server 08] Unsupported protocol: 38
20250718-192947<DEBUG:00004A20>: [Goddess Server 02] Unsupported protocol: 38
20250718-192948<DEBUG:00004598>: [Goddess Server 08] Unsupported protocol: 37
20250718-192948<DEBUG:00004A20>: [Goddess Server 02] Unsupported protocol: 37
20250718-192948<DEBUG:00004A20>: [Goddess Server 02] Enter KG_GoddessServer::_save_role_data()
20250718-192948<INFO :00004A20>: [Goddess Server 02] PacketID : 1, Save role "thieulamne" of Account "xboyhd5", LeaveFlag = 1, Result = 1
20250718-192948<DEBUG:00004A20>: [Goddess Server 02] Leave KG_GoddessServer::_save_role_data()
20250718-192948<DEBUG:00004598>: [Goddess Server 08] Unsupported protocol: 38
20250718-192949<DEBUG:00004598>: [Goddess Server 08] Unsupported protocol: 37
20250718-192950<DEBUG:00004C18>: [Goddess Server 03] Enter KG_GoddessServer::_ping()
20250718-192951<DEBUG:00004424>: [Goddess Server 04] Enter KG_GoddessServer::_ping()
20250718-192951<DEBUG:00000274>: [Goddess Server 05] Enter KG_GoddessServer::_ping()
20250718-192952<DEBUG:00004598>: [Goddess Server 08] Enter KG_GoddessServer::_ping()
20250718-192953<DEBUG:00004344>: [Goddess Server 06] Enter KG_GoddessServer::_ping()
20250718-192954<DEBUG:00002F50>: [Goddess Server 07] Enter KG_GoddessServer::_ping()
20250718-192954<DEBUG:000012F4>: [Goddess Server 01] Enter KG_GoddessServer::_ping()
20250718-192955<DEBUG:00004A20>: [Goddess Server 02] Enter KG_GoddessServer::_ping()
20250718-193000<DEBUG:00004598>: [Goddess Server 08] Enter KG_GoddessServer::_save_role_data()
20250718-193000<INFO :00004598>: [Goddess Server 08] PacketID : 2, Save role "thieulamne" of Account "xboyhd5", LeaveFlag = 1, Result = 1
20250718-193000<DEBUG:00004598>: [Goddess Server 08] Leave KG_GoddessServer::_save_role_data()
20250718-193000<DEBUG:00004A20>: [Goddess Server 02] Unsupported protocol: 38
20250718-193000<DEBUG:00004C18>: [Goddess Server 03] Enter KG_GoddessServer::_ping()
20250718-193000<DEBUG:00004C18>: [Goddess Server 03] Enter KG_GoddessServer::_ping()
20250718-193000<DEBUG:00004A20>: [Goddess Server 02] Unsupported protocol: 37
20250718-193001<DEBUG:00004424>: [Goddess Server 04] Enter KG_GoddessServer::_ping()
20250718-193001<DEBUG:00004424>: [Goddess Server 04] Enter KG_GoddessServer::_ping()
20250718-193001<DEBUG:00000274>: [Goddess Server 05] Enter KG_GoddessServer::_ping()
20250718-193001<DEBUG:00000274>: [Goddess Server 05] Enter KG_GoddessServer::_ping()
20250718-193002<DEBUG:00004598>: [Goddess Server 08] Enter KG_GoddessServer::_ping()
20250718-193002<DEBUG:00004598>: [Goddess Server 08] Enter KG_GoddessServer::_ping()
20250718-193003<DEBUG:00004344>: [Goddess Server 06] Enter KG_GoddessServer::_ping()
20250718-193003<DEBUG:00004344>: [Goddess Server 06] Enter KG_GoddessServer::_ping()
20250718-193004<DEBUG:00002F50>: [Goddess Server 07] Enter KG_GoddessServer::_ping()
20250718-193004<DEBUG:00002F50>: [Goddess Server 07] Enter KG_GoddessServer::_ping()
20250718-193005<DEBUG:00004A20>: [Goddess Server 02] Enter KG_GoddessServer::_ping()
20250718-193006<DEBUG:00004A20>: [Goddess Server 02] Enter KG_GoddessServer::_ping()
20250718-193006<DEBUG:00001534>: [Goddess Server 00] Enter KG_GoddessServer::_ping()
20250718-193010<DEBUG:00004C18>: [Goddess Server 03] Enter KG_GoddessServer::_ping()
20250718-193011<DEBUG:00004424>: [Goddess Server 04] Enter KG_GoddessServer::_ping()
20250718-193011<DEBUG:00000274>: [Goddess Server 05] Enter KG_GoddessServer::_ping()
20250718-193012<DEBUG:00004598>: [Goddess Server 08] Enter KG_GoddessServer::_ping()
20250718-193013<DEBUG:00004344>: [Goddess Server 06] Enter KG_GoddessServer::_ping()
20250718-193014<DEBUG:00002F50>: [Goddess Server 07] Enter KG_GoddessServer::_ping()
20250718-193015<DEBUG:00004A20>: [Goddess Server 02] Enter KG_GoddessServer::_ping()
20250718-193020<DEBUG:00004C18>: [Goddess Server 03] Enter KG_GoddessServer::_ping()
20250718-193021<DEBUG:00004424>: [Goddess Server 04] Enter KG_GoddessServer::_ping()
20250718-193021<DEBUG:00000274>: [Goddess Server 05] Enter KG_GoddessServer::_ping()
20250718-193022<DEBUG:00004598>: [Goddess Server 08] Enter KG_GoddessServer::_ping()
20250718-193023<DEBUG:00004344>: [Goddess Server 06] Enter KG_GoddessServer::_ping()
20250718-193024<DEBUG:00002F50>: [Goddess Server 07] Enter KG_GoddessServer::_ping()
20250718-193024<DEBUG:000012F4>: [Goddess Server 01] Enter KG_GoddessServer::_ping()
20250718-193025<DEBUG:00004A20>: [Goddess Server 02] Enter KG_GoddessServer::_ping()
20250718-193026<DEBUG:00001534>: [Goddess Server 00] Enter KG_GoddessServer::_ping()
20250718-193030<DEBUG:00004C18>: [Goddess Server 03] Enter KG_GoddessServer::_ping()
20250718-193030<DEBUG:00004C18>: [Goddess Server 03] Enter KG_GoddessServer::_ping()
20250718-193031<DEBUG:00004424>: [Goddess Server 04] Enter KG_GoddessServer::_ping()
20250718-193031<DEBUG:00004424>: [Goddess Server 04] Enter KG_GoddessServer::_ping()
20250718-193031<DEBUG:00000274>: [Goddess Server 05] Enter KG_GoddessServer::_ping()
20250718-193031<DEBUG:00000274>: [Goddess Server 05] Enter KG_GoddessServer::_ping()
20250718-193032<DEBUG:00004598>: [Goddess Server 08] Enter KG_GoddessServer::_ping()
20250718-193032<DEBUG:00004598>: [Goddess Server 08] Enter KG_GoddessServer::_ping()
20250718-193033<DEBUG:00004344>: [Goddess Server 06] Enter KG_GoddessServer::_ping()
20250718-193033<DEBUG:00004344>: [Goddess Server 06] Enter KG_GoddessServer::_ping()
20250718-193034<DEBUG:00002F50>: [Goddess Server 07] Enter KG_GoddessServer::_ping()
20250718-193034<DEBUG:00002F50>: [Goddess Server 07] Enter KG_GoddessServer::_ping()
20250718-193035<DEBUG:00004A20>: [Goddess Server 02] Enter KG_GoddessServer::_ping()
20250718-193036<DEBUG:00004A20>: [Goddess Server 02] Enter KG_GoddessServer::_ping()
20250718-193040<DEBUG:00004C18>: [Goddess Server 03] Enter KG_GoddessServer::_ping()
20250718-193041<DEBUG:00004424>: [Goddess Server 04] Enter KG_GoddessServer::_ping()
20250718-193041<DEBUG:00000274>: [Goddess Server 05] Enter KG_GoddessServer::_ping()
20250718-193042<DEBUG:00004598>: [Goddess Server 08] Enter KG_GoddessServer::_ping()
20250718-193043<DEBUG:00004344>: [Goddess Server 06] Enter KG_GoddessServer::_ping()
20250718-193044<DEBUG:00002F50>: [Goddess Server 07] Enter KG_GoddessServer::_ping()
20250718-193045<DEBUG:00004A20>: [Goddess Server 02] Enter KG_GoddessServer::_ping()
20250718-193046<DEBUG:00001534>: [Goddess Server 00] Enter KG_GoddessServer::_ping()
20250718-193050<DEBUG:00004C18>: [Goddess Server 03] Enter KG_GoddessServer::_ping()
20250718-193051<DEBUG:00004424>: [Goddess Server 04] Enter KG_GoddessServer::_ping()
20250718-193051<DEBUG:00000274>: [Goddess Server 05] Enter KG_GoddessServer::_ping()
20250718-193052<DEBUG:00004598>: [Goddess Server 08] Enter KG_GoddessServer::_ping()
20250718-193053<DEBUG:00004344>: [Goddess Server 06] Enter KG_GoddessServer::_ping()
20250718-193054<DEBUG:00002F50>: [Goddess Server 07] Enter KG_GoddessServer::_ping()
20250718-193054<DEBUG:000012F4>: [Goddess Server 01] Enter KG_GoddessServer::_ping()
20250718-193055<DEBUG:00004A20>: [Goddess Server 02] Enter KG_GoddessServer::_ping()
20250718-193100<DEBUG:00004C18>: [Goddess Server 03] Enter KG_GoddessServer::_ping()
20250718-193100<DEBUG:00004C18>: [Goddess Server 03] Enter KG_GoddessServer::_ping()
20250718-193101<DEBUG:00004424>: [Goddess Server 04] Enter KG_GoddessServer::_ping()
20250718-193101<DEBUG:00004424>: [Goddess Server 04] Enter KG_GoddessServer::_ping()
20250718-193101<DEBUG:00000274>: [Goddess Server 05] Enter KG_GoddessServer::_ping()
20250718-193101<DEBUG:00000274>: [Goddess Server 05] Enter KG_GoddessServer::_ping()
20250718-193102<DEBUG:00004598>: [Goddess Server 08] Enter KG_GoddessServer::_ping()
20250718-193102<DEBUG:00004598>: [Goddess Server 08] Enter KG_GoddessServer::_ping()
20250718-193103<DEBUG:00004344>: [Goddess Server 06] Enter KG_GoddessServer::_ping()
20250718-193103<DEBUG:00004344>: [Goddess Server 06] Enter KG_GoddessServer::_ping()
20250718-193104<DEBUG:00002F50>: [Goddess Server 07] Enter KG_GoddessServer::_ping()
20250718-193104<DEBUG:00002F50>: [Goddess Server 07] Enter KG_GoddessServer::_ping()
20250718-193105<DEBUG:00004A20>: [Goddess Server 02] Enter KG_GoddessServer::_ping()
20250718-193106<DEBUG:00004A20>: [Goddess Server 02] Enter KG_GoddessServer::_ping()
20250718-193106<DEBUG:00001534>: [Goddess Server 00] Enter KG_GoddessServer::_ping()
20250718-193110<DEBUG:00004C18>: [Goddess Server 03] Enter KG_GoddessServer::_ping()
20250718-193111<DEBUG:00004424>: [Goddess Server 04] Enter KG_GoddessServer::_ping()
20250718-193111<DEBUG:00000274>: [Goddess Server 05] Enter KG_GoddessServer::_ping()
20250718-193112<DEBUG:00004598>: [Goddess Server 08] Enter KG_GoddessServer::_ping()
20250718-193113<DEBUG:00004344>: [Goddess Server 06] Enter KG_GoddessServer::_ping()
20250718-193114<DEBUG:00002F50>: [Goddess Server 07] Enter KG_GoddessServer::_ping()
20250718-193115<DEBUG:00004A20>: [Goddess Server 02] Enter KG_GoddessServer::_ping()
20250718-193120<DEBUG:00004C18>: [Goddess Server 03] Enter KG_GoddessServer::_ping()
20250718-193121<DEBUG:00004424>: [Goddess Server 04] Enter KG_GoddessServer::_ping()
20250718-193121<DEBUG:00000274>: [Goddess Server 05] Enter KG_GoddessServer::_ping()
20250718-193122<DEBUG:00004598>: [Goddess Server 08] Enter KG_GoddessServer::_ping()
20250718-193123<DEBUG:00004344>: [Goddess Server 06] Enter KG_GoddessServer::_ping()
20250718-193124<DEBUG:00002F50>: [Goddess Server 07] Enter KG_GoddessServer::_ping()
20250718-193124<DEBUG:000012F4>: [Goddess Server 01] Enter KG_GoddessServer::_ping()
20250718-193125<DEBUG:00004A20>: [Goddess Server 02] Enter KG_GoddessServer::_ping()
20250718-193126<DEBUG:00001534>: [Goddess Server 00] Enter KG_GoddessServer::_ping()
20250718-193130<DEBUG:00004C18>: [Goddess Server 03] Enter KG_GoddessServer::_ping()
20250718-193130<DEBUG:00004C18>: [Goddess Server 03] Enter KG_GoddessServer::_ping()
20250718-193131<DEBUG:00004424>: [Goddess Server 04] Enter KG_GoddessServer::_ping()
20250718-193131<DEBUG:00004424>: [Goddess Server 04] Enter KG_GoddessServer::_ping()
20250718-193131<DEBUG:00000274>: [Goddess Server 05] Enter KG_GoddessServer::_ping()
20250718-193131<DEBUG:00000274>: [Goddess Server 05] Enter KG_GoddessServer::_ping()
20250718-193132<DEBUG:00004598>: [Goddess Server 08] Enter KG_GoddessServer::_ping()
20250718-193132<DEBUG:00004598>: [Goddess Server 08] Enter KG_GoddessServer::_ping()
20250718-193133<DEBUG:00004344>: [Goddess Server 06] Enter KG_GoddessServer::_ping()
20250718-193134<DEBUG:00004344>: [Goddess Server 06] Enter KG_GoddessServer::_ping()
20250718-193134<DEBUG:00002F50>: [Goddess Server 07] Enter KG_GoddessServer::_ping()
20250718-193134<DEBUG:00002F50>: [Goddess Server 07] Enter KG_GoddessServer::_ping()
20250718-193135<DEBUG:00004A20>: [Goddess Server 02] Enter KG_GoddessServer::_ping()
20250718-193136<DEBUG:00004A20>: [Goddess Server 02] Enter KG_GoddessServer::_ping()
20250718-193140<DEBUG:00004C18>: [Goddess Server 03] Enter KG_GoddessServer::_ping()
20250718-193141<DEBUG:00004424>: [Goddess Server 04] Enter KG_GoddessServer::_ping()
20250718-193141<DEBUG:00000274>: [Goddess Server 05] Enter KG_GoddessServer::_ping()
20250718-193142<DEBUG:00004598>: [Goddess Server 08] Enter KG_GoddessServer::_ping()
20250718-193143<DEBUG:00004344>: [Goddess Server 06] Enter KG_GoddessServer::_ping()
20250718-193144<DEBUG:00002F50>: [Goddess Server 07] Enter KG_GoddessServer::_ping()
20250718-193145<DEBUG:00004A20>: [Goddess Server 02] Enter KG_GoddessServer::_ping()
20250718-193146<DEBUG:00001534>: [Goddess Server 00] Enter KG_GoddessServer::_ping()
20250718-193150<DEBUG:00004C18>: [Goddess Server 03] Enter KG_GoddessServer::_ping()
20250718-193151<DEBUG:00004424>: [Goddess Server 04] Enter KG_GoddessServer::_ping()
20250718-193151<DEBUG:00000274>: [Goddess Server 05] Enter KG_GoddessServer::_ping()
20250718-193152<DEBUG:00004598>: [Goddess Server 08] Enter KG_GoddessServer::_ping()
20250718-193153<DEBUG:00004344>: [Goddess Server 06] Enter KG_GoddessServer::_ping()
20250718-193154<DEBUG:00002F50>: [Goddess Server 07] Enter KG_GoddessServer::_ping()
20250718-193154<DEBUG:000012F4>: [Goddess Server 01] Enter KG_GoddessServer::_ping()
20250718-193155<DEBUG:00004A20>: [Goddess Server 02] Enter KG_GoddessServer::_ping()
20250718-193200<DEBUG:00004C18>: [Goddess Server 03] Enter KG_GoddessServer::_ping()
20250718-193201<DEBUG:00004C18>: [Goddess Server 03] Enter KG_GoddessServer::_ping()
20250718-193201<DEBUG:00004424>: [Goddess Server 04] Enter KG_GoddessServer::_ping()
20250718-193201<DEBUG:00000274>: [Goddess Server 05] Enter KG_GoddessServer::_ping()
20250718-193201<DEBUG:00004424>: [Goddess Server 04] Enter KG_GoddessServer::_ping()
20250718-193201<DEBUG:00000274>: [Goddess Server 05] Enter KG_GoddessServer::_ping()
20250718-193202<DEBUG:00004598>: [Goddess Server 08] Enter KG_GoddessServer::_ping()
20250718-193202<DEBUG:00004598>: [Goddess Server 08] Enter KG_GoddessServer::_ping()
20250718-193203<DEBUG:00004344>: [Goddess Server 06] Enter KG_GoddessServer::_ping()
20250718-193204<DEBUG:00002F50>: [Goddess Server 07] Enter KG_GoddessServer::_ping()
20250718-193204<DEBUG:00004344>: [Goddess Server 06] Enter KG_GoddessServer::_ping()
20250718-193204<DEBUG:00002F50>: [Goddess Server 07] Enter KG_GoddessServer::_ping()
20250718-193205<DEBUG:00004A20>: [Goddess Server 02] Enter KG_GoddessServer::_ping()
20250718-193206<DEBUG:00001534>: [Goddess Server 00] Enter KG_GoddessServer::_ping()
20250718-193206<DEBUG:00004A20>: [Goddess Server 02] Enter KG_GoddessServer::_ping()
20250718-193210<DEBUG:00004C18>: [Goddess Server 03] Enter KG_GoddessServer::_ping()
20250718-193211<DEBUG:00004424>: [Goddess Server 04] Enter KG_GoddessServer::_ping()
20250718-193211<DEBUG:00000274>: [Goddess Server 05] Enter KG_GoddessServer::_ping()
20250718-193212<DEBUG:00004598>: [Goddess Server 08] Enter KG_GoddessServer::_ping()
20250718-193213<DEBUG:00004344>: [Goddess Server 06] Enter KG_GoddessServer::_ping()
20250718-193214<DEBUG:00002F50>: [Goddess Server 07] Enter KG_GoddessServer::_ping()
20250718-193215<DEBUG:00004A20>: [Goddess Server 02] Enter KG_GoddessServer::_ping()
20250718-193220<DEBUG:00004C18>: [Goddess Server 03] Enter KG_GoddessServer::_ping()
20250718-193221<DEBUG:00004424>: [Goddess Server 04] Enter KG_GoddessServer::_ping()
20250718-193221<DEBUG:00000274>: [Goddess Server 05] Enter KG_GoddessServer::_ping()
20250718-193222<DEBUG:00004598>: [Goddess Server 08] Enter KG_GoddessServer::_ping()
20250718-193223<DEBUG:00004344>: [Goddess Server 06] Enter KG_GoddessServer::_ping()
20250718-193224<DEBUG:00002F50>: [Goddess Server 07] Enter KG_GoddessServer::_ping()
20250718-193224<DEBUG:000012F4>: [Goddess Server 01] Enter KG_GoddessServer::_ping()
20250718-193225<DEBUG:00004A20>: [Goddess Server 02] Enter KG_GoddessServer::_ping()
20250718-193226<DEBUG:00001534>: [Goddess Server 00] Enter KG_GoddessServer::_ping()
20250718-193230<DEBUG:00004C18>: [Goddess Server 03] Enter KG_GoddessServer::_ping()
20250718-193231<DEBUG:00004C18>: [Goddess Server 03] Enter KG_GoddessServer::_ping()
20250718-193231<DEBUG:00004424>: [Goddess Server 04] Enter KG_GoddessServer::_ping()
20250718-193231<DEBUG:00000274>: [Goddess Server 05] Enter KG_GoddessServer::_ping()
20250718-193231<DEBUG:00004424>: [Goddess Server 04] Enter KG_GoddessServer::_ping()
20250718-193231<DEBUG:00000274>: [Goddess Server 05] Enter KG_GoddessServer::_ping()
20250718-193232<DEBUG:00004598>: [Goddess Server 08] Enter KG_GoddessServer::_ping()
20250718-193232<DEBUG:00004598>: [Goddess Server 08] Enter KG_GoddessServer::_ping()
20250718-193233<DEBUG:00004344>: [Goddess Server 06] Enter KG_GoddessServer::_ping()
20250718-193234<DEBUG:00002F50>: [Goddess Server 07] Enter KG_GoddessServer::_ping()
20250718-193234<DEBUG:00004344>: [Goddess Server 06] Enter KG_GoddessServer::_ping()
20250718-193234<DEBUG:00002F50>: [Goddess Server 07] Enter KG_GoddessServer::_ping()
20250718-193235<DEBUG:00004A20>: [Goddess Server 02] Enter KG_GoddessServer::_ping()
20250718-193236<DEBUG:00004A20>: [Goddess Server 02] Enter KG_GoddessServer::_ping()
20250718-193240<DEBUG:00004C18>: [Goddess Server 03] Enter KG_GoddessServer::_ping()
20250718-193241<DEBUG:00004424>: [Goddess Server 04] Enter KG_GoddessServer::_ping()
20250718-193241<DEBUG:00000274>: [Goddess Server 05] Enter KG_GoddessServer::_ping()
20250718-193242<DEBUG:00004598>: [Goddess Server 08] Enter KG_GoddessServer::_ping()
20250718-193243<DEBUG:00004344>: [Goddess Server 06] Enter KG_GoddessServer::_ping()
20250718-193244<DEBUG:00002F50>: [Goddess Server 07] Enter KG_GoddessServer::_ping()
20250718-193245<DEBUG:00004A20>: [Goddess Server 02] Enter KG_GoddessServer::_ping()
20250718-193246<DEBUG:00001534>: [Goddess Server 00] Enter KG_GoddessServer::_ping()
20250718-193250<DEBUG:00004C18>: [Goddess Server 03] Enter KG_GoddessServer::_ping()
20250718-193251<DEBUG:00004424>: [Goddess Server 04] Enter KG_GoddessServer::_ping()
20250718-193251<DEBUG:00000274>: [Goddess Server 05] Enter KG_GoddessServer::_ping()
20250718-193252<DEBUG:00004598>: [Goddess Server 08] Enter KG_GoddessServer::_ping()
20250718-193253<DEBUG:00004344>: [Goddess Server 06] Enter KG_GoddessServer::_ping()
20250718-193254<DEBUG:00002F50>: [Goddess Server 07] Enter KG_GoddessServer::_ping()
20250718-193255<DEBUG:000012F4>: [Goddess Server 01] Enter KG_GoddessServer::_ping()
20250718-193255<DEBUG:00004A20>: [Goddess Server 02] Enter KG_GoddessServer::_ping()
20250718-193300<DEBUG:00004C18>: [Goddess Server 03] Enter KG_GoddessServer::_ping()
20250718-193301<DEBUG:00004424>: [Goddess Server 04] Enter KG_GoddessServer::_ping()
20250718-193301<DEBUG:00004C18>: [Goddess Server 03] Enter KG_GoddessServer::_ping()
20250718-193301<DEBUG:00000274>: [Goddess Server 05] Enter KG_GoddessServer::_ping()
20250718-193301<DEBUG:00004424>: [Goddess Server 04] Enter KG_GoddessServer::_ping()
20250718-193301<DEBUG:00000274>: [Goddess Server 05] Enter KG_GoddessServer::_ping()
20250718-193302<DEBUG:00004598>: [Goddess Server 08] Enter KG_GoddessServer::_ping()
20250718-193302<DEBUG:00004598>: [Goddess Server 08] Enter KG_GoddessServer::_ping()
20250718-193303<DEBUG:00004344>: [Goddess Server 06] Enter KG_GoddessServer::_ping()
20250718-193304<DEBUG:00002F50>: [Goddess Server 07] Enter KG_GoddessServer::_ping()
20250718-193304<DEBUG:00004344>: [Goddess Server 06] Enter KG_GoddessServer::_ping()
20250718-193304<DEBUG:00002F50>: [Goddess Server 07] Enter KG_GoddessServer::_ping()
20250718-193305<DEBUG:00004A20>: [Goddess Server 02] Enter KG_GoddessServer::_ping()
20250718-193306<DEBUG:00001534>: [Goddess Server 00] Enter KG_GoddessServer::_ping()
20250718-193306<DEBUG:00004A20>: [Goddess Server 02] Enter KG_GoddessServer::_ping()
20250718-193310<DEBUG:00004C18>: [Goddess Server 03] Enter KG_GoddessServer::_ping()
20250718-193311<DEBUG:00004424>: [Goddess Server 04] Enter KG_GoddessServer::_ping()
20250718-193311<DEBUG:00000274>: [Goddess Server 05] Enter KG_GoddessServer::_ping()
20250718-193312<DEBUG:00004598>: [Goddess Server 08] Enter KG_GoddessServer::_ping()
20250718-193313<DEBUG:00004344>: [Goddess Server 06] Enter KG_GoddessServer::_ping()
20250718-193314<DEBUG:00002F50>: [Goddess Server 07] Enter KG_GoddessServer::_ping()
20250718-193315<DEBUG:00004A20>: [Goddess Server 02] Enter KG_GoddessServer::_ping()
20250718-193320<DEBUG:00004C18>: [Goddess Server 03] Enter KG_GoddessServer::_ping()
20250718-193321<DEBUG:00004424>: [Goddess Server 04] Enter KG_GoddessServer::_ping()
20250718-193321<DEBUG:00000274>: [Goddess Server 05] Enter KG_GoddessServer::_ping()
20250718-193322<DEBUG:00004598>: [Goddess Server 08] Enter KG_GoddessServer::_ping()
20250718-193323<DEBUG:00004344>: [Goddess Server 06] Enter KG_GoddessServer::_ping()
20250718-193324<DEBUG:00002F50>: [Goddess Server 07] Enter KG_GoddessServer::_ping()
20250718-193324<DEBUG:000012F4>: [Goddess Server 01] Enter KG_GoddessServer::_ping()
20250718-193325<DEBUG:00004A20>: [Goddess Server 02] Enter KG_GoddessServer::_ping()
20250718-193326<DEBUG:00001534>: [Goddess Server 00] Enter KG_GoddessServer::_ping()
20250718-193330<DEBUG:00004C18>: [Goddess Server 03] Enter KG_GoddessServer::_ping()
20250718-193331<DEBUG:00004424>: [Goddess Server 04] Enter KG_GoddessServer::_ping()
20250718-193331<DEBUG:00004C18>: [Goddess Server 03] Enter KG_GoddessServer::_ping()
20250718-193331<DEBUG:00000274>: [Goddess Server 05] Enter KG_GoddessServer::_ping()
20250718-193331<DEBUG:00004424>: [Goddess Server 04] Enter KG_GoddessServer::_ping()
20250718-193331<DEBUG:00000274>: [Goddess Server 05] Enter KG_GoddessServer::_ping()
20250718-193332<DEBUG:00004598>: [Goddess Server 08] Enter KG_GoddessServer::_ping()
20250718-193332<DEBUG:00004598>: [Goddess Server 08] Enter KG_GoddessServer::_ping()
20250718-193333<DEBUG:00004344>: [Goddess Server 06] Enter KG_GoddessServer::_ping()
20250718-193334<DEBUG:00002F50>: [Goddess Server 07] Enter KG_GoddessServer::_ping()
20250718-193334<DEBUG:00004344>: [Goddess Server 06] Enter KG_GoddessServer::_ping()
20250718-193334<DEBUG:00002F50>: [Goddess Server 07] Enter KG_GoddessServer::_ping()
20250718-193335<DEBUG:00004A20>: [Goddess Server 02] Enter KG_GoddessServer::_ping()
20250718-193336<DEBUG:00004A20>: [Goddess Server 02] Enter KG_GoddessServer::_ping()
20250718-193340<DEBUG:00004C18>: [Goddess Server 03] Enter KG_GoddessServer::_ping()
20250718-193341<DEBUG:00004424>: [Goddess Server 04] Enter KG_GoddessServer::_ping()
20250718-193341<DEBUG:00000274>: [Goddess Server 05] Enter KG_GoddessServer::_ping()
20250718-193342<DEBUG:00004598>: [Goddess Server 08] Enter KG_GoddessServer::_ping()
20250718-193343<DEBUG:00004344>: [Goddess Server 06] Enter KG_GoddessServer::_ping()
20250718-193344<DEBUG:00002F50>: [Goddess Server 07] Enter KG_GoddessServer::_ping()
20250718-193345<DEBUG:00004A20>: [Goddess Server 02] Enter KG_GoddessServer::_ping()
20250718-193346<DEBUG:00001534>: [Goddess Server 00] Enter KG_GoddessServer::_ping()
20250718-193350<DEBUG:00004C18>: [Goddess Server 03] Enter KG_GoddessServer::_ping()
20250718-193351<DEBUG:00004424>: [Goddess Server 04] Enter KG_GoddessServer::_ping()
20250718-193351<DEBUG:00000274>: [Goddess Server 05] Enter KG_GoddessServer::_ping()
20250718-193352<DEBUG:00004598>: [Goddess Server 08] Enter KG_GoddessServer::_ping()
20250718-193353<DEBUG:00004344>: [Goddess Server 06] Enter KG_GoddessServer::_ping()
20250718-193354<DEBUG:00002F50>: [Goddess Server 07] Enter KG_GoddessServer::_ping()
20250718-193354<DEBUG:000012F4>: [Goddess Server 01] Enter KG_GoddessServer::_ping()
20250718-193355<DEBUG:00004A20>: [Goddess Server 02] Enter KG_GoddessServer::_ping()
20250718-193400<DEBUG:00004C18>: [Goddess Server 03] Enter KG_GoddessServer::_ping()
20250718-193401<DEBUG:00004424>: [Goddess Server 04] Enter KG_GoddessServer::_ping()
20250718-193401<DEBUG:00004C18>: [Goddess Server 03] Enter KG_GoddessServer::_ping()
20250718-193401<DEBUG:00000274>: [Goddess Server 05] Enter KG_GoddessServer::_ping()
20250718-193401<DEBUG:00004424>: [Goddess Server 04] Enter KG_GoddessServer::_ping()
20250718-193401<DEBUG:00000274>: [Goddess Server 05] Enter KG_GoddessServer::_ping()
20250718-193402<DEBUG:00004598>: [Goddess Server 08] Enter KG_GoddessServer::_ping()
20250718-193402<DEBUG:00004598>: [Goddess Server 08] Enter KG_GoddessServer::_ping()
20250718-193403<DEBUG:00004344>: [Goddess Server 06] Enter KG_GoddessServer::_ping()
20250718-193404<DEBUG:00002F50>: [Goddess Server 07] Enter KG_GoddessServer::_ping()
20250718-193404<DEBUG:00004344>: [Goddess Server 06] Enter KG_GoddessServer::_ping()
20250718-193404<DEBUG:00002F50>: [Goddess Server 07] Enter KG_GoddessServer::_ping()
20250718-193405<DEBUG:00004A20>: [Goddess Server 02] Enter KG_GoddessServer::_ping()
20250718-193406<DEBUG:00001534>: [Goddess Server 00] Enter KG_GoddessServer::_ping()
20250718-193406<DEBUG:00004A20>: [Goddess Server 02] Enter KG_GoddessServer::_ping()
20250718-193410<DEBUG:00004C18>: [Goddess Server 03] Enter KG_GoddessServer::_ping()
20250718-193411<DEBUG:00004424>: [Goddess Server 04] Enter KG_GoddessServer::_ping()
20250718-193411<DEBUG:00000274>: [Goddess Server 05] Enter KG_GoddessServer::_ping()
20250718-193412<DEBUG:00004598>: [Goddess Server 08] Enter KG_GoddessServer::_ping()
20250718-193413<DEBUG:00004344>: [Goddess Server 06] Enter KG_GoddessServer::_ping()
20250718-193414<DEBUG:00002F50>: [Goddess Server 07] Enter KG_GoddessServer::_ping()
20250718-193415<DEBUG:00004A20>: [Goddess Server 02] Enter KG_GoddessServer::_ping()
20250718-193420<DEBUG:00004C18>: [Goddess Server 03] Enter KG_GoddessServer::_ping()
20250718-193421<DEBUG:00004424>: [Goddess Server 04] Enter KG_GoddessServer::_ping()
20250718-193421<DEBUG:00000274>: [Goddess Server 05] Enter KG_GoddessServer::_ping()
20250718-193422<DEBUG:00004598>: [Goddess Server 08] Enter KG_GoddessServer::_ping()
20250718-193423<DEBUG:00004344>: [Goddess Server 06] Enter KG_GoddessServer::_ping()
20250718-193424<DEBUG:00002F50>: [Goddess Server 07] Enter KG_GoddessServer::_ping()
20250718-193424<DEBUG:000012F4>: [Goddess Server 01] Enter KG_GoddessServer::_ping()
20250718-193425<DEBUG:00004A20>: [Goddess Server 02] Enter KG_GoddessServer::_ping()
20250718-193426<DEBUG:00001534>: [Goddess Server 00] Enter KG_GoddessServer::_ping()
20250718-193430<DEBUG:00004C18>: [Goddess Server 03] Enter KG_GoddessServer::_ping()
20250718-193431<DEBUG:00004424>: [Goddess Server 04] Enter KG_GoddessServer::_ping()
20250718-193431<DEBUG:00004C18>: [Goddess Server 03] Enter KG_GoddessServer::_ping()
20250718-193431<DEBUG:00000274>: [Goddess Server 05] Enter KG_GoddessServer::_ping()
20250718-193431<DEBUG:00004424>: [Goddess Server 04] Enter KG_GoddessServer::_ping()
20250718-193432<DEBUG:00000274>: [Goddess Server 05] Enter KG_GoddessServer::_ping()
20250718-193432<DEBUG:00004598>: [Goddess Server 08] Enter KG_GoddessServer::_ping()
20250718-193432<DEBUG:00004598>: [Goddess Server 08] Enter KG_GoddessServer::_ping()
20250718-193433<DEBUG:00004344>: [Goddess Server 06] Enter KG_GoddessServer::_ping()
20250718-193434<DEBUG:00002F50>: [Goddess Server 07] Enter KG_GoddessServer::_ping()
20250718-193434<DEBUG:00004344>: [Goddess Server 06] Enter KG_GoddessServer::_ping()
20250718-193434<DEBUG:00002F50>: [Goddess Server 07] Enter KG_GoddessServer::_ping()
20250718-193435<DEBUG:00004A20>: [Goddess Server 02] Enter KG_GoddessServer::_ping()
20250718-193436<DEBUG:00004A20>: [Goddess Server 02] Enter KG_GoddessServer::_ping()
20250718-193440<DEBUG:00004C18>: [Goddess Server 03] Enter KG_GoddessServer::_ping()
20250718-193441<DEBUG:00004424>: [Goddess Server 04] Enter KG_GoddessServer::_ping()
20250718-193441<DEBUG:00000274>: [Goddess Server 05] Enter KG_GoddessServer::_ping()
20250718-193442<DEBUG:00004598>: [Goddess Server 08] Enter KG_GoddessServer::_ping()
20250718-193443<DEBUG:00004344>: [Goddess Server 06] Enter KG_GoddessServer::_ping()
20250718-193444<DEBUG:00002F50>: [Goddess Server 07] Enter KG_GoddessServer::_ping()
20250718-193445<DEBUG:00004A20>: [Goddess Server 02] Enter KG_GoddessServer::_ping()
20250718-193446<DEBUG:00001534>: [Goddess Server 00] Enter KG_GoddessServer::_ping()
20250718-193450<DEBUG:00004C18>: [Goddess Server 03] Enter KG_GoddessServer::_ping()
20250718-193451<DEBUG:00004424>: [Goddess Server 04] Enter KG_GoddessServer::_ping()
20250718-193451<DEBUG:00000274>: [Goddess Server 05] Enter KG_GoddessServer::_ping()
20250718-193452<DEBUG:00004598>: [Goddess Server 08] Enter KG_GoddessServer::_ping()
20250718-193453<DEBUG:00004344>: [Goddess Server 06] Enter KG_GoddessServer::_ping()
20250718-193454<DEBUG:00002F50>: [Goddess Server 07] Enter KG_GoddessServer::_ping()
20250718-193455<DEBUG:000012F4>: [Goddess Server 01] Enter KG_GoddessServer::_ping()
20250718-193455<DEBUG:00004A20>: [Goddess Server 02] Enter KG_GoddessServer::_ping()
20250718-193500<DEBUG:00004C18>: [Goddess Server 03] Enter KG_GoddessServer::_ping()
20250718-193501<DEBUG:00004424>: [Goddess Server 04] Enter KG_GoddessServer::_ping()
20250718-193501<DEBUG:00004C18>: [Goddess Server 03] Enter KG_GoddessServer::_ping()
20250718-193501<DEBUG:00000274>: [Goddess Server 05] Enter KG_GoddessServer::_ping()
20250718-193501<DEBUG:00004424>: [Goddess Server 04] Enter KG_GoddessServer::_ping()
20250718-193502<DEBUG:00000274>: [Goddess Server 05] Enter KG_GoddessServer::_ping()
20250718-193502<DEBUG:00004598>: [Goddess Server 08] Enter KG_GoddessServer::_ping()
20250718-193502<DEBUG:00004598>: [Goddess Server 08] Enter KG_GoddessServer::_ping()
20250718-193503<DEBUG:00004344>: [Goddess Server 06] Enter KG_GoddessServer::_ping()
20250718-193504<DEBUG:00002F50>: [Goddess Server 07] Enter KG_GoddessServer::_ping()
20250718-193504<DEBUG:00004344>: [Goddess Server 06] Enter KG_GoddessServer::_ping()
20250718-193504<DEBUG:00002F50>: [Goddess Server 07] Enter KG_GoddessServer::_ping()
20250718-193505<DEBUG:00004A20>: [Goddess Server 02] Enter KG_GoddessServer::_ping()
20250718-193506<DEBUG:00001534>: [Goddess Server 00] Enter KG_GoddessServer::_ping()
20250718-193506<DEBUG:00004A20>: [Goddess Server 02] Enter KG_GoddessServer::_ping()
20250718-193510<DEBUG:00004C18>: [Goddess Server 03] Enter KG_GoddessServer::_ping()
20250718-193511<DEBUG:00004424>: [Goddess Server 04] Enter KG_GoddessServer::_ping()
20250718-193511<DEBUG:00000274>: [Goddess Server 05] Enter KG_GoddessServer::_ping()
20250718-193512<DEBUG:00004598>: [Goddess Server 08] Enter KG_GoddessServer::_ping()
20250718-193513<DEBUG:00004344>: [Goddess Server 06] Enter KG_GoddessServer::_ping()
20250718-193514<DEBUG:00002F50>: [Goddess Server 07] Enter KG_GoddessServer::_ping()
20250718-193515<DEBUG:00004A20>: [Goddess Server 02] Enter KG_GoddessServer::_ping()
20250718-193520<DEBUG:00004C18>: [Goddess Server 03] Enter KG_GoddessServer::_ping()
20250718-193521<DEBUG:00004424>: [Goddess Server 04] Enter KG_GoddessServer::_ping()
20250718-193521<DEBUG:00000274>: [Goddess Server 05] Enter KG_GoddessServer::_ping()
20250718-193522<DEBUG:00004598>: [Goddess Server 08] Enter KG_GoddessServer::_ping()
20250718-193523<DEBUG:00004344>: [Goddess Server 06] Enter KG_GoddessServer::_ping()
20250718-193524<DEBUG:00002F50>: [Goddess Server 07] Enter KG_GoddessServer::_ping()
20250718-193525<DEBUG:000012F4>: [Goddess Server 01] Enter KG_GoddessServer::_ping()
20250718-193525<DEBUG:00004A20>: [Goddess Server 02] Enter KG_GoddessServer::_ping()
20250718-193526<DEBUG:00001534>: [Goddess Server 00] Enter KG_GoddessServer::_ping()
20250718-193530<DEBUG:00004C18>: [Goddess Server 03] Enter KG_GoddessServer::_ping()
20250718-193531<DEBUG:00004424>: [Goddess Server 04] Enter KG_GoddessServer::_ping()
20250718-193531<DEBUG:00004C18>: [Goddess Server 03] Enter KG_GoddessServer::_ping()
20250718-193531<DEBUG:00000274>: [Goddess Server 05] Enter KG_GoddessServer::_ping()
20250718-193531<DEBUG:00004424>: [Goddess Server 04] Enter KG_GoddessServer::_ping()
20250718-193532<DEBUG:00000274>: [Goddess Server 05] Enter KG_GoddessServer::_ping()
20250718-193532<DEBUG:00004598>: [Goddess Server 08] Enter KG_GoddessServer::_ping()
20250718-193533<DEBUG:00004598>: [Goddess Server 08] Enter KG_GoddessServer::_ping()
20250718-193533<DEBUG:00004344>: [Goddess Server 06] Enter KG_GoddessServer::_ping()
20250718-193534<DEBUG:00002F50>: [Goddess Server 07] Enter KG_GoddessServer::_ping()
20250718-193534<DEBUG:00004344>: [Goddess Server 06] Enter KG_GoddessServer::_ping()
20250718-193534<DEBUG:00002F50>: [Goddess Server 07] Enter KG_GoddessServer::_ping()
20250718-193535<DEBUG:00004A20>: [Goddess Server 02] Enter KG_GoddessServer::_ping()
20250718-193536<DEBUG:00004A20>: [Goddess Server 02] Enter KG_GoddessServer::_ping()
20250718-193540<DEBUG:00004C18>: [Goddess Server 03] Enter KG_GoddessServer::_ping()
20250718-193541<DEBUG:00004424>: [Goddess Server 04] Enter KG_GoddessServer::_ping()
20250718-193541<DEBUG:00000274>: [Goddess Server 05] Enter KG_GoddessServer::_ping()
20250718-193542<DEBUG:00004598>: [Goddess Server 08] Enter KG_GoddessServer::_ping()
20250718-193543<DEBUG:00004344>: [Goddess Server 06] Enter KG_GoddessServer::_ping()
20250718-193544<DEBUG:00002F50>: [Goddess Server 07] Enter KG_GoddessServer::_ping()
20250718-193545<DEBUG:00004A20>: [Goddess Server 02] Enter KG_GoddessServer::_ping()
20250718-193546<DEBUG:00001534>: [Goddess Server 00] Enter KG_GoddessServer::_ping()
20250718-193550<DEBUG:00004C18>: [Goddess Server 03] Enter KG_GoddessServer::_ping()
20250718-193551<DEBUG:00004424>: [Goddess Server 04] Enter KG_GoddessServer::_ping()
20250718-193551<DEBUG:00000274>: [Goddess Server 05] Enter KG_GoddessServer::_ping()
20250718-193552<DEBUG:00004598>: [Goddess Server 08] Enter KG_GoddessServer::_ping()
20250718-193553<DEBUG:00004344>: [Goddess Server 06] Enter KG_GoddessServer::_ping()
20250718-193554<DEBUG:00002F50>: [Goddess Server 07] Enter KG_GoddessServer::_ping()
20250718-193555<DEBUG:000012F4>: [Goddess Server 01] Enter KG_GoddessServer::_ping()
20250718-193555<DEBUG:00004A20>: [Goddess Server 02] Enter KG_GoddessServer::_ping()
20250718-193600<DEBUG:00004C18>: [Goddess Server 03] Enter KG_GoddessServer::_ping()
20250718-193601<DEBUG:00004424>: [Goddess Server 04] Enter KG_GoddessServer::_ping()
20250718-193601<DEBUG:00000274>: [Goddess Server 05] Enter KG_GoddessServer::_ping()
20250718-193601<DEBUG:00004C18>: [Goddess Server 03] Enter KG_GoddessServer::_ping()
20250718-193601<DEBUG:00004424>: [Goddess Server 04] Enter KG_GoddessServer::_ping()
20250718-193602<DEBUG:00000274>: [Goddess Server 05] Enter KG_GoddessServer::_ping()
20250718-193602<DEBUG:00004598>: [Goddess Server 08] Enter KG_GoddessServer::_ping()
20250718-193603<DEBUG:00004598>: [Goddess Server 08] Enter KG_GoddessServer::_ping()
20250718-193603<DEBUG:00004344>: [Goddess Server 06] Enter KG_GoddessServer::_ping()
20250718-193604<DEBUG:00002F50>: [Goddess Server 07] Enter KG_GoddessServer::_ping()
20250718-193604<DEBUG:00004344>: [Goddess Server 06] Enter KG_GoddessServer::_ping()
20250718-193604<DEBUG:00002F50>: [Goddess Server 07] Enter KG_GoddessServer::_ping()
20250718-193605<DEBUG:00004A20>: [Goddess Server 02] Enter KG_GoddessServer::_ping()
20250718-193606<DEBUG:00001534>: [Goddess Server 00] Enter KG_GoddessServer::_ping()
20250718-193606<DEBUG:00004A20>: [Goddess Server 02] Enter KG_GoddessServer::_ping()
20250718-193610<DEBUG:00004C18>: [Goddess Server 03] Enter KG_GoddessServer::_ping()
20250718-193611<DEBUG:00004424>: [Goddess Server 04] Enter KG_GoddessServer::_ping()
20250718-193611<DEBUG:00000274>: [Goddess Server 05] Enter KG_GoddessServer::_ping()
20250718-193612<DEBUG:00004598>: [Goddess Server 08] Enter KG_GoddessServer::_ping()
20250718-193613<DEBUG:00004344>: [Goddess Server 06] Enter KG_GoddessServer::_ping()
20250718-193614<DEBUG:00002F50>: [Goddess Server 07] Enter KG_GoddessServer::_ping()
20250718-193615<DEBUG:00004A20>: [Goddess Server 02] Enter KG_GoddessServer::_ping()
20250718-193620<DEBUG:00004C18>: [Goddess Server 03] Enter KG_GoddessServer::_ping()
20250718-193621<DEBUG:00004424>: [Goddess Server 04] Enter KG_GoddessServer::_ping()
20250718-193621<DEBUG:00000274>: [Goddess Server 05] Enter KG_GoddessServer::_ping()
20250718-193622<DEBUG:00004598>: [Goddess Server 08] Enter KG_GoddessServer::_ping()
20250718-193623<DEBUG:00004344>: [Goddess Server 06] Enter KG_GoddessServer::_ping()
20250718-193624<DEBUG:00002F50>: [Goddess Server 07] Enter KG_GoddessServer::_ping()
20250718-193625<DEBUG:000012F4>: [Goddess Server 01] Enter KG_GoddessServer::_ping()
20250718-193625<DEBUG:00004A20>: [Goddess Server 02] Enter KG_GoddessServer::_ping()
20250718-193626<DEBUG:00001534>: [Goddess Server 00] Enter KG_GoddessServer::_ping()
20250718-193630<DEBUG:00004C18>: [Goddess Server 03] Enter KG_GoddessServer::_ping()
20250718-193631<DEBUG:00004424>: [Goddess Server 04] Enter KG_GoddessServer::_ping()
20250718-193631<DEBUG:00000274>: [Goddess Server 05] Enter KG_GoddessServer::_ping()
20250718-193631<DEBUG:00004C18>: [Goddess Server 03] Enter KG_GoddessServer::_ping()
20250718-193631<DEBUG:00004424>: [Goddess Server 04] Enter KG_GoddessServer::_ping()
20250718-193632<DEBUG:00000274>: [Goddess Server 05] Enter KG_GoddessServer::_ping()
20250718-193632<DEBUG:00004598>: [Goddess Server 08] Enter KG_GoddessServer::_ping()
20250718-193633<DEBUG:00004598>: [Goddess Server 08] Enter KG_GoddessServer::_ping()
20250718-193633<DEBUG:00004344>: [Goddess Server 06] Enter KG_GoddessServer::_ping()
20250718-193634<DEBUG:00002F50>: [Goddess Server 07] Enter KG_GoddessServer::_ping()
20250718-193634<DEBUG:00004344>: [Goddess Server 06] Enter KG_GoddessServer::_ping()
20250718-193634<DEBUG:00002F50>: [Goddess Server 07] Enter KG_GoddessServer::_ping()
20250718-193635<DEBUG:00004A20>: [Goddess Server 02] Enter KG_GoddessServer::_ping()
20250718-193636<DEBUG:00004A20>: [Goddess Server 02] Enter KG_GoddessServer::_ping()
20250718-193640<DEBUG:00004C18>: [Goddess Server 03] Enter KG_GoddessServer::_ping()
20250718-193641<DEBUG:00004424>: [Goddess Server 04] Enter KG_GoddessServer::_ping()
20250718-193641<DEBUG:00000274>: [Goddess Server 05] Enter KG_GoddessServer::_ping()
20250718-193642<DEBUG:00004598>: [Goddess Server 08] Enter KG_GoddessServer::_ping()
20250718-193643<DEBUG:00004344>: [Goddess Server 06] Enter KG_GoddessServer::_ping()
20250718-193644<DEBUG:00002F50>: [Goddess Server 07] Enter KG_GoddessServer::_ping()
20250718-193645<DEBUG:00004A20>: [Goddess Server 02] Enter KG_GoddessServer::_ping()
20250718-193646<DEBUG:00001534>: [Goddess Server 00] Enter KG_GoddessServer::_ping()
20250718-193650<DEBUG:00004C18>: [Goddess Server 03] Enter KG_GoddessServer::_ping()
20250718-193651<DEBUG:00004424>: [Goddess Server 04] Enter KG_GoddessServer::_ping()
20250718-193651<DEBUG:00000274>: [Goddess Server 05] Enter KG_GoddessServer::_ping()
20250718-193652<DEBUG:00004598>: [Goddess Server 08] Enter KG_GoddessServer::_ping()
20250718-193653<DEBUG:00004344>: [Goddess Server 06] Enter KG_GoddessServer::_ping()
20250718-193654<DEBUG:00002F50>: [Goddess Server 07] Enter KG_GoddessServer::_ping()
20250718-193655<DEBUG:000012F4>: [Goddess Server 01] Enter KG_GoddessServer::_ping()
20250718-193655<DEBUG:00004A20>: [Goddess Server 02] Enter KG_GoddessServer::_ping()
20250718-193700<DEBUG:00004C18>: [Goddess Server 03] Enter KG_GoddessServer::_ping()
20250718-193701<DEBUG:00004424>: [Goddess Server 04] Enter KG_GoddessServer::_ping()
20250718-193701<DEBUG:00000274>: [Goddess Server 05] Enter KG_GoddessServer::_ping()
20250718-193701<DEBUG:00004C18>: [Goddess Server 03] Enter KG_GoddessServer::_ping()
20250718-193702<DEBUG:00004424>: [Goddess Server 04] Enter KG_GoddessServer::_ping()
20250718-193702<DEBUG:00000274>: [Goddess Server 05] Enter KG_GoddessServer::_ping()
20250718-193702<DEBUG:00004598>: [Goddess Server 08] Enter KG_GoddessServer::_ping()
20250718-193703<DEBUG:00004598>: [Goddess Server 08] Enter KG_GoddessServer::_ping()
20250718-193703<DEBUG:00004344>: [Goddess Server 06] Enter KG_GoddessServer::_ping()
20250718-193704<DEBUG:00002F50>: [Goddess Server 07] Enter KG_GoddessServer::_ping()
20250718-193704<DEBUG:00004344>: [Goddess Server 06] Enter KG_GoddessServer::_ping()
20250718-193704<DEBUG:00002F50>: [Goddess Server 07] Enter KG_GoddessServer::_ping()
20250718-193705<DEBUG:00004A20>: [Goddess Server 02] Enter KG_GoddessServer::_ping()
20250718-193706<DEBUG:00001534>: [Goddess Server 00] Enter KG_GoddessServer::_ping()
20250718-193706<DEBUG:00004A20>: [Goddess Server 02] Enter KG_GoddessServer::_ping()
20250718-193710<DEBUG:00004C18>: [Goddess Server 03] Enter KG_GoddessServer::_ping()
20250718-193711<DEBUG:00004424>: [Goddess Server 04] Enter KG_GoddessServer::_ping()
20250718-193711<DEBUG:00000274>: [Goddess Server 05] Enter KG_GoddessServer::_ping()
20250718-193712<DEBUG:00004598>: [Goddess Server 08] Enter KG_GoddessServer::_ping()
20250718-193713<DEBUG:00004344>: [Goddess Server 06] Enter KG_GoddessServer::_ping()
20250718-193714<DEBUG:00002F50>: [Goddess Server 07] Enter KG_GoddessServer::_ping()
20250718-193715<DEBUG:00004A20>: [Goddess Server 02] Enter KG_GoddessServer::_ping()
20250718-193720<DEBUG:00004C18>: [Goddess Server 03] Enter KG_GoddessServer::_ping()
20250718-193721<DEBUG:00004424>: [Goddess Server 04] Enter KG_GoddessServer::_ping()
20250718-193721<DEBUG:00000274>: [Goddess Server 05] Enter KG_GoddessServer::_ping()
20250718-193722<DEBUG:00004598>: [Goddess Server 08] Enter KG_GoddessServer::_ping()
20250718-193723<DEBUG:00004344>: [Goddess Server 06] Enter KG_GoddessServer::_ping()
20250718-193724<DEBUG:00002F50>: [Goddess Server 07] Enter KG_GoddessServer::_ping()
20250718-193725<DEBUG:000012F4>: [Goddess Server 01] Enter KG_GoddessServer::_ping()
20250718-193725<DEBUG:00004A20>: [Goddess Server 02] Enter KG_GoddessServer::_ping()
20250718-193726<DEBUG:00001534>: [Goddess Server 00] Enter KG_GoddessServer::_ping()
20250718-193730<DEBUG:00004C18>: [Goddess Server 03] Enter KG_GoddessServer::_ping()
20250718-193731<DEBUG:00004424>: [Goddess Server 04] Enter KG_GoddessServer::_ping()
20250718-193731<DEBUG:00000274>: [Goddess Server 05] Enter KG_GoddessServer::_ping()
20250718-193731<DEBUG:00004C18>: [Goddess Server 03] Enter KG_GoddessServer::_ping()
20250718-193732<DEBUG:00004424>: [Goddess Server 04] Enter KG_GoddessServer::_ping()
20250718-193732<DEBUG:00004598>: [Goddess Server 08] Enter KG_GoddessServer::_ping()
20250718-193732<DEBUG:00000274>: [Goddess Server 05] Enter KG_GoddessServer::_ping()
20250718-193733<DEBUG:00004598>: [Goddess Server 08] Enter KG_GoddessServer::_ping()
20250718-193733<DEBUG:00004344>: [Goddess Server 06] Enter KG_GoddessServer::_ping()
20250718-193734<DEBUG:00002F50>: [Goddess Server 07] Enter KG_GoddessServer::_ping()
20250718-193734<DEBUG:00004344>: [Goddess Server 06] Enter KG_GoddessServer::_ping()
20250718-193734<DEBUG:00002F50>: [Goddess Server 07] Enter KG_GoddessServer::_ping()
20250718-193735<DEBUG:00004A20>: [Goddess Server 02] Enter KG_GoddessServer::_ping()
20250718-193736<DEBUG:00004A20>: [Goddess Server 02] Enter KG_GoddessServer::_ping()
20250718-193740<DEBUG:00004C18>: [Goddess Server 03] Enter KG_GoddessServer::_ping()
20250718-193741<DEBUG:00004424>: [Goddess Server 04] Enter KG_GoddessServer::_ping()
20250718-193741<DEBUG:00000274>: [Goddess Server 05] Enter KG_GoddessServer::_ping()
20250718-193742<DEBUG:00004598>: [Goddess Server 08] Enter KG_GoddessServer::_ping()
20250718-193743<DEBUG:00004344>: [Goddess Server 06] Enter KG_GoddessServer::_ping()
20250718-193744<DEBUG:00002F50>: [Goddess Server 07] Enter KG_GoddessServer::_ping()
20250718-193745<DEBUG:00004A20>: [Goddess Server 02] Enter KG_GoddessServer::_ping()
20250718-193746<DEBUG:00001534>: [Goddess Server 00] Enter KG_GoddessServer::_ping()
20250718-193750<DEBUG:00004C18>: [Goddess Server 03] Enter KG_GoddessServer::_ping()
20250718-193751<DEBUG:00004424>: [Goddess Server 04] Enter KG_GoddessServer::_ping()
20250718-193751<DEBUG:00000274>: [Goddess Server 05] Enter KG_GoddessServer::_ping()
20250718-193752<DEBUG:00004598>: [Goddess Server 08] Enter KG_GoddessServer::_ping()
20250718-193753<DEBUG:00004344>: [Goddess Server 06] Enter KG_GoddessServer::_ping()
20250718-193754<DEBUG:00002F50>: [Goddess Server 07] Enter KG_GoddessServer::_ping()
20250718-193755<DEBUG:000012F4>: [Goddess Server 01] Enter KG_GoddessServer::_ping()
20250718-193755<DEBUG:00004A20>: [Goddess Server 02] Enter KG_GoddessServer::_ping()
20250718-193800<DEBUG:00004C18>: [Goddess Server 03] Enter KG_GoddessServer::_ping()
20250718-193801<DEBUG:00004424>: [Goddess Server 04] Enter KG_GoddessServer::_ping()
20250718-193801<DEBUG:00000274>: [Goddess Server 05] Enter KG_GoddessServer::_ping()
20250718-193801<DEBUG:00004C18>: [Goddess Server 03] Enter KG_GoddessServer::_ping()
20250718-193802<DEBUG:00004424>: [Goddess Server 04] Enter KG_GoddessServer::_ping()
20250718-193802<DEBUG:00004598>: [Goddess Server 08] Enter KG_GoddessServer::_ping()
20250718-193802<DEBUG:00000274>: [Goddess Server 05] Enter KG_GoddessServer::_ping()
20250718-193803<DEBUG:00004598>: [Goddess Server 08] Enter KG_GoddessServer::_ping()
20250718-193803<DEBUG:00004344>: [Goddess Server 06] Enter KG_GoddessServer::_ping()
20250718-193804<DEBUG:00002F50>: [Goddess Server 07] Enter KG_GoddessServer::_ping()
20250718-193804<DEBUG:00004344>: [Goddess Server 06] Enter KG_GoddessServer::_ping()
20250718-193805<DEBUG:00002F50>: [Goddess Server 07] Enter KG_GoddessServer::_ping()
20250718-193805<DEBUG:00004A20>: [Goddess Server 02] Enter KG_GoddessServer::_ping()
20250718-193806<DEBUG:00001534>: [Goddess Server 00] Enter KG_GoddessServer::_ping()
20250718-193806<DEBUG:00004A20>: [Goddess Server 02] Enter KG_GoddessServer::_ping()
20250718-193810<DEBUG:00004C18>: [Goddess Server 03] Enter KG_GoddessServer::_ping()
20250718-193811<DEBUG:00004424>: [Goddess Server 04] Enter KG_GoddessServer::_ping()
20250718-193811<DEBUG:00000274>: [Goddess Server 05] Enter KG_GoddessServer::_ping()
20250718-193812<DEBUG:00004598>: [Goddess Server 08] Enter KG_GoddessServer::_ping()
20250718-193813<DEBUG:00004344>: [Goddess Server 06] Enter KG_GoddessServer::_ping()
20250718-193814<DEBUG:00002F50>: [Goddess Server 07] Enter KG_GoddessServer::_ping()
20250718-193815<DEBUG:00004A20>: [Goddess Server 02] Enter KG_GoddessServer::_ping()
20250718-193820<DEBUG:00004C18>: [Goddess Server 03] Enter KG_GoddessServer::_ping()
20250718-193821<DEBUG:00004424>: [Goddess Server 04] Enter KG_GoddessServer::_ping()
20250718-193821<DEBUG:00000274>: [Goddess Server 05] Enter KG_GoddessServer::_ping()
20250718-193822<DEBUG:00004598>: [Goddess Server 08] Enter KG_GoddessServer::_ping()
20250718-193823<DEBUG:00004344>: [Goddess Server 06] Enter KG_GoddessServer::_ping()
20250718-193824<DEBUG:00002F50>: [Goddess Server 07] Enter KG_GoddessServer::_ping()
20250718-193825<DEBUG:000012F4>: [Goddess Server 01] Enter KG_GoddessServer::_ping()
20250718-193825<DEBUG:00004A20>: [Goddess Server 02] Enter KG_GoddessServer::_ping()
20250718-193826<DEBUG:00001534>: [Goddess Server 00] Enter KG_GoddessServer::_ping()
20250718-193830<DEBUG:00004C18>: [Goddess Server 03] Enter KG_GoddessServer::_ping()
20250718-193831<DEBUG:00004424>: [Goddess Server 04] Enter KG_GoddessServer::_ping()
20250718-193831<DEBUG:00000274>: [Goddess Server 05] Enter KG_GoddessServer::_ping()
20250718-193831<DEBUG:00004C18>: [Goddess Server 03] Enter KG_GoddessServer::_ping()
20250718-193832<DEBUG:00004424>: [Goddess Server 04] Enter KG_GoddessServer::_ping()
20250718-193832<DEBUG:00004598>: [Goddess Server 08] Enter KG_GoddessServer::_ping()
20250718-193832<DEBUG:00000274>: [Goddess Server 05] Enter KG_GoddessServer::_ping()
20250718-193833<DEBUG:00004598>: [Goddess Server 08] Enter KG_GoddessServer::_ping()
20250718-193833<DEBUG:00004344>: [Goddess Server 06] Enter KG_GoddessServer::_ping()
20250718-193834<DEBUG:00002F50>: [Goddess Server 07] Enter KG_GoddessServer::_ping()
20250718-193834<DEBUG:00004344>: [Goddess Server 06] Enter KG_GoddessServer::_ping()
20250718-193835<DEBUG:00002F50>: [Goddess Server 07] Enter KG_GoddessServer::_ping()
20250718-193835<DEBUG:00004A20>: [Goddess Server 02] Enter KG_GoddessServer::_ping()
20250718-193836<DEBUG:00004A20>: [Goddess Server 02] Enter KG_GoddessServer::_ping()
20250718-193840<DEBUG:00004C18>: [Goddess Server 03] Enter KG_GoddessServer::_ping()
20250718-193841<DEBUG:00004424>: [Goddess Server 04] Enter KG_GoddessServer::_ping()
20250718-193841<DEBUG:00000274>: [Goddess Server 05] Enter KG_GoddessServer::_ping()
20250718-193842<DEBUG:00004598>: [Goddess Server 08] Enter KG_GoddessServer::_ping()
20250718-193843<DEBUG:00004344>: [Goddess Server 06] Enter KG_GoddessServer::_ping()
20250718-193844<DEBUG:00002F50>: [Goddess Server 07] Enter KG_GoddessServer::_ping()
20250718-193845<DEBUG:00004A20>: [Goddess Server 02] Enter KG_GoddessServer::_ping()
20250718-193846<DEBUG:00001534>: [Goddess Server 00] Enter KG_GoddessServer::_ping()
20250718-193850<DEBUG:00004C18>: [Goddess Server 03] Enter KG_GoddessServer::_ping()
20250718-193851<DEBUG:00004424>: [Goddess Server 04] Enter KG_GoddessServer::_ping()
20250718-193851<DEBUG:00000274>: [Goddess Server 05] Enter KG_GoddessServer::_ping()
20250718-193852<DEBUG:00004598>: [Goddess Server 08] Enter KG_GoddessServer::_ping()
20250718-193853<DEBUG:00004344>: [Goddess Server 06] Enter KG_GoddessServer::_ping()
20250718-193854<DEBUG:00002F50>: [Goddess Server 07] Enter KG_GoddessServer::_ping()
20250718-193855<DEBUG:000012F4>: [Goddess Server 01] Enter KG_GoddessServer::_ping()
20250718-193855<DEBUG:00004A20>: [Goddess Server 02] Enter KG_GoddessServer::_ping()
20250718-193900<DEBUG:00004C18>: [Goddess Server 03] Enter KG_GoddessServer::_ping()
20250718-193901<DEBUG:00004424>: [Goddess Server 04] Enter KG_GoddessServer::_ping()
20250718-193901<DEBUG:00000274>: [Goddess Server 05] Enter KG_GoddessServer::_ping()
20250718-193901<DEBUG:00004C18>: [Goddess Server 03] Enter KG_GoddessServer::_ping()
20250718-193902<DEBUG:00004424>: [Goddess Server 04] Enter KG_GoddessServer::_ping()
20250718-193902<DEBUG:00004598>: [Goddess Server 08] Enter KG_GoddessServer::_ping()
20250718-193902<DEBUG:00000274>: [Goddess Server 05] Enter KG_GoddessServer::_ping()
20250718-193903<DEBUG:00004598>: [Goddess Server 08] Enter KG_GoddessServer::_ping()
20250718-193903<DEBUG:00004344>: [Goddess Server 06] Enter KG_GoddessServer::_ping()
20250718-193904<DEBUG:00002F50>: [Goddess Server 07] Enter KG_GoddessServer::_ping()
20250718-193904<DEBUG:00004344>: [Goddess Server 06] Enter KG_GoddessServer::_ping()
20250718-193905<DEBUG:00002F50>: [Goddess Server 07] Enter KG_GoddessServer::_ping()
20250718-193905<DEBUG:00004A20>: [Goddess Server 02] Enter KG_GoddessServer::_ping()
20250718-193906<DEBUG:00001534>: [Goddess Server 00] Enter KG_GoddessServer::_ping()
20250718-193907<DEBUG:00004A20>: [Goddess Server 02] Enter KG_GoddessServer::_ping()
20250718-193910<DEBUG:00004C18>: [Goddess Server 03] Enter KG_GoddessServer::_ping()
20250718-193911<DEBUG:00004424>: [Goddess Server 04] Enter KG_GoddessServer::_ping()
20250718-193911<DEBUG:00000274>: [Goddess Server 05] Enter KG_GoddessServer::_ping()
20250718-193912<DEBUG:00004598>: [Goddess Server 08] Enter KG_GoddessServer::_ping()
20250718-193913<DEBUG:00004344>: [Goddess Server 06] Enter KG_GoddessServer::_ping()
20250718-193914<DEBUG:00002F50>: [Goddess Server 07] Enter KG_GoddessServer::_ping()
20250718-193915<DEBUG:00004A20>: [Goddess Server 02] Enter KG_GoddessServer::_ping()
20250718-193920<DEBUG:00004C18>: [Goddess Server 03] Enter KG_GoddessServer::_ping()
20250718-193921<DEBUG:00004424>: [Goddess Server 04] Enter KG_GoddessServer::_ping()
20250718-193921<DEBUG:00000274>: [Goddess Server 05] Enter KG_GoddessServer::_ping()
20250718-193922<DEBUG:00004598>: [Goddess Server 08] Enter KG_GoddessServer::_ping()
20250718-193923<DEBUG:00004344>: [Goddess Server 06] Enter KG_GoddessServer::_ping()
20250718-193924<DEBUG:00002F50>: [Goddess Server 07] Enter KG_GoddessServer::_ping()
20250718-193925<DEBUG:000012F4>: [Goddess Server 01] Enter KG_GoddessServer::_ping()
20250718-193925<DEBUG:00004A20>: [Goddess Server 02] Enter KG_GoddessServer::_ping()
20250718-193926<DEBUG:00001534>: [Goddess Server 00] Enter KG_GoddessServer::_ping()
20250718-193930<DEBUG:00004C18>: [Goddess Server 03] Enter KG_GoddessServer::_ping()
20250718-193931<DEBUG:00004424>: [Goddess Server 04] Enter KG_GoddessServer::_ping()
20250718-193931<DEBUG:00000274>: [Goddess Server 05] Enter KG_GoddessServer::_ping()
20250718-193931<DEBUG:00004C18>: [Goddess Server 03] Enter KG_GoddessServer::_ping()
20250718-193932<DEBUG:00004424>: [Goddess Server 04] Enter KG_GoddessServer::_ping()
20250718-193932<DEBUG:00004598>: [Goddess Server 08] Enter KG_GoddessServer::_ping()
20250718-193932<DEBUG:00000274>: [Goddess Server 05] Enter KG_GoddessServer::_ping()
20250718-193933<DEBUG:00004598>: [Goddess Server 08] Enter KG_GoddessServer::_ping()
20250718-193933<DEBUG:00004344>: [Goddess Server 06] Enter KG_GoddessServer::_ping()
20250718-193934<DEBUG:00002F50>: [Goddess Server 07] Enter KG_GoddessServer::_ping()
20250718-193934<DEBUG:00004344>: [Goddess Server 06] Enter KG_GoddessServer::_ping()
20250718-193935<DEBUG:00002F50>: [Goddess Server 07] Enter KG_GoddessServer::_ping()
20250718-193935<DEBUG:00004A20>: [Goddess Server 02] Enter KG_GoddessServer::_ping()
20250718-193937<DEBUG:00004A20>: [Goddess Server 02] Enter KG_GoddessServer::_ping()
20250718-193940<DEBUG:00004C18>: [Goddess Server 03] Enter KG_GoddessServer::_ping()
20250718-193941<DEBUG:00004424>: [Goddess Server 04] Enter KG_GoddessServer::_ping()
20250718-193941<DEBUG:00000274>: [Goddess Server 05] Enter KG_GoddessServer::_ping()
20250718-193942<DEBUG:00004598>: [Goddess Server 08] Enter KG_GoddessServer::_ping()
20250718-193943<DEBUG:00004344>: [Goddess Server 06] Enter KG_GoddessServer::_ping()
20250718-193944<DEBUG:00002F50>: [Goddess Server 07] Enter KG_GoddessServer::_ping()
20250718-193945<DEBUG:00004A20>: [Goddess Server 02] Enter KG_GoddessServer::_ping()
20250718-193946<DEBUG:00001534>: [Goddess Server 00] Enter KG_GoddessServer::_ping()
20250718-193950<DEBUG:00004C18>: [Goddess Server 03] Enter KG_GoddessServer::_ping()
20250718-193951<DEBUG:00004424>: [Goddess Server 04] Enter KG_GoddessServer::_ping()
20250718-193951<DEBUG:00000274>: [Goddess Server 05] Enter KG_GoddessServer::_ping()
20250718-193952<DEBUG:00004598>: [Goddess Server 08] Enter KG_GoddessServer::_ping()
20250718-193953<DEBUG:00004344>: [Goddess Server 06] Enter KG_GoddessServer::_ping()
20250718-193954<DEBUG:00002F50>: [Goddess Server 07] Enter KG_GoddessServer::_ping()
20250718-193955<DEBUG:000012F4>: [Goddess Server 01] Enter KG_GoddessServer::_ping()
20250718-193955<DEBUG:00004A20>: [Goddess Server 02] Enter KG_GoddessServer::_ping()
20250718-194000<DEBUG:00004C18>: [Goddess Server 03] Enter KG_GoddessServer::_ping()
20250718-194001<DEBUG:00004424>: [Goddess Server 04] Enter KG_GoddessServer::_ping()
20250718-194001<DEBUG:00000274>: [Goddess Server 05] Enter KG_GoddessServer::_ping()
20250718-194001<DEBUG:00004C18>: [Goddess Server 03] Enter KG_GoddessServer::_ping()
