20250718-192845<INFO :000021DC>: [KG_Goddess] starting ...
20250718-192845<INFO :000021DC>: [KG_Goddess] Loading kg_goddess.ini
20250718-192845<INFO :000021DC>: [KG_Goddess] Loaded KG_Angel, version 2.5
20250718-192845<INFO :000021DC>: [KG_Goddess] Initializing role database ...
20250718-192845<DEBUG:000021DC>: [KGD] Success connect to localhost:3306, character set switch to latin1
20250718-192845<INFO :000021DC>: [KG_Goddess] Initializing role statistic ...
20250718-192845<INFO :000021DC>: [KG_Goddess] Initializing server manager ...
20250718-192845<INFO :000021DC>: [KG_Goddess] Initializing Sequence ...
20250718-192845<INFO :000021DC>: [KG_Goddess] Initializing NameServer ...
20250718-192845<DEBUG:000021DC>: [Database] character set switch to latin1
20250718-192845<INFO :000021DC>: [ServerManager] Listening at 127.0.0.1:5001
20250718-192845<INFO :000021DC>: [KG_Goddess] RoleLock disable
20250718-192845<INFO :000021DC>: [KG_Goddess] Set log level to DEBUG
20250718-192845<INFO :000021DC>: [KG_Goddess] Start success
20250718-192850<INFO :00002C70>: [ServerManager] Accept from (127.0.0.1: 51022) SocketStream = 01147030
20250718-192850<INFO :00002504>: [Goddess Server 00] Started, service for 127.0.0.1:51022
20250718-192850<DEBUG:00002504>: [KGD] Success connect to localhost:3306, character set switch to latin1
20250718-192851<INFO :00002C70>: [ServerManager] Accept from (127.0.0.1: 51027) SocketStream = 011474B0
20250718-192851<INFO :00004464>: [Goddess Server 01] Started, service for 127.0.0.1:51027
20250718-192851<DEBUG:00004464>: [KGD] Success connect to localhost:3306, character set switch to latin1
20250718-192855<INFO :00002C70>: [ServerManager] Accept from (127.0.0.1: 51037) SocketStream = 01147300
20250718-192855<INFO :000027E8>: [Goddess Server 02] Started, service for 127.0.0.1:51037
20250718-192855<DEBUG:000027E8>: [KGD] Success connect to localhost:3306, character set switch to latin1
20250718-192855<DEBUG:000027E8>: [Goddess Server 02] Enter KG_GoddessServer::_query_statistic_info()
20250718-192855<DEBUG:000027E8>: KGLOG_PROCESS_ERROR(piStatistic) at line 2189 in KG_GoddessServer::_query_statistic_info
20250718-192855<DEBUG:000027E8>: [Goddess Server 02] Leave KG_GoddessServer::_query_statistic_info()
20250718-192855<INFO :00002C70>: [ServerManager] Accept from (127.0.0.1: 51044) SocketStream = 01147078
20250718-192855<INFO :00004854>: [Goddess Server 03] Started, service for 127.0.0.1:51044
20250718-192855<DEBUG:00004854>: [KGD] Success connect to localhost:3306, character set switch to latin1
20250718-192855<DEBUG:00004854>: [Goddess Server 03] Enter KG_GoddessServer::_query_statistic_info()
20250718-192855<DEBUG:00004854>: KGLOG_PROCESS_ERROR(piStatistic) at line 2189 in KG_GoddessServer::_query_statistic_info
20250718-192855<DEBUG:00004854>: [Goddess Server 03] Leave KG_GoddessServer::_query_statistic_info()
20250718-192855<INFO :00002C70>: [ServerManager] Accept from (127.0.0.1: 51049) SocketStream = 01147348
20250718-192855<INFO :00003D60>: [Goddess Server 04] Started, service for 127.0.0.1:51049
20250718-192855<DEBUG:00003D60>: [KGD] Success connect to localhost:3306, character set switch to latin1
20250718-192855<DEBUG:00003D60>: [Goddess Server 04] Enter KG_GoddessServer::_query_statistic_info()
20250718-192855<DEBUG:00003D60>: KGLOG_PROCESS_ERROR(piStatistic) at line 2189 in KG_GoddessServer::_query_statistic_info
20250718-192855<DEBUG:00003D60>: [Goddess Server 04] Leave KG_GoddessServer::_query_statistic_info()
20250718-192855<INFO :00002C70>: [ServerManager] Accept from (127.0.0.1: 51054) SocketStream = 011470C0
20250718-192855<INFO :000038C4>: [Goddess Server 05] Started, service for 127.0.0.1:51054
20250718-192855<DEBUG:000038C4>: [KGD] Success connect to localhost:3306, character set switch to latin1
20250718-192855<DEBUG:000038C4>: [Goddess Server 05] Enter KG_GoddessServer::_query_statistic_info()
20250718-192855<DEBUG:000038C4>: KGLOG_PROCESS_ERROR(piStatistic) at line 2189 in KG_GoddessServer::_query_statistic_info
20250718-192855<DEBUG:000038C4>: [Goddess Server 05] Leave KG_GoddessServer::_query_statistic_info()
20250718-192855<INFO :00002C70>: [ServerManager] Accept from (127.0.0.1: 51059) SocketStream = 01147108
20250718-192855<INFO :0000393C>: [Goddess Server 06] Started, service for 127.0.0.1:51059
20250718-192855<DEBUG:0000393C>: [KGD] Success connect to localhost:3306, character set switch to latin1
20250718-192855<INFO :00002C70>: [ServerManager] Accept from (127.0.0.1: 51062) SocketStream = 011474F8
20250718-192855<INFO :00003A78>: [Goddess Server 07] Started, service for 127.0.0.1:51062
20250718-192855<DEBUG:00003A78>: [KGD] Success connect to localhost:3306, character set switch to latin1
20250718-192855<INFO :00002C70>: [ServerManager] Accept from (127.0.0.1: 51065) SocketStream = 01147660
20250718-192855<INFO :00003AB4>: [Goddess Server 08] Started, service for 127.0.0.1:51065
20250718-192855<DEBUG:00003AB4>: [KGD] Success connect to localhost:3306, character set switch to latin1
20250718-192855<DEBUG:00003AB4>: [Goddess Server 08] Enter KG_GoddessServer::_query_statistic_info()
20250718-192855<DEBUG:00003AB4>: KGLOG_PROCESS_ERROR(piStatistic) at line 2189 in KG_GoddessServer::_query_statistic_info
20250718-192855<DEBUG:00003AB4>: [Goddess Server 08] Leave KG_GoddessServer::_query_statistic_info()
20250718-192856<DEBUG:0000393C>: [Goddess Server 06] Enter KG_GoddessServer::_query_statistic_info()
20250718-192856<DEBUG:0000393C>: KGLOG_PROCESS_ERROR(piStatistic) at line 2189 in KG_GoddessServer::_query_statistic_info
20250718-192856<DEBUG:0000393C>: [Goddess Server 06] Leave KG_GoddessServer::_query_statistic_info()
20250718-192900<DEBUG:00003A78>: [Goddess Server 07] Enter KG_GoddessServer::_query_statistic_info()
20250718-192900<DEBUG:00003A78>: KGLOG_PROCESS_ERROR(piStatistic) at line 2189 in KG_GoddessServer::_query_statistic_info
20250718-192900<DEBUG:00003A78>: [Goddess Server 07] Leave KG_GoddessServer::_query_statistic_info()
20250718-192902<DEBUG:000027E8>: [Goddess Server 02] Enter KG_GoddessServer::_ping()
20250718-192902<DEBUG:00004854>: [Goddess Server 03] Enter KG_GoddessServer::_ping()
20250718-192903<DEBUG:00003D60>: [Goddess Server 04] Enter KG_GoddessServer::_ping()
20250718-192903<DEBUG:000038C4>: [Goddess Server 05] Enter KG_GoddessServer::_ping()
20250718-192904<DEBUG:00003AB4>: [Goddess Server 08] Enter KG_GoddessServer::_ping()
20250718-192905<DEBUG:0000393C>: [Goddess Server 06] Enter KG_GoddessServer::_ping()
20250718-192906<DEBUG:00002504>: [Goddess Server 00] Enter KG_GoddessServer::_ping()
20250718-192910<DEBUG:00003A78>: [Goddess Server 07] Enter KG_GoddessServer::_ping()
20250718-192912<DEBUG:000027E8>: [Goddess Server 02] Enter KG_GoddessServer::_ping()
20250718-192912<DEBUG:00004854>: [Goddess Server 03] Enter KG_GoddessServer::_ping()
20250718-192913<DEBUG:00003D60>: [Goddess Server 04] Enter KG_GoddessServer::_ping()
20250718-192913<DEBUG:000038C4>: [Goddess Server 05] Enter KG_GoddessServer::_ping()
20250718-192914<DEBUG:00003AB4>: [Goddess Server 08] Enter KG_GoddessServer::_ping()
20250718-192915<DEBUG:0000393C>: [Goddess Server 06] Enter KG_GoddessServer::_ping()
20250718-192917<DEBUG:00004464>: [Goddess Server 01] Enter KG_GoddessServer::_ping()
20250718-192918<DEBUG:00002504>: [Goddess Server 00] Enter KG_GoddessServer::_query_role_list()
20250718-192918<INFO :00002504>: [Goddess Server 00] Query roles list of account "xboyhd"
20250718-192918<DEBUG:00002504>: [Goddess Server 00] Leave KG_GoddessServer::_query_role_list()
20250718-192919<DEBUG:00002504>: [Goddess Server 00] Enter KG_GoddessServer::_query_role_list_in_zone()
20250718-192919<DEBUG:00002504>: [Goddess Server 00] Leave KG_GoddessServer::_query_role_list_in_zone()
20250718-192920<DEBUG:00003A78>: [Goddess Server 07] Enter KG_GoddessServer::_ping()
20250718-192920<DEBUG:00002504>: [Goddess Server 00] Enter KG_GoddessServer::_query_role_data()
20250718-192920<INFO :00002504>: [Goddess Server 00] PacketID : 3, Get role "TCQGaming" of Account "xboyhd", Result = 1
20250718-192920<DEBUG:00002504>: [Goddess Server 00] Leave KG_GoddessServer::_query_role_data()
20250718-192921<DEBUG:00003AB4>: [Goddess Server 08] Unsupported protocol: 38
20250718-192922<DEBUG:000027E8>: [Goddess Server 02] Enter KG_GoddessServer::_ping()
20250718-192922<DEBUG:000027E8>: [Goddess Server 02] Enter KG_GoddessServer::_ping()
20250718-192922<DEBUG:00003AB4>: [Goddess Server 08] Unsupported protocol: 37
20250718-192922<DEBUG:00004854>: [Goddess Server 03] Enter KG_GoddessServer::_ping()
20250718-192922<DEBUG:00004854>: [Goddess Server 03] Enter KG_GoddessServer::_ping()
20250718-192923<DEBUG:00003D60>: [Goddess Server 04] Enter KG_GoddessServer::_ping()
20250718-192923<DEBUG:00003D60>: [Goddess Server 04] Enter KG_GoddessServer::_ping()
20250718-192923<DEBUG:000038C4>: [Goddess Server 05] Enter KG_GoddessServer::_ping()
20250718-192923<DEBUG:000038C4>: [Goddess Server 05] Enter KG_GoddessServer::_ping()
20250718-192924<DEBUG:00003AB4>: [Goddess Server 08] Enter KG_GoddessServer::_ping()
20250718-192924<DEBUG:00003AB4>: [Goddess Server 08] Enter KG_GoddessServer::_ping()
20250718-192925<DEBUG:0000393C>: [Goddess Server 06] Enter KG_GoddessServer::_ping()
20250718-192925<DEBUG:0000393C>: [Goddess Server 06] Enter KG_GoddessServer::_ping()
20250718-192930<DEBUG:00003A78>: [Goddess Server 07] Enter KG_GoddessServer::_ping()
20250718-192930<DEBUG:00003A78>: [Goddess Server 07] Enter KG_GoddessServer::_ping()
20250718-192932<DEBUG:000027E8>: [Goddess Server 02] Enter KG_GoddessServer::_ping()
20250718-192932<DEBUG:00004854>: [Goddess Server 03] Enter KG_GoddessServer::_ping()
20250718-192933<DEBUG:00003D60>: [Goddess Server 04] Enter KG_GoddessServer::_ping()
20250718-192933<DEBUG:000038C4>: [Goddess Server 05] Enter KG_GoddessServer::_ping()
20250718-192934<DEBUG:00003AB4>: [Goddess Server 08] Enter KG_GoddessServer::_ping()
20250718-192935<DEBUG:0000393C>: [Goddess Server 06] Enter KG_GoddessServer::_ping()
20250718-192940<DEBUG:00003A78>: [Goddess Server 07] Enter KG_GoddessServer::_ping()
20250718-192940<DEBUG:00002504>: [Goddess Server 00] Enter KG_GoddessServer::_ping()
20250718-192942<DEBUG:000027E8>: [Goddess Server 02] Enter KG_GoddessServer::_ping()
20250718-192942<DEBUG:00004854>: [Goddess Server 03] Enter KG_GoddessServer::_ping()
20250718-192943<DEBUG:00003D60>: [Goddess Server 04] Enter KG_GoddessServer::_ping()
20250718-192943<DEBUG:000038C4>: [Goddess Server 05] Enter KG_GoddessServer::_ping()
20250718-192944<DEBUG:00003AB4>: [Goddess Server 08] Enter KG_GoddessServer::_ping()
20250718-192945<DEBUG:0000393C>: [Goddess Server 06] Enter KG_GoddessServer::_ping()
20250718-192947<DEBUG:00004464>: [Goddess Server 01] Enter KG_GoddessServer::_ping()
20250718-192950<DEBUG:00003A78>: [Goddess Server 07] Enter KG_GoddessServer::_ping()
20250718-192952<DEBUG:000027E8>: [Goddess Server 02] Enter KG_GoddessServer::_ping()
20250718-192952<DEBUG:000027E8>: [Goddess Server 02] Enter KG_GoddessServer::_ping()
20250718-192952<DEBUG:00004854>: [Goddess Server 03] Enter KG_GoddessServer::_ping()
20250718-192952<DEBUG:00004854>: [Goddess Server 03] Enter KG_GoddessServer::_ping()
20250718-192953<DEBUG:00003D60>: [Goddess Server 04] Enter KG_GoddessServer::_ping()
20250718-192953<DEBUG:00003D60>: [Goddess Server 04] Enter KG_GoddessServer::_ping()
20250718-192953<DEBUG:000038C4>: [Goddess Server 05] Enter KG_GoddessServer::_ping()
20250718-192953<DEBUG:000038C4>: [Goddess Server 05] Enter KG_GoddessServer::_ping()
20250718-192954<DEBUG:00003AB4>: [Goddess Server 08] Enter KG_GoddessServer::_ping()
20250718-192954<DEBUG:00003AB4>: [Goddess Server 08] Enter KG_GoddessServer::_ping()
20250718-192955<DEBUG:0000393C>: [Goddess Server 06] Enter KG_GoddessServer::_ping()
20250718-192955<DEBUG:0000393C>: [Goddess Server 06] Enter KG_GoddessServer::_ping()
20250718-193000<DEBUG:00003A78>: [Goddess Server 07] Enter KG_GoddessServer::_ping()
20250718-193000<DEBUG:00002504>: [Goddess Server 00] Enter KG_GoddessServer::_ping()
20250718-193000<DEBUG:00003A78>: [Goddess Server 07] Enter KG_GoddessServer::_ping()
20250718-193002<DEBUG:000027E8>: [Goddess Server 02] Enter KG_GoddessServer::_ping()
20250718-193002<DEBUG:00004854>: [Goddess Server 03] Enter KG_GoddessServer::_ping()
20250718-193003<DEBUG:00003D60>: [Goddess Server 04] Enter KG_GoddessServer::_ping()
20250718-193003<DEBUG:000038C4>: [Goddess Server 05] Enter KG_GoddessServer::_ping()
20250718-193004<DEBUG:00003AB4>: [Goddess Server 08] Enter KG_GoddessServer::_ping()
20250718-193005<DEBUG:0000393C>: [Goddess Server 06] Enter KG_GoddessServer::_ping()
20250718-193010<DEBUG:00003A78>: [Goddess Server 07] Enter KG_GoddessServer::_ping()
20250718-193012<DEBUG:000027E8>: [Goddess Server 02] Enter KG_GoddessServer::_ping()
20250718-193012<DEBUG:00004854>: [Goddess Server 03] Enter KG_GoddessServer::_ping()
20250718-193013<DEBUG:00003D60>: [Goddess Server 04] Enter KG_GoddessServer::_ping()
20250718-193013<DEBUG:000038C4>: [Goddess Server 05] Enter KG_GoddessServer::_ping()
20250718-193014<DEBUG:00003AB4>: [Goddess Server 08] Enter KG_GoddessServer::_ping()
20250718-193015<DEBUG:0000393C>: [Goddess Server 06] Enter KG_GoddessServer::_ping()
20250718-193017<DEBUG:00004464>: [Goddess Server 01] Enter KG_GoddessServer::_ping()
20250718-193020<DEBUG:00003A78>: [Goddess Server 07] Enter KG_GoddessServer::_ping()
20250718-193020<DEBUG:00002504>: [Goddess Server 00] Enter KG_GoddessServer::_ping()
20250718-193022<DEBUG:000027E8>: [Goddess Server 02] Enter KG_GoddessServer::_ping()
20250718-193022<DEBUG:000027E8>: [Goddess Server 02] Enter KG_GoddessServer::_ping()
20250718-193022<DEBUG:00004854>: [Goddess Server 03] Enter KG_GoddessServer::_ping()
20250718-193022<DEBUG:00004854>: [Goddess Server 03] Enter KG_GoddessServer::_ping()
20250718-193023<DEBUG:00003D60>: [Goddess Server 04] Enter KG_GoddessServer::_ping()
20250718-193023<DEBUG:00003D60>: [Goddess Server 04] Enter KG_GoddessServer::_ping()
20250718-193023<DEBUG:000038C4>: [Goddess Server 05] Enter KG_GoddessServer::_ping()
20250718-193023<DEBUG:000038C4>: [Goddess Server 05] Enter KG_GoddessServer::_ping()
20250718-193024<DEBUG:00003AB4>: [Goddess Server 08] Enter KG_GoddessServer::_ping()
20250718-193024<DEBUG:00003AB4>: [Goddess Server 08] Enter KG_GoddessServer::_ping()
20250718-193025<DEBUG:0000393C>: [Goddess Server 06] Enter KG_GoddessServer::_ping()
20250718-193025<DEBUG:0000393C>: [Goddess Server 06] Enter KG_GoddessServer::_ping()
20250718-193030<DEBUG:00003A78>: [Goddess Server 07] Enter KG_GoddessServer::_ping()
20250718-193030<DEBUG:00003A78>: [Goddess Server 07] Enter KG_GoddessServer::_ping()
20250718-193032<DEBUG:000027E8>: [Goddess Server 02] Enter KG_GoddessServer::_ping()
20250718-193032<DEBUG:00004854>: [Goddess Server 03] Enter KG_GoddessServer::_ping()
20250718-193033<DEBUG:00003D60>: [Goddess Server 04] Enter KG_GoddessServer::_ping()
20250718-193033<DEBUG:000038C4>: [Goddess Server 05] Enter KG_GoddessServer::_ping()
20250718-193034<DEBUG:00003AB4>: [Goddess Server 08] Enter KG_GoddessServer::_ping()
20250718-193035<DEBUG:0000393C>: [Goddess Server 06] Enter KG_GoddessServer::_ping()
20250718-193040<DEBUG:00003A78>: [Goddess Server 07] Enter KG_GoddessServer::_ping()
20250718-193040<DEBUG:00002504>: [Goddess Server 00] Enter KG_GoddessServer::_ping()
20250718-193042<DEBUG:000027E8>: [Goddess Server 02] Enter KG_GoddessServer::_ping()
20250718-193042<DEBUG:00004854>: [Goddess Server 03] Enter KG_GoddessServer::_ping()
20250718-193043<DEBUG:00003D60>: [Goddess Server 04] Enter KG_GoddessServer::_ping()
20250718-193043<DEBUG:000038C4>: [Goddess Server 05] Enter KG_GoddessServer::_ping()
20250718-193044<DEBUG:00003AB4>: [Goddess Server 08] Enter KG_GoddessServer::_ping()
20250718-193045<DEBUG:0000393C>: [Goddess Server 06] Enter KG_GoddessServer::_ping()
20250718-193047<DEBUG:00004464>: [Goddess Server 01] Enter KG_GoddessServer::_ping()
20250718-193050<DEBUG:00003A78>: [Goddess Server 07] Enter KG_GoddessServer::_ping()
20250718-193052<DEBUG:000027E8>: [Goddess Server 02] Enter KG_GoddessServer::_ping()
20250718-193052<DEBUG:000027E8>: [Goddess Server 02] Enter KG_GoddessServer::_ping()
20250718-193052<DEBUG:00004854>: [Goddess Server 03] Enter KG_GoddessServer::_ping()
20250718-193053<DEBUG:00004854>: [Goddess Server 03] Enter KG_GoddessServer::_ping()
20250718-193053<DEBUG:00003D60>: [Goddess Server 04] Enter KG_GoddessServer::_ping()
20250718-193053<DEBUG:00003D60>: [Goddess Server 04] Enter KG_GoddessServer::_ping()
20250718-193053<DEBUG:000038C4>: [Goddess Server 05] Enter KG_GoddessServer::_ping()
20250718-193053<DEBUG:000038C4>: [Goddess Server 05] Enter KG_GoddessServer::_ping()
20250718-193054<DEBUG:00003AB4>: [Goddess Server 08] Enter KG_GoddessServer::_ping()
20250718-193054<DEBUG:00003AB4>: [Goddess Server 08] Enter KG_GoddessServer::_ping()
20250718-193055<DEBUG:0000393C>: [Goddess Server 06] Enter KG_GoddessServer::_ping()
20250718-193055<DEBUG:0000393C>: [Goddess Server 06] Enter KG_GoddessServer::_ping()
20250718-193100<DEBUG:00003A78>: [Goddess Server 07] Enter KG_GoddessServer::_ping()
20250718-193100<DEBUG:00002504>: [Goddess Server 00] Enter KG_GoddessServer::_ping()
20250718-193100<DEBUG:00003A78>: [Goddess Server 07] Enter KG_GoddessServer::_ping()
20250718-193102<DEBUG:000027E8>: [Goddess Server 02] Enter KG_GoddessServer::_ping()
20250718-193102<DEBUG:00004854>: [Goddess Server 03] Enter KG_GoddessServer::_ping()
20250718-193103<DEBUG:00003D60>: [Goddess Server 04] Enter KG_GoddessServer::_ping()
20250718-193103<DEBUG:000038C4>: [Goddess Server 05] Enter KG_GoddessServer::_ping()
20250718-193104<DEBUG:00003AB4>: [Goddess Server 08] Enter KG_GoddessServer::_ping()
20250718-193105<DEBUG:0000393C>: [Goddess Server 06] Enter KG_GoddessServer::_ping()
20250718-193110<DEBUG:00003A78>: [Goddess Server 07] Enter KG_GoddessServer::_ping()
20250718-193112<DEBUG:000027E8>: [Goddess Server 02] Enter KG_GoddessServer::_ping()
20250718-193112<DEBUG:00004854>: [Goddess Server 03] Enter KG_GoddessServer::_ping()
20250718-193113<DEBUG:00003D60>: [Goddess Server 04] Enter KG_GoddessServer::_ping()
20250718-193113<DEBUG:000038C4>: [Goddess Server 05] Enter KG_GoddessServer::_ping()
20250718-193114<DEBUG:00003AB4>: [Goddess Server 08] Enter KG_GoddessServer::_ping()
20250718-193115<DEBUG:0000393C>: [Goddess Server 06] Enter KG_GoddessServer::_ping()
20250718-193117<DEBUG:00004464>: [Goddess Server 01] Enter KG_GoddessServer::_ping()
20250718-193120<DEBUG:00003A78>: [Goddess Server 07] Enter KG_GoddessServer::_ping()
20250718-193120<DEBUG:00002504>: [Goddess Server 00] Enter KG_GoddessServer::_ping()
20250718-193122<DEBUG:000027E8>: [Goddess Server 02] Enter KG_GoddessServer::_ping()
20250718-193122<DEBUG:000027E8>: [Goddess Server 02] Enter KG_GoddessServer::_ping()
20250718-193122<DEBUG:00004854>: [Goddess Server 03] Enter KG_GoddessServer::_ping()
20250718-193123<DEBUG:00004854>: [Goddess Server 03] Enter KG_GoddessServer::_ping()
20250718-193123<DEBUG:00003D60>: [Goddess Server 04] Enter KG_GoddessServer::_ping()
20250718-193123<DEBUG:000038C4>: [Goddess Server 05] Enter KG_GoddessServer::_ping()
20250718-193123<DEBUG:00003D60>: [Goddess Server 04] Enter KG_GoddessServer::_ping()
20250718-193123<DEBUG:000038C4>: [Goddess Server 05] Enter KG_GoddessServer::_ping()
20250718-193124<DEBUG:00003AB4>: [Goddess Server 08] Enter KG_GoddessServer::_ping()
20250718-193124<DEBUG:00003AB4>: [Goddess Server 08] Enter KG_GoddessServer::_ping()
20250718-193125<DEBUG:0000393C>: [Goddess Server 06] Enter KG_GoddessServer::_ping()
20250718-193125<DEBUG:0000393C>: [Goddess Server 06] Enter KG_GoddessServer::_ping()
20250718-193130<DEBUG:00003A78>: [Goddess Server 07] Enter KG_GoddessServer::_ping()
20250718-193130<DEBUG:00003A78>: [Goddess Server 07] Enter KG_GoddessServer::_ping()
20250718-193132<DEBUG:000027E8>: [Goddess Server 02] Enter KG_GoddessServer::_ping()
20250718-193132<DEBUG:00004854>: [Goddess Server 03] Enter KG_GoddessServer::_ping()
20250718-193133<DEBUG:00003D60>: [Goddess Server 04] Enter KG_GoddessServer::_ping()
20250718-193133<DEBUG:000038C4>: [Goddess Server 05] Enter KG_GoddessServer::_ping()
20250718-193134<DEBUG:00003AB4>: [Goddess Server 08] Enter KG_GoddessServer::_ping()
20250718-193135<DEBUG:0000393C>: [Goddess Server 06] Enter KG_GoddessServer::_ping()
20250718-193140<DEBUG:00003A78>: [Goddess Server 07] Enter KG_GoddessServer::_ping()
20250718-193140<DEBUG:00002504>: [Goddess Server 00] Enter KG_GoddessServer::_ping()
20250718-193142<DEBUG:000027E8>: [Goddess Server 02] Enter KG_GoddessServer::_ping()
20250718-193142<DEBUG:00004854>: [Goddess Server 03] Enter KG_GoddessServer::_ping()
20250718-193143<DEBUG:00003D60>: [Goddess Server 04] Enter KG_GoddessServer::_ping()
20250718-193143<DEBUG:000038C4>: [Goddess Server 05] Enter KG_GoddessServer::_ping()
20250718-193144<DEBUG:00003AB4>: [Goddess Server 08] Enter KG_GoddessServer::_ping()
20250718-193145<DEBUG:0000393C>: [Goddess Server 06] Enter KG_GoddessServer::_ping()
20250718-193147<DEBUG:00004464>: [Goddess Server 01] Enter KG_GoddessServer::_ping()
20250718-193150<DEBUG:00003A78>: [Goddess Server 07] Enter KG_GoddessServer::_ping()
20250718-193152<DEBUG:000027E8>: [Goddess Server 02] Enter KG_GoddessServer::_ping()
20250718-193152<DEBUG:000027E8>: [Goddess Server 02] Enter KG_GoddessServer::_ping()
20250718-193152<DEBUG:00004854>: [Goddess Server 03] Enter KG_GoddessServer::_ping()
20250718-193153<DEBUG:00003D60>: [Goddess Server 04] Enter KG_GoddessServer::_ping()
20250718-193153<DEBUG:00004854>: [Goddess Server 03] Enter KG_GoddessServer::_ping()
20250718-193153<DEBUG:000038C4>: [Goddess Server 05] Enter KG_GoddessServer::_ping()
20250718-193153<DEBUG:00003D60>: [Goddess Server 04] Enter KG_GoddessServer::_ping()
20250718-193153<DEBUG:000038C4>: [Goddess Server 05] Enter KG_GoddessServer::_ping()
20250718-193154<DEBUG:00003AB4>: [Goddess Server 08] Enter KG_GoddessServer::_ping()
20250718-193154<DEBUG:00003AB4>: [Goddess Server 08] Enter KG_GoddessServer::_ping()
20250718-193155<DEBUG:0000393C>: [Goddess Server 06] Enter KG_GoddessServer::_ping()
20250718-193156<DEBUG:0000393C>: [Goddess Server 06] Enter KG_GoddessServer::_ping()
20250718-193200<DEBUG:00003A78>: [Goddess Server 07] Enter KG_GoddessServer::_ping()
20250718-193200<DEBUG:00002504>: [Goddess Server 00] Enter KG_GoddessServer::_ping()
20250718-193200<DEBUG:00003A78>: [Goddess Server 07] Enter KG_GoddessServer::_ping()
20250718-193202<DEBUG:000027E8>: [Goddess Server 02] Enter KG_GoddessServer::_ping()
20250718-193202<DEBUG:00004854>: [Goddess Server 03] Enter KG_GoddessServer::_ping()
20250718-193203<DEBUG:00003D60>: [Goddess Server 04] Enter KG_GoddessServer::_ping()
20250718-193203<DEBUG:000038C4>: [Goddess Server 05] Enter KG_GoddessServer::_ping()
20250718-193204<DEBUG:00003AB4>: [Goddess Server 08] Enter KG_GoddessServer::_ping()
20250718-193205<DEBUG:0000393C>: [Goddess Server 06] Enter KG_GoddessServer::_ping()
20250718-193210<DEBUG:00003A78>: [Goddess Server 07] Enter KG_GoddessServer::_ping()
20250718-193212<DEBUG:000027E8>: [Goddess Server 02] Enter KG_GoddessServer::_ping()
20250718-193212<DEBUG:00004854>: [Goddess Server 03] Enter KG_GoddessServer::_ping()
20250718-193213<DEBUG:00003D60>: [Goddess Server 04] Enter KG_GoddessServer::_ping()
20250718-193213<DEBUG:000038C4>: [Goddess Server 05] Enter KG_GoddessServer::_ping()
20250718-193214<DEBUG:00003AB4>: [Goddess Server 08] Enter KG_GoddessServer::_ping()
20250718-193215<DEBUG:0000393C>: [Goddess Server 06] Enter KG_GoddessServer::_ping()
20250718-193217<DEBUG:00004464>: [Goddess Server 01] Enter KG_GoddessServer::_ping()
20250718-193220<DEBUG:00003A78>: [Goddess Server 07] Enter KG_GoddessServer::_ping()
20250718-193220<DEBUG:00002504>: [Goddess Server 00] Enter KG_GoddessServer::_ping()
20250718-193222<DEBUG:000027E8>: [Goddess Server 02] Enter KG_GoddessServer::_ping()
20250718-193222<DEBUG:000027E8>: [Goddess Server 02] Enter KG_GoddessServer::_ping()
20250718-193222<DEBUG:00004854>: [Goddess Server 03] Enter KG_GoddessServer::_ping()
20250718-193223<DEBUG:00003D60>: [Goddess Server 04] Enter KG_GoddessServer::_ping()
20250718-193223<DEBUG:00004854>: [Goddess Server 03] Enter KG_GoddessServer::_ping()
20250718-193223<DEBUG:000038C4>: [Goddess Server 05] Enter KG_GoddessServer::_ping()
20250718-193223<DEBUG:00003D60>: [Goddess Server 04] Enter KG_GoddessServer::_ping()
20250718-193223<DEBUG:000038C4>: [Goddess Server 05] Enter KG_GoddessServer::_ping()
20250718-193224<DEBUG:00003AB4>: [Goddess Server 08] Enter KG_GoddessServer::_ping()
20250718-193224<DEBUG:00003AB4>: [Goddess Server 08] Enter KG_GoddessServer::_ping()
20250718-193225<DEBUG:0000393C>: [Goddess Server 06] Enter KG_GoddessServer::_ping()
20250718-193226<DEBUG:0000393C>: [Goddess Server 06] Enter KG_GoddessServer::_ping()
20250718-193230<DEBUG:00003A78>: [Goddess Server 07] Enter KG_GoddessServer::_ping()
20250718-193230<DEBUG:00003A78>: [Goddess Server 07] Enter KG_GoddessServer::_ping()
20250718-193232<DEBUG:000027E8>: [Goddess Server 02] Enter KG_GoddessServer::_ping()
20250718-193232<DEBUG:00004854>: [Goddess Server 03] Enter KG_GoddessServer::_ping()
20250718-193233<DEBUG:00003D60>: [Goddess Server 04] Enter KG_GoddessServer::_ping()
20250718-193233<DEBUG:000038C4>: [Goddess Server 05] Enter KG_GoddessServer::_ping()
20250718-193234<DEBUG:00003AB4>: [Goddess Server 08] Enter KG_GoddessServer::_ping()
20250718-193235<DEBUG:0000393C>: [Goddess Server 06] Enter KG_GoddessServer::_ping()
20250718-193240<DEBUG:00003A78>: [Goddess Server 07] Enter KG_GoddessServer::_ping()
20250718-193240<DEBUG:00002504>: [Goddess Server 00] Enter KG_GoddessServer::_ping()
20250718-193242<DEBUG:000027E8>: [Goddess Server 02] Enter KG_GoddessServer::_ping()
20250718-193242<DEBUG:00004854>: [Goddess Server 03] Enter KG_GoddessServer::_ping()
20250718-193243<DEBUG:00003D60>: [Goddess Server 04] Enter KG_GoddessServer::_ping()
20250718-193243<DEBUG:000038C4>: [Goddess Server 05] Enter KG_GoddessServer::_ping()
20250718-193244<DEBUG:00003AB4>: [Goddess Server 08] Enter KG_GoddessServer::_ping()
20250718-193245<DEBUG:0000393C>: [Goddess Server 06] Enter KG_GoddessServer::_ping()
20250718-193247<DEBUG:00004464>: [Goddess Server 01] Enter KG_GoddessServer::_ping()
20250718-193250<DEBUG:00003A78>: [Goddess Server 07] Enter KG_GoddessServer::_ping()
20250718-193252<DEBUG:000027E8>: [Goddess Server 02] Enter KG_GoddessServer::_ping()
20250718-193252<DEBUG:000027E8>: [Goddess Server 02] Enter KG_GoddessServer::_ping()
20250718-193252<DEBUG:00004854>: [Goddess Server 03] Enter KG_GoddessServer::_ping()
20250718-193253<DEBUG:00003D60>: [Goddess Server 04] Enter KG_GoddessServer::_ping()
20250718-193253<DEBUG:00004854>: [Goddess Server 03] Enter KG_GoddessServer::_ping()
20250718-193253<DEBUG:000038C4>: [Goddess Server 05] Enter KG_GoddessServer::_ping()
20250718-193253<DEBUG:00003D60>: [Goddess Server 04] Enter KG_GoddessServer::_ping()
20250718-193253<DEBUG:000038C4>: [Goddess Server 05] Enter KG_GoddessServer::_ping()
20250718-193254<DEBUG:00003AB4>: [Goddess Server 08] Enter KG_GoddessServer::_ping()
20250718-193254<DEBUG:00003AB4>: [Goddess Server 08] Enter KG_GoddessServer::_ping()
20250718-193255<DEBUG:0000393C>: [Goddess Server 06] Enter KG_GoddessServer::_ping()
20250718-193256<DEBUG:0000393C>: [Goddess Server 06] Enter KG_GoddessServer::_ping()
20250718-193300<DEBUG:00003A78>: [Goddess Server 07] Enter KG_GoddessServer::_ping()
20250718-193300<DEBUG:00002504>: [Goddess Server 00] Enter KG_GoddessServer::_ping()
20250718-193301<DEBUG:00003A78>: [Goddess Server 07] Enter KG_GoddessServer::_ping()
20250718-193302<DEBUG:000027E8>: [Goddess Server 02] Enter KG_GoddessServer::_ping()
20250718-193302<DEBUG:00004854>: [Goddess Server 03] Enter KG_GoddessServer::_ping()
20250718-193303<DEBUG:00003D60>: [Goddess Server 04] Enter KG_GoddessServer::_ping()
20250718-193303<DEBUG:000038C4>: [Goddess Server 05] Enter KG_GoddessServer::_ping()
20250718-193304<DEBUG:00003AB4>: [Goddess Server 08] Enter KG_GoddessServer::_ping()
20250718-193305<DEBUG:0000393C>: [Goddess Server 06] Enter KG_GoddessServer::_ping()
20250718-193310<DEBUG:00003A78>: [Goddess Server 07] Enter KG_GoddessServer::_ping()
20250718-193312<DEBUG:000027E8>: [Goddess Server 02] Enter KG_GoddessServer::_ping()
20250718-193312<DEBUG:00004854>: [Goddess Server 03] Enter KG_GoddessServer::_ping()
20250718-193313<DEBUG:00003D60>: [Goddess Server 04] Enter KG_GoddessServer::_ping()
20250718-193313<DEBUG:000038C4>: [Goddess Server 05] Enter KG_GoddessServer::_ping()
20250718-193314<DEBUG:00003AB4>: [Goddess Server 08] Enter KG_GoddessServer::_ping()
20250718-193315<DEBUG:0000393C>: [Goddess Server 06] Enter KG_GoddessServer::_ping()
20250718-193317<DEBUG:00004464>: [Goddess Server 01] Enter KG_GoddessServer::_ping()
20250718-193320<DEBUG:00003A78>: [Goddess Server 07] Enter KG_GoddessServer::_ping()
20250718-193320<DEBUG:00002504>: [Goddess Server 00] Enter KG_GoddessServer::_ping()
20250718-193322<DEBUG:000027E8>: [Goddess Server 02] Enter KG_GoddessServer::_ping()
20250718-193322<DEBUG:00004854>: [Goddess Server 03] Enter KG_GoddessServer::_ping()
20250718-193322<DEBUG:000027E8>: [Goddess Server 02] Enter KG_GoddessServer::_ping()
20250718-193323<DEBUG:00003D60>: [Goddess Server 04] Enter KG_GoddessServer::_ping()
20250718-193323<DEBUG:00004854>: [Goddess Server 03] Enter KG_GoddessServer::_ping()
20250718-193323<DEBUG:000038C4>: [Goddess Server 05] Enter KG_GoddessServer::_ping()
20250718-193323<DEBUG:00003D60>: [Goddess Server 04] Enter KG_GoddessServer::_ping()
20250718-193323<DEBUG:000038C4>: [Goddess Server 05] Enter KG_GoddessServer::_ping()
20250718-193324<DEBUG:00003AB4>: [Goddess Server 08] Enter KG_GoddessServer::_ping()
20250718-193324<DEBUG:00003AB4>: [Goddess Server 08] Enter KG_GoddessServer::_ping()
20250718-193325<DEBUG:0000393C>: [Goddess Server 06] Enter KG_GoddessServer::_ping()
20250718-193326<DEBUG:0000393C>: [Goddess Server 06] Enter KG_GoddessServer::_ping()
20250718-193330<DEBUG:00003A78>: [Goddess Server 07] Enter KG_GoddessServer::_ping()
20250718-193331<DEBUG:00003A78>: [Goddess Server 07] Enter KG_GoddessServer::_ping()
20250718-193332<DEBUG:000027E8>: [Goddess Server 02] Enter KG_GoddessServer::_ping()
20250718-193332<DEBUG:00004854>: [Goddess Server 03] Enter KG_GoddessServer::_ping()
20250718-193333<DEBUG:00003D60>: [Goddess Server 04] Enter KG_GoddessServer::_ping()
20250718-193333<DEBUG:000038C4>: [Goddess Server 05] Enter KG_GoddessServer::_ping()
20250718-193334<DEBUG:00003AB4>: [Goddess Server 08] Enter KG_GoddessServer::_ping()
20250718-193335<DEBUG:0000393C>: [Goddess Server 06] Enter KG_GoddessServer::_ping()
20250718-193340<DEBUG:00003A78>: [Goddess Server 07] Enter KG_GoddessServer::_ping()
20250718-193340<DEBUG:00002504>: [Goddess Server 00] Enter KG_GoddessServer::_ping()
20250718-193342<DEBUG:000027E8>: [Goddess Server 02] Enter KG_GoddessServer::_ping()
20250718-193342<DEBUG:00004854>: [Goddess Server 03] Enter KG_GoddessServer::_ping()
20250718-193343<DEBUG:00003D60>: [Goddess Server 04] Enter KG_GoddessServer::_ping()
20250718-193343<DEBUG:000038C4>: [Goddess Server 05] Enter KG_GoddessServer::_ping()
20250718-193344<DEBUG:00003AB4>: [Goddess Server 08] Enter KG_GoddessServer::_ping()
20250718-193345<DEBUG:0000393C>: [Goddess Server 06] Enter KG_GoddessServer::_ping()
20250718-193347<DEBUG:00004464>: [Goddess Server 01] Enter KG_GoddessServer::_ping()
