20250718-193420<INFO :0000085C>: [KG_Goddess] starting ...
20250718-193420<INFO :0000085C>: [KG_Goddess] Loading kg_goddess.ini
20250718-193421<INFO :0000085C>: [KG_Goddess] Loaded KG_Angel, version 2.5
20250718-193421<INFO :0000085C>: [KG_Goddess] Initializing role database ...
20250718-193421<DEBUG:0000085C>: [KGD] Success connect to localhost:3306, character set switch to latin1
20250718-193421<INFO :0000085C>: [KG_Goddess] Initializing role statistic ...
20250718-193421<INFO :0000085C>: [KG_Goddess] Initializing server manager ...
20250718-193421<INFO :0000085C>: [KG_Goddess] Initializing Sequence ...
20250718-193421<INFO :0000085C>: [KG_Goddess] Initializing NameServer ...
20250718-193421<DEBUG:0000085C>: [Database] character set switch to latin1
20250718-193421<INFO :0000085C>: [ServerManager] Listening at 127.0.0.1:5001
20250718-193421<INFO :0000085C>: [KG_Goddess] RoleLock disable
20250718-193421<INFO :0000085C>: [KG_Goddess] Set log level to DEBUG
20250718-193421<INFO :0000085C>: [KG_Goddess] Start success
20250718-193422<INFO :00003E80>: [ServerManager] Accept from (127.0.0.1: 50551) SocketStream = 00F37420
20250718-193422<INFO :000032B8>: [Goddess Server 00] Started, service for 127.0.0.1:50551
20250718-193422<DEBUG:000032B8>: [KGD] Success connect to localhost:3306, character set switch to latin1
20250718-193423<INFO :00003E80>: [ServerManager] Accept from (127.0.0.1: 50556) SocketStream = 00F37300
20250718-193423<INFO :000035BC>: [Goddess Server 01] Started, service for 127.0.0.1:50556
20250718-193423<DEBUG:000035BC>: [KGD] Success connect to localhost:3306, character set switch to latin1
20250718-193428<INFO :00003E80>: [ServerManager] Accept from (127.0.0.1: 50562) SocketStream = 00F371E0
20250718-193428<INFO :0000429C>: [Goddess Server 02] Started, service for 127.0.0.1:50562
20250718-193428<DEBUG:0000429C>: [KGD] Success connect to localhost:3306, character set switch to latin1
20250718-193428<DEBUG:0000429C>: [Goddess Server 02] Enter KG_GoddessServer::_query_statistic_info()
20250718-193428<DEBUG:0000429C>: KGLOG_PROCESS_ERROR(piStatistic) at line 2189 in KG_GoddessServer::_query_statistic_info
20250718-193428<DEBUG:0000429C>: [Goddess Server 02] Leave KG_GoddessServer::_query_statistic_info()
20250718-193431<INFO :00003E80>: [ServerManager] Accept from (127.0.0.1: 50571) SocketStream = 00F37078
20250718-193431<INFO :000013E4>: [Goddess Server 03] Started, service for 127.0.0.1:50571
20250718-193431<DEBUG:000013E4>: [KGD] Success connect to localhost:3306, character set switch to latin1
20250718-193431<DEBUG:000013E4>: [Goddess Server 03] Enter KG_GoddessServer::_query_statistic_info()
20250718-193431<DEBUG:000013E4>: KGLOG_PROCESS_ERROR(piStatistic) at line 2189 in KG_GoddessServer::_query_statistic_info
20250718-193431<DEBUG:000013E4>: [Goddess Server 03] Leave KG_GoddessServer::_query_statistic_info()
20250718-193431<INFO :00003E80>: [ServerManager] Accept from (127.0.0.1: 50576) SocketStream = 00F375D0
20250718-193431<INFO :00002FEC>: [Goddess Server 04] Started, service for 127.0.0.1:50576
20250718-193431<DEBUG:00002FEC>: [KGD] Success connect to localhost:3306, character set switch to latin1
20250718-193431<INFO :00003E80>: [ServerManager] Accept from (127.0.0.1: 50581) SocketStream = 00F37738
20250718-193431<INFO :00000668>: [Goddess Server 05] Started, service for 127.0.0.1:50581
20250718-193431<DEBUG:00000668>: [KGD] Success connect to localhost:3306, character set switch to latin1
20250718-193431<INFO :00003E80>: [ServerManager] Accept from (127.0.0.1: 50586) SocketStream = 00F37468
20250718-193431<INFO :000007CC>: [Goddess Server 06] Started, service for 127.0.0.1:50586
20250718-193431<DEBUG:000007CC>: [KGD] Success connect to localhost:3306, character set switch to latin1
20250718-193431<INFO :00003E80>: [ServerManager] Accept from (127.0.0.1: 50589) SocketStream = 00F372B8
20250718-193431<INFO :000042FC>: [Goddess Server 07] Started, service for 127.0.0.1:50589
20250718-193431<DEBUG:000042FC>: [KGD] Success connect to localhost:3306, character set switch to latin1
20250718-193431<INFO :00003E80>: [ServerManager] Accept from (127.0.0.1: 50592) SocketStream = 00F370C0
20250718-193431<INFO :00003130>: [Goddess Server 08] Started, service for 127.0.0.1:50592
20250718-193431<DEBUG:00003130>: [KGD] Success connect to localhost:3306, character set switch to latin1
20250718-193431<DEBUG:00003130>: [Goddess Server 08] Enter KG_GoddessServer::_query_statistic_info()
20250718-193431<DEBUG:00003130>: KGLOG_PROCESS_ERROR(piStatistic) at line 2189 in KG_GoddessServer::_query_statistic_info
20250718-193431<DEBUG:00003130>: [Goddess Server 08] Leave KG_GoddessServer::_query_statistic_info()
20250718-193432<DEBUG:000007CC>: [Goddess Server 06] Enter KG_GoddessServer::_query_statistic_info()
20250718-193432<DEBUG:000007CC>: KGLOG_PROCESS_ERROR(piStatistic) at line 2189 in KG_GoddessServer::_query_statistic_info
20250718-193432<DEBUG:000007CC>: [Goddess Server 06] Leave KG_GoddessServer::_query_statistic_info()
20250718-193435<DEBUG:00000668>: [Goddess Server 05] Enter KG_GoddessServer::_query_statistic_info()
20250718-193435<DEBUG:00000668>: KGLOG_PROCESS_ERROR(piStatistic) at line 2189 in KG_GoddessServer::_query_statistic_info
20250718-193435<DEBUG:00000668>: [Goddess Server 05] Leave KG_GoddessServer::_query_statistic_info()
20250718-193435<DEBUG:0000429C>: [Goddess Server 02] Enter KG_GoddessServer::_ping()
20250718-193435<DEBUG:00002FEC>: [Goddess Server 04] Enter KG_GoddessServer::_query_statistic_info()
20250718-193435<DEBUG:00002FEC>: KGLOG_PROCESS_ERROR(piStatistic) at line 2189 in KG_GoddessServer::_query_statistic_info
20250718-193435<DEBUG:00002FEC>: [Goddess Server 04] Leave KG_GoddessServer::_query_statistic_info()
20250718-193436<DEBUG:000042FC>: [Goddess Server 07] Enter KG_GoddessServer::_query_statistic_info()
20250718-193436<DEBUG:000042FC>: KGLOG_PROCESS_ERROR(piStatistic) at line 2189 in KG_GoddessServer::_query_statistic_info
20250718-193436<DEBUG:000042FC>: [Goddess Server 07] Leave KG_GoddessServer::_query_statistic_info()
20250718-193438<DEBUG:000013E4>: [Goddess Server 03] Enter KG_GoddessServer::_ping()
20250718-193439<DEBUG:000032B8>: [Goddess Server 00] Enter KG_GoddessServer::_ping()
20250718-193440<DEBUG:00003130>: [Goddess Server 08] Enter KG_GoddessServer::_ping()
20250718-193441<DEBUG:000007CC>: [Goddess Server 06] Enter KG_GoddessServer::_ping()
20250718-193445<DEBUG:00000668>: [Goddess Server 05] Enter KG_GoddessServer::_ping()
20250718-193445<DEBUG:0000429C>: [Goddess Server 02] Enter KG_GoddessServer::_ping()
20250718-193445<DEBUG:00002FEC>: [Goddess Server 04] Enter KG_GoddessServer::_ping()
20250718-193446<DEBUG:000042FC>: [Goddess Server 07] Enter KG_GoddessServer::_ping()
20250718-193448<DEBUG:000013E4>: [Goddess Server 03] Enter KG_GoddessServer::_ping()
20250718-193450<DEBUG:00003130>: [Goddess Server 08] Enter KG_GoddessServer::_ping()
20250718-193450<DEBUG:000035BC>: [Goddess Server 01] Enter KG_GoddessServer::_ping()
20250718-193451<DEBUG:000007CC>: [Goddess Server 06] Enter KG_GoddessServer::_ping()
20250718-193455<DEBUG:00000668>: [Goddess Server 05] Enter KG_GoddessServer::_ping()
20250718-193455<DEBUG:0000429C>: [Goddess Server 02] Enter KG_GoddessServer::_ping()
20250718-193455<DEBUG:0000429C>: [Goddess Server 02] Enter KG_GoddessServer::_ping()
20250718-193455<DEBUG:000032B8>: [Goddess Server 00] Enter KG_GoddessServer::_query_role_list()
20250718-193455<INFO :000032B8>: [Goddess Server 00] Query roles list of account "xboyhd"
20250718-193455<DEBUG:000032B8>: [Goddess Server 00] Leave KG_GoddessServer::_query_role_list()
20250718-193455<DEBUG:00002FEC>: [Goddess Server 04] Enter KG_GoddessServer::_ping()
20250718-193456<DEBUG:000032B8>: [Goddess Server 00] Enter KG_GoddessServer::_query_role_list_in_zone()
20250718-193456<DEBUG:000032B8>: [Goddess Server 00] Leave KG_GoddessServer::_query_role_list_in_zone()
20250718-193456<DEBUG:000042FC>: [Goddess Server 07] Enter KG_GoddessServer::_ping()
20250718-193458<DEBUG:000013E4>: [Goddess Server 03] Enter KG_GoddessServer::_ping()
20250718-193458<DEBUG:000013E4>: [Goddess Server 03] Enter KG_GoddessServer::_ping()
20250718-193500<DEBUG:00003130>: [Goddess Server 08] Enter KG_GoddessServer::_ping()
20250718-193500<DEBUG:000032B8>: [Goddess Server 00] Enter KG_GoddessServer::_query_role_data()
20250718-193500<INFO :000032B8>: [Goddess Server 00] PacketID : 3, Get role "TCQGaming" of Account "xboyhd", Result = 1
20250718-193500<DEBUG:000032B8>: [Goddess Server 00] Leave KG_GoddessServer::_query_role_data()
20250718-193500<DEBUG:00003130>: [Goddess Server 08] Enter KG_GoddessServer::_ping()
20250718-193501<DEBUG:00003130>: [Goddess Server 08] Unsupported protocol: 38
20250718-193501<DEBUG:000007CC>: [Goddess Server 06] Enter KG_GoddessServer::_ping()
20250718-193501<DEBUG:000007CC>: [Goddess Server 06] Enter KG_GoddessServer::_ping()
20250718-193503<DEBUG:00003130>: [Goddess Server 08] Unsupported protocol: 37
20250718-193505<DEBUG:00000668>: [Goddess Server 05] Enter KG_GoddessServer::_ping()
20250718-193505<DEBUG:00000668>: [Goddess Server 05] Enter KG_GoddessServer::_ping()
20250718-193505<DEBUG:0000429C>: [Goddess Server 02] Enter KG_GoddessServer::_ping()
20250718-193505<DEBUG:00002FEC>: [Goddess Server 04] Enter KG_GoddessServer::_ping()
20250718-193505<DEBUG:00002FEC>: [Goddess Server 04] Enter KG_GoddessServer::_ping()
20250718-193506<DEBUG:000042FC>: [Goddess Server 07] Enter KG_GoddessServer::_ping()
20250718-193507<DEBUG:000042FC>: [Goddess Server 07] Enter KG_GoddessServer::_ping()
20250718-193508<DEBUG:000013E4>: [Goddess Server 03] Enter KG_GoddessServer::_ping()
20250718-193510<DEBUG:00003130>: [Goddess Server 08] Enter KG_GoddessServer::_ping()
20250718-193511<DEBUG:000007CC>: [Goddess Server 06] Enter KG_GoddessServer::_ping()
20250718-193515<DEBUG:00000668>: [Goddess Server 05] Enter KG_GoddessServer::_ping()
20250718-193515<DEBUG:0000429C>: [Goddess Server 02] Enter KG_GoddessServer::_ping()
20250718-193515<DEBUG:00002FEC>: [Goddess Server 04] Enter KG_GoddessServer::_ping()
20250718-193516<DEBUG:000042FC>: [Goddess Server 07] Enter KG_GoddessServer::_ping()
20250718-193518<DEBUG:000013E4>: [Goddess Server 03] Enter KG_GoddessServer::_ping()
20250718-193520<DEBUG:00003130>: [Goddess Server 08] Enter KG_GoddessServer::_ping()
20250718-193520<DEBUG:000035BC>: [Goddess Server 01] Enter KG_GoddessServer::_ping()
20250718-193520<DEBUG:000032B8>: [Goddess Server 00] Enter KG_GoddessServer::_ping()
20250718-193521<DEBUG:000007CC>: [Goddess Server 06] Enter KG_GoddessServer::_ping()
20250718-193525<DEBUG:00000668>: [Goddess Server 05] Enter KG_GoddessServer::_ping()
20250718-193525<DEBUG:0000429C>: [Goddess Server 02] Enter KG_GoddessServer::_ping()
20250718-193525<DEBUG:0000429C>: [Goddess Server 02] Enter KG_GoddessServer::_ping()
20250718-193525<DEBUG:00002FEC>: [Goddess Server 04] Enter KG_GoddessServer::_ping()
20250718-193526<DEBUG:000042FC>: [Goddess Server 07] Enter KG_GoddessServer::_ping()
20250718-193528<DEBUG:000013E4>: [Goddess Server 03] Enter KG_GoddessServer::_ping()
20250718-193528<DEBUG:000013E4>: [Goddess Server 03] Enter KG_GoddessServer::_ping()
20250718-193530<DEBUG:00003130>: [Goddess Server 08] Enter KG_GoddessServer::_ping()
20250718-193530<DEBUG:00003130>: [Goddess Server 08] Enter KG_GoddessServer::_ping()
20250718-193531<DEBUG:000007CC>: [Goddess Server 06] Enter KG_GoddessServer::_ping()
20250718-193531<DEBUG:000007CC>: [Goddess Server 06] Enter KG_GoddessServer::_ping()
20250718-193535<DEBUG:00000668>: [Goddess Server 05] Enter KG_GoddessServer::_ping()
20250718-193535<DEBUG:00000668>: [Goddess Server 05] Enter KG_GoddessServer::_ping()
20250718-193535<DEBUG:0000429C>: [Goddess Server 02] Enter KG_GoddessServer::_ping()
20250718-193535<DEBUG:00002FEC>: [Goddess Server 04] Enter KG_GoddessServer::_ping()
20250718-193536<DEBUG:00002FEC>: [Goddess Server 04] Enter KG_GoddessServer::_ping()
20250718-193536<DEBUG:000042FC>: [Goddess Server 07] Enter KG_GoddessServer::_ping()
20250718-193537<DEBUG:000042FC>: [Goddess Server 07] Enter KG_GoddessServer::_ping()
20250718-193538<DEBUG:000013E4>: [Goddess Server 03] Enter KG_GoddessServer::_ping()
20250718-193540<DEBUG:00003130>: [Goddess Server 08] Enter KG_GoddessServer::_ping()
20250718-193540<DEBUG:000032B8>: [Goddess Server 00] Enter KG_GoddessServer::_ping()
20250718-193541<DEBUG:000007CC>: [Goddess Server 06] Enter KG_GoddessServer::_ping()
20250718-193545<DEBUG:00000668>: [Goddess Server 05] Enter KG_GoddessServer::_ping()
20250718-193545<DEBUG:0000429C>: [Goddess Server 02] Enter KG_GoddessServer::_ping()
20250718-193545<DEBUG:00002FEC>: [Goddess Server 04] Enter KG_GoddessServer::_ping()
20250718-193546<DEBUG:000042FC>: [Goddess Server 07] Enter KG_GoddessServer::_ping()
20250718-193548<DEBUG:000013E4>: [Goddess Server 03] Enter KG_GoddessServer::_ping()
20250718-193550<DEBUG:00003130>: [Goddess Server 08] Enter KG_GoddessServer::_ping()
20250718-193550<DEBUG:000035BC>: [Goddess Server 01] Enter KG_GoddessServer::_ping()
20250718-193551<DEBUG:000007CC>: [Goddess Server 06] Enter KG_GoddessServer::_ping()
20250718-193555<DEBUG:00000668>: [Goddess Server 05] Enter KG_GoddessServer::_ping()
20250718-193555<DEBUG:0000429C>: [Goddess Server 02] Enter KG_GoddessServer::_ping()
20250718-193555<DEBUG:0000429C>: [Goddess Server 02] Enter KG_GoddessServer::_ping()
20250718-193555<DEBUG:00002FEC>: [Goddess Server 04] Enter KG_GoddessServer::_ping()
20250718-193556<DEBUG:000042FC>: [Goddess Server 07] Enter KG_GoddessServer::_ping()
20250718-193558<DEBUG:000013E4>: [Goddess Server 03] Enter KG_GoddessServer::_ping()
20250718-193558<DEBUG:000013E4>: [Goddess Server 03] Enter KG_GoddessServer::_ping()
20250718-193600<DEBUG:00003130>: [Goddess Server 08] Enter KG_GoddessServer::_ping()
20250718-193600<DEBUG:000032B8>: [Goddess Server 00] Enter KG_GoddessServer::_ping()
20250718-193600<DEBUG:00003130>: [Goddess Server 08] Enter KG_GoddessServer::_ping()
20250718-193601<DEBUG:000007CC>: [Goddess Server 06] Enter KG_GoddessServer::_ping()
20250718-193601<DEBUG:000007CC>: [Goddess Server 06] Enter KG_GoddessServer::_ping()
20250718-193605<DEBUG:00000668>: [Goddess Server 05] Enter KG_GoddessServer::_ping()
20250718-193605<DEBUG:0000429C>: [Goddess Server 02] Enter KG_GoddessServer::_ping()
20250718-193605<DEBUG:00000668>: [Goddess Server 05] Enter KG_GoddessServer::_ping()
20250718-193605<DEBUG:00002FEC>: [Goddess Server 04] Enter KG_GoddessServer::_ping()
20250718-193606<DEBUG:00002FEC>: [Goddess Server 04] Enter KG_GoddessServer::_ping()
20250718-193606<DEBUG:000042FC>: [Goddess Server 07] Enter KG_GoddessServer::_ping()
20250718-193607<DEBUG:000042FC>: [Goddess Server 07] Enter KG_GoddessServer::_ping()
20250718-193608<DEBUG:000013E4>: [Goddess Server 03] Enter KG_GoddessServer::_ping()
20250718-193610<DEBUG:00003130>: [Goddess Server 08] Enter KG_GoddessServer::_ping()
20250718-193611<DEBUG:000007CC>: [Goddess Server 06] Enter KG_GoddessServer::_ping()
20250718-193615<DEBUG:00000668>: [Goddess Server 05] Enter KG_GoddessServer::_ping()
20250718-193615<DEBUG:0000429C>: [Goddess Server 02] Enter KG_GoddessServer::_ping()
20250718-193615<DEBUG:00002FEC>: [Goddess Server 04] Enter KG_GoddessServer::_ping()
20250718-193616<DEBUG:000042FC>: [Goddess Server 07] Enter KG_GoddessServer::_ping()
20250718-193618<DEBUG:000013E4>: [Goddess Server 03] Enter KG_GoddessServer::_ping()
20250718-193620<DEBUG:00003130>: [Goddess Server 08] Enter KG_GoddessServer::_ping()
20250718-193620<DEBUG:000035BC>: [Goddess Server 01] Enter KG_GoddessServer::_ping()
20250718-193620<DEBUG:000032B8>: [Goddess Server 00] Enter KG_GoddessServer::_ping()
20250718-193621<DEBUG:000007CC>: [Goddess Server 06] Enter KG_GoddessServer::_ping()
20250718-193625<DEBUG:00000668>: [Goddess Server 05] Enter KG_GoddessServer::_ping()
20250718-193625<DEBUG:0000429C>: [Goddess Server 02] Enter KG_GoddessServer::_ping()
20250718-193625<DEBUG:0000429C>: [Goddess Server 02] Enter KG_GoddessServer::_ping()
20250718-193625<DEBUG:00002FEC>: [Goddess Server 04] Enter KG_GoddessServer::_ping()
20250718-193626<DEBUG:000042FC>: [Goddess Server 07] Enter KG_GoddessServer::_ping()
20250718-193628<DEBUG:000013E4>: [Goddess Server 03] Enter KG_GoddessServer::_ping()
20250718-193628<DEBUG:000013E4>: [Goddess Server 03] Enter KG_GoddessServer::_ping()
20250718-193630<DEBUG:00003130>: [Goddess Server 08] Enter KG_GoddessServer::_ping()
20250718-193630<DEBUG:00003130>: [Goddess Server 08] Enter KG_GoddessServer::_ping()
20250718-193631<DEBUG:000007CC>: [Goddess Server 06] Enter KG_GoddessServer::_ping()
20250718-193631<DEBUG:000007CC>: [Goddess Server 06] Enter KG_GoddessServer::_ping()
20250718-193635<DEBUG:00000668>: [Goddess Server 05] Enter KG_GoddessServer::_ping()
20250718-193635<DEBUG:0000429C>: [Goddess Server 02] Enter KG_GoddessServer::_ping()
20250718-193635<DEBUG:00000668>: [Goddess Server 05] Enter KG_GoddessServer::_ping()
20250718-193635<DEBUG:00002FEC>: [Goddess Server 04] Enter KG_GoddessServer::_ping()
20250718-193636<DEBUG:00002FEC>: [Goddess Server 04] Enter KG_GoddessServer::_ping()
20250718-193636<DEBUG:000042FC>: [Goddess Server 07] Enter KG_GoddessServer::_ping()
20250718-193637<DEBUG:000042FC>: [Goddess Server 07] Enter KG_GoddessServer::_ping()
20250718-193638<DEBUG:000013E4>: [Goddess Server 03] Enter KG_GoddessServer::_ping()
20250718-193640<DEBUG:00003130>: [Goddess Server 08] Enter KG_GoddessServer::_ping()
20250718-193640<DEBUG:000032B8>: [Goddess Server 00] Enter KG_GoddessServer::_ping()
20250718-193641<DEBUG:000007CC>: [Goddess Server 06] Enter KG_GoddessServer::_ping()
20250718-193645<DEBUG:00000668>: [Goddess Server 05] Enter KG_GoddessServer::_ping()
20250718-193645<DEBUG:0000429C>: [Goddess Server 02] Enter KG_GoddessServer::_ping()
20250718-193645<DEBUG:00002FEC>: [Goddess Server 04] Enter KG_GoddessServer::_ping()
20250718-193646<DEBUG:000042FC>: [Goddess Server 07] Enter KG_GoddessServer::_ping()
20250718-193648<DEBUG:000013E4>: [Goddess Server 03] Enter KG_GoddessServer::_ping()
20250718-193650<DEBUG:00003130>: [Goddess Server 08] Enter KG_GoddessServer::_ping()
20250718-193650<DEBUG:000035BC>: [Goddess Server 01] Enter KG_GoddessServer::_ping()
20250718-193651<DEBUG:000007CC>: [Goddess Server 06] Enter KG_GoddessServer::_ping()
20250718-193655<DEBUG:00000668>: [Goddess Server 05] Enter KG_GoddessServer::_ping()
20250718-193655<DEBUG:0000429C>: [Goddess Server 02] Enter KG_GoddessServer::_ping()
20250718-193655<DEBUG:0000429C>: [Goddess Server 02] Enter KG_GoddessServer::_ping()
20250718-193655<DEBUG:00002FEC>: [Goddess Server 04] Enter KG_GoddessServer::_ping()
20250718-193656<DEBUG:000042FC>: [Goddess Server 07] Enter KG_GoddessServer::_ping()
20250718-193658<DEBUG:000013E4>: [Goddess Server 03] Enter KG_GoddessServer::_ping()
20250718-193658<DEBUG:000013E4>: [Goddess Server 03] Enter KG_GoddessServer::_ping()
20250718-193700<DEBUG:00003130>: [Goddess Server 08] Enter KG_GoddessServer::_ping()
20250718-193700<DEBUG:000032B8>: [Goddess Server 00] Enter KG_GoddessServer::_ping()
20250718-193700<DEBUG:00003130>: [Goddess Server 08] Enter KG_GoddessServer::_ping()
20250718-193701<DEBUG:000007CC>: [Goddess Server 06] Enter KG_GoddessServer::_ping()
20250718-193702<DEBUG:000007CC>: [Goddess Server 06] Enter KG_GoddessServer::_ping()
20250718-193705<DEBUG:00000668>: [Goddess Server 05] Enter KG_GoddessServer::_ping()
20250718-193705<DEBUG:0000429C>: [Goddess Server 02] Enter KG_GoddessServer::_ping()
20250718-193705<DEBUG:00000668>: [Goddess Server 05] Enter KG_GoddessServer::_ping()
20250718-193705<DEBUG:00002FEC>: [Goddess Server 04] Enter KG_GoddessServer::_ping()
20250718-193706<DEBUG:00002FEC>: [Goddess Server 04] Enter KG_GoddessServer::_ping()
20250718-193706<DEBUG:000042FC>: [Goddess Server 07] Enter KG_GoddessServer::_ping()
20250718-193707<DEBUG:000042FC>: [Goddess Server 07] Enter KG_GoddessServer::_ping()
20250718-193708<DEBUG:000013E4>: [Goddess Server 03] Enter KG_GoddessServer::_ping()
20250718-193710<DEBUG:00003130>: [Goddess Server 08] Enter KG_GoddessServer::_ping()
20250718-193711<DEBUG:000007CC>: [Goddess Server 06] Enter KG_GoddessServer::_ping()
20250718-193715<DEBUG:00000668>: [Goddess Server 05] Enter KG_GoddessServer::_ping()
20250718-193715<DEBUG:0000429C>: [Goddess Server 02] Enter KG_GoddessServer::_ping()
20250718-193715<DEBUG:00002FEC>: [Goddess Server 04] Enter KG_GoddessServer::_ping()
20250718-193716<DEBUG:000042FC>: [Goddess Server 07] Enter KG_GoddessServer::_ping()
20250718-193718<DEBUG:000013E4>: [Goddess Server 03] Enter KG_GoddessServer::_ping()
20250718-193720<DEBUG:00003130>: [Goddess Server 08] Enter KG_GoddessServer::_ping()
20250718-193720<DEBUG:000035BC>: [Goddess Server 01] Enter KG_GoddessServer::_ping()
20250718-193720<DEBUG:000032B8>: [Goddess Server 00] Enter KG_GoddessServer::_ping()
20250718-193721<DEBUG:000007CC>: [Goddess Server 06] Enter KG_GoddessServer::_ping()
20250718-193725<DEBUG:00000668>: [Goddess Server 05] Enter KG_GoddessServer::_ping()
20250718-193725<DEBUG:0000429C>: [Goddess Server 02] Enter KG_GoddessServer::_ping()
20250718-193725<DEBUG:0000429C>: [Goddess Server 02] Enter KG_GoddessServer::_ping()
20250718-193725<DEBUG:00002FEC>: [Goddess Server 04] Enter KG_GoddessServer::_ping()
20250718-193726<DEBUG:000042FC>: [Goddess Server 07] Enter KG_GoddessServer::_ping()
20250718-193728<DEBUG:000013E4>: [Goddess Server 03] Enter KG_GoddessServer::_ping()
20250718-193728<DEBUG:00003130>: [Goddess Server 08] Enter KG_GoddessServer::_save_role_data()
20250718-193728<INFO :00003130>: [Goddess Server 08] PacketID : 1, Save role "TCQGaming" of Account "xboyhd", LeaveFlag = 1, Result = 1
20250718-193728<DEBUG:00003130>: [Goddess Server 08] Leave KG_GoddessServer::_save_role_data()
20250718-193728<DEBUG:000013E4>: [Goddess Server 03] Enter KG_GoddessServer::_ping()
20250718-193730<DEBUG:00003130>: [Goddess Server 08] Enter KG_GoddessServer::_ping()
20250718-193730<DEBUG:00003130>: [Goddess Server 08] Enter KG_GoddessServer::_ping()
20250718-193731<DEBUG:000007CC>: [Goddess Server 06] Enter KG_GoddessServer::_ping()
20250718-193732<DEBUG:000007CC>: [Goddess Server 06] Enter KG_GoddessServer::_ping()
20250718-193735<DEBUG:00000668>: [Goddess Server 05] Enter KG_GoddessServer::_ping()
20250718-193735<DEBUG:0000429C>: [Goddess Server 02] Enter KG_GoddessServer::_ping()
20250718-193735<DEBUG:00000668>: [Goddess Server 05] Enter KG_GoddessServer::_ping()
20250718-193735<DEBUG:00002FEC>: [Goddess Server 04] Enter KG_GoddessServer::_ping()
20250718-193736<DEBUG:00002FEC>: [Goddess Server 04] Enter KG_GoddessServer::_ping()
20250718-193736<DEBUG:000042FC>: [Goddess Server 07] Enter KG_GoddessServer::_ping()
20250718-193737<DEBUG:000042FC>: [Goddess Server 07] Enter KG_GoddessServer::_ping()
20250718-193738<DEBUG:000013E4>: [Goddess Server 03] Enter KG_GoddessServer::_ping()
20250718-193740<DEBUG:00003130>: [Goddess Server 08] Enter KG_GoddessServer::_ping()
20250718-193740<DEBUG:000032B8>: [Goddess Server 00] Enter KG_GoddessServer::_ping()
20250718-193741<DEBUG:000007CC>: [Goddess Server 06] Enter KG_GoddessServer::_ping()
20250718-193745<DEBUG:00000668>: [Goddess Server 05] Enter KG_GoddessServer::_ping()
20250718-193745<DEBUG:0000429C>: [Goddess Server 02] Enter KG_GoddessServer::_ping()
20250718-193745<DEBUG:00002FEC>: [Goddess Server 04] Enter KG_GoddessServer::_ping()
20250718-193746<DEBUG:000042FC>: [Goddess Server 07] Enter KG_GoddessServer::_ping()
20250718-193747<DEBUG:000032B8>: [Goddess Server 00] Enter KG_GoddessServer::_query_role_list()
20250718-193747<INFO :000032B8>: [Goddess Server 00] Query roles list of account "xboyhd"
20250718-193747<DEBUG:000032B8>: [Goddess Server 00] Leave KG_GoddessServer::_query_role_list()
20250718-193748<DEBUG:000013E4>: [Goddess Server 03] Enter KG_GoddessServer::_ping()
20250718-193748<DEBUG:000032B8>: [Goddess Server 00] Enter KG_GoddessServer::_query_role_list_in_zone()
20250718-193748<DEBUG:000032B8>: [Goddess Server 00] Leave KG_GoddessServer::_query_role_list_in_zone()
20250718-193750<DEBUG:00003130>: [Goddess Server 08] Enter KG_GoddessServer::_ping()
20250718-193750<DEBUG:000035BC>: [Goddess Server 01] Enter KG_GoddessServer::_ping()
20250718-193751<DEBUG:000007CC>: [Goddess Server 06] Enter KG_GoddessServer::_ping()
20250718-193751<DEBUG:000032B8>: [Goddess Server 00] Enter KG_GoddessServer::_query_role_data()
20250718-193751<INFO :000032B8>: [Goddess Server 00] PacketID : 6, Get role "TCQGaming" of Account "xboyhd", Result = 1
20250718-193751<DEBUG:000032B8>: [Goddess Server 00] Leave KG_GoddessServer::_query_role_data()
20250718-193752<DEBUG:00003130>: [Goddess Server 08] Unsupported protocol: 38
20250718-193754<DEBUG:00003130>: [Goddess Server 08] Unsupported protocol: 37
20250718-193755<DEBUG:00000668>: [Goddess Server 05] Enter KG_GoddessServer::_ping()
20250718-193755<DEBUG:0000429C>: [Goddess Server 02] Enter KG_GoddessServer::_ping()
20250718-193755<DEBUG:0000429C>: [Goddess Server 02] Enter KG_GoddessServer::_ping()
20250718-193755<DEBUG:00002FEC>: [Goddess Server 04] Enter KG_GoddessServer::_ping()
20250718-193756<DEBUG:000042FC>: [Goddess Server 07] Enter KG_GoddessServer::_ping()
20250718-193758<DEBUG:000013E4>: [Goddess Server 03] Enter KG_GoddessServer::_ping()
20250718-193759<DEBUG:000013E4>: [Goddess Server 03] Enter KG_GoddessServer::_ping()
20250718-193800<DEBUG:00003130>: [Goddess Server 08] Enter KG_GoddessServer::_ping()
20250718-193800<DEBUG:00003130>: [Goddess Server 08] Enter KG_GoddessServer::_ping()
20250718-193801<DEBUG:000007CC>: [Goddess Server 06] Enter KG_GoddessServer::_ping()
20250718-193802<DEBUG:000007CC>: [Goddess Server 06] Enter KG_GoddessServer::_ping()
20250718-193805<DEBUG:00000668>: [Goddess Server 05] Enter KG_GoddessServer::_ping()
20250718-193805<DEBUG:0000429C>: [Goddess Server 02] Enter KG_GoddessServer::_ping()
20250718-193805<DEBUG:00000668>: [Goddess Server 05] Enter KG_GoddessServer::_ping()
20250718-193805<DEBUG:00002FEC>: [Goddess Server 04] Enter KG_GoddessServer::_ping()
20250718-193806<DEBUG:00002FEC>: [Goddess Server 04] Enter KG_GoddessServer::_ping()
20250718-193806<DEBUG:000042FC>: [Goddess Server 07] Enter KG_GoddessServer::_ping()
20250718-193807<DEBUG:000042FC>: [Goddess Server 07] Enter KG_GoddessServer::_ping()
20250718-193808<DEBUG:000013E4>: [Goddess Server 03] Enter KG_GoddessServer::_ping()
20250718-193810<DEBUG:00003130>: [Goddess Server 08] Enter KG_GoddessServer::_ping()
20250718-193811<DEBUG:000007CC>: [Goddess Server 06] Enter KG_GoddessServer::_ping()
20250718-193811<DEBUG:000032B8>: [Goddess Server 00] Enter KG_GoddessServer::_ping()
20250718-193815<DEBUG:00000668>: [Goddess Server 05] Enter KG_GoddessServer::_ping()
20250718-193815<DEBUG:0000429C>: [Goddess Server 02] Enter KG_GoddessServer::_ping()
20250718-193815<DEBUG:00002FEC>: [Goddess Server 04] Enter KG_GoddessServer::_ping()
20250718-193816<DEBUG:000042FC>: [Goddess Server 07] Enter KG_GoddessServer::_ping()
20250718-193818<DEBUG:000013E4>: [Goddess Server 03] Enter KG_GoddessServer::_ping()
20250718-193820<DEBUG:00003130>: [Goddess Server 08] Enter KG_GoddessServer::_ping()
20250718-193820<DEBUG:000035BC>: [Goddess Server 01] Enter KG_GoddessServer::_ping()
20250718-193821<DEBUG:000007CC>: [Goddess Server 06] Enter KG_GoddessServer::_ping()
20250718-193825<DEBUG:00000668>: [Goddess Server 05] Enter KG_GoddessServer::_ping()
20250718-193825<DEBUG:0000429C>: [Goddess Server 02] Enter KG_GoddessServer::_ping()
20250718-193825<DEBUG:0000429C>: [Goddess Server 02] Enter KG_GoddessServer::_ping()
20250718-193825<DEBUG:00002FEC>: [Goddess Server 04] Enter KG_GoddessServer::_ping()
20250718-193826<DEBUG:000042FC>: [Goddess Server 07] Enter KG_GoddessServer::_ping()
20250718-193828<DEBUG:000013E4>: [Goddess Server 03] Enter KG_GoddessServer::_ping()
20250718-193829<DEBUG:000013E4>: [Goddess Server 03] Enter KG_GoddessServer::_ping()
20250718-193830<DEBUG:00003130>: [Goddess Server 08] Enter KG_GoddessServer::_ping()
20250718-193830<DEBUG:00003130>: [Goddess Server 08] Enter KG_GoddessServer::_ping()
20250718-193831<DEBUG:000007CC>: [Goddess Server 06] Enter KG_GoddessServer::_ping()
20250718-193831<DEBUG:000032B8>: [Goddess Server 00] Enter KG_GoddessServer::_ping()
20250718-193832<DEBUG:000007CC>: [Goddess Server 06] Enter KG_GoddessServer::_ping()
20250718-193835<DEBUG:00000668>: [Goddess Server 05] Enter KG_GoddessServer::_ping()
20250718-193835<DEBUG:0000429C>: [Goddess Server 02] Enter KG_GoddessServer::_ping()
20250718-193835<DEBUG:00000668>: [Goddess Server 05] Enter KG_GoddessServer::_ping()
20250718-193835<DEBUG:00002FEC>: [Goddess Server 04] Enter KG_GoddessServer::_ping()
20250718-193836<DEBUG:00002FEC>: [Goddess Server 04] Enter KG_GoddessServer::_ping()
20250718-193836<DEBUG:000042FC>: [Goddess Server 07] Enter KG_GoddessServer::_ping()
20250718-193837<DEBUG:000042FC>: [Goddess Server 07] Enter KG_GoddessServer::_ping()
20250718-193838<DEBUG:000013E4>: [Goddess Server 03] Enter KG_GoddessServer::_ping()
20250718-193840<DEBUG:00003130>: [Goddess Server 08] Enter KG_GoddessServer::_ping()
20250718-193841<DEBUG:000007CC>: [Goddess Server 06] Enter KG_GoddessServer::_ping()
20250718-193845<DEBUG:00000668>: [Goddess Server 05] Enter KG_GoddessServer::_ping()
20250718-193845<DEBUG:0000429C>: [Goddess Server 02] Enter KG_GoddessServer::_ping()
20250718-193845<DEBUG:00002FEC>: [Goddess Server 04] Enter KG_GoddessServer::_ping()
20250718-193846<DEBUG:000042FC>: [Goddess Server 07] Enter KG_GoddessServer::_ping()
20250718-193848<DEBUG:000013E4>: [Goddess Server 03] Enter KG_GoddessServer::_ping()
20250718-193850<DEBUG:00003130>: [Goddess Server 08] Enter KG_GoddessServer::_ping()
20250718-193850<DEBUG:000035BC>: [Goddess Server 01] Enter KG_GoddessServer::_ping()
20250718-193851<DEBUG:000007CC>: [Goddess Server 06] Enter KG_GoddessServer::_ping()
20250718-193851<DEBUG:000032B8>: [Goddess Server 00] Enter KG_GoddessServer::_ping()
20250718-193855<DEBUG:00000668>: [Goddess Server 05] Enter KG_GoddessServer::_ping()
20250718-193855<DEBUG:0000429C>: [Goddess Server 02] Enter KG_GoddessServer::_ping()
20250718-193855<DEBUG:00002FEC>: [Goddess Server 04] Enter KG_GoddessServer::_ping()
20250718-193855<DEBUG:0000429C>: [Goddess Server 02] Enter KG_GoddessServer::_ping()
20250718-193856<DEBUG:000042FC>: [Goddess Server 07] Enter KG_GoddessServer::_ping()
20250718-193858<DEBUG:000013E4>: [Goddess Server 03] Enter KG_GoddessServer::_ping()
20250718-193859<DEBUG:000013E4>: [Goddess Server 03] Enter KG_GoddessServer::_ping()
20250718-193900<DEBUG:00003130>: [Goddess Server 08] Enter KG_GoddessServer::_ping()
20250718-193900<DEBUG:00003130>: [Goddess Server 08] Enter KG_GoddessServer::_ping()
20250718-193901<DEBUG:000007CC>: [Goddess Server 06] Enter KG_GoddessServer::_ping()
20250718-193902<DEBUG:000007CC>: [Goddess Server 06] Enter KG_GoddessServer::_ping()
20250718-193905<DEBUG:00000668>: [Goddess Server 05] Enter KG_GoddessServer::_ping()
20250718-193905<DEBUG:0000429C>: [Goddess Server 02] Enter KG_GoddessServer::_ping()
20250718-193905<DEBUG:00000668>: [Goddess Server 05] Enter KG_GoddessServer::_ping()
20250718-193905<DEBUG:00002FEC>: [Goddess Server 04] Enter KG_GoddessServer::_ping()
20250718-193906<DEBUG:00002FEC>: [Goddess Server 04] Enter KG_GoddessServer::_ping()
20250718-193906<DEBUG:000042FC>: [Goddess Server 07] Enter KG_GoddessServer::_ping()
20250718-193907<DEBUG:000042FC>: [Goddess Server 07] Enter KG_GoddessServer::_ping()
20250718-193908<DEBUG:000013E4>: [Goddess Server 03] Enter KG_GoddessServer::_ping()
20250718-193910<DEBUG:00003130>: [Goddess Server 08] Enter KG_GoddessServer::_ping()
20250718-193911<DEBUG:000007CC>: [Goddess Server 06] Enter KG_GoddessServer::_ping()
20250718-193911<DEBUG:000032B8>: [Goddess Server 00] Enter KG_GoddessServer::_ping()
20250718-193915<DEBUG:00000668>: [Goddess Server 05] Enter KG_GoddessServer::_ping()
20250718-193915<DEBUG:0000429C>: [Goddess Server 02] Enter KG_GoddessServer::_ping()
20250718-193915<DEBUG:00002FEC>: [Goddess Server 04] Enter KG_GoddessServer::_ping()
20250718-193916<DEBUG:000042FC>: [Goddess Server 07] Enter KG_GoddessServer::_ping()
20250718-193918<DEBUG:000013E4>: [Goddess Server 03] Enter KG_GoddessServer::_ping()
20250718-193920<DEBUG:00003130>: [Goddess Server 08] Enter KG_GoddessServer::_ping()
20250718-193920<DEBUG:000035BC>: [Goddess Server 01] Enter KG_GoddessServer::_ping()
20250718-193921<DEBUG:000007CC>: [Goddess Server 06] Enter KG_GoddessServer::_ping()
20250718-193925<DEBUG:00000668>: [Goddess Server 05] Enter KG_GoddessServer::_ping()
20250718-193925<DEBUG:0000429C>: [Goddess Server 02] Enter KG_GoddessServer::_ping()
20250718-193925<DEBUG:00002FEC>: [Goddess Server 04] Enter KG_GoddessServer::_ping()
20250718-193925<DEBUG:0000429C>: [Goddess Server 02] Enter KG_GoddessServer::_ping()
20250718-193926<DEBUG:000042FC>: [Goddess Server 07] Enter KG_GoddessServer::_ping()
20250718-193928<DEBUG:000013E4>: [Goddess Server 03] Enter KG_GoddessServer::_ping()
20250718-193929<DEBUG:000013E4>: [Goddess Server 03] Enter KG_GoddessServer::_ping()
20250718-193930<DEBUG:00003130>: [Goddess Server 08] Enter KG_GoddessServer::_ping()
20250718-193930<DEBUG:00003130>: [Goddess Server 08] Enter KG_GoddessServer::_ping()
20250718-193931<DEBUG:000007CC>: [Goddess Server 06] Enter KG_GoddessServer::_ping()
20250718-193931<DEBUG:000032B8>: [Goddess Server 00] Enter KG_GoddessServer::_ping()
20250718-193932<DEBUG:000007CC>: [Goddess Server 06] Enter KG_GoddessServer::_ping()
20250718-193935<DEBUG:00000668>: [Goddess Server 05] Enter KG_GoddessServer::_ping()
20250718-193935<DEBUG:0000429C>: [Goddess Server 02] Enter KG_GoddessServer::_ping()
20250718-193935<DEBUG:00000668>: [Goddess Server 05] Enter KG_GoddessServer::_ping()
20250718-193935<DEBUG:00002FEC>: [Goddess Server 04] Enter KG_GoddessServer::_ping()
20250718-193936<DEBUG:00002FEC>: [Goddess Server 04] Enter KG_GoddessServer::_ping()
20250718-193936<DEBUG:000042FC>: [Goddess Server 07] Enter KG_GoddessServer::_ping()
20250718-193937<DEBUG:000042FC>: [Goddess Server 07] Enter KG_GoddessServer::_ping()
20250718-193938<DEBUG:000013E4>: [Goddess Server 03] Enter KG_GoddessServer::_ping()
20250718-193940<DEBUG:00003130>: [Goddess Server 08] Enter KG_GoddessServer::_ping()
20250718-193941<DEBUG:000007CC>: [Goddess Server 06] Enter KG_GoddessServer::_ping()
20250718-193945<DEBUG:00000668>: [Goddess Server 05] Enter KG_GoddessServer::_ping()
20250718-193945<DEBUG:0000429C>: [Goddess Server 02] Enter KG_GoddessServer::_ping()
20250718-193945<DEBUG:00002FEC>: [Goddess Server 04] Enter KG_GoddessServer::_ping()
20250718-193946<DEBUG:000042FC>: [Goddess Server 07] Enter KG_GoddessServer::_ping()
20250718-193948<DEBUG:000013E4>: [Goddess Server 03] Enter KG_GoddessServer::_ping()
20250718-193950<DEBUG:00003130>: [Goddess Server 08] Enter KG_GoddessServer::_ping()
20250718-193950<DEBUG:000035BC>: [Goddess Server 01] Enter KG_GoddessServer::_ping()
20250718-193951<DEBUG:000007CC>: [Goddess Server 06] Enter KG_GoddessServer::_ping()
20250718-193951<DEBUG:000032B8>: [Goddess Server 00] Enter KG_GoddessServer::_ping()
20250718-193955<DEBUG:00000668>: [Goddess Server 05] Enter KG_GoddessServer::_ping()
20250718-193955<DEBUG:0000429C>: [Goddess Server 02] Enter KG_GoddessServer::_ping()
20250718-193955<DEBUG:00002FEC>: [Goddess Server 04] Enter KG_GoddessServer::_ping()
20250718-193955<DEBUG:0000429C>: [Goddess Server 02] Enter KG_GoddessServer::_ping()
20250718-193956<DEBUG:000042FC>: [Goddess Server 07] Enter KG_GoddessServer::_ping()
20250718-193958<DEBUG:000013E4>: [Goddess Server 03] Enter KG_GoddessServer::_ping()
20250718-193959<DEBUG:000013E4>: [Goddess Server 03] Enter KG_GoddessServer::_ping()
20250718-194000<DEBUG:00003130>: [Goddess Server 08] Enter KG_GoddessServer::_ping()
20250718-194001<DEBUG:00003130>: [Goddess Server 08] Enter KG_GoddessServer::_ping()
20250718-194001<DEBUG:000007CC>: [Goddess Server 06] Enter KG_GoddessServer::_ping()
20250718-194002<DEBUG:000007CC>: [Goddess Server 06] Enter KG_GoddessServer::_ping()
20250718-194005<DEBUG:00000668>: [Goddess Server 05] Enter KG_GoddessServer::_ping()
20250718-194005<DEBUG:0000429C>: [Goddess Server 02] Enter KG_GoddessServer::_ping()
20250718-194005<DEBUG:00000668>: [Goddess Server 05] Enter KG_GoddessServer::_ping()
20250718-194005<DEBUG:00002FEC>: [Goddess Server 04] Enter KG_GoddessServer::_ping()
20250718-194006<DEBUG:00002FEC>: [Goddess Server 04] Enter KG_GoddessServer::_ping()
20250718-194006<DEBUG:000042FC>: [Goddess Server 07] Enter KG_GoddessServer::_ping()
20250718-194007<DEBUG:000042FC>: [Goddess Server 07] Enter KG_GoddessServer::_ping()
20250718-194008<DEBUG:000013E4>: [Goddess Server 03] Enter KG_GoddessServer::_ping()
20250718-194010<DEBUG:00003130>: [Goddess Server 08] Enter KG_GoddessServer::_ping()
20250718-194011<DEBUG:000007CC>: [Goddess Server 06] Enter KG_GoddessServer::_ping()
20250718-194011<DEBUG:000032B8>: [Goddess Server 00] Enter KG_GoddessServer::_ping()
20250718-194015<DEBUG:00000668>: [Goddess Server 05] Enter KG_GoddessServer::_ping()
20250718-194015<DEBUG:0000429C>: [Goddess Server 02] Enter KG_GoddessServer::_ping()
20250718-194015<DEBUG:00002FEC>: [Goddess Server 04] Enter KG_GoddessServer::_ping()
