20250718-192922<INFO :00000F70>: [KG_Goddess] starting ...
20250718-192922<INFO :00000F70>: [KG_Goddess] Loading kg_goddess.ini
20250718-192922<INFO :00000F70>: [KG_Goddess] Loaded KG_Angel, version 2.5
20250718-192922<INFO :00000F70>: [KG_Goddess] Initializing role database ...
20250718-192922<DEBUG:00000F70>: [KGD] Success connect to localhost:3306, character set switch to latin1
20250718-192922<INFO :00000F70>: [KG_Goddess] Initializing role statistic ...
20250718-192922<INFO :00000F70>: [KG_Goddess] Initializing server manager ...
20250718-192922<INFO :00000F70>: [KG_Goddess] Initializing Sequence ...
20250718-192922<INFO :00000F70>: [KG_Goddess] Initializing NameServer ...
20250718-192922<DEBUG:00000F70>: [Database] character set switch to latin1
20250718-192922<INFO :00000F70>: [ServerManager] Listening at 127.0.0.1:5001
20250718-192922<INFO :00000F70>: [KG_Goddess] RoleLock disable
20250718-192922<INFO :00000F70>: [KG_Goddess] Set log level to DEBUG
20250718-192922<INFO :00000F70>: [KG_Goddess] Start success
20250718-192925<INFO :000024A8>: [ServerManager] Accept from (127.0.0.1: 59507) SocketStream = 00F574F8
20250718-192925<INFO :0000122C>: [Goddess Server 00] Started, service for 127.0.0.1:59507
20250718-192925<DEBUG:0000122C>: [KGD] Success connect to localhost:3306, character set switch to latin1
20250718-192926<INFO :000024A8>: [ServerManager] Accept from (127.0.0.1: 59512) SocketStream = 00F57270
20250718-192926<INFO :00004C34>: [Goddess Server 01] Started, service for 127.0.0.1:59512
20250718-192926<DEBUG:00004C34>: [KGD] Success connect to localhost:3306, character set switch to latin1
20250718-192930<INFO :000024A8>: [ServerManager] Accept from (127.0.0.1: 59522) SocketStream = 00F57588
20250718-192930<INFO :00003ED4>: [Goddess Server 02] Started, service for 127.0.0.1:59522
20250718-192930<DEBUG:00003ED4>: [KGD] Success connect to localhost:3306, character set switch to latin1
20250718-192930<DEBUG:00003ED4>: [Goddess Server 02] Enter KG_GoddessServer::_query_statistic_info()
20250718-192930<DEBUG:00003ED4>: KGLOG_PROCESS_ERROR(piStatistic) at line 2189 in KG_GoddessServer::_query_statistic_info
20250718-192930<DEBUG:00003ED4>: [Goddess Server 02] Leave KG_GoddessServer::_query_statistic_info()
20250718-192930<INFO :000024A8>: [ServerManager] Accept from (127.0.0.1: 59528) SocketStream = 00F57198
20250718-192930<INFO :0000449C>: [Goddess Server 03] Started, service for 127.0.0.1:59528
20250718-192930<DEBUG:0000449C>: [KGD] Success connect to localhost:3306, character set switch to latin1
20250718-192930<DEBUG:0000449C>: [Goddess Server 03] Enter KG_GoddessServer::_query_statistic_info()
20250718-192930<DEBUG:0000449C>: KGLOG_PROCESS_ERROR(piStatistic) at line 2189 in KG_GoddessServer::_query_statistic_info
20250718-192930<DEBUG:0000449C>: [Goddess Server 03] Leave KG_GoddessServer::_query_statistic_info()
20250718-192930<INFO :000024A8>: [ServerManager] Accept from (127.0.0.1: 59533) SocketStream = 00F57300
20250718-192930<INFO :00002F6C>: [Goddess Server 04] Started, service for 127.0.0.1:59533
20250718-192930<DEBUG:00002F6C>: [KGD] Success connect to localhost:3306, character set switch to latin1
20250718-192930<DEBUG:00002F6C>: [Goddess Server 04] Enter KG_GoddessServer::_query_statistic_info()
20250718-192930<DEBUG:00002F6C>: KGLOG_PROCESS_ERROR(piStatistic) at line 2189 in KG_GoddessServer::_query_statistic_info
20250718-192930<DEBUG:00002F6C>: [Goddess Server 04] Leave KG_GoddessServer::_query_statistic_info()
20250718-192930<INFO :000024A8>: [ServerManager] Accept from (127.0.0.1: 59538) SocketStream = 00F57108
20250718-192930<INFO :00001798>: [Goddess Server 05] Started, service for 127.0.0.1:59538
20250718-192930<DEBUG:00001798>: [KGD] Success connect to localhost:3306, character set switch to latin1
20250718-192930<DEBUG:00001798>: [Goddess Server 05] Enter KG_GoddessServer::_query_statistic_info()
20250718-192930<DEBUG:00001798>: KGLOG_PROCESS_ERROR(piStatistic) at line 2189 in KG_GoddessServer::_query_statistic_info
20250718-192930<DEBUG:00001798>: [Goddess Server 05] Leave KG_GoddessServer::_query_statistic_info()
20250718-192930<INFO :000024A8>: [ServerManager] Accept from (127.0.0.1: 59543) SocketStream = 00F57540
20250718-192930<INFO :00004F60>: [Goddess Server 06] Started, service for 127.0.0.1:59543
20250718-192930<DEBUG:00004F60>: [KGD] Success connect to localhost:3306, character set switch to latin1
20250718-192930<INFO :000024A8>: [ServerManager] Accept from (127.0.0.1: 59546) SocketStream = 00F572B8
20250718-192930<INFO :00003054>: [Goddess Server 07] Started, service for 127.0.0.1:59546
20250718-192930<DEBUG:00003054>: [KGD] Success connect to localhost:3306, character set switch to latin1
20250718-192930<INFO :000024A8>: [ServerManager] Accept from (127.0.0.1: 59549) SocketStream = 00F575D0
20250718-192930<INFO :0000471C>: [Goddess Server 08] Started, service for 127.0.0.1:59549
20250718-192930<DEBUG:0000471C>: [KGD] Success connect to localhost:3306, character set switch to latin1
20250718-192930<DEBUG:0000471C>: [Goddess Server 08] Enter KG_GoddessServer::_query_statistic_info()
20250718-192930<DEBUG:0000471C>: KGLOG_PROCESS_ERROR(piStatistic) at line 2189 in KG_GoddessServer::_query_statistic_info
20250718-192930<DEBUG:0000471C>: [Goddess Server 08] Leave KG_GoddessServer::_query_statistic_info()
20250718-192931<DEBUG:00004F60>: [Goddess Server 06] Enter KG_GoddessServer::_query_statistic_info()
20250718-192931<DEBUG:00004F60>: KGLOG_PROCESS_ERROR(piStatistic) at line 2189 in KG_GoddessServer::_query_statistic_info
20250718-192931<DEBUG:00004F60>: [Goddess Server 06] Leave KG_GoddessServer::_query_statistic_info()
20250718-192931<DEBUG:00003054>: [Goddess Server 07] Enter KG_GoddessServer::_query_statistic_info()
20250718-192931<DEBUG:00003054>: KGLOG_PROCESS_ERROR(piStatistic) at line 2189 in KG_GoddessServer::_query_statistic_info
20250718-192931<DEBUG:00003054>: [Goddess Server 07] Leave KG_GoddessServer::_query_statistic_info()
20250718-192937<DEBUG:00003ED4>: [Goddess Server 02] Enter KG_GoddessServer::_ping()
20250718-192937<DEBUG:0000449C>: [Goddess Server 03] Enter KG_GoddessServer::_ping()
20250718-192938<DEBUG:00002F6C>: [Goddess Server 04] Enter KG_GoddessServer::_ping()
20250718-192938<DEBUG:00001798>: [Goddess Server 05] Enter KG_GoddessServer::_ping()
20250718-192939<DEBUG:0000471C>: [Goddess Server 08] Enter KG_GoddessServer::_ping()
20250718-192940<DEBUG:00004F60>: [Goddess Server 06] Enter KG_GoddessServer::_ping()
20250718-192941<DEBUG:00003054>: [Goddess Server 07] Enter KG_GoddessServer::_ping()
20250718-192941<DEBUG:0000122C>: [Goddess Server 00] Enter KG_GoddessServer::_ping()
20250718-192946<DEBUG:0000122C>: [Goddess Server 00] Enter KG_GoddessServer::_query_role_list()
20250718-192946<INFO :0000122C>: [Goddess Server 00] Query roles list of account "xboyhd"
20250718-192946<DEBUG:0000122C>: [Goddess Server 00] Leave KG_GoddessServer::_query_role_list()
20250718-192947<DEBUG:00003ED4>: [Goddess Server 02] Enter KG_GoddessServer::_ping()
20250718-192947<DEBUG:0000122C>: [Goddess Server 00] Enter KG_GoddessServer::_query_role_list_in_zone()
20250718-192947<DEBUG:0000122C>: [Goddess Server 00] Leave KG_GoddessServer::_query_role_list_in_zone()
20250718-192947<DEBUG:0000449C>: [Goddess Server 03] Enter KG_GoddessServer::_ping()
20250718-192948<DEBUG:00002F6C>: [Goddess Server 04] Enter KG_GoddessServer::_ping()
20250718-192948<DEBUG:00001798>: [Goddess Server 05] Enter KG_GoddessServer::_ping()
20250718-192949<DEBUG:0000122C>: [Goddess Server 00] Enter KG_GoddessServer::_query_role_list()
20250718-192949<INFO :0000122C>: [Goddess Server 00] Query roles list of account "xboyhd5"
20250718-192949<DEBUG:0000471C>: [Goddess Server 08] Enter KG_GoddessServer::_ping()
20250718-192949<DEBUG:0000122C>: [Goddess Server 00] Leave KG_GoddessServer::_query_role_list()
20250718-192950<DEBUG:0000122C>: [Goddess Server 00] Enter KG_GoddessServer::_query_role_list_in_zone()
20250718-192950<DEBUG:0000122C>: [Goddess Server 00] Leave KG_GoddessServer::_query_role_list_in_zone()
20250718-192950<DEBUG:00004F60>: [Goddess Server 06] Enter KG_GoddessServer::_ping()
20250718-192950<DEBUG:0000122C>: [Goddess Server 00] Enter KG_GoddessServer::_query_role_data()
20250718-192950<INFO :0000122C>: [Goddess Server 00] PacketID : 5, Get role "TCQGaming" of Account "xboyhd", Result = 1
20250718-192950<DEBUG:0000122C>: [Goddess Server 00] Leave KG_GoddessServer::_query_role_data()
20250718-192951<DEBUG:00003054>: [Goddess Server 07] Enter KG_GoddessServer::_ping()
20250718-192952<DEBUG:0000471C>: [Goddess Server 08] Unsupported protocol: 38
20250718-192952<DEBUG:00004C34>: [Goddess Server 01] Enter KG_GoddessServer::_ping()
20250718-192953<DEBUG:0000471C>: [Goddess Server 08] Unsupported protocol: 37
20250718-192953<DEBUG:0000122C>: [Goddess Server 00] Enter KG_GoddessServer::_query_role_data()
20250718-192953<INFO :0000122C>: [Goddess Server 00] PacketID : 6, Get role "thieulamne" of Account "xboyhd5", Result = 1
20250718-192953<DEBUG:0000122C>: [Goddess Server 00] Leave KG_GoddessServer::_query_role_data()
20250718-192954<DEBUG:00003ED4>: [Goddess Server 02] Unsupported protocol: 38
20250718-192955<DEBUG:00003ED4>: [Goddess Server 02] Unsupported protocol: 37
20250718-192955<DEBUG:00003ED4>: [Goddess Server 02] Enter KG_GoddessServer::_save_role_data()
20250718-192955<INFO :00003ED4>: [Goddess Server 02] PacketID : 1, Save role "thieulamne" of Account "xboyhd5", LeaveFlag = 1, Result = 1
20250718-192955<DEBUG:00003ED4>: [Goddess Server 02] Leave KG_GoddessServer::_save_role_data()
20250718-192955<DEBUG:0000471C>: [Goddess Server 08] Unsupported protocol: 38
20250718-192956<DEBUG:0000471C>: [Goddess Server 08] Unsupported protocol: 37
20250718-192957<DEBUG:00003ED4>: [Goddess Server 02] Enter KG_GoddessServer::_ping()
20250718-192957<DEBUG:00003ED4>: [Goddess Server 02] Enter KG_GoddessServer::_ping()
20250718-192957<DEBUG:0000449C>: [Goddess Server 03] Enter KG_GoddessServer::_ping()
20250718-192957<DEBUG:0000449C>: [Goddess Server 03] Enter KG_GoddessServer::_ping()
20250718-192958<DEBUG:00002F6C>: [Goddess Server 04] Enter KG_GoddessServer::_ping()
20250718-192958<DEBUG:00002F6C>: [Goddess Server 04] Enter KG_GoddessServer::_ping()
20250718-192958<DEBUG:00001798>: [Goddess Server 05] Enter KG_GoddessServer::_ping()
20250718-192958<DEBUG:00001798>: [Goddess Server 05] Enter KG_GoddessServer::_ping()
20250718-192959<DEBUG:0000471C>: [Goddess Server 08] Enter KG_GoddessServer::_ping()
20250718-192959<DEBUG:0000471C>: [Goddess Server 08] Enter KG_GoddessServer::_ping()
20250718-193000<DEBUG:00004F60>: [Goddess Server 06] Enter KG_GoddessServer::_ping()
20250718-193000<DEBUG:00004F60>: [Goddess Server 06] Enter KG_GoddessServer::_ping()
20250718-193001<DEBUG:00003054>: [Goddess Server 07] Enter KG_GoddessServer::_ping()
20250718-193001<DEBUG:00003054>: [Goddess Server 07] Enter KG_GoddessServer::_ping()
20250718-193003<DEBUG:0000471C>: [Goddess Server 08] Enter KG_GoddessServer::_save_role_data()
20250718-193003<INFO :0000471C>: [Goddess Server 08] PacketID : 2, Save role "thieulamne" of Account "xboyhd5", LeaveFlag = 1, Result = 1
20250718-193003<DEBUG:0000471C>: [Goddess Server 08] Leave KG_GoddessServer::_save_role_data()
20250718-193003<DEBUG:00003ED4>: [Goddess Server 02] Unsupported protocol: 38
20250718-193003<DEBUG:00003ED4>: [Goddess Server 02] Unsupported protocol: 37
20250718-193007<DEBUG:00003ED4>: [Goddess Server 02] Enter KG_GoddessServer::_ping()
20250718-193007<DEBUG:0000449C>: [Goddess Server 03] Enter KG_GoddessServer::_ping()
20250718-193008<DEBUG:00002F6C>: [Goddess Server 04] Enter KG_GoddessServer::_ping()
20250718-193008<DEBUG:00001798>: [Goddess Server 05] Enter KG_GoddessServer::_ping()
20250718-193009<DEBUG:0000471C>: [Goddess Server 08] Enter KG_GoddessServer::_ping()
20250718-193010<DEBUG:00004F60>: [Goddess Server 06] Enter KG_GoddessServer::_ping()
20250718-193011<DEBUG:00003054>: [Goddess Server 07] Enter KG_GoddessServer::_ping()
20250718-193013<DEBUG:0000122C>: [Goddess Server 00] Enter KG_GoddessServer::_ping()
20250718-193017<DEBUG:00003ED4>: [Goddess Server 02] Enter KG_GoddessServer::_ping()
20250718-193017<DEBUG:0000449C>: [Goddess Server 03] Enter KG_GoddessServer::_ping()
20250718-193018<DEBUG:00002F6C>: [Goddess Server 04] Enter KG_GoddessServer::_ping()
20250718-193018<DEBUG:00001798>: [Goddess Server 05] Enter KG_GoddessServer::_ping()
20250718-193019<DEBUG:0000471C>: [Goddess Server 08] Enter KG_GoddessServer::_ping()
20250718-193020<DEBUG:00004F60>: [Goddess Server 06] Enter KG_GoddessServer::_ping()
20250718-193021<DEBUG:00003054>: [Goddess Server 07] Enter KG_GoddessServer::_ping()
20250718-193022<DEBUG:00004C34>: [Goddess Server 01] Enter KG_GoddessServer::_ping()
20250718-193027<DEBUG:00003ED4>: [Goddess Server 02] Enter KG_GoddessServer::_ping()
20250718-193027<DEBUG:00003ED4>: [Goddess Server 02] Enter KG_GoddessServer::_ping()
20250718-193027<DEBUG:0000449C>: [Goddess Server 03] Enter KG_GoddessServer::_ping()
20250718-193028<DEBUG:0000449C>: [Goddess Server 03] Enter KG_GoddessServer::_ping()
20250718-193028<DEBUG:00002F6C>: [Goddess Server 04] Enter KG_GoddessServer::_ping()
20250718-193028<DEBUG:00002F6C>: [Goddess Server 04] Enter KG_GoddessServer::_ping()
20250718-193028<DEBUG:00001798>: [Goddess Server 05] Enter KG_GoddessServer::_ping()
20250718-193028<DEBUG:00001798>: [Goddess Server 05] Enter KG_GoddessServer::_ping()
20250718-193029<DEBUG:0000471C>: [Goddess Server 08] Enter KG_GoddessServer::_ping()
20250718-193029<DEBUG:0000471C>: [Goddess Server 08] Enter KG_GoddessServer::_ping()
20250718-193030<DEBUG:00004F60>: [Goddess Server 06] Enter KG_GoddessServer::_ping()
20250718-193030<DEBUG:00004F60>: [Goddess Server 06] Enter KG_GoddessServer::_ping()
20250718-193031<DEBUG:00003054>: [Goddess Server 07] Enter KG_GoddessServer::_ping()
20250718-193031<DEBUG:00003054>: [Goddess Server 07] Enter KG_GoddessServer::_ping()
20250718-193033<DEBUG:0000122C>: [Goddess Server 00] Enter KG_GoddessServer::_ping()
20250718-193037<DEBUG:00003ED4>: [Goddess Server 02] Enter KG_GoddessServer::_ping()
20250718-193037<DEBUG:0000449C>: [Goddess Server 03] Enter KG_GoddessServer::_ping()
20250718-193038<DEBUG:00002F6C>: [Goddess Server 04] Enter KG_GoddessServer::_ping()
20250718-193038<DEBUG:00001798>: [Goddess Server 05] Enter KG_GoddessServer::_ping()
20250718-193039<DEBUG:0000471C>: [Goddess Server 08] Enter KG_GoddessServer::_ping()
20250718-193040<DEBUG:00004F60>: [Goddess Server 06] Enter KG_GoddessServer::_ping()
20250718-193041<DEBUG:00003054>: [Goddess Server 07] Enter KG_GoddessServer::_ping()
20250718-193047<DEBUG:00003ED4>: [Goddess Server 02] Enter KG_GoddessServer::_ping()
20250718-193047<DEBUG:0000449C>: [Goddess Server 03] Enter KG_GoddessServer::_ping()
20250718-193048<DEBUG:00002F6C>: [Goddess Server 04] Enter KG_GoddessServer::_ping()
20250718-193048<DEBUG:00001798>: [Goddess Server 05] Enter KG_GoddessServer::_ping()
20250718-193049<DEBUG:0000471C>: [Goddess Server 08] Enter KG_GoddessServer::_ping()
20250718-193050<DEBUG:00004F60>: [Goddess Server 06] Enter KG_GoddessServer::_ping()
20250718-193051<DEBUG:00003054>: [Goddess Server 07] Enter KG_GoddessServer::_ping()
20250718-193052<DEBUG:00004C34>: [Goddess Server 01] Enter KG_GoddessServer::_ping()
20250718-193053<DEBUG:0000122C>: [Goddess Server 00] Enter KG_GoddessServer::_ping()
20250718-193057<DEBUG:00003ED4>: [Goddess Server 02] Enter KG_GoddessServer::_ping()
20250718-193057<DEBUG:00003ED4>: [Goddess Server 02] Enter KG_GoddessServer::_ping()
20250718-193057<DEBUG:0000449C>: [Goddess Server 03] Enter KG_GoddessServer::_ping()
20250718-193058<DEBUG:0000449C>: [Goddess Server 03] Enter KG_GoddessServer::_ping()
20250718-193058<DEBUG:00002F6C>: [Goddess Server 04] Enter KG_GoddessServer::_ping()
20250718-193058<DEBUG:00002F6C>: [Goddess Server 04] Enter KG_GoddessServer::_ping()
20250718-193058<DEBUG:00001798>: [Goddess Server 05] Enter KG_GoddessServer::_ping()
20250718-193058<DEBUG:00001798>: [Goddess Server 05] Enter KG_GoddessServer::_ping()
20250718-193059<DEBUG:0000471C>: [Goddess Server 08] Enter KG_GoddessServer::_ping()
20250718-193059<DEBUG:0000471C>: [Goddess Server 08] Enter KG_GoddessServer::_ping()
20250718-193100<DEBUG:00004F60>: [Goddess Server 06] Enter KG_GoddessServer::_ping()
20250718-193100<DEBUG:00004F60>: [Goddess Server 06] Enter KG_GoddessServer::_ping()
20250718-193101<DEBUG:00003054>: [Goddess Server 07] Enter KG_GoddessServer::_ping()
20250718-193101<DEBUG:00003054>: [Goddess Server 07] Enter KG_GoddessServer::_ping()
20250718-193107<DEBUG:00003ED4>: [Goddess Server 02] Enter KG_GoddessServer::_ping()
20250718-193107<DEBUG:0000449C>: [Goddess Server 03] Enter KG_GoddessServer::_ping()
20250718-193108<DEBUG:00002F6C>: [Goddess Server 04] Enter KG_GoddessServer::_ping()
20250718-193108<DEBUG:00001798>: [Goddess Server 05] Enter KG_GoddessServer::_ping()
20250718-193109<DEBUG:0000471C>: [Goddess Server 08] Enter KG_GoddessServer::_ping()
20250718-193110<DEBUG:00004F60>: [Goddess Server 06] Enter KG_GoddessServer::_ping()
20250718-193111<DEBUG:00003054>: [Goddess Server 07] Enter KG_GoddessServer::_ping()
20250718-193113<DEBUG:0000122C>: [Goddess Server 00] Enter KG_GoddessServer::_ping()
20250718-193117<DEBUG:00003ED4>: [Goddess Server 02] Enter KG_GoddessServer::_ping()
20250718-193117<DEBUG:0000449C>: [Goddess Server 03] Enter KG_GoddessServer::_ping()
20250718-193118<DEBUG:00002F6C>: [Goddess Server 04] Enter KG_GoddessServer::_ping()
20250718-193118<DEBUG:00001798>: [Goddess Server 05] Enter KG_GoddessServer::_ping()
20250718-193119<DEBUG:0000471C>: [Goddess Server 08] Enter KG_GoddessServer::_ping()
20250718-193120<DEBUG:00004F60>: [Goddess Server 06] Enter KG_GoddessServer::_ping()
20250718-193121<DEBUG:00003054>: [Goddess Server 07] Enter KG_GoddessServer::_ping()
20250718-193122<DEBUG:00004C34>: [Goddess Server 01] Enter KG_GoddessServer::_ping()
20250718-193127<DEBUG:00003ED4>: [Goddess Server 02] Enter KG_GoddessServer::_ping()
20250718-193127<DEBUG:00003ED4>: [Goddess Server 02] Enter KG_GoddessServer::_ping()
20250718-193127<DEBUG:0000449C>: [Goddess Server 03] Enter KG_GoddessServer::_ping()
20250718-193128<DEBUG:0000449C>: [Goddess Server 03] Enter KG_GoddessServer::_ping()
20250718-193128<DEBUG:00002F6C>: [Goddess Server 04] Enter KG_GoddessServer::_ping()
20250718-193128<DEBUG:00002F6C>: [Goddess Server 04] Enter KG_GoddessServer::_ping()
20250718-193128<DEBUG:00001798>: [Goddess Server 05] Enter KG_GoddessServer::_ping()
20250718-193128<DEBUG:00001798>: [Goddess Server 05] Enter KG_GoddessServer::_ping()
20250718-193129<DEBUG:0000471C>: [Goddess Server 08] Enter KG_GoddessServer::_ping()
20250718-193129<DEBUG:0000471C>: [Goddess Server 08] Enter KG_GoddessServer::_ping()
20250718-193130<DEBUG:00004F60>: [Goddess Server 06] Enter KG_GoddessServer::_ping()
20250718-193131<DEBUG:00004F60>: [Goddess Server 06] Enter KG_GoddessServer::_ping()
20250718-193131<DEBUG:00003054>: [Goddess Server 07] Enter KG_GoddessServer::_ping()
20250718-193131<DEBUG:00003054>: [Goddess Server 07] Enter KG_GoddessServer::_ping()
20250718-193133<DEBUG:0000122C>: [Goddess Server 00] Enter KG_GoddessServer::_ping()
20250718-193137<DEBUG:00003ED4>: [Goddess Server 02] Enter KG_GoddessServer::_ping()
20250718-193137<DEBUG:0000449C>: [Goddess Server 03] Enter KG_GoddessServer::_ping()
20250718-193138<DEBUG:00002F6C>: [Goddess Server 04] Enter KG_GoddessServer::_ping()
20250718-193138<DEBUG:00001798>: [Goddess Server 05] Enter KG_GoddessServer::_ping()
20250718-193139<DEBUG:0000471C>: [Goddess Server 08] Enter KG_GoddessServer::_ping()
20250718-193140<DEBUG:00004F60>: [Goddess Server 06] Enter KG_GoddessServer::_ping()
20250718-193141<DEBUG:00003054>: [Goddess Server 07] Enter KG_GoddessServer::_ping()
20250718-193147<DEBUG:00003ED4>: [Goddess Server 02] Enter KG_GoddessServer::_ping()
20250718-193147<DEBUG:0000449C>: [Goddess Server 03] Enter KG_GoddessServer::_ping()
20250718-193148<DEBUG:00002F6C>: [Goddess Server 04] Enter KG_GoddessServer::_ping()
20250718-193148<DEBUG:00001798>: [Goddess Server 05] Enter KG_GoddessServer::_ping()
20250718-193149<DEBUG:0000471C>: [Goddess Server 08] Enter KG_GoddessServer::_ping()
20250718-193150<DEBUG:00004F60>: [Goddess Server 06] Enter KG_GoddessServer::_ping()
20250718-193151<DEBUG:00003054>: [Goddess Server 07] Enter KG_GoddessServer::_ping()
20250718-193152<DEBUG:00004C34>: [Goddess Server 01] Enter KG_GoddessServer::_ping()
20250718-193153<DEBUG:0000122C>: [Goddess Server 00] Enter KG_GoddessServer::_ping()
20250718-193157<DEBUG:00003ED4>: [Goddess Server 02] Enter KG_GoddessServer::_ping()
20250718-193157<DEBUG:00003ED4>: [Goddess Server 02] Enter KG_GoddessServer::_ping()
20250718-193157<DEBUG:0000449C>: [Goddess Server 03] Enter KG_GoddessServer::_ping()
20250718-193158<DEBUG:00002F6C>: [Goddess Server 04] Enter KG_GoddessServer::_ping()
20250718-193158<DEBUG:0000449C>: [Goddess Server 03] Enter KG_GoddessServer::_ping()
20250718-193158<DEBUG:00002F6C>: [Goddess Server 04] Enter KG_GoddessServer::_ping()
20250718-193158<DEBUG:00001798>: [Goddess Server 05] Enter KG_GoddessServer::_ping()
20250718-193158<DEBUG:00001798>: [Goddess Server 05] Enter KG_GoddessServer::_ping()
20250718-193159<DEBUG:0000471C>: [Goddess Server 08] Enter KG_GoddessServer::_ping()
20250718-193159<DEBUG:0000471C>: [Goddess Server 08] Enter KG_GoddessServer::_ping()
20250718-193200<DEBUG:00004F60>: [Goddess Server 06] Enter KG_GoddessServer::_ping()
20250718-193201<DEBUG:00003054>: [Goddess Server 07] Enter KG_GoddessServer::_ping()
20250718-193201<DEBUG:00004F60>: [Goddess Server 06] Enter KG_GoddessServer::_ping()
20250718-193201<DEBUG:00003054>: [Goddess Server 07] Enter KG_GoddessServer::_ping()
20250718-193207<DEBUG:00003ED4>: [Goddess Server 02] Enter KG_GoddessServer::_ping()
20250718-193207<DEBUG:0000449C>: [Goddess Server 03] Enter KG_GoddessServer::_ping()
20250718-193208<DEBUG:00002F6C>: [Goddess Server 04] Enter KG_GoddessServer::_ping()
20250718-193208<DEBUG:00001798>: [Goddess Server 05] Enter KG_GoddessServer::_ping()
20250718-193209<DEBUG:0000471C>: [Goddess Server 08] Enter KG_GoddessServer::_ping()
20250718-193210<DEBUG:00004F60>: [Goddess Server 06] Enter KG_GoddessServer::_ping()
20250718-193211<DEBUG:00003054>: [Goddess Server 07] Enter KG_GoddessServer::_ping()
20250718-193213<DEBUG:0000122C>: [Goddess Server 00] Enter KG_GoddessServer::_ping()
20250718-193217<DEBUG:00003ED4>: [Goddess Server 02] Enter KG_GoddessServer::_ping()
20250718-193217<DEBUG:0000449C>: [Goddess Server 03] Enter KG_GoddessServer::_ping()
20250718-193218<DEBUG:00002F6C>: [Goddess Server 04] Enter KG_GoddessServer::_ping()
20250718-193218<DEBUG:00001798>: [Goddess Server 05] Enter KG_GoddessServer::_ping()
20250718-193219<DEBUG:0000471C>: [Goddess Server 08] Enter KG_GoddessServer::_ping()
20250718-193220<DEBUG:00004F60>: [Goddess Server 06] Enter KG_GoddessServer::_ping()
20250718-193221<DEBUG:00003054>: [Goddess Server 07] Enter KG_GoddessServer::_ping()
20250718-193222<DEBUG:00004C34>: [Goddess Server 01] Enter KG_GoddessServer::_ping()
20250718-193227<DEBUG:00003ED4>: [Goddess Server 02] Enter KG_GoddessServer::_ping()
20250718-193227<DEBUG:00003ED4>: [Goddess Server 02] Enter KG_GoddessServer::_ping()
20250718-193227<DEBUG:0000449C>: [Goddess Server 03] Enter KG_GoddessServer::_ping()
20250718-193228<DEBUG:00002F6C>: [Goddess Server 04] Enter KG_GoddessServer::_ping()
20250718-193228<DEBUG:0000449C>: [Goddess Server 03] Enter KG_GoddessServer::_ping()
20250718-193228<DEBUG:00001798>: [Goddess Server 05] Enter KG_GoddessServer::_ping()
20250718-193228<DEBUG:00002F6C>: [Goddess Server 04] Enter KG_GoddessServer::_ping()
20250718-193228<DEBUG:00001798>: [Goddess Server 05] Enter KG_GoddessServer::_ping()
20250718-193229<DEBUG:0000471C>: [Goddess Server 08] Enter KG_GoddessServer::_ping()
20250718-193229<DEBUG:0000471C>: [Goddess Server 08] Enter KG_GoddessServer::_ping()
20250718-193230<DEBUG:00004F60>: [Goddess Server 06] Enter KG_GoddessServer::_ping()
20250718-193231<DEBUG:00003054>: [Goddess Server 07] Enter KG_GoddessServer::_ping()
20250718-193231<DEBUG:00004F60>: [Goddess Server 06] Enter KG_GoddessServer::_ping()
20250718-193231<DEBUG:00003054>: [Goddess Server 07] Enter KG_GoddessServer::_ping()
20250718-193233<DEBUG:0000122C>: [Goddess Server 00] Enter KG_GoddessServer::_ping()
20250718-193237<DEBUG:00003ED4>: [Goddess Server 02] Enter KG_GoddessServer::_ping()
20250718-193237<DEBUG:0000449C>: [Goddess Server 03] Enter KG_GoddessServer::_ping()
20250718-193238<DEBUG:00002F6C>: [Goddess Server 04] Enter KG_GoddessServer::_ping()
20250718-193238<DEBUG:00001798>: [Goddess Server 05] Enter KG_GoddessServer::_ping()
20250718-193239<DEBUG:0000471C>: [Goddess Server 08] Enter KG_GoddessServer::_ping()
20250718-193240<DEBUG:00004F60>: [Goddess Server 06] Enter KG_GoddessServer::_ping()
20250718-193241<DEBUG:00003054>: [Goddess Server 07] Enter KG_GoddessServer::_ping()
20250718-193247<DEBUG:00003ED4>: [Goddess Server 02] Enter KG_GoddessServer::_ping()
20250718-193247<DEBUG:0000449C>: [Goddess Server 03] Enter KG_GoddessServer::_ping()
20250718-193248<DEBUG:00002F6C>: [Goddess Server 04] Enter KG_GoddessServer::_ping()
20250718-193248<DEBUG:00001798>: [Goddess Server 05] Enter KG_GoddessServer::_ping()
20250718-193249<DEBUG:0000471C>: [Goddess Server 08] Enter KG_GoddessServer::_ping()
20250718-193250<DEBUG:00004F60>: [Goddess Server 06] Enter KG_GoddessServer::_ping()
20250718-193251<DEBUG:00003054>: [Goddess Server 07] Enter KG_GoddessServer::_ping()
20250718-193252<DEBUG:00004C34>: [Goddess Server 01] Enter KG_GoddessServer::_ping()
20250718-193253<DEBUG:0000122C>: [Goddess Server 00] Enter KG_GoddessServer::_ping()
20250718-193257<DEBUG:00003ED4>: [Goddess Server 02] Enter KG_GoddessServer::_ping()
20250718-193257<DEBUG:00003ED4>: [Goddess Server 02] Enter KG_GoddessServer::_ping()
20250718-193257<DEBUG:0000449C>: [Goddess Server 03] Enter KG_GoddessServer::_ping()
20250718-193258<DEBUG:00002F6C>: [Goddess Server 04] Enter KG_GoddessServer::_ping()
20250718-193258<DEBUG:0000449C>: [Goddess Server 03] Enter KG_GoddessServer::_ping()
20250718-193258<DEBUG:00001798>: [Goddess Server 05] Enter KG_GoddessServer::_ping()
20250718-193258<DEBUG:00002F6C>: [Goddess Server 04] Enter KG_GoddessServer::_ping()
20250718-193258<DEBUG:00001798>: [Goddess Server 05] Enter KG_GoddessServer::_ping()
20250718-193259<DEBUG:0000471C>: [Goddess Server 08] Enter KG_GoddessServer::_ping()
20250718-193259<DEBUG:0000471C>: [Goddess Server 08] Enter KG_GoddessServer::_ping()
20250718-193300<DEBUG:00004F60>: [Goddess Server 06] Enter KG_GoddessServer::_ping()
20250718-193301<DEBUG:00003054>: [Goddess Server 07] Enter KG_GoddessServer::_ping()
20250718-193301<DEBUG:00004F60>: [Goddess Server 06] Enter KG_GoddessServer::_ping()
20250718-193301<DEBUG:00003054>: [Goddess Server 07] Enter KG_GoddessServer::_ping()
20250718-193307<DEBUG:00003ED4>: [Goddess Server 02] Enter KG_GoddessServer::_ping()
20250718-193307<DEBUG:0000449C>: [Goddess Server 03] Enter KG_GoddessServer::_ping()
20250718-193308<DEBUG:00002F6C>: [Goddess Server 04] Enter KG_GoddessServer::_ping()
20250718-193308<DEBUG:00001798>: [Goddess Server 05] Enter KG_GoddessServer::_ping()
20250718-193309<DEBUG:0000471C>: [Goddess Server 08] Enter KG_GoddessServer::_ping()
20250718-193310<DEBUG:00004F60>: [Goddess Server 06] Enter KG_GoddessServer::_ping()
20250718-193311<DEBUG:00003054>: [Goddess Server 07] Enter KG_GoddessServer::_ping()
20250718-193313<DEBUG:0000122C>: [Goddess Server 00] Enter KG_GoddessServer::_ping()
20250718-193317<DEBUG:00003ED4>: [Goddess Server 02] Enter KG_GoddessServer::_ping()
20250718-193317<DEBUG:0000449C>: [Goddess Server 03] Enter KG_GoddessServer::_ping()
20250718-193318<DEBUG:00002F6C>: [Goddess Server 04] Enter KG_GoddessServer::_ping()
20250718-193318<DEBUG:00001798>: [Goddess Server 05] Enter KG_GoddessServer::_ping()
20250718-193319<DEBUG:0000471C>: [Goddess Server 08] Enter KG_GoddessServer::_ping()
20250718-193320<DEBUG:00004F60>: [Goddess Server 06] Enter KG_GoddessServer::_ping()
20250718-193321<DEBUG:00003054>: [Goddess Server 07] Enter KG_GoddessServer::_ping()
20250718-193322<DEBUG:00004C34>: [Goddess Server 01] Enter KG_GoddessServer::_ping()
20250718-193327<DEBUG:00003ED4>: [Goddess Server 02] Enter KG_GoddessServer::_ping()
20250718-193327<DEBUG:0000449C>: [Goddess Server 03] Enter KG_GoddessServer::_ping()
20250718-193327<DEBUG:00003ED4>: [Goddess Server 02] Enter KG_GoddessServer::_ping()
20250718-193328<DEBUG:00002F6C>: [Goddess Server 04] Enter KG_GoddessServer::_ping()
20250718-193328<DEBUG:0000449C>: [Goddess Server 03] Enter KG_GoddessServer::_ping()
20250718-193328<DEBUG:00001798>: [Goddess Server 05] Enter KG_GoddessServer::_ping()
20250718-193328<DEBUG:00002F6C>: [Goddess Server 04] Enter KG_GoddessServer::_ping()
20250718-193328<DEBUG:00001798>: [Goddess Server 05] Enter KG_GoddessServer::_ping()
20250718-193329<DEBUG:0000471C>: [Goddess Server 08] Enter KG_GoddessServer::_ping()
20250718-193329<DEBUG:0000471C>: [Goddess Server 08] Enter KG_GoddessServer::_ping()
20250718-193330<DEBUG:00004F60>: [Goddess Server 06] Enter KG_GoddessServer::_ping()
20250718-193331<DEBUG:00003054>: [Goddess Server 07] Enter KG_GoddessServer::_ping()
20250718-193331<DEBUG:00004F60>: [Goddess Server 06] Enter KG_GoddessServer::_ping()
20250718-193331<DEBUG:00003054>: [Goddess Server 07] Enter KG_GoddessServer::_ping()
