20250718-192849<INFO :000030D8>: [KG_Goddess] starting ...
20250718-192849<INFO :000030D8>: [KG_Goddess] Loading kg_goddess.ini
20250718-192849<INFO :000030D8>: [KG_Goddess] Loaded KG_Angel, version 2.5
20250718-192849<INFO :000030D8>: [KG_Goddess] Initializing role database ...
20250718-192849<DEBUG:000030D8>: [KGD] Success connect to localhost:3306, character set switch to latin1
20250718-192849<INFO :000030D8>: [KG_Goddess] Initializing role statistic ...
20250718-192849<INFO :000030D8>: [KG_Goddess] Initializing server manager ...
20250718-192849<INFO :000030D8>: [KG_Goddess] Initializing Sequence ...
20250718-192849<INFO :000030D8>: [KG_Goddess] Initializing NameServer ...
20250718-192849<DEBUG:000030D8>: [Database] character set switch to latin1
20250718-192849<INFO :000030D8>: [ServerManager] Listening at 127.0.0.1:5001
20250718-192849<INFO :000030D8>: [KG_Goddess] RoleLock disable
20250718-192849<INFO :000030D8>: [KG_Goddess] Set log level to DEBUG
20250718-192849<INFO :000030D8>: [KG_Goddess] Start success
20250718-192852<INFO :000003F4>: [ServerManager] Accept from (127.0.0.1: 58168) SocketStream = 00F77150
20250718-192852<INFO :000027F8>: [Goddess Server 00] Started, service for 127.0.0.1:58168
20250718-192852<DEBUG:000027F8>: [KGD] Success connect to localhost:3306, character set switch to latin1
20250718-192853<INFO :000003F4>: [ServerManager] Accept from (127.0.0.1: 58173) SocketStream = 00F776F0
20250718-192853<INFO :000032B0>: [Goddess Server 01] Started, service for 127.0.0.1:58173
20250718-192853<DEBUG:000032B0>: [KGD] Success connect to localhost:3306, character set switch to latin1
20250718-192858<INFO :000003F4>: [ServerManager] Accept from (127.0.0.1: 58184) SocketStream = 00F774F8
20250718-192858<INFO :00004D54>: [Goddess Server 02] Started, service for 127.0.0.1:58184
20250718-192858<DEBUG:00004D54>: [KGD] Success connect to localhost:3306, character set switch to latin1
20250718-192858<DEBUG:00004D54>: [Goddess Server 02] Enter KG_GoddessServer::_query_statistic_info()
20250718-192858<DEBUG:00004D54>: KGLOG_PROCESS_ERROR(piStatistic) at line 2189 in KG_GoddessServer::_query_statistic_info
20250718-192858<DEBUG:00004D54>: [Goddess Server 02] Leave KG_GoddessServer::_query_statistic_info()
20250718-192858<INFO :000003F4>: [ServerManager] Accept from (127.0.0.1: 58189) SocketStream = 00F77738
20250718-192858<INFO :00001840>: [Goddess Server 03] Started, service for 127.0.0.1:58189
20250718-192858<DEBUG:00001840>: [KGD] Success connect to localhost:3306, character set switch to latin1
20250718-192858<DEBUG:00001840>: [Goddess Server 03] Enter KG_GoddessServer::_query_statistic_info()
20250718-192858<DEBUG:00001840>: KGLOG_PROCESS_ERROR(piStatistic) at line 2189 in KG_GoddessServer::_query_statistic_info
20250718-192858<DEBUG:00001840>: [Goddess Server 03] Leave KG_GoddessServer::_query_statistic_info()
20250718-192858<INFO :000003F4>: [ServerManager] Accept from (127.0.0.1: 58194) SocketStream = 00F77540
20250718-192858<INFO :00003D60>: [Goddess Server 04] Started, service for 127.0.0.1:58194
20250718-192858<DEBUG:00003D60>: [KGD] Success connect to localhost:3306, character set switch to latin1
20250718-192858<DEBUG:00003D60>: [Goddess Server 04] Enter KG_GoddessServer::_query_statistic_info()
20250718-192858<DEBUG:00003D60>: KGLOG_PROCESS_ERROR(piStatistic) at line 2189 in KG_GoddessServer::_query_statistic_info
20250718-192858<DEBUG:00003D60>: [Goddess Server 04] Leave KG_GoddessServer::_query_statistic_info()
20250718-192858<INFO :000003F4>: [ServerManager] Accept from (127.0.0.1: 58199) SocketStream = 00F77198
20250718-192858<INFO :00004A10>: [Goddess Server 05] Started, service for 127.0.0.1:58199
20250718-192858<DEBUG:00004A10>: [KGD] Success connect to localhost:3306, character set switch to latin1
20250718-192858<DEBUG:00004A10>: [Goddess Server 05] Enter KG_GoddessServer::_query_statistic_info()
20250718-192858<DEBUG:00004A10>: KGLOG_PROCESS_ERROR(piStatistic) at line 2189 in KG_GoddessServer::_query_statistic_info
20250718-192858<DEBUG:00004A10>: [Goddess Server 05] Leave KG_GoddessServer::_query_statistic_info()
20250718-192858<INFO :000003F4>: [ServerManager] Accept from (127.0.0.1: 58204) SocketStream = 00F77780
20250718-192858<INFO :00003130>: [Goddess Server 06] Started, service for 127.0.0.1:58204
20250718-192858<DEBUG:00003130>: [KGD] Success connect to localhost:3306, character set switch to latin1
20250718-192858<INFO :000003F4>: [ServerManager] Accept from (127.0.0.1: 58207) SocketStream = 00F76FE8
20250718-192858<INFO :00003D54>: [Goddess Server 07] Started, service for 127.0.0.1:58207
20250718-192858<DEBUG:00003D54>: [KGD] Success connect to localhost:3306, character set switch to latin1
20250718-192858<INFO :000003F4>: [ServerManager] Accept from (127.0.0.1: 58210) SocketStream = 00F77588
20250718-192858<INFO :00004278>: [Goddess Server 08] Started, service for 127.0.0.1:58210
20250718-192858<DEBUG:00004278>: [KGD] Success connect to localhost:3306, character set switch to latin1
20250718-192858<DEBUG:00004278>: [Goddess Server 08] Enter KG_GoddessServer::_query_statistic_info()
20250718-192858<DEBUG:00004278>: KGLOG_PROCESS_ERROR(piStatistic) at line 2189 in KG_GoddessServer::_query_statistic_info
20250718-192858<DEBUG:00004278>: [Goddess Server 08] Leave KG_GoddessServer::_query_statistic_info()
20250718-192859<DEBUG:00003D54>: [Goddess Server 07] Enter KG_GoddessServer::_query_statistic_info()
20250718-192859<DEBUG:00003D54>: KGLOG_PROCESS_ERROR(piStatistic) at line 2189 in KG_GoddessServer::_query_statistic_info
20250718-192859<DEBUG:00003D54>: [Goddess Server 07] Leave KG_GoddessServer::_query_statistic_info()
20250718-192904<DEBUG:00003130>: [Goddess Server 06] Enter KG_GoddessServer::_query_statistic_info()
20250718-192904<DEBUG:00003130>: KGLOG_PROCESS_ERROR(piStatistic) at line 2189 in KG_GoddessServer::_query_statistic_info
20250718-192904<DEBUG:00003130>: [Goddess Server 06] Leave KG_GoddessServer::_query_statistic_info()
20250718-192905<DEBUG:00004D54>: [Goddess Server 02] Enter KG_GoddessServer::_ping()
20250718-192905<DEBUG:00001840>: [Goddess Server 03] Enter KG_GoddessServer::_ping()
20250718-192906<DEBUG:00003D60>: [Goddess Server 04] Enter KG_GoddessServer::_ping()
20250718-192906<DEBUG:00004A10>: [Goddess Server 05] Enter KG_GoddessServer::_ping()
20250718-192907<DEBUG:00004278>: [Goddess Server 08] Enter KG_GoddessServer::_ping()
20250718-192907<DEBUG:000027F8>: [Goddess Server 00] Enter KG_GoddessServer::_query_role_list()
20250718-192907<INFO :000027F8>: [Goddess Server 00] Query roles list of account "xboyhd"
20250718-192907<DEBUG:000027F8>: [Goddess Server 00] Leave KG_GoddessServer::_query_role_list()
20250718-192908<DEBUG:000027F8>: [Goddess Server 00] Enter KG_GoddessServer::_query_role_list_in_zone()
20250718-192908<DEBUG:000027F8>: [Goddess Server 00] Leave KG_GoddessServer::_query_role_list_in_zone()
20250718-192909<DEBUG:00003D54>: [Goddess Server 07] Enter KG_GoddessServer::_ping()
20250718-192912<DEBUG:000027F8>: [Goddess Server 00] Enter KG_GoddessServer::_query_role_data()
20250718-192912<INFO :000027F8>: [Goddess Server 00] PacketID : 3, Get role "TCQGaming" of Account "xboyhd", Result = 1
20250718-192912<DEBUG:000027F8>: [Goddess Server 00] Leave KG_GoddessServer::_query_role_data()
20250718-192913<DEBUG:00004278>: [Goddess Server 08] Unsupported protocol: 38
20250718-192914<DEBUG:00004278>: [Goddess Server 08] Unsupported protocol: 37
20250718-192914<DEBUG:00003130>: [Goddess Server 06] Enter KG_GoddessServer::_ping()
20250718-192915<DEBUG:00004D54>: [Goddess Server 02] Enter KG_GoddessServer::_ping()
20250718-192915<DEBUG:00001840>: [Goddess Server 03] Enter KG_GoddessServer::_ping()
20250718-192916<DEBUG:00003D60>: [Goddess Server 04] Enter KG_GoddessServer::_ping()
20250718-192916<DEBUG:00004A10>: [Goddess Server 05] Enter KG_GoddessServer::_ping()
20250718-192917<DEBUG:00004278>: [Goddess Server 08] Enter KG_GoddessServer::_ping()
20250718-192919<DEBUG:00003D54>: [Goddess Server 07] Enter KG_GoddessServer::_ping()
20250718-192920<DEBUG:000032B0>: [Goddess Server 01] Enter KG_GoddessServer::_ping()
20250718-192924<DEBUG:00003130>: [Goddess Server 06] Enter KG_GoddessServer::_ping()
20250718-192924<DEBUG:000027F8>: [Goddess Server 00] Enter KG_GoddessServer::_query_role_list()
20250718-192924<INFO :000027F8>: [Goddess Server 00] Query roles list of account "xboyhd1"
20250718-192924<DEBUG:000027F8>: [Goddess Server 00] Leave KG_GoddessServer::_query_role_list()
20250718-192925<DEBUG:000027F8>: [Goddess Server 00] Enter KG_GoddessServer::_query_role_list_in_zone()
20250718-192925<DEBUG:000027F8>: [Goddess Server 00] Leave KG_GoddessServer::_query_role_list_in_zone()
20250718-192925<DEBUG:00004D54>: [Goddess Server 02] Enter KG_GoddessServer::_ping()
20250718-192925<DEBUG:00004D54>: [Goddess Server 02] Enter KG_GoddessServer::_ping()
20250718-192925<DEBUG:00001840>: [Goddess Server 03] Enter KG_GoddessServer::_ping()
20250718-192925<DEBUG:00001840>: [Goddess Server 03] Enter KG_GoddessServer::_ping()
20250718-192926<DEBUG:00003D60>: [Goddess Server 04] Enter KG_GoddessServer::_ping()
20250718-192926<DEBUG:00003D60>: [Goddess Server 04] Enter KG_GoddessServer::_ping()
20250718-192926<DEBUG:00004A10>: [Goddess Server 05] Enter KG_GoddessServer::_ping()
20250718-192926<DEBUG:00004A10>: [Goddess Server 05] Enter KG_GoddessServer::_ping()
20250718-192926<DEBUG:000027F8>: [Goddess Server 00] Enter KG_GoddessServer::_query_role_data()
20250718-192926<INFO :000027F8>: [Goddess Server 00] PacketID : 6, Get role "tessssssst" of Account "xboyhd1", Result = 1
20250718-192926<DEBUG:000027F8>: [Goddess Server 00] Leave KG_GoddessServer::_query_role_data()
20250718-192927<DEBUG:00004278>: [Goddess Server 08] Enter KG_GoddessServer::_ping()
20250718-192927<DEBUG:00004278>: [Goddess Server 08] Enter KG_GoddessServer::_ping()
20250718-192927<DEBUG:00004278>: [Goddess Server 08] Unsupported protocol: 38
20250718-192929<DEBUG:00003D54>: [Goddess Server 07] Enter KG_GoddessServer::_ping()
20250718-192929<DEBUG:00003D54>: [Goddess Server 07] Enter KG_GoddessServer::_ping()
20250718-192929<DEBUG:00004278>: [Goddess Server 08] Unsupported protocol: 37
20250718-192933<DEBUG:00004278>: [Goddess Server 08] Enter KG_GoddessServer::_save_role_data()
20250718-192933<INFO :00004278>: [Goddess Server 08] PacketID : 2, Save role "tessssssst" of Account "xboyhd1", LeaveFlag = 1, Result = 1
20250718-192933<DEBUG:00004278>: [Goddess Server 08] Leave KG_GoddessServer::_save_role_data()
20250718-192934<DEBUG:00003130>: [Goddess Server 06] Enter KG_GoddessServer::_ping()
20250718-192934<DEBUG:00003130>: [Goddess Server 06] Enter KG_GoddessServer::_ping()
20250718-192935<DEBUG:00004D54>: [Goddess Server 02] Enter KG_GoddessServer::_ping()
20250718-192935<DEBUG:00001840>: [Goddess Server 03] Enter KG_GoddessServer::_ping()
20250718-192936<DEBUG:00003D60>: [Goddess Server 04] Enter KG_GoddessServer::_ping()
20250718-192936<DEBUG:00004A10>: [Goddess Server 05] Enter KG_GoddessServer::_ping()
20250718-192937<DEBUG:00004278>: [Goddess Server 08] Enter KG_GoddessServer::_ping()
20250718-192939<DEBUG:00003D54>: [Goddess Server 07] Enter KG_GoddessServer::_ping()
20250718-192944<DEBUG:00003130>: [Goddess Server 06] Enter KG_GoddessServer::_ping()
20250718-192944<DEBUG:000027F8>: [Goddess Server 00] Enter KG_GoddessServer::_query_role_list()
20250718-192944<INFO :000027F8>: [Goddess Server 00] Query roles list of account "xboyhd2"
20250718-192944<DEBUG:000027F8>: [Goddess Server 00] Leave KG_GoddessServer::_query_role_list()
20250718-192945<DEBUG:00004D54>: [Goddess Server 02] Enter KG_GoddessServer::_ping()
20250718-192945<DEBUG:00001840>: [Goddess Server 03] Enter KG_GoddessServer::_ping()
20250718-192946<DEBUG:00003D60>: [Goddess Server 04] Enter KG_GoddessServer::_ping()
20250718-192946<DEBUG:000027F8>: [Goddess Server 00] Enter KG_GoddessServer::_query_role_list_in_zone()
20250718-192946<DEBUG:000027F8>: [Goddess Server 00] Leave KG_GoddessServer::_query_role_list_in_zone()
20250718-192946<DEBUG:00004A10>: [Goddess Server 05] Enter KG_GoddessServer::_ping()
20250718-192947<DEBUG:00004278>: [Goddess Server 08] Enter KG_GoddessServer::_ping()
20250718-192949<DEBUG:00003D54>: [Goddess Server 07] Enter KG_GoddessServer::_ping()
20250718-192950<DEBUG:000032B0>: [Goddess Server 01] Enter KG_GoddessServer::_ping()
20250718-192954<DEBUG:00003130>: [Goddess Server 06] Enter KG_GoddessServer::_ping()
20250718-192955<DEBUG:00004D54>: [Goddess Server 02] Enter KG_GoddessServer::_ping()
20250718-192955<DEBUG:00004D54>: [Goddess Server 02] Enter KG_GoddessServer::_ping()
20250718-192955<DEBUG:00001840>: [Goddess Server 03] Enter KG_GoddessServer::_ping()
20250718-192955<DEBUG:00001840>: [Goddess Server 03] Enter KG_GoddessServer::_ping()
20250718-192956<DEBUG:00003D60>: [Goddess Server 04] Enter KG_GoddessServer::_ping()
20250718-192956<DEBUG:00003D60>: [Goddess Server 04] Enter KG_GoddessServer::_ping()
20250718-192956<DEBUG:00004A10>: [Goddess Server 05] Enter KG_GoddessServer::_ping()
20250718-192956<DEBUG:00004A10>: [Goddess Server 05] Enter KG_GoddessServer::_ping()
20250718-192957<DEBUG:00004278>: [Goddess Server 08] Enter KG_GoddessServer::_ping()
20250718-192957<DEBUG:00004278>: [Goddess Server 08] Enter KG_GoddessServer::_ping()
20250718-192959<DEBUG:00003D54>: [Goddess Server 07] Enter KG_GoddessServer::_ping()
20250718-192959<DEBUG:00003D54>: [Goddess Server 07] Enter KG_GoddessServer::_ping()
20250718-193000<DEBUG:000027F8>: [Goddess Server 00] Enter KG_GoddessServer::_create_role()
20250718-193000<DEBUG:000027F8>: KGLOG_PROCESS_ERROR(nRetCode && "CreateRole") at line 1587 in KG_GoddessServer::_create_role
20250718-193000<INFO :000027F8>: [Goddess Server 00] Packet ID 9, Create role "" of Account "", Result = 0
20250718-193000<DEBUG:000027F8>: [Goddess Server 00] Leave KG_GoddessServer::_create_role()
20250718-193004<DEBUG:00003130>: [Goddess Server 06] Enter KG_GoddessServer::_ping()
20250718-193004<DEBUG:00003130>: [Goddess Server 06] Enter KG_GoddessServer::_ping()
20250718-193005<DEBUG:00004D54>: [Goddess Server 02] Enter KG_GoddessServer::_ping()
20250718-193005<DEBUG:00001840>: [Goddess Server 03] Enter KG_GoddessServer::_ping()
20250718-193006<DEBUG:00003D60>: [Goddess Server 04] Enter KG_GoddessServer::_ping()
20250718-193006<DEBUG:00004A10>: [Goddess Server 05] Enter KG_GoddessServer::_ping()
20250718-193007<DEBUG:00004278>: [Goddess Server 08] Enter KG_GoddessServer::_save_role_data()
20250718-193007<INFO :00004278>: [Goddess Server 08] PacketID : 1, Save role "TCQGaming" of Account "xboyhd", LeaveFlag = 1, Result = 1
20250718-193007<DEBUG:00004278>: [Goddess Server 08] Leave KG_GoddessServer::_save_role_data()
20250718-193007<DEBUG:00004D54>: [Goddess Server 02] Unsupported protocol: 38
20250718-193007<DEBUG:00004278>: [Goddess Server 08] Enter KG_GoddessServer::_ping()
20250718-193007<DEBUG:00004D54>: [Goddess Server 02] Unsupported protocol: 37
20250718-193009<DEBUG:00003D54>: [Goddess Server 07] Enter KG_GoddessServer::_ping()
20250718-193014<DEBUG:00003130>: [Goddess Server 06] Enter KG_GoddessServer::_ping()
20250718-193015<DEBUG:00004D54>: [Goddess Server 02] Enter KG_GoddessServer::_ping()
20250718-193015<DEBUG:00001840>: [Goddess Server 03] Enter KG_GoddessServer::_ping()
20250718-193016<DEBUG:00003D60>: [Goddess Server 04] Enter KG_GoddessServer::_ping()
20250718-193016<DEBUG:00004A10>: [Goddess Server 05] Enter KG_GoddessServer::_ping()
20250718-193017<DEBUG:00004278>: [Goddess Server 08] Enter KG_GoddessServer::_ping()
20250718-193019<DEBUG:00003D54>: [Goddess Server 07] Enter KG_GoddessServer::_ping()
20250718-193020<DEBUG:000032B0>: [Goddess Server 01] Enter KG_GoddessServer::_ping()
20250718-193020<DEBUG:000027F8>: [Goddess Server 00] Enter KG_GoddessServer::_ping()
20250718-193024<DEBUG:00003130>: [Goddess Server 06] Enter KG_GoddessServer::_ping()
20250718-193025<DEBUG:00004D54>: [Goddess Server 02] Enter KG_GoddessServer::_ping()
20250718-193025<DEBUG:00004D54>: [Goddess Server 02] Enter KG_GoddessServer::_ping()
20250718-193025<DEBUG:00001840>: [Goddess Server 03] Enter KG_GoddessServer::_ping()
20250718-193025<DEBUG:00001840>: [Goddess Server 03] Enter KG_GoddessServer::_ping()
20250718-193026<DEBUG:00003D60>: [Goddess Server 04] Enter KG_GoddessServer::_ping()
20250718-193026<DEBUG:00004A10>: [Goddess Server 05] Enter KG_GoddessServer::_ping()
20250718-193026<DEBUG:00003D60>: [Goddess Server 04] Enter KG_GoddessServer::_ping()
20250718-193026<DEBUG:00004A10>: [Goddess Server 05] Enter KG_GoddessServer::_ping()
20250718-193027<DEBUG:00004278>: [Goddess Server 08] Enter KG_GoddessServer::_ping()
20250718-193027<DEBUG:00004278>: [Goddess Server 08] Enter KG_GoddessServer::_ping()
20250718-193029<DEBUG:00003D54>: [Goddess Server 07] Enter KG_GoddessServer::_ping()
20250718-193029<DEBUG:00003D54>: [Goddess Server 07] Enter KG_GoddessServer::_ping()
20250718-193034<DEBUG:00003130>: [Goddess Server 06] Enter KG_GoddessServer::_ping()
20250718-193034<DEBUG:00003130>: [Goddess Server 06] Enter KG_GoddessServer::_ping()
20250718-193035<DEBUG:00004D54>: [Goddess Server 02] Enter KG_GoddessServer::_ping()
20250718-193035<DEBUG:00001840>: [Goddess Server 03] Enter KG_GoddessServer::_ping()
20250718-193036<DEBUG:00003D60>: [Goddess Server 04] Enter KG_GoddessServer::_ping()
20250718-193036<DEBUG:00004A10>: [Goddess Server 05] Enter KG_GoddessServer::_ping()
20250718-193037<DEBUG:00004278>: [Goddess Server 08] Enter KG_GoddessServer::_ping()
20250718-193039<DEBUG:00003D54>: [Goddess Server 07] Enter KG_GoddessServer::_ping()
20250718-193040<DEBUG:000027F8>: [Goddess Server 00] Enter KG_GoddessServer::_ping()
20250718-193044<DEBUG:00003130>: [Goddess Server 06] Enter KG_GoddessServer::_ping()
20250718-193045<DEBUG:00004D54>: [Goddess Server 02] Enter KG_GoddessServer::_ping()
20250718-193045<DEBUG:00001840>: [Goddess Server 03] Enter KG_GoddessServer::_ping()
20250718-193046<DEBUG:00003D60>: [Goddess Server 04] Enter KG_GoddessServer::_ping()
20250718-193046<DEBUG:00004A10>: [Goddess Server 05] Enter KG_GoddessServer::_ping()
20250718-193047<DEBUG:00004278>: [Goddess Server 08] Enter KG_GoddessServer::_ping()
20250718-193049<DEBUG:00003D54>: [Goddess Server 07] Enter KG_GoddessServer::_ping()
20250718-193050<DEBUG:000032B0>: [Goddess Server 01] Enter KG_GoddessServer::_ping()
20250718-193054<DEBUG:00003130>: [Goddess Server 06] Enter KG_GoddessServer::_ping()
20250718-193055<DEBUG:00004D54>: [Goddess Server 02] Enter KG_GoddessServer::_ping()
20250718-193055<DEBUG:00004D54>: [Goddess Server 02] Enter KG_GoddessServer::_ping()
20250718-193055<DEBUG:00001840>: [Goddess Server 03] Enter KG_GoddessServer::_ping()
20250718-193056<DEBUG:00001840>: [Goddess Server 03] Enter KG_GoddessServer::_ping()
20250718-193056<DEBUG:00003D60>: [Goddess Server 04] Enter KG_GoddessServer::_ping()
20250718-193056<DEBUG:00004A10>: [Goddess Server 05] Enter KG_GoddessServer::_ping()
20250718-193056<DEBUG:00003D60>: [Goddess Server 04] Enter KG_GoddessServer::_ping()
20250718-193056<DEBUG:00004A10>: [Goddess Server 05] Enter KG_GoddessServer::_ping()
20250718-193057<DEBUG:00004278>: [Goddess Server 08] Enter KG_GoddessServer::_ping()
20250718-193057<DEBUG:00004278>: [Goddess Server 08] Enter KG_GoddessServer::_ping()
20250718-193059<DEBUG:00003D54>: [Goddess Server 07] Enter KG_GoddessServer::_ping()
20250718-193059<DEBUG:00003D54>: [Goddess Server 07] Enter KG_GoddessServer::_ping()
20250718-193100<DEBUG:000027F8>: [Goddess Server 00] Enter KG_GoddessServer::_ping()
20250718-193104<DEBUG:00003130>: [Goddess Server 06] Enter KG_GoddessServer::_ping()
20250718-193104<DEBUG:00003130>: [Goddess Server 06] Enter KG_GoddessServer::_ping()
20250718-193105<DEBUG:00004D54>: [Goddess Server 02] Enter KG_GoddessServer::_ping()
20250718-193105<DEBUG:00001840>: [Goddess Server 03] Enter KG_GoddessServer::_ping()
20250718-193106<DEBUG:00003D60>: [Goddess Server 04] Enter KG_GoddessServer::_ping()
20250718-193106<DEBUG:00004A10>: [Goddess Server 05] Enter KG_GoddessServer::_ping()
20250718-193107<DEBUG:00004278>: [Goddess Server 08] Enter KG_GoddessServer::_ping()
20250718-193109<DEBUG:00003D54>: [Goddess Server 07] Enter KG_GoddessServer::_ping()
20250718-193114<DEBUG:00003130>: [Goddess Server 06] Enter KG_GoddessServer::_ping()
20250718-193115<DEBUG:00004D54>: [Goddess Server 02] Enter KG_GoddessServer::_ping()
20250718-193115<DEBUG:00001840>: [Goddess Server 03] Enter KG_GoddessServer::_ping()
20250718-193116<DEBUG:00003D60>: [Goddess Server 04] Enter KG_GoddessServer::_ping()
20250718-193116<DEBUG:00004A10>: [Goddess Server 05] Enter KG_GoddessServer::_ping()
20250718-193117<DEBUG:00004278>: [Goddess Server 08] Enter KG_GoddessServer::_ping()
20250718-193119<DEBUG:00003D54>: [Goddess Server 07] Enter KG_GoddessServer::_ping()
20250718-193120<DEBUG:000032B0>: [Goddess Server 01] Enter KG_GoddessServer::_ping()
20250718-193120<DEBUG:000027F8>: [Goddess Server 00] Enter KG_GoddessServer::_ping()
20250718-193124<DEBUG:00003130>: [Goddess Server 06] Enter KG_GoddessServer::_ping()
20250718-193125<DEBUG:00004D54>: [Goddess Server 02] Enter KG_GoddessServer::_ping()
20250718-193125<DEBUG:00004D54>: [Goddess Server 02] Enter KG_GoddessServer::_ping()
20250718-193125<DEBUG:00001840>: [Goddess Server 03] Enter KG_GoddessServer::_ping()
20250718-193126<DEBUG:00003D60>: [Goddess Server 04] Enter KG_GoddessServer::_ping()
20250718-193126<DEBUG:00001840>: [Goddess Server 03] Enter KG_GoddessServer::_ping()
20250718-193126<DEBUG:00004A10>: [Goddess Server 05] Enter KG_GoddessServer::_ping()
20250718-193126<DEBUG:00003D60>: [Goddess Server 04] Enter KG_GoddessServer::_ping()
20250718-193126<DEBUG:00004A10>: [Goddess Server 05] Enter KG_GoddessServer::_ping()
20250718-193127<DEBUG:00004278>: [Goddess Server 08] Enter KG_GoddessServer::_ping()
20250718-193127<DEBUG:00004278>: [Goddess Server 08] Enter KG_GoddessServer::_ping()
20250718-193129<DEBUG:00003D54>: [Goddess Server 07] Enter KG_GoddessServer::_ping()
20250718-193129<DEBUG:00003D54>: [Goddess Server 07] Enter KG_GoddessServer::_ping()
20250718-193134<DEBUG:00003130>: [Goddess Server 06] Enter KG_GoddessServer::_ping()
20250718-193134<DEBUG:00003130>: [Goddess Server 06] Enter KG_GoddessServer::_ping()
20250718-193135<DEBUG:00004D54>: [Goddess Server 02] Enter KG_GoddessServer::_ping()
20250718-193135<DEBUG:00001840>: [Goddess Server 03] Enter KG_GoddessServer::_ping()
20250718-193136<DEBUG:00003D60>: [Goddess Server 04] Enter KG_GoddessServer::_ping()
20250718-193136<DEBUG:00004A10>: [Goddess Server 05] Enter KG_GoddessServer::_ping()
20250718-193137<DEBUG:00004278>: [Goddess Server 08] Enter KG_GoddessServer::_ping()
20250718-193139<DEBUG:00003D54>: [Goddess Server 07] Enter KG_GoddessServer::_ping()
20250718-193140<DEBUG:000027F8>: [Goddess Server 00] Enter KG_GoddessServer::_ping()
20250718-193143<DEBUG:00004D54>: [Goddess Server 02] Enter KG_GoddessServer::_save_role_data()
20250718-193143<INFO :00004D54>: [Goddess Server 02] PacketID : 1, Save role "TCQGaming" of Account "xboyhd", LeaveFlag = 1, Result = 1
20250718-193143<DEBUG:00004D54>: [Goddess Server 02] Leave KG_GoddessServer::_save_role_data()
20250718-193143<DEBUG:00004278>: [Goddess Server 08] Unsupported protocol: 38
20250718-193143<DEBUG:00004278>: [Goddess Server 08] Unsupported protocol: 37
20250718-193144<DEBUG:00003130>: [Goddess Server 06] Enter KG_GoddessServer::_ping()
20250718-193145<DEBUG:00004D54>: [Goddess Server 02] Enter KG_GoddessServer::_ping()
20250718-193145<DEBUG:00001840>: [Goddess Server 03] Enter KG_GoddessServer::_ping()
20250718-193146<DEBUG:00003D60>: [Goddess Server 04] Enter KG_GoddessServer::_ping()
20250718-193146<DEBUG:00004A10>: [Goddess Server 05] Enter KG_GoddessServer::_ping()
20250718-193147<DEBUG:00004278>: [Goddess Server 08] Enter KG_GoddessServer::_ping()
20250718-193149<DEBUG:00003D54>: [Goddess Server 07] Enter KG_GoddessServer::_ping()
20250718-193150<DEBUG:000032B0>: [Goddess Server 01] Enter KG_GoddessServer::_ping()
20250718-193154<DEBUG:00003130>: [Goddess Server 06] Enter KG_GoddessServer::_ping()
20250718-193155<DEBUG:00004D54>: [Goddess Server 02] Enter KG_GoddessServer::_ping()
20250718-193155<DEBUG:00004D54>: [Goddess Server 02] Enter KG_GoddessServer::_ping()
20250718-193155<DEBUG:00001840>: [Goddess Server 03] Enter KG_GoddessServer::_ping()
20250718-193156<DEBUG:00003D60>: [Goddess Server 04] Enter KG_GoddessServer::_ping()
20250718-193156<DEBUG:00001840>: [Goddess Server 03] Enter KG_GoddessServer::_ping()
20250718-193156<DEBUG:00004A10>: [Goddess Server 05] Enter KG_GoddessServer::_ping()
20250718-193156<DEBUG:00003D60>: [Goddess Server 04] Enter KG_GoddessServer::_ping()
20250718-193156<DEBUG:00004A10>: [Goddess Server 05] Enter KG_GoddessServer::_ping()
20250718-193157<DEBUG:00004278>: [Goddess Server 08] Enter KG_GoddessServer::_save_role_data()
20250718-193157<INFO :00004278>: [Goddess Server 08] PacketID : 1, Save role "TCQGaming" of Account "xboyhd", LeaveFlag = 1, Result = 1
20250718-193157<DEBUG:00004278>: [Goddess Server 08] Leave KG_GoddessServer::_save_role_data()
20250718-193157<DEBUG:00004D54>: [Goddess Server 02] Unsupported protocol: 38
20250718-193157<DEBUG:00004278>: [Goddess Server 08] Enter KG_GoddessServer::_ping()
20250718-193157<DEBUG:00004278>: [Goddess Server 08] Enter KG_GoddessServer::_ping()
20250718-193157<DEBUG:00004D54>: [Goddess Server 02] Unsupported protocol: 37
20250718-193159<DEBUG:00003D54>: [Goddess Server 07] Enter KG_GoddessServer::_ping()
20250718-193159<DEBUG:00003D54>: [Goddess Server 07] Enter KG_GoddessServer::_ping()
20250718-193200<DEBUG:000027F8>: [Goddess Server 00] Enter KG_GoddessServer::_ping()
20250718-193204<DEBUG:00003130>: [Goddess Server 06] Enter KG_GoddessServer::_ping()
20250718-193204<DEBUG:00003130>: [Goddess Server 06] Enter KG_GoddessServer::_ping()
20250718-193205<DEBUG:00004D54>: [Goddess Server 02] Enter KG_GoddessServer::_ping()
20250718-193205<DEBUG:00001840>: [Goddess Server 03] Enter KG_GoddessServer::_ping()
20250718-193206<DEBUG:00003D60>: [Goddess Server 04] Enter KG_GoddessServer::_ping()
20250718-193206<DEBUG:00004A10>: [Goddess Server 05] Enter KG_GoddessServer::_ping()
20250718-193207<DEBUG:00004278>: [Goddess Server 08] Enter KG_GoddessServer::_ping()
20250718-193209<DEBUG:00003D54>: [Goddess Server 07] Enter KG_GoddessServer::_ping()
20250718-193214<DEBUG:00003130>: [Goddess Server 06] Enter KG_GoddessServer::_ping()
20250718-193215<DEBUG:00004D54>: [Goddess Server 02] Enter KG_GoddessServer::_ping()
20250718-193215<DEBUG:00001840>: [Goddess Server 03] Enter KG_GoddessServer::_ping()
20250718-193216<DEBUG:00003D60>: [Goddess Server 04] Enter KG_GoddessServer::_ping()
20250718-193216<DEBUG:00004A10>: [Goddess Server 05] Enter KG_GoddessServer::_ping()
20250718-193217<DEBUG:00004278>: [Goddess Server 08] Enter KG_GoddessServer::_ping()
20250718-193219<DEBUG:00003D54>: [Goddess Server 07] Enter KG_GoddessServer::_ping()
20250718-193220<DEBUG:000032B0>: [Goddess Server 01] Enter KG_GoddessServer::_ping()
20250718-193220<DEBUG:000027F8>: [Goddess Server 00] Enter KG_GoddessServer::_ping()
20250718-193224<DEBUG:00003130>: [Goddess Server 06] Enter KG_GoddessServer::_ping()
20250718-193225<DEBUG:00004D54>: [Goddess Server 02] Enter KG_GoddessServer::_ping()
20250718-193225<DEBUG:00004D54>: [Goddess Server 02] Enter KG_GoddessServer::_ping()
20250718-193225<DEBUG:00001840>: [Goddess Server 03] Enter KG_GoddessServer::_ping()
20250718-193226<DEBUG:00003D60>: [Goddess Server 04] Enter KG_GoddessServer::_ping()
20250718-193226<DEBUG:00001840>: [Goddess Server 03] Enter KG_GoddessServer::_ping()
20250718-193226<DEBUG:00004A10>: [Goddess Server 05] Enter KG_GoddessServer::_ping()
20250718-193226<DEBUG:00003D60>: [Goddess Server 04] Enter KG_GoddessServer::_ping()
20250718-193226<DEBUG:00004A10>: [Goddess Server 05] Enter KG_GoddessServer::_ping()
20250718-193227<DEBUG:00004278>: [Goddess Server 08] Enter KG_GoddessServer::_ping()
20250718-193227<DEBUG:00004278>: [Goddess Server 08] Enter KG_GoddessServer::_ping()
20250718-193229<DEBUG:00003D54>: [Goddess Server 07] Enter KG_GoddessServer::_ping()
20250718-193229<DEBUG:00003D54>: [Goddess Server 07] Enter KG_GoddessServer::_ping()
20250718-193234<DEBUG:00003130>: [Goddess Server 06] Enter KG_GoddessServer::_ping()
20250718-193234<DEBUG:00003130>: [Goddess Server 06] Enter KG_GoddessServer::_ping()
20250718-193235<DEBUG:00004D54>: [Goddess Server 02] Enter KG_GoddessServer::_ping()
20250718-193235<DEBUG:00001840>: [Goddess Server 03] Enter KG_GoddessServer::_ping()
20250718-193236<DEBUG:00003D60>: [Goddess Server 04] Enter KG_GoddessServer::_ping()
20250718-193236<DEBUG:00004A10>: [Goddess Server 05] Enter KG_GoddessServer::_ping()
20250718-193237<DEBUG:00004278>: [Goddess Server 08] Enter KG_GoddessServer::_ping()
20250718-193239<DEBUG:00003D54>: [Goddess Server 07] Enter KG_GoddessServer::_ping()
20250718-193240<DEBUG:000027F8>: [Goddess Server 00] Enter KG_GoddessServer::_ping()
20250718-193244<DEBUG:00003130>: [Goddess Server 06] Enter KG_GoddessServer::_ping()
20250718-193245<DEBUG:00004D54>: [Goddess Server 02] Enter KG_GoddessServer::_ping()
20250718-193245<DEBUG:00001840>: [Goddess Server 03] Enter KG_GoddessServer::_ping()
20250718-193246<DEBUG:00003D60>: [Goddess Server 04] Enter KG_GoddessServer::_ping()
20250718-193246<DEBUG:00004A10>: [Goddess Server 05] Enter KG_GoddessServer::_ping()
20250718-193247<DEBUG:00004278>: [Goddess Server 08] Enter KG_GoddessServer::_ping()
20250718-193249<DEBUG:00003D54>: [Goddess Server 07] Enter KG_GoddessServer::_ping()
20250718-193250<DEBUG:000032B0>: [Goddess Server 01] Enter KG_GoddessServer::_ping()
20250718-193254<DEBUG:00003130>: [Goddess Server 06] Enter KG_GoddessServer::_ping()
20250718-193255<DEBUG:00004D54>: [Goddess Server 02] Enter KG_GoddessServer::_ping()
20250718-193255<DEBUG:00004D54>: [Goddess Server 02] Enter KG_GoddessServer::_ping()
20250718-193255<DEBUG:00001840>: [Goddess Server 03] Enter KG_GoddessServer::_ping()
20250718-193256<DEBUG:00003D60>: [Goddess Server 04] Enter KG_GoddessServer::_ping()
20250718-193256<DEBUG:00001840>: [Goddess Server 03] Enter KG_GoddessServer::_ping()
20250718-193256<DEBUG:00004A10>: [Goddess Server 05] Enter KG_GoddessServer::_ping()
20250718-193256<DEBUG:00003D60>: [Goddess Server 04] Enter KG_GoddessServer::_ping()
20250718-193256<DEBUG:00004A10>: [Goddess Server 05] Enter KG_GoddessServer::_ping()
20250718-193257<DEBUG:000027F8>: [Goddess Server 00] Enter KG_GoddessServer::_query_role_list()
20250718-193257<INFO :000027F8>: [Goddess Server 00] Query roles list of account "xboyhd2"
20250718-193257<DEBUG:000027F8>: [Goddess Server 00] Leave KG_GoddessServer::_query_role_list()
20250718-193257<DEBUG:00004278>: [Goddess Server 08] Enter KG_GoddessServer::_ping()
20250718-193257<DEBUG:00004278>: [Goddess Server 08] Enter KG_GoddessServer::_ping()
20250718-193258<DEBUG:000027F8>: [Goddess Server 00] Enter KG_GoddessServer::_query_role_list_in_zone()
20250718-193258<DEBUG:000027F8>: [Goddess Server 00] Leave KG_GoddessServer::_query_role_list_in_zone()
20250718-193259<DEBUG:00003D54>: [Goddess Server 07] Enter KG_GoddessServer::_ping()
20250718-193259<DEBUG:00003D54>: [Goddess Server 07] Enter KG_GoddessServer::_ping()
20250718-193302<DEBUG:000027F8>: [Goddess Server 00] Enter KG_GoddessServer::_create_role()
20250718-193302<INFO :000027F8>: [PlayerCreator] Created role	Account:xboyhd2	Role:testttt
20250718-193302<INFO :000027F8>: [Goddess Server 00] Packet ID 12, Create role "testttt" of Account "xboyhd2", Result = 1
20250718-193302<DEBUG:000027F8>: [Goddess Server 00] Leave KG_GoddessServer::_create_role()
20250718-193303<DEBUG:00004278>: [Goddess Server 08] Unsupported protocol: 38
20250718-193304<DEBUG:00004278>: [Goddess Server 08] Unsupported protocol: 37
20250718-193304<DEBUG:00003130>: [Goddess Server 06] Enter KG_GoddessServer::_ping()
20250718-193304<DEBUG:00003130>: [Goddess Server 06] Enter KG_GoddessServer::_ping()
20250718-193305<DEBUG:00004D54>: [Goddess Server 02] Enter KG_GoddessServer::_ping()
20250718-193305<DEBUG:00001840>: [Goddess Server 03] Enter KG_GoddessServer::_ping()
20250718-193306<DEBUG:00003D60>: [Goddess Server 04] Enter KG_GoddessServer::_ping()
20250718-193306<DEBUG:00004A10>: [Goddess Server 05] Enter KG_GoddessServer::_ping()
20250718-193307<DEBUG:00004278>: [Goddess Server 08] Enter KG_GoddessServer::_ping()
20250718-193309<DEBUG:00003D54>: [Goddess Server 07] Enter KG_GoddessServer::_ping()
20250718-193314<DEBUG:00003130>: [Goddess Server 06] Enter KG_GoddessServer::_ping()
20250718-193315<DEBUG:00004D54>: [Goddess Server 02] Enter KG_GoddessServer::_ping()
20250718-193315<DEBUG:00001840>: [Goddess Server 03] Enter KG_GoddessServer::_ping()
20250718-193316<DEBUG:00003D60>: [Goddess Server 04] Enter KG_GoddessServer::_ping()
20250718-193316<DEBUG:00004A10>: [Goddess Server 05] Enter KG_GoddessServer::_ping()
20250718-193317<DEBUG:00004278>: [Goddess Server 08] Enter KG_GoddessServer::_ping()
20250718-193319<DEBUG:00003D54>: [Goddess Server 07] Enter KG_GoddessServer::_ping()
20250718-193320<DEBUG:000032B0>: [Goddess Server 01] Enter KG_GoddessServer::_ping()
20250718-193322<DEBUG:000027F8>: [Goddess Server 00] Enter KG_GoddessServer::_ping()
20250718-193323<DEBUG:00004278>: [Goddess Server 08] Enter KG_GoddessServer::_save_role_data()
20250718-193323<INFO :00004278>: [Goddess Server 08] PacketID : 1, Save role "testttt" of Account "xboyhd2", LeaveFlag = 1, Result = 1
20250718-193323<DEBUG:00004278>: [Goddess Server 08] Leave KG_GoddessServer::_save_role_data()
20250718-193323<DEBUG:00004D54>: [Goddess Server 02] Unsupported protocol: 38
20250718-193323<DEBUG:00004D54>: [Goddess Server 02] Unsupported protocol: 37
20250718-193324<DEBUG:00003130>: [Goddess Server 06] Enter KG_GoddessServer::_ping()
20250718-193325<DEBUG:00004D54>: [Goddess Server 02] Enter KG_GoddessServer::_ping()
20250718-193325<DEBUG:00001840>: [Goddess Server 03] Enter KG_GoddessServer::_ping()
20250718-193325<DEBUG:00004D54>: [Goddess Server 02] Enter KG_GoddessServer::_ping()
20250718-193326<DEBUG:00003D60>: [Goddess Server 04] Enter KG_GoddessServer::_ping()
20250718-193326<DEBUG:00004A10>: [Goddess Server 05] Enter KG_GoddessServer::_ping()
20250718-193326<DEBUG:00001840>: [Goddess Server 03] Enter KG_GoddessServer::_ping()
20250718-193326<DEBUG:00003D60>: [Goddess Server 04] Enter KG_GoddessServer::_ping()
20250718-193326<DEBUG:00004A10>: [Goddess Server 05] Enter KG_GoddessServer::_ping()
20250718-193327<DEBUG:00004278>: [Goddess Server 08] Enter KG_GoddessServer::_ping()
20250718-193327<DEBUG:00004278>: [Goddess Server 08] Enter KG_GoddessServer::_ping()
20250718-193329<DEBUG:00003D54>: [Goddess Server 07] Enter KG_GoddessServer::_ping()
20250718-193329<DEBUG:00003D54>: [Goddess Server 07] Enter KG_GoddessServer::_ping()
20250718-193334<DEBUG:00003130>: [Goddess Server 06] Enter KG_GoddessServer::_ping()
20250718-193335<DEBUG:00003130>: [Goddess Server 06] Enter KG_GoddessServer::_ping()
20250718-193335<DEBUG:00004D54>: [Goddess Server 02] Enter KG_GoddessServer::_ping()
20250718-193335<DEBUG:00001840>: [Goddess Server 03] Enter KG_GoddessServer::_ping()
20250718-193336<DEBUG:00003D60>: [Goddess Server 04] Enter KG_GoddessServer::_ping()
20250718-193336<DEBUG:00004A10>: [Goddess Server 05] Enter KG_GoddessServer::_ping()
20250718-193337<DEBUG:00004278>: [Goddess Server 08] Enter KG_GoddessServer::_ping()
20250718-193339<DEBUG:00003D54>: [Goddess Server 07] Enter KG_GoddessServer::_ping()
20250718-193342<DEBUG:000027F8>: [Goddess Server 00] Enter KG_GoddessServer::_ping()
20250718-193344<DEBUG:00003130>: [Goddess Server 06] Enter KG_GoddessServer::_ping()
20250718-193345<DEBUG:00004D54>: [Goddess Server 02] Enter KG_GoddessServer::_ping()
20250718-193345<DEBUG:00001840>: [Goddess Server 03] Enter KG_GoddessServer::_ping()
20250718-193346<DEBUG:00003D60>: [Goddess Server 04] Enter KG_GoddessServer::_ping()
20250718-193346<DEBUG:00004A10>: [Goddess Server 05] Enter KG_GoddessServer::_ping()
20250718-193347<DEBUG:00004278>: [Goddess Server 08] Enter KG_GoddessServer::_ping()
20250718-193349<DEBUG:00003D54>: [Goddess Server 07] Enter KG_GoddessServer::_ping()
20250718-193350<DEBUG:000032B0>: [Goddess Server 01] Enter KG_GoddessServer::_ping()
20250718-193354<DEBUG:00003130>: [Goddess Server 06] Enter KG_GoddessServer::_ping()
20250718-193355<DEBUG:00004D54>: [Goddess Server 02] Enter KG_GoddessServer::_ping()
20250718-193355<DEBUG:00001840>: [Goddess Server 03] Enter KG_GoddessServer::_ping()
20250718-193355<DEBUG:00004D54>: [Goddess Server 02] Enter KG_GoddessServer::_ping()
20250718-193356<DEBUG:00003D60>: [Goddess Server 04] Enter KG_GoddessServer::_ping()
20250718-193356<DEBUG:00004A10>: [Goddess Server 05] Enter KG_GoddessServer::_ping()
20250718-193356<DEBUG:00001840>: [Goddess Server 03] Enter KG_GoddessServer::_ping()
20250718-193356<DEBUG:00003D60>: [Goddess Server 04] Enter KG_GoddessServer::_ping()
20250718-193356<DEBUG:00004A10>: [Goddess Server 05] Enter KG_GoddessServer::_ping()
20250718-193357<DEBUG:00004278>: [Goddess Server 08] Enter KG_GoddessServer::_ping()
20250718-193357<DEBUG:00004278>: [Goddess Server 08] Enter KG_GoddessServer::_ping()
20250718-193359<DEBUG:00003D54>: [Goddess Server 07] Enter KG_GoddessServer::_ping()
20250718-193359<DEBUG:00003D54>: [Goddess Server 07] Enter KG_GoddessServer::_ping()
20250718-193402<DEBUG:000027F8>: [Goddess Server 00] Enter KG_GoddessServer::_ping()
20250718-193404<DEBUG:00003130>: [Goddess Server 06] Enter KG_GoddessServer::_ping()
20250718-193405<DEBUG:00003130>: [Goddess Server 06] Enter KG_GoddessServer::_ping()
20250718-193405<DEBUG:00004D54>: [Goddess Server 02] Enter KG_GoddessServer::_ping()
20250718-193405<DEBUG:00001840>: [Goddess Server 03] Enter KG_GoddessServer::_ping()
20250718-193406<DEBUG:00003D60>: [Goddess Server 04] Enter KG_GoddessServer::_ping()
20250718-193406<DEBUG:00004A10>: [Goddess Server 05] Enter KG_GoddessServer::_ping()
20250718-193407<DEBUG:00004278>: [Goddess Server 08] Enter KG_GoddessServer::_ping()
20250718-193409<DEBUG:00003D54>: [Goddess Server 07] Enter KG_GoddessServer::_ping()
20250718-193414<DEBUG:00003130>: [Goddess Server 06] Enter KG_GoddessServer::_ping()
20250718-193415<DEBUG:00004D54>: [Goddess Server 02] Enter KG_GoddessServer::_ping()
20250718-193415<DEBUG:00001840>: [Goddess Server 03] Enter KG_GoddessServer::_ping()
20250718-193416<DEBUG:00003D60>: [Goddess Server 04] Enter KG_GoddessServer::_ping()
20250718-193416<DEBUG:00004A10>: [Goddess Server 05] Enter KG_GoddessServer::_ping()
20250718-193417<DEBUG:00004278>: [Goddess Server 08] Enter KG_GoddessServer::_ping()
20250718-193419<DEBUG:00003D54>: [Goddess Server 07] Enter KG_GoddessServer::_ping()
20250718-193420<DEBUG:000032B0>: [Goddess Server 01] Enter KG_GoddessServer::_ping()
20250718-193422<DEBUG:000027F8>: [Goddess Server 00] Enter KG_GoddessServer::_ping()
20250718-193424<DEBUG:00003130>: [Goddess Server 06] Enter KG_GoddessServer::_ping()
20250718-193425<DEBUG:00004D54>: [Goddess Server 02] Enter KG_GoddessServer::_ping()
20250718-193425<DEBUG:00001840>: [Goddess Server 03] Enter KG_GoddessServer::_ping()
20250718-193425<DEBUG:00004D54>: [Goddess Server 02] Enter KG_GoddessServer::_ping()
20250718-193426<DEBUG:00003D60>: [Goddess Server 04] Enter KG_GoddessServer::_ping()
20250718-193426<DEBUG:00004A10>: [Goddess Server 05] Enter KG_GoddessServer::_ping()
20250718-193426<DEBUG:00001840>: [Goddess Server 03] Enter KG_GoddessServer::_ping()
20250718-193426<DEBUG:00003D60>: [Goddess Server 04] Enter KG_GoddessServer::_ping()
20250718-193426<DEBUG:00004A10>: [Goddess Server 05] Enter KG_GoddessServer::_ping()
20250718-193427<DEBUG:00004278>: [Goddess Server 08] Enter KG_GoddessServer::_ping()
20250718-193427<DEBUG:00004278>: [Goddess Server 08] Enter KG_GoddessServer::_ping()
20250718-193429<DEBUG:00003D54>: [Goddess Server 07] Enter KG_GoddessServer::_ping()
20250718-193429<DEBUG:00003D54>: [Goddess Server 07] Enter KG_GoddessServer::_ping()
20250718-193434<DEBUG:00003130>: [Goddess Server 06] Enter KG_GoddessServer::_ping()
20250718-193435<DEBUG:00003130>: [Goddess Server 06] Enter KG_GoddessServer::_ping()
20250718-193435<DEBUG:00004D54>: [Goddess Server 02] Enter KG_GoddessServer::_ping()
20250718-193435<DEBUG:00001840>: [Goddess Server 03] Enter KG_GoddessServer::_ping()
20250718-193436<DEBUG:00003D60>: [Goddess Server 04] Enter KG_GoddessServer::_ping()
20250718-193436<DEBUG:00004A10>: [Goddess Server 05] Enter KG_GoddessServer::_ping()
20250718-193437<DEBUG:00004278>: [Goddess Server 08] Enter KG_GoddessServer::_ping()
20250718-193439<DEBUG:00003D54>: [Goddess Server 07] Enter KG_GoddessServer::_ping()
20250718-193442<DEBUG:000027F8>: [Goddess Server 00] Enter KG_GoddessServer::_ping()
20250718-193444<DEBUG:00003130>: [Goddess Server 06] Enter KG_GoddessServer::_ping()
20250718-193445<DEBUG:00004D54>: [Goddess Server 02] Enter KG_GoddessServer::_ping()
20250718-193445<DEBUG:00001840>: [Goddess Server 03] Enter KG_GoddessServer::_ping()
20250718-193446<DEBUG:00003D60>: [Goddess Server 04] Enter KG_GoddessServer::_ping()
20250718-193446<DEBUG:00004A10>: [Goddess Server 05] Enter KG_GoddessServer::_ping()
20250718-193447<DEBUG:00004278>: [Goddess Server 08] Enter KG_GoddessServer::_ping()
20250718-193449<DEBUG:00003D54>: [Goddess Server 07] Enter KG_GoddessServer::_ping()
20250718-193450<DEBUG:000032B0>: [Goddess Server 01] Enter KG_GoddessServer::_ping()
20250718-193454<DEBUG:00003130>: [Goddess Server 06] Enter KG_GoddessServer::_ping()
20250718-193455<DEBUG:00004D54>: [Goddess Server 02] Enter KG_GoddessServer::_ping()
20250718-193455<DEBUG:00001840>: [Goddess Server 03] Enter KG_GoddessServer::_ping()
20250718-193456<DEBUG:00004D54>: [Goddess Server 02] Enter KG_GoddessServer::_ping()
20250718-193456<DEBUG:00003D60>: [Goddess Server 04] Enter KG_GoddessServer::_ping()
20250718-193456<DEBUG:00004A10>: [Goddess Server 05] Enter KG_GoddessServer::_ping()
20250718-193456<DEBUG:00001840>: [Goddess Server 03] Enter KG_GoddessServer::_ping()
20250718-193456<DEBUG:00003D60>: [Goddess Server 04] Enter KG_GoddessServer::_ping()
20250718-193457<DEBUG:00004A10>: [Goddess Server 05] Enter KG_GoddessServer::_ping()
20250718-193457<DEBUG:00004278>: [Goddess Server 08] Enter KG_GoddessServer::_ping()
20250718-193458<DEBUG:00004278>: [Goddess Server 08] Enter KG_GoddessServer::_ping()
20250718-193459<DEBUG:00003D54>: [Goddess Server 07] Enter KG_GoddessServer::_ping()
20250718-193459<DEBUG:00003D54>: [Goddess Server 07] Enter KG_GoddessServer::_ping()
20250718-193502<DEBUG:000027F8>: [Goddess Server 00] Enter KG_GoddessServer::_ping()
20250718-193504<DEBUG:00003130>: [Goddess Server 06] Enter KG_GoddessServer::_ping()
20250718-193505<DEBUG:00003130>: [Goddess Server 06] Enter KG_GoddessServer::_ping()
20250718-193505<DEBUG:00004D54>: [Goddess Server 02] Enter KG_GoddessServer::_ping()
20250718-193505<DEBUG:00001840>: [Goddess Server 03] Enter KG_GoddessServer::_ping()
20250718-193506<DEBUG:00003D60>: [Goddess Server 04] Enter KG_GoddessServer::_ping()
20250718-193506<DEBUG:00004A10>: [Goddess Server 05] Enter KG_GoddessServer::_ping()
20250718-193507<DEBUG:00004278>: [Goddess Server 08] Enter KG_GoddessServer::_ping()
20250718-193509<DEBUG:00003D54>: [Goddess Server 07] Enter KG_GoddessServer::_ping()
20250718-193514<DEBUG:00003130>: [Goddess Server 06] Enter KG_GoddessServer::_ping()
20250718-193515<DEBUG:00004D54>: [Goddess Server 02] Enter KG_GoddessServer::_ping()
20250718-193515<DEBUG:00001840>: [Goddess Server 03] Enter KG_GoddessServer::_ping()
20250718-193516<DEBUG:00003D60>: [Goddess Server 04] Enter KG_GoddessServer::_ping()
20250718-193516<DEBUG:00004A10>: [Goddess Server 05] Enter KG_GoddessServer::_ping()
20250718-193517<DEBUG:00004278>: [Goddess Server 08] Enter KG_GoddessServer::_ping()
20250718-193519<DEBUG:00003D54>: [Goddess Server 07] Enter KG_GoddessServer::_ping()
20250718-193520<DEBUG:000032B0>: [Goddess Server 01] Enter KG_GoddessServer::_ping()
20250718-193522<DEBUG:000027F8>: [Goddess Server 00] Enter KG_GoddessServer::_ping()
20250718-193524<DEBUG:00003130>: [Goddess Server 06] Enter KG_GoddessServer::_ping()
20250718-193525<DEBUG:00004D54>: [Goddess Server 02] Enter KG_GoddessServer::_ping()
20250718-193525<DEBUG:00001840>: [Goddess Server 03] Enter KG_GoddessServer::_ping()
20250718-193526<DEBUG:00004D54>: [Goddess Server 02] Enter KG_GoddessServer::_ping()
20250718-193526<DEBUG:00003D60>: [Goddess Server 04] Enter KG_GoddessServer::_ping()
20250718-193526<DEBUG:00004A10>: [Goddess Server 05] Enter KG_GoddessServer::_ping()
20250718-193526<DEBUG:00001840>: [Goddess Server 03] Enter KG_GoddessServer::_ping()
20250718-193526<DEBUG:00003D60>: [Goddess Server 04] Enter KG_GoddessServer::_ping()
20250718-193527<DEBUG:00004A10>: [Goddess Server 05] Enter KG_GoddessServer::_ping()
20250718-193527<DEBUG:00004278>: [Goddess Server 08] Enter KG_GoddessServer::_ping()
20250718-193528<DEBUG:00004278>: [Goddess Server 08] Enter KG_GoddessServer::_ping()
20250718-193529<DEBUG:00003D54>: [Goddess Server 07] Enter KG_GoddessServer::_ping()
20250718-193529<DEBUG:00003D54>: [Goddess Server 07] Enter KG_GoddessServer::_ping()
20250718-193534<DEBUG:00003130>: [Goddess Server 06] Enter KG_GoddessServer::_ping()
20250718-193535<DEBUG:00003130>: [Goddess Server 06] Enter KG_GoddessServer::_ping()
20250718-193535<DEBUG:00004D54>: [Goddess Server 02] Enter KG_GoddessServer::_ping()
20250718-193535<DEBUG:00001840>: [Goddess Server 03] Enter KG_GoddessServer::_ping()
20250718-193536<DEBUG:00003D60>: [Goddess Server 04] Enter KG_GoddessServer::_ping()
20250718-193536<DEBUG:00004A10>: [Goddess Server 05] Enter KG_GoddessServer::_ping()
20250718-193537<DEBUG:00004278>: [Goddess Server 08] Enter KG_GoddessServer::_ping()
20250718-193539<DEBUG:00003D54>: [Goddess Server 07] Enter KG_GoddessServer::_ping()
20250718-193542<DEBUG:000027F8>: [Goddess Server 00] Enter KG_GoddessServer::_ping()
20250718-193544<DEBUG:00003130>: [Goddess Server 06] Enter KG_GoddessServer::_ping()
20250718-193545<DEBUG:00004D54>: [Goddess Server 02] Enter KG_GoddessServer::_ping()
20250718-193545<DEBUG:00001840>: [Goddess Server 03] Enter KG_GoddessServer::_ping()
20250718-193546<DEBUG:00003D60>: [Goddess Server 04] Enter KG_GoddessServer::_ping()
20250718-193546<DEBUG:00004A10>: [Goddess Server 05] Enter KG_GoddessServer::_ping()
20250718-193547<DEBUG:00004278>: [Goddess Server 08] Enter KG_GoddessServer::_ping()
20250718-193549<DEBUG:00003D54>: [Goddess Server 07] Enter KG_GoddessServer::_ping()
20250718-193550<DEBUG:000032B0>: [Goddess Server 01] Enter KG_GoddessServer::_ping()
20250718-193554<DEBUG:00003130>: [Goddess Server 06] Enter KG_GoddessServer::_ping()
20250718-193555<DEBUG:00004D54>: [Goddess Server 02] Enter KG_GoddessServer::_ping()
20250718-193555<DEBUG:00001840>: [Goddess Server 03] Enter KG_GoddessServer::_ping()
20250718-193556<DEBUG:00003D60>: [Goddess Server 04] Enter KG_GoddessServer::_ping()
20250718-193556<DEBUG:00004D54>: [Goddess Server 02] Enter KG_GoddessServer::_ping()
20250718-193556<DEBUG:00004A10>: [Goddess Server 05] Enter KG_GoddessServer::_ping()
20250718-193556<DEBUG:00001840>: [Goddess Server 03] Enter KG_GoddessServer::_ping()
20250718-193556<DEBUG:00003D60>: [Goddess Server 04] Enter KG_GoddessServer::_ping()
20250718-193557<DEBUG:00004A10>: [Goddess Server 05] Enter KG_GoddessServer::_ping()
20250718-193557<DEBUG:00004278>: [Goddess Server 08] Enter KG_GoddessServer::_ping()
20250718-193558<DEBUG:00004278>: [Goddess Server 08] Enter KG_GoddessServer::_ping()
20250718-193559<DEBUG:00003D54>: [Goddess Server 07] Enter KG_GoddessServer::_ping()
20250718-193559<DEBUG:00003D54>: [Goddess Server 07] Enter KG_GoddessServer::_ping()
20250718-193602<DEBUG:000027F8>: [Goddess Server 00] Enter KG_GoddessServer::_ping()
20250718-193604<DEBUG:00003130>: [Goddess Server 06] Enter KG_GoddessServer::_ping()
20250718-193605<DEBUG:00003130>: [Goddess Server 06] Enter KG_GoddessServer::_ping()
20250718-193605<DEBUG:00004D54>: [Goddess Server 02] Enter KG_GoddessServer::_ping()
20250718-193605<DEBUG:00001840>: [Goddess Server 03] Enter KG_GoddessServer::_ping()
20250718-193606<DEBUG:00003D60>: [Goddess Server 04] Enter KG_GoddessServer::_ping()
20250718-193606<DEBUG:00004A10>: [Goddess Server 05] Enter KG_GoddessServer::_ping()
20250718-193607<DEBUG:00004278>: [Goddess Server 08] Enter KG_GoddessServer::_ping()
20250718-193609<DEBUG:00003D54>: [Goddess Server 07] Enter KG_GoddessServer::_ping()
20250718-193614<DEBUG:00003130>: [Goddess Server 06] Enter KG_GoddessServer::_ping()
20250718-193615<DEBUG:00004D54>: [Goddess Server 02] Enter KG_GoddessServer::_ping()
20250718-193615<DEBUG:00001840>: [Goddess Server 03] Enter KG_GoddessServer::_ping()
20250718-193616<DEBUG:00003D60>: [Goddess Server 04] Enter KG_GoddessServer::_ping()
20250718-193616<DEBUG:00004A10>: [Goddess Server 05] Enter KG_GoddessServer::_ping()
20250718-193617<DEBUG:00004278>: [Goddess Server 08] Enter KG_GoddessServer::_ping()
20250718-193619<DEBUG:00003D54>: [Goddess Server 07] Enter KG_GoddessServer::_ping()
20250718-193620<DEBUG:000032B0>: [Goddess Server 01] Enter KG_GoddessServer::_ping()
20250718-193622<DEBUG:000027F8>: [Goddess Server 00] Enter KG_GoddessServer::_ping()
20250718-193624<DEBUG:00003130>: [Goddess Server 06] Enter KG_GoddessServer::_ping()
20250718-193625<DEBUG:00004D54>: [Goddess Server 02] Enter KG_GoddessServer::_ping()
20250718-193625<DEBUG:00001840>: [Goddess Server 03] Enter KG_GoddessServer::_ping()
20250718-193626<DEBUG:00003D60>: [Goddess Server 04] Enter KG_GoddessServer::_ping()
20250718-193626<DEBUG:00004D54>: [Goddess Server 02] Enter KG_GoddessServer::_ping()
20250718-193626<DEBUG:00004A10>: [Goddess Server 05] Enter KG_GoddessServer::_ping()
20250718-193626<DEBUG:00001840>: [Goddess Server 03] Enter KG_GoddessServer::_ping()
20250718-193627<DEBUG:00003D60>: [Goddess Server 04] Enter KG_GoddessServer::_ping()
20250718-193627<DEBUG:00004A10>: [Goddess Server 05] Enter KG_GoddessServer::_ping()
20250718-193627<DEBUG:00004278>: [Goddess Server 08] Enter KG_GoddessServer::_ping()
20250718-193628<DEBUG:00004278>: [Goddess Server 08] Enter KG_GoddessServer::_ping()
20250718-193629<DEBUG:00003D54>: [Goddess Server 07] Enter KG_GoddessServer::_ping()
20250718-193629<DEBUG:00003D54>: [Goddess Server 07] Enter KG_GoddessServer::_ping()
20250718-193634<DEBUG:00003130>: [Goddess Server 06] Enter KG_GoddessServer::_ping()
20250718-193635<DEBUG:00004D54>: [Goddess Server 02] Enter KG_GoddessServer::_ping()
20250718-193635<DEBUG:00003130>: [Goddess Server 06] Enter KG_GoddessServer::_ping()
20250718-193635<DEBUG:00001840>: [Goddess Server 03] Enter KG_GoddessServer::_ping()
20250718-193636<DEBUG:00003D60>: [Goddess Server 04] Enter KG_GoddessServer::_ping()
