20250718-192939<INFO :000035D8>: [KG_Goddess] starting ...
20250718-192939<INFO :000035D8>: [KG_Goddess] Loading kg_goddess.ini
20250718-192939<INFO :000035D8>: [KG_Goddess] Loaded KG_Angel, version 2.5
20250718-192939<INFO :000035D8>: [KG_Goddess] Initializing role database ...
20250718-192939<DEBUG:000035D8>: [KGD] Success connect to localhost:3306, character set switch to latin1
20250718-192939<INFO :000035D8>: [KG_Goddess] Initializing role statistic ...
20250718-192939<INFO :000035D8>: [KG_Goddess] Initializing server manager ...
20250718-192939<INFO :000035D8>: [KG_Goddess] Initializing Sequence ...
20250718-192939<INFO :000035D8>: [KG_Goddess] Initializing NameServer ...
20250718-192939<DEBUG:000035D8>: [Database] character set switch to latin1
20250718-192939<INFO :000035D8>: [ServerManager] Listening at 127.0.0.1:5001
20250718-192939<INFO :000035D8>: [KG_Goddess] RoleLock disable
20250718-192939<INFO :000035D8>: [KG_Goddess] Set log level to DEBUG
20250718-192939<INFO :000035D8>: [KG_Goddess] Start success
20250718-192941<INFO :00004D28>: [ServerManager] Accept from (127.0.0.1: 58701) SocketStream = 010271E0
20250718-192941<INFO :00000270>: [Goddess Server 00] Started, service for 127.0.0.1:58701
20250718-192941<DEBUG:00000270>: [KGD] Success connect to localhost:3306, character set switch to latin1
20250718-192943<INFO :00004D28>: [ServerManager] Accept from (127.0.0.1: 58706) SocketStream = 010272B8
20250718-192943<INFO :00003FC8>: [Goddess Server 01] Started, service for 127.0.0.1:58706
20250718-192943<DEBUG:00003FC8>: [KGD] Success connect to localhost:3306, character set switch to latin1
20250718-192947<INFO :00004D28>: [ServerManager] Accept from (127.0.0.1: 58717) SocketStream = 010274F8
20250718-192947<INFO :00000E74>: [Goddess Server 02] Started, service for 127.0.0.1:58717
20250718-192947<DEBUG:00000E74>: [KGD] Success connect to localhost:3306, character set switch to latin1
20250718-192947<DEBUG:00000E74>: [Goddess Server 02] Enter KG_GoddessServer::_query_statistic_info()
20250718-192947<DEBUG:00000E74>: KGLOG_PROCESS_ERROR(piStatistic) at line 2189 in KG_GoddessServer::_query_statistic_info
20250718-192947<DEBUG:00000E74>: [Goddess Server 02] Leave KG_GoddessServer::_query_statistic_info()
20250718-192947<INFO :00004D28>: [ServerManager] Accept from (127.0.0.1: 58722) SocketStream = 01027540
20250718-192947<INFO :00001398>: [Goddess Server 03] Started, service for 127.0.0.1:58722
20250718-192947<DEBUG:00001398>: [KGD] Success connect to localhost:3306, character set switch to latin1
20250718-192947<DEBUG:00001398>: [Goddess Server 03] Enter KG_GoddessServer::_query_statistic_info()
20250718-192947<DEBUG:00001398>: KGLOG_PROCESS_ERROR(piStatistic) at line 2189 in KG_GoddessServer::_query_statistic_info
20250718-192947<DEBUG:00001398>: [Goddess Server 03] Leave KG_GoddessServer::_query_statistic_info()
20250718-192947<INFO :00004D28>: [ServerManager] Accept from (127.0.0.1: 58727) SocketStream = 01027660
20250718-192947<INFO :00001CE8>: [Goddess Server 04] Started, service for 127.0.0.1:58727
20250718-192947<DEBUG:00001CE8>: [KGD] Success connect to localhost:3306, character set switch to latin1
20250718-192947<DEBUG:00001CE8>: [Goddess Server 04] Enter KG_GoddessServer::_query_statistic_info()
20250718-192947<DEBUG:00001CE8>: KGLOG_PROCESS_ERROR(piStatistic) at line 2189 in KG_GoddessServer::_query_statistic_info
20250718-192947<DEBUG:00001CE8>: [Goddess Server 04] Leave KG_GoddessServer::_query_statistic_info()
20250718-192947<INFO :00004D28>: [ServerManager] Accept from (127.0.0.1: 58732) SocketStream = 010273D8
20250718-192947<INFO :000035A0>: [Goddess Server 05] Started, service for 127.0.0.1:58732
20250718-192947<DEBUG:000035A0>: [KGD] Success connect to localhost:3306, character set switch to latin1
20250718-192947<DEBUG:000035A0>: [Goddess Server 05] Enter KG_GoddessServer::_query_statistic_info()
20250718-192947<DEBUG:000035A0>: KGLOG_PROCESS_ERROR(piStatistic) at line 2189 in KG_GoddessServer::_query_statistic_info
20250718-192947<DEBUG:000035A0>: [Goddess Server 05] Leave KG_GoddessServer::_query_statistic_info()
20250718-192947<INFO :00004D28>: [ServerManager] Accept from (127.0.0.1: 58737) SocketStream = 01027618
20250718-192947<INFO :0000393C>: [Goddess Server 06] Started, service for 127.0.0.1:58737
20250718-192947<DEBUG:0000393C>: [KGD] Success connect to localhost:3306, character set switch to latin1
20250718-192947<INFO :00004D28>: [ServerManager] Accept from (127.0.0.1: 58740) SocketStream = 01027300
20250718-192947<INFO :00004040>: [Goddess Server 07] Started, service for 127.0.0.1:58740
20250718-192947<DEBUG:00004040>: [KGD] Success connect to localhost:3306, character set switch to latin1
20250718-192947<INFO :00004D28>: [ServerManager] Accept from (127.0.0.1: 58743) SocketStream = 010276F0
20250718-192947<INFO :00000E08>: [Goddess Server 08] Started, service for 127.0.0.1:58743
20250718-192947<DEBUG:00000E08>: [KGD] Success connect to localhost:3306, character set switch to latin1
20250718-192947<DEBUG:00000E08>: [Goddess Server 08] Enter KG_GoddessServer::_query_statistic_info()
20250718-192947<DEBUG:00000E08>: KGLOG_PROCESS_ERROR(piStatistic) at line 2189 in KG_GoddessServer::_query_statistic_info
20250718-192947<DEBUG:00000E08>: [Goddess Server 08] Leave KG_GoddessServer::_query_statistic_info()
20250718-192948<DEBUG:0000393C>: [Goddess Server 06] Enter KG_GoddessServer::_query_statistic_info()
20250718-192948<DEBUG:0000393C>: KGLOG_PROCESS_ERROR(piStatistic) at line 2189 in KG_GoddessServer::_query_statistic_info
20250718-192948<DEBUG:0000393C>: [Goddess Server 06] Leave KG_GoddessServer::_query_statistic_info()
20250718-192952<DEBUG:00004040>: [Goddess Server 07] Enter KG_GoddessServer::_query_statistic_info()
20250718-192952<DEBUG:00004040>: KGLOG_PROCESS_ERROR(piStatistic) at line 2189 in KG_GoddessServer::_query_statistic_info
20250718-192952<DEBUG:00004040>: [Goddess Server 07] Leave KG_GoddessServer::_query_statistic_info()
20250718-192954<DEBUG:00000E74>: [Goddess Server 02] Enter KG_GoddessServer::_ping()
20250718-192954<DEBUG:00001398>: [Goddess Server 03] Enter KG_GoddessServer::_ping()
20250718-192954<DEBUG:00001CE8>: [Goddess Server 04] Enter KG_GoddessServer::_ping()
20250718-192955<DEBUG:000035A0>: [Goddess Server 05] Enter KG_GoddessServer::_ping()
20250718-192956<DEBUG:00000E08>: [Goddess Server 08] Enter KG_GoddessServer::_ping()
20250718-192957<DEBUG:0000393C>: [Goddess Server 06] Enter KG_GoddessServer::_ping()
20250718-192958<DEBUG:00000270>: [Goddess Server 00] Enter KG_GoddessServer::_ping()
20250718-192959<DEBUG:00000270>: [Goddess Server 00] Enter KG_GoddessServer::_query_role_list()
20250718-192959<INFO :00000270>: [Goddess Server 00] Query roles list of account "xboyhd"
20250718-192959<DEBUG:00000270>: [Goddess Server 00] Leave KG_GoddessServer::_query_role_list()
20250718-193000<DEBUG:00000270>: [Goddess Server 00] Enter KG_GoddessServer::_query_role_list_in_zone()
20250718-193000<DEBUG:00000270>: [Goddess Server 00] Leave KG_GoddessServer::_query_role_list_in_zone()
20250718-193002<DEBUG:00004040>: [Goddess Server 07] Enter KG_GoddessServer::_ping()
20250718-193003<DEBUG:00000270>: [Goddess Server 00] Enter KG_GoddessServer::_query_role_list()
20250718-193003<INFO :00000270>: [Goddess Server 00] Query roles list of account "xboyhd2"
20250718-193003<DEBUG:00000270>: [Goddess Server 00] Leave KG_GoddessServer::_query_role_list()
20250718-193004<DEBUG:00000270>: [Goddess Server 00] Enter KG_GoddessServer::_query_role_list_in_zone()
20250718-193004<DEBUG:00000270>: [Goddess Server 00] Leave KG_GoddessServer::_query_role_list_in_zone()
20250718-193004<DEBUG:00000E74>: [Goddess Server 02] Enter KG_GoddessServer::_ping()
20250718-193004<DEBUG:00001398>: [Goddess Server 03] Enter KG_GoddessServer::_ping()
20250718-193004<DEBUG:00001CE8>: [Goddess Server 04] Enter KG_GoddessServer::_ping()
20250718-193005<DEBUG:00000270>: [Goddess Server 00] Enter KG_GoddessServer::_query_role_data()
20250718-193005<INFO :00000270>: [Goddess Server 00] PacketID : 5, Get role "TCQGaming" of Account "xboyhd", Result = 1
20250718-193005<DEBUG:00000270>: [Goddess Server 00] Leave KG_GoddessServer::_query_role_data()
20250718-193005<DEBUG:000035A0>: [Goddess Server 05] Enter KG_GoddessServer::_ping()
20250718-193006<DEBUG:00000E08>: [Goddess Server 08] Enter KG_GoddessServer::_ping()
20250718-193006<DEBUG:00000270>: [Goddess Server 00] Enter KG_GoddessServer::_query_role_data()
20250718-193006<INFO :00000270>: [Goddess Server 00] PacketID : 6, Get role "testttt" of Account "xboyhd2", Result = 1
20250718-193006<DEBUG:00000270>: [Goddess Server 00] Leave KG_GoddessServer::_query_role_data()
20250718-193006<DEBUG:00000E74>: [Goddess Server 02] Unsupported protocol: 38
20250718-193007<DEBUG:00000E74>: [Goddess Server 02] Unsupported protocol: 38
20250718-193007<DEBUG:0000393C>: [Goddess Server 06] Enter KG_GoddessServer::_ping()
20250718-193008<DEBUG:00000E74>: [Goddess Server 02] Unsupported protocol: 37
20250718-193008<DEBUG:00000E74>: [Goddess Server 02] Enter KG_GoddessServer::_save_role_data()
20250718-193008<INFO :00000E74>: [Goddess Server 02] PacketID : 1, Save role "TCQGaming" of Account "xboyhd", LeaveFlag = 1, Result = 1
20250718-193008<DEBUG:00000E74>: [Goddess Server 02] Leave KG_GoddessServer::_save_role_data()
20250718-193008<DEBUG:00000E08>: [Goddess Server 08] Unsupported protocol: 38
20250718-193008<DEBUG:00000E74>: [Goddess Server 02] Unsupported protocol: 37
20250718-193008<DEBUG:00000E74>: [Goddess Server 02] Enter KG_GoddessServer::_save_role_data()
20250718-193008<INFO :00000E74>: [Goddess Server 02] PacketID : 2, Save role "testttt" of Account "xboyhd2", LeaveFlag = 1, Result = 1
20250718-193008<DEBUG:00000E74>: [Goddess Server 02] Leave KG_GoddessServer::_save_role_data()
20250718-193008<DEBUG:00000E08>: [Goddess Server 08] Unsupported protocol: 38
20250718-193008<DEBUG:00000E08>: [Goddess Server 08] Unsupported protocol: 37
20250718-193008<DEBUG:00000E08>: [Goddess Server 08] Unsupported protocol: 37
20250718-193009<DEBUG:00003FC8>: [Goddess Server 01] Enter KG_GoddessServer::_ping()
20250718-193012<DEBUG:00004040>: [Goddess Server 07] Enter KG_GoddessServer::_ping()
20250718-193014<DEBUG:00000E74>: [Goddess Server 02] Enter KG_GoddessServer::_ping()
20250718-193014<DEBUG:00000E74>: [Goddess Server 02] Enter KG_GoddessServer::_ping()
20250718-193014<DEBUG:00001398>: [Goddess Server 03] Enter KG_GoddessServer::_ping()
20250718-193014<DEBUG:00001398>: [Goddess Server 03] Enter KG_GoddessServer::_ping()
20250718-193014<DEBUG:00001CE8>: [Goddess Server 04] Enter KG_GoddessServer::_ping()
20250718-193015<DEBUG:00001CE8>: [Goddess Server 04] Enter KG_GoddessServer::_ping()
20250718-193015<DEBUG:000035A0>: [Goddess Server 05] Enter KG_GoddessServer::_ping()
20250718-193015<DEBUG:000035A0>: [Goddess Server 05] Enter KG_GoddessServer::_ping()
20250718-193016<DEBUG:00000E08>: [Goddess Server 08] Enter KG_GoddessServer::_ping()
20250718-193016<DEBUG:00000E08>: [Goddess Server 08] Enter KG_GoddessServer::_ping()
20250718-193017<DEBUG:0000393C>: [Goddess Server 06] Enter KG_GoddessServer::_ping()
20250718-193017<DEBUG:0000393C>: [Goddess Server 06] Enter KG_GoddessServer::_ping()
20250718-193022<DEBUG:00004040>: [Goddess Server 07] Enter KG_GoddessServer::_ping()
20250718-193022<DEBUG:00004040>: [Goddess Server 07] Enter KG_GoddessServer::_ping()
20250718-193024<DEBUG:00000E74>: [Goddess Server 02] Enter KG_GoddessServer::_ping()
20250718-193024<DEBUG:00001398>: [Goddess Server 03] Enter KG_GoddessServer::_ping()
20250718-193024<DEBUG:00001CE8>: [Goddess Server 04] Enter KG_GoddessServer::_ping()
20250718-193025<DEBUG:000035A0>: [Goddess Server 05] Enter KG_GoddessServer::_ping()
20250718-193026<DEBUG:00000E08>: [Goddess Server 08] Enter KG_GoddessServer::_ping()
20250718-193026<DEBUG:00000270>: [Goddess Server 00] Enter KG_GoddessServer::_ping()
20250718-193027<DEBUG:0000393C>: [Goddess Server 06] Enter KG_GoddessServer::_ping()
20250718-193032<DEBUG:00004040>: [Goddess Server 07] Enter KG_GoddessServer::_ping()
20250718-193034<DEBUG:00000E74>: [Goddess Server 02] Enter KG_GoddessServer::_ping()
20250718-193034<DEBUG:00001398>: [Goddess Server 03] Enter KG_GoddessServer::_ping()
20250718-193034<DEBUG:00001CE8>: [Goddess Server 04] Enter KG_GoddessServer::_ping()
20250718-193035<DEBUG:000035A0>: [Goddess Server 05] Enter KG_GoddessServer::_ping()
20250718-193036<DEBUG:00000E08>: [Goddess Server 08] Enter KG_GoddessServer::_ping()
20250718-193037<DEBUG:0000393C>: [Goddess Server 06] Enter KG_GoddessServer::_ping()
20250718-193039<DEBUG:00003FC8>: [Goddess Server 01] Enter KG_GoddessServer::_ping()
20250718-193042<DEBUG:00004040>: [Goddess Server 07] Enter KG_GoddessServer::_ping()
20250718-193044<DEBUG:00000E74>: [Goddess Server 02] Enter KG_GoddessServer::_ping()
20250718-193044<DEBUG:00000E74>: [Goddess Server 02] Enter KG_GoddessServer::_ping()
20250718-193044<DEBUG:00001398>: [Goddess Server 03] Enter KG_GoddessServer::_ping()
20250718-193044<DEBUG:00001398>: [Goddess Server 03] Enter KG_GoddessServer::_ping()
20250718-193044<DEBUG:00001CE8>: [Goddess Server 04] Enter KG_GoddessServer::_ping()
20250718-193045<DEBUG:00001CE8>: [Goddess Server 04] Enter KG_GoddessServer::_ping()
20250718-193045<DEBUG:000035A0>: [Goddess Server 05] Enter KG_GoddessServer::_ping()
20250718-193045<DEBUG:000035A0>: [Goddess Server 05] Enter KG_GoddessServer::_ping()
20250718-193046<DEBUG:00000E08>: [Goddess Server 08] Enter KG_GoddessServer::_ping()
20250718-193046<DEBUG:00000E08>: [Goddess Server 08] Enter KG_GoddessServer::_ping()
20250718-193046<DEBUG:00000270>: [Goddess Server 00] Enter KG_GoddessServer::_ping()
20250718-193047<DEBUG:0000393C>: [Goddess Server 06] Enter KG_GoddessServer::_ping()
20250718-193047<DEBUG:0000393C>: [Goddess Server 06] Enter KG_GoddessServer::_ping()
20250718-193052<DEBUG:00004040>: [Goddess Server 07] Enter KG_GoddessServer::_ping()
20250718-193052<DEBUG:00004040>: [Goddess Server 07] Enter KG_GoddessServer::_ping()
20250718-193054<DEBUG:00000E74>: [Goddess Server 02] Enter KG_GoddessServer::_ping()
20250718-193054<DEBUG:00001398>: [Goddess Server 03] Enter KG_GoddessServer::_ping()
20250718-193054<DEBUG:00001CE8>: [Goddess Server 04] Enter KG_GoddessServer::_ping()
20250718-193055<DEBUG:000035A0>: [Goddess Server 05] Enter KG_GoddessServer::_ping()
20250718-193055<DEBUG:00000E08>: [Goddess Server 08] Enter KG_GoddessServer::_save_role_data()
20250718-193055<INFO :00000E08>: [Goddess Server 08] PacketID : 1, Save role "TCQGaming" of Account "xboyhd", LeaveFlag = 1, Result = 1
20250718-193055<DEBUG:00000E08>: [Goddess Server 08] Leave KG_GoddessServer::_save_role_data()
20250718-193055<DEBUG:00000E74>: [Goddess Server 02] Unsupported protocol: 38
20250718-193056<DEBUG:00000E74>: [Goddess Server 02] Unsupported protocol: 37
20250718-193056<DEBUG:00000E08>: [Goddess Server 08] Enter KG_GoddessServer::_ping()
20250718-193057<DEBUG:0000393C>: [Goddess Server 06] Enter KG_GoddessServer::_ping()
20250718-193102<DEBUG:00004040>: [Goddess Server 07] Enter KG_GoddessServer::_ping()
20250718-193104<DEBUG:00000E74>: [Goddess Server 02] Enter KG_GoddessServer::_ping()
20250718-193104<DEBUG:00001398>: [Goddess Server 03] Enter KG_GoddessServer::_ping()
20250718-193104<DEBUG:00001CE8>: [Goddess Server 04] Enter KG_GoddessServer::_ping()
20250718-193105<DEBUG:000035A0>: [Goddess Server 05] Enter KG_GoddessServer::_ping()
20250718-193106<DEBUG:00000E08>: [Goddess Server 08] Enter KG_GoddessServer::_ping()
20250718-193106<DEBUG:00000270>: [Goddess Server 00] Enter KG_GoddessServer::_ping()
20250718-193107<DEBUG:0000393C>: [Goddess Server 06] Enter KG_GoddessServer::_ping()
20250718-193109<DEBUG:00003FC8>: [Goddess Server 01] Enter KG_GoddessServer::_ping()
20250718-193112<DEBUG:00004040>: [Goddess Server 07] Enter KG_GoddessServer::_ping()
20250718-193114<DEBUG:00000E74>: [Goddess Server 02] Enter KG_GoddessServer::_ping()
20250718-193114<DEBUG:00000E74>: [Goddess Server 02] Enter KG_GoddessServer::_ping()
20250718-193114<DEBUG:00001398>: [Goddess Server 03] Enter KG_GoddessServer::_ping()
20250718-193114<DEBUG:00001398>: [Goddess Server 03] Enter KG_GoddessServer::_ping()
20250718-193114<DEBUG:00001CE8>: [Goddess Server 04] Enter KG_GoddessServer::_ping()
20250718-193115<DEBUG:00001CE8>: [Goddess Server 04] Enter KG_GoddessServer::_ping()
20250718-193115<DEBUG:000035A0>: [Goddess Server 05] Enter KG_GoddessServer::_ping()
20250718-193115<DEBUG:000035A0>: [Goddess Server 05] Enter KG_GoddessServer::_ping()
20250718-193116<DEBUG:00000E08>: [Goddess Server 08] Enter KG_GoddessServer::_ping()
20250718-193116<DEBUG:00000E08>: [Goddess Server 08] Enter KG_GoddessServer::_ping()
20250718-193117<DEBUG:0000393C>: [Goddess Server 06] Enter KG_GoddessServer::_ping()
20250718-193117<DEBUG:0000393C>: [Goddess Server 06] Enter KG_GoddessServer::_ping()
20250718-193122<DEBUG:00004040>: [Goddess Server 07] Enter KG_GoddessServer::_ping()
20250718-193123<DEBUG:00004040>: [Goddess Server 07] Enter KG_GoddessServer::_ping()
20250718-193124<DEBUG:00000E74>: [Goddess Server 02] Enter KG_GoddessServer::_ping()
20250718-193124<DEBUG:00001398>: [Goddess Server 03] Enter KG_GoddessServer::_ping()
20250718-193124<DEBUG:00001CE8>: [Goddess Server 04] Enter KG_GoddessServer::_ping()
20250718-193125<DEBUG:000035A0>: [Goddess Server 05] Enter KG_GoddessServer::_ping()
20250718-193126<DEBUG:00000E08>: [Goddess Server 08] Enter KG_GoddessServer::_ping()
20250718-193126<DEBUG:00000270>: [Goddess Server 00] Enter KG_GoddessServer::_ping()
20250718-193127<DEBUG:0000393C>: [Goddess Server 06] Enter KG_GoddessServer::_ping()
20250718-193132<DEBUG:00004040>: [Goddess Server 07] Enter KG_GoddessServer::_ping()
20250718-193134<DEBUG:00000E74>: [Goddess Server 02] Enter KG_GoddessServer::_ping()
20250718-193134<DEBUG:00001398>: [Goddess Server 03] Enter KG_GoddessServer::_ping()
20250718-193134<DEBUG:00001CE8>: [Goddess Server 04] Enter KG_GoddessServer::_ping()
20250718-193135<DEBUG:000035A0>: [Goddess Server 05] Enter KG_GoddessServer::_ping()
20250718-193136<DEBUG:00000E08>: [Goddess Server 08] Enter KG_GoddessServer::_ping()
20250718-193137<DEBUG:0000393C>: [Goddess Server 06] Enter KG_GoddessServer::_ping()
20250718-193139<DEBUG:00003FC8>: [Goddess Server 01] Enter KG_GoddessServer::_ping()
20250718-193142<DEBUG:00000E08>: [Goddess Server 08] Enter KG_GoddessServer::_save_role_data()
20250718-193142<INFO :00000E08>: [Goddess Server 08] PacketID : 2, Save role "testttt" of Account "xboyhd2", LeaveFlag = 1, Result = 1
20250718-193142<DEBUG:00000E08>: [Goddess Server 08] Leave KG_GoddessServer::_save_role_data()
20250718-193142<DEBUG:00004040>: [Goddess Server 07] Enter KG_GoddessServer::_ping()
20250718-193144<DEBUG:00001398>: [Goddess Server 03] Enter KG_GoddessServer::_ping()
20250718-193144<DEBUG:00001398>: [Goddess Server 03] Enter KG_GoddessServer::_ping()
20250718-193144<DEBUG:00001CE8>: [Goddess Server 04] Enter KG_GoddessServer::_ping()
20250718-193145<DEBUG:00001CE8>: [Goddess Server 04] Enter KG_GoddessServer::_ping()
20250718-193145<DEBUG:000035A0>: [Goddess Server 05] Enter KG_GoddessServer::_ping()
20250718-193145<DEBUG:000035A0>: [Goddess Server 05] Enter KG_GoddessServer::_ping()
20250718-193146<DEBUG:00000E08>: [Goddess Server 08] Enter KG_GoddessServer::_ping()
20250718-193146<DEBUG:00000E08>: [Goddess Server 08] Enter KG_GoddessServer::_ping()
20250718-193146<DEBUG:00000270>: [Goddess Server 00] Enter KG_GoddessServer::_ping()
20250718-193147<DEBUG:0000393C>: [Goddess Server 06] Enter KG_GoddessServer::_ping()
20250718-193147<DEBUG:0000393C>: [Goddess Server 06] Enter KG_GoddessServer::_ping()
20250718-193152<DEBUG:00004040>: [Goddess Server 07] Enter KG_GoddessServer::_ping()
20250718-193153<DEBUG:00004040>: [Goddess Server 07] Enter KG_GoddessServer::_ping()
20250718-193154<DEBUG:00001398>: [Goddess Server 03] Enter KG_GoddessServer::_ping()
20250718-193154<DEBUG:00001CE8>: [Goddess Server 04] Enter KG_GoddessServer::_ping()
20250718-193155<DEBUG:000035A0>: [Goddess Server 05] Enter KG_GoddessServer::_ping()
20250718-193156<DEBUG:00000E08>: [Goddess Server 08] Enter KG_GoddessServer::_ping()
20250718-193157<DEBUG:0000393C>: [Goddess Server 06] Enter KG_GoddessServer::_ping()
20250718-193202<DEBUG:00004040>: [Goddess Server 07] Enter KG_GoddessServer::_ping()
20250718-193204<DEBUG:00001398>: [Goddess Server 03] Enter KG_GoddessServer::_ping()
20250718-193204<DEBUG:00001CE8>: [Goddess Server 04] Enter KG_GoddessServer::_ping()
20250718-193205<DEBUG:000035A0>: [Goddess Server 05] Enter KG_GoddessServer::_ping()
20250718-193206<DEBUG:00000E08>: [Goddess Server 08] Enter KG_GoddessServer::_ping()
20250718-193206<DEBUG:00000270>: [Goddess Server 00] Enter KG_GoddessServer::_ping()
20250718-193207<DEBUG:0000393C>: [Goddess Server 06] Enter KG_GoddessServer::_ping()
20250718-193209<DEBUG:00003FC8>: [Goddess Server 01] Enter KG_GoddessServer::_ping()
20250718-193212<DEBUG:00004040>: [Goddess Server 07] Enter KG_GoddessServer::_ping()
20250718-193214<DEBUG:00001398>: [Goddess Server 03] Enter KG_GoddessServer::_ping()
20250718-193214<DEBUG:00001398>: [Goddess Server 03] Enter KG_GoddessServer::_ping()
20250718-193214<DEBUG:00001CE8>: [Goddess Server 04] Enter KG_GoddessServer::_ping()
20250718-193215<DEBUG:00001CE8>: [Goddess Server 04] Enter KG_GoddessServer::_ping()
20250718-193215<DEBUG:000035A0>: [Goddess Server 05] Enter KG_GoddessServer::_ping()
20250718-193215<DEBUG:000035A0>: [Goddess Server 05] Enter KG_GoddessServer::_ping()
20250718-193216<DEBUG:00000E08>: [Goddess Server 08] Enter KG_GoddessServer::_ping()
20250718-193216<DEBUG:00000E08>: [Goddess Server 08] Enter KG_GoddessServer::_ping()
20250718-193217<DEBUG:0000393C>: [Goddess Server 06] Enter KG_GoddessServer::_ping()
20250718-193217<DEBUG:0000393C>: [Goddess Server 06] Enter KG_GoddessServer::_ping()
20250718-193218<DEBUG:00000E74>: [Goddess Server 02] Unsupported protocol: 38
20250718-193219<DEBUG:00000E74>: [Goddess Server 02] Unsupported protocol: 37
20250718-193220<DEBUG:00000E74>: [Goddess Server 02] Enter KG_GoddessServer::_ping()
20250718-193220<DEBUG:00000E74>: [Goddess Server 02] Enter KG_GoddessServer::_ping()
20250718-193222<DEBUG:00004040>: [Goddess Server 07] Enter KG_GoddessServer::_ping()
20250718-193223<DEBUG:00004040>: [Goddess Server 07] Enter KG_GoddessServer::_ping()
20250718-193223<DEBUG:00000E74>: [Goddess Server 02] Enter KG_GoddessServer::_ping()
20250718-193224<DEBUG:00001398>: [Goddess Server 03] Enter KG_GoddessServer::_ping()
20250718-193224<DEBUG:00001CE8>: [Goddess Server 04] Enter KG_GoddessServer::_ping()
20250718-193225<DEBUG:000035A0>: [Goddess Server 05] Enter KG_GoddessServer::_ping()
20250718-193226<DEBUG:00000E74>: [Goddess Server 02] Enter KG_GoddessServer::_ping()
20250718-193226<DEBUG:00000E08>: [Goddess Server 08] Enter KG_GoddessServer::_ping()
20250718-193226<DEBUG:00000270>: [Goddess Server 00] Enter KG_GoddessServer::_ping()
20250718-193227<DEBUG:0000393C>: [Goddess Server 06] Enter KG_GoddessServer::_ping()
20250718-193228<DEBUG:00000E74>: [Goddess Server 02] Enter KG_GoddessServer::_ping()
20250718-193229<DEBUG:00000E74>: [Goddess Server 02] Enter KG_GoddessServer::_ping()
20250718-193231<DEBUG:00000E74>: [Goddess Server 02] Enter KG_GoddessServer::_ping()
20250718-193232<DEBUG:00004040>: [Goddess Server 07] Enter KG_GoddessServer::_ping()
20250718-193234<DEBUG:00001398>: [Goddess Server 03] Enter KG_GoddessServer::_ping()
20250718-193234<DEBUG:00000E74>: [Goddess Server 02] Enter KG_GoddessServer::_ping()
20250718-193234<DEBUG:00001CE8>: [Goddess Server 04] Enter KG_GoddessServer::_ping()
20250718-193235<DEBUG:000035A0>: [Goddess Server 05] Enter KG_GoddessServer::_ping()
20250718-193236<DEBUG:00000E08>: [Goddess Server 08] Enter KG_GoddessServer::_ping()
20250718-193237<DEBUG:0000393C>: [Goddess Server 06] Enter KG_GoddessServer::_ping()
20250718-193239<DEBUG:00003FC8>: [Goddess Server 01] Enter KG_GoddessServer::_ping()
20250718-193242<DEBUG:00004040>: [Goddess Server 07] Enter KG_GoddessServer::_ping()
20250718-193244<DEBUG:00000E74>: [Goddess Server 02] Enter KG_GoddessServer::_ping()
20250718-193244<DEBUG:00001398>: [Goddess Server 03] Enter KG_GoddessServer::_ping()
20250718-193244<DEBUG:00000E74>: [Goddess Server 02] Enter KG_GoddessServer::_ping()
20250718-193244<DEBUG:00001398>: [Goddess Server 03] Enter KG_GoddessServer::_ping()
20250718-193244<DEBUG:00001CE8>: [Goddess Server 04] Enter KG_GoddessServer::_ping()
20250718-193245<DEBUG:000035A0>: [Goddess Server 05] Enter KG_GoddessServer::_ping()
20250718-193245<DEBUG:00001CE8>: [Goddess Server 04] Enter KG_GoddessServer::_ping()
20250718-193245<DEBUG:000035A0>: [Goddess Server 05] Enter KG_GoddessServer::_ping()
20250718-193246<DEBUG:00000E08>: [Goddess Server 08] Enter KG_GoddessServer::_ping()
20250718-193246<DEBUG:00000270>: [Goddess Server 00] Enter KG_GoddessServer::_ping()
20250718-193246<DEBUG:00000E08>: [Goddess Server 08] Enter KG_GoddessServer::_ping()
20250718-193247<DEBUG:0000393C>: [Goddess Server 06] Enter KG_GoddessServer::_ping()
20250718-193248<DEBUG:0000393C>: [Goddess Server 06] Enter KG_GoddessServer::_ping()
20250718-193252<DEBUG:00004040>: [Goddess Server 07] Enter KG_GoddessServer::_ping()
20250718-193253<DEBUG:00004040>: [Goddess Server 07] Enter KG_GoddessServer::_ping()
20250718-193254<DEBUG:00000E74>: [Goddess Server 02] Enter KG_GoddessServer::_ping()
20250718-193254<DEBUG:00001398>: [Goddess Server 03] Enter KG_GoddessServer::_ping()
20250718-193254<DEBUG:00001CE8>: [Goddess Server 04] Enter KG_GoddessServer::_ping()
20250718-193255<DEBUG:000035A0>: [Goddess Server 05] Enter KG_GoddessServer::_ping()
20250718-193256<DEBUG:00000E08>: [Goddess Server 08] Enter KG_GoddessServer::_ping()
20250718-193257<DEBUG:0000393C>: [Goddess Server 06] Enter KG_GoddessServer::_ping()
20250718-193302<DEBUG:00004040>: [Goddess Server 07] Enter KG_GoddessServer::_ping()
20250718-193304<DEBUG:00000E74>: [Goddess Server 02] Enter KG_GoddessServer::_ping()
20250718-193304<DEBUG:00001398>: [Goddess Server 03] Enter KG_GoddessServer::_ping()
20250718-193304<DEBUG:00001CE8>: [Goddess Server 04] Enter KG_GoddessServer::_ping()
20250718-193305<DEBUG:000035A0>: [Goddess Server 05] Enter KG_GoddessServer::_ping()
20250718-193306<DEBUG:00000E08>: [Goddess Server 08] Enter KG_GoddessServer::_ping()
20250718-193306<DEBUG:00000270>: [Goddess Server 00] Enter KG_GoddessServer::_ping()
20250718-193307<DEBUG:0000393C>: [Goddess Server 06] Enter KG_GoddessServer::_ping()
20250718-193309<DEBUG:00003FC8>: [Goddess Server 01] Enter KG_GoddessServer::_ping()
20250718-193312<DEBUG:00004040>: [Goddess Server 07] Enter KG_GoddessServer::_ping()
20250718-193314<DEBUG:00000E74>: [Goddess Server 02] Enter KG_GoddessServer::_ping()
20250718-193314<DEBUG:00001398>: [Goddess Server 03] Enter KG_GoddessServer::_ping()
20250718-193314<DEBUG:00000E74>: [Goddess Server 02] Enter KG_GoddessServer::_ping()
20250718-193314<DEBUG:00001398>: [Goddess Server 03] Enter KG_GoddessServer::_ping()
20250718-193314<DEBUG:00001CE8>: [Goddess Server 04] Enter KG_GoddessServer::_ping()
20250718-193315<DEBUG:000035A0>: [Goddess Server 05] Enter KG_GoddessServer::_ping()
20250718-193315<DEBUG:00001CE8>: [Goddess Server 04] Enter KG_GoddessServer::_ping()
20250718-193315<DEBUG:000035A0>: [Goddess Server 05] Enter KG_GoddessServer::_ping()
20250718-193316<DEBUG:00000E08>: [Goddess Server 08] Enter KG_GoddessServer::_ping()
20250718-193316<DEBUG:00000E08>: [Goddess Server 08] Enter KG_GoddessServer::_ping()
20250718-193317<DEBUG:0000393C>: [Goddess Server 06] Enter KG_GoddessServer::_ping()
20250718-193318<DEBUG:0000393C>: [Goddess Server 06] Enter KG_GoddessServer::_ping()
20250718-193322<DEBUG:00004040>: [Goddess Server 07] Enter KG_GoddessServer::_ping()
20250718-193323<DEBUG:00004040>: [Goddess Server 07] Enter KG_GoddessServer::_ping()
20250718-193324<DEBUG:00000E74>: [Goddess Server 02] Enter KG_GoddessServer::_ping()
20250718-193324<DEBUG:00001398>: [Goddess Server 03] Enter KG_GoddessServer::_ping()
20250718-193324<DEBUG:00001CE8>: [Goddess Server 04] Enter KG_GoddessServer::_ping()
20250718-193325<DEBUG:000035A0>: [Goddess Server 05] Enter KG_GoddessServer::_ping()
20250718-193326<DEBUG:00000E08>: [Goddess Server 08] Enter KG_GoddessServer::_ping()
20250718-193326<DEBUG:00000270>: [Goddess Server 00] Enter KG_GoddessServer::_ping()
20250718-193327<DEBUG:0000393C>: [Goddess Server 06] Enter KG_GoddessServer::_ping()
20250718-193332<DEBUG:00004040>: [Goddess Server 07] Enter KG_GoddessServer::_ping()
20250718-193334<DEBUG:00000E74>: [Goddess Server 02] Enter KG_GoddessServer::_ping()
20250718-193334<DEBUG:00001398>: [Goddess Server 03] Enter KG_GoddessServer::_ping()
20250718-193334<DEBUG:00001CE8>: [Goddess Server 04] Enter KG_GoddessServer::_ping()
20250718-193335<DEBUG:000035A0>: [Goddess Server 05] Enter KG_GoddessServer::_ping()
20250718-193336<DEBUG:00000E08>: [Goddess Server 08] Enter KG_GoddessServer::_ping()
20250718-193337<DEBUG:0000393C>: [Goddess Server 06] Enter KG_GoddessServer::_ping()
20250718-193339<DEBUG:00003FC8>: [Goddess Server 01] Enter KG_GoddessServer::_ping()
20250718-193342<DEBUG:00004040>: [Goddess Server 07] Enter KG_GoddessServer::_ping()
20250718-193344<DEBUG:00000E74>: [Goddess Server 02] Enter KG_GoddessServer::_ping()
20250718-193344<DEBUG:00001398>: [Goddess Server 03] Enter KG_GoddessServer::_ping()
20250718-193344<DEBUG:00000E74>: [Goddess Server 02] Enter KG_GoddessServer::_ping()
20250718-193344<DEBUG:00001398>: [Goddess Server 03] Enter KG_GoddessServer::_ping()
20250718-193344<DEBUG:00001CE8>: [Goddess Server 04] Enter KG_GoddessServer::_ping()
20250718-193345<DEBUG:000035A0>: [Goddess Server 05] Enter KG_GoddessServer::_ping()
20250718-193345<DEBUG:00001CE8>: [Goddess Server 04] Enter KG_GoddessServer::_ping()
20250718-193345<DEBUG:000035A0>: [Goddess Server 05] Enter KG_GoddessServer::_ping()
20250718-193346<DEBUG:00000E08>: [Goddess Server 08] Enter KG_GoddessServer::_ping()
20250718-193346<DEBUG:00000270>: [Goddess Server 00] Enter KG_GoddessServer::_ping()
20250718-193346<DEBUG:00000E08>: [Goddess Server 08] Enter KG_GoddessServer::_ping()
20250718-193347<DEBUG:0000393C>: [Goddess Server 06] Enter KG_GoddessServer::_ping()
20250718-193348<DEBUG:0000393C>: [Goddess Server 06] Enter KG_GoddessServer::_ping()
20250718-193352<DEBUG:00004040>: [Goddess Server 07] Enter KG_GoddessServer::_ping()
20250718-193353<DEBUG:00004040>: [Goddess Server 07] Enter KG_GoddessServer::_ping()
20250718-193354<DEBUG:00000E74>: [Goddess Server 02] Enter KG_GoddessServer::_ping()
20250718-193354<DEBUG:00001398>: [Goddess Server 03] Enter KG_GoddessServer::_ping()
20250718-193354<DEBUG:00001CE8>: [Goddess Server 04] Enter KG_GoddessServer::_ping()
20250718-193355<DEBUG:000035A0>: [Goddess Server 05] Enter KG_GoddessServer::_ping()
20250718-193356<DEBUG:00000E08>: [Goddess Server 08] Enter KG_GoddessServer::_ping()
20250718-193357<DEBUG:0000393C>: [Goddess Server 06] Enter KG_GoddessServer::_ping()
20250718-193402<DEBUG:00004040>: [Goddess Server 07] Enter KG_GoddessServer::_ping()
20250718-193404<DEBUG:00000E74>: [Goddess Server 02] Enter KG_GoddessServer::_ping()
20250718-193404<DEBUG:00001398>: [Goddess Server 03] Enter KG_GoddessServer::_ping()
20250718-193404<DEBUG:00001CE8>: [Goddess Server 04] Enter KG_GoddessServer::_ping()
20250718-193405<DEBUG:000035A0>: [Goddess Server 05] Enter KG_GoddessServer::_ping()
20250718-193406<DEBUG:00000E08>: [Goddess Server 08] Enter KG_GoddessServer::_ping()
20250718-193406<DEBUG:00000270>: [Goddess Server 00] Enter KG_GoddessServer::_ping()
20250718-193407<DEBUG:0000393C>: [Goddess Server 06] Enter KG_GoddessServer::_ping()
20250718-193409<DEBUG:00003FC8>: [Goddess Server 01] Enter KG_GoddessServer::_ping()
20250718-193412<DEBUG:00004040>: [Goddess Server 07] Enter KG_GoddessServer::_ping()
20250718-193414<DEBUG:00000E74>: [Goddess Server 02] Enter KG_GoddessServer::_ping()
20250718-193414<DEBUG:00001398>: [Goddess Server 03] Enter KG_GoddessServer::_ping()
20250718-193414<DEBUG:00000E74>: [Goddess Server 02] Enter KG_GoddessServer::_ping()
20250718-193414<DEBUG:00001CE8>: [Goddess Server 04] Enter KG_GoddessServer::_ping()
20250718-193415<DEBUG:00001398>: [Goddess Server 03] Enter KG_GoddessServer::_ping()
20250718-193415<DEBUG:000035A0>: [Goddess Server 05] Enter KG_GoddessServer::_ping()
20250718-193415<DEBUG:00001CE8>: [Goddess Server 04] Enter KG_GoddessServer::_ping()
20250718-193415<DEBUG:000035A0>: [Goddess Server 05] Enter KG_GoddessServer::_ping()
20250718-193416<DEBUG:00000E08>: [Goddess Server 08] Enter KG_GoddessServer::_ping()
20250718-193416<DEBUG:00000E08>: [Goddess Server 08] Enter KG_GoddessServer::_ping()
20250718-193417<DEBUG:0000393C>: [Goddess Server 06] Enter KG_GoddessServer::_ping()
20250718-193418<DEBUG:0000393C>: [Goddess Server 06] Enter KG_GoddessServer::_ping()
20250718-193422<DEBUG:00004040>: [Goddess Server 07] Enter KG_GoddessServer::_ping()
20250718-193423<DEBUG:00004040>: [Goddess Server 07] Enter KG_GoddessServer::_ping()
20250718-193424<DEBUG:00000E74>: [Goddess Server 02] Enter KG_GoddessServer::_ping()
20250718-193424<DEBUG:00001398>: [Goddess Server 03] Enter KG_GoddessServer::_ping()
20250718-193424<DEBUG:00001CE8>: [Goddess Server 04] Enter KG_GoddessServer::_ping()
20250718-193425<DEBUG:000035A0>: [Goddess Server 05] Enter KG_GoddessServer::_ping()
20250718-193426<DEBUG:00000E08>: [Goddess Server 08] Enter KG_GoddessServer::_ping()
20250718-193426<DEBUG:00000270>: [Goddess Server 00] Enter KG_GoddessServer::_ping()
20250718-193427<DEBUG:0000393C>: [Goddess Server 06] Enter KG_GoddessServer::_ping()
20250718-193432<DEBUG:00004040>: [Goddess Server 07] Enter KG_GoddessServer::_ping()
20250718-193434<DEBUG:00000E74>: [Goddess Server 02] Enter KG_GoddessServer::_ping()
20250718-193434<DEBUG:00001398>: [Goddess Server 03] Enter KG_GoddessServer::_ping()
20250718-193434<DEBUG:00001CE8>: [Goddess Server 04] Enter KG_GoddessServer::_ping()
20250718-193435<DEBUG:000035A0>: [Goddess Server 05] Enter KG_GoddessServer::_ping()
20250718-193436<DEBUG:00000E08>: [Goddess Server 08] Enter KG_GoddessServer::_ping()
20250718-193437<DEBUG:0000393C>: [Goddess Server 06] Enter KG_GoddessServer::_ping()
20250718-193439<DEBUG:00003FC8>: [Goddess Server 01] Enter KG_GoddessServer::_ping()
20250718-193442<DEBUG:00004040>: [Goddess Server 07] Enter KG_GoddessServer::_ping()
20250718-193444<DEBUG:00000E74>: [Goddess Server 02] Enter KG_GoddessServer::_ping()
20250718-193444<DEBUG:00001398>: [Goddess Server 03] Enter KG_GoddessServer::_ping()
20250718-193444<DEBUG:00000E74>: [Goddess Server 02] Enter KG_GoddessServer::_ping()
20250718-193444<DEBUG:00001CE8>: [Goddess Server 04] Enter KG_GoddessServer::_ping()
20250718-193445<DEBUG:00001398>: [Goddess Server 03] Enter KG_GoddessServer::_ping()
20250718-193445<DEBUG:000035A0>: [Goddess Server 05] Enter KG_GoddessServer::_ping()
20250718-193445<DEBUG:00001CE8>: [Goddess Server 04] Enter KG_GoddessServer::_ping()
20250718-193445<DEBUG:000035A0>: [Goddess Server 05] Enter KG_GoddessServer::_ping()
20250718-193446<DEBUG:00000E08>: [Goddess Server 08] Enter KG_GoddessServer::_ping()
20250718-193446<DEBUG:00000270>: [Goddess Server 00] Enter KG_GoddessServer::_ping()
20250718-193446<DEBUG:00000E08>: [Goddess Server 08] Enter KG_GoddessServer::_ping()
20250718-193447<DEBUG:0000393C>: [Goddess Server 06] Enter KG_GoddessServer::_ping()
20250718-193448<DEBUG:0000393C>: [Goddess Server 06] Enter KG_GoddessServer::_ping()
20250718-193452<DEBUG:00004040>: [Goddess Server 07] Enter KG_GoddessServer::_ping()
20250718-193453<DEBUG:00004040>: [Goddess Server 07] Enter KG_GoddessServer::_ping()
20250718-193454<DEBUG:00000E74>: [Goddess Server 02] Enter KG_GoddessServer::_ping()
20250718-193454<DEBUG:00001398>: [Goddess Server 03] Enter KG_GoddessServer::_ping()
20250718-193454<DEBUG:00001CE8>: [Goddess Server 04] Enter KG_GoddessServer::_ping()
20250718-193455<DEBUG:000035A0>: [Goddess Server 05] Enter KG_GoddessServer::_ping()
20250718-193456<DEBUG:00000E08>: [Goddess Server 08] Enter KG_GoddessServer::_ping()
20250718-193457<DEBUG:0000393C>: [Goddess Server 06] Enter KG_GoddessServer::_ping()
20250718-193502<DEBUG:00004040>: [Goddess Server 07] Enter KG_GoddessServer::_ping()
20250718-193504<DEBUG:00000E74>: [Goddess Server 02] Enter KG_GoddessServer::_ping()
20250718-193504<DEBUG:00001398>: [Goddess Server 03] Enter KG_GoddessServer::_ping()
20250718-193504<DEBUG:00001CE8>: [Goddess Server 04] Enter KG_GoddessServer::_ping()
20250718-193505<DEBUG:000035A0>: [Goddess Server 05] Enter KG_GoddessServer::_ping()
20250718-193506<DEBUG:00000E08>: [Goddess Server 08] Enter KG_GoddessServer::_ping()
20250718-193506<DEBUG:00000270>: [Goddess Server 00] Enter KG_GoddessServer::_ping()
20250718-193507<DEBUG:0000393C>: [Goddess Server 06] Enter KG_GoddessServer::_ping()
20250718-193509<DEBUG:00003FC8>: [Goddess Server 01] Enter KG_GoddessServer::_ping()
20250718-193512<DEBUG:00004040>: [Goddess Server 07] Enter KG_GoddessServer::_ping()
20250718-193514<DEBUG:00000E74>: [Goddess Server 02] Enter KG_GoddessServer::_ping()
20250718-193514<DEBUG:00001398>: [Goddess Server 03] Enter KG_GoddessServer::_ping()
20250718-193514<DEBUG:00000E74>: [Goddess Server 02] Enter KG_GoddessServer::_ping()
20250718-193514<DEBUG:00001CE8>: [Goddess Server 04] Enter KG_GoddessServer::_ping()
20250718-193515<DEBUG:00001398>: [Goddess Server 03] Enter KG_GoddessServer::_ping()
20250718-193515<DEBUG:000035A0>: [Goddess Server 05] Enter KG_GoddessServer::_ping()
20250718-193515<DEBUG:00001CE8>: [Goddess Server 04] Enter KG_GoddessServer::_ping()
20250718-193516<DEBUG:000035A0>: [Goddess Server 05] Enter KG_GoddessServer::_ping()
20250718-193516<DEBUG:00000E08>: [Goddess Server 08] Enter KG_GoddessServer::_ping()
20250718-193516<DEBUG:00000E08>: [Goddess Server 08] Enter KG_GoddessServer::_ping()
20250718-193517<DEBUG:0000393C>: [Goddess Server 06] Enter KG_GoddessServer::_ping()
20250718-193518<DEBUG:0000393C>: [Goddess Server 06] Enter KG_GoddessServer::_ping()
20250718-193522<DEBUG:00004040>: [Goddess Server 07] Enter KG_GoddessServer::_ping()
20250718-193523<DEBUG:00004040>: [Goddess Server 07] Enter KG_GoddessServer::_ping()
20250718-193524<DEBUG:00000E74>: [Goddess Server 02] Enter KG_GoddessServer::_ping()
20250718-193524<DEBUG:00001398>: [Goddess Server 03] Enter KG_GoddessServer::_ping()
20250718-193524<DEBUG:00001CE8>: [Goddess Server 04] Enter KG_GoddessServer::_ping()
20250718-193525<DEBUG:000035A0>: [Goddess Server 05] Enter KG_GoddessServer::_ping()
20250718-193526<DEBUG:00000E08>: [Goddess Server 08] Enter KG_GoddessServer::_ping()
20250718-193526<DEBUG:00000270>: [Goddess Server 00] Enter KG_GoddessServer::_ping()
20250718-193527<DEBUG:0000393C>: [Goddess Server 06] Enter KG_GoddessServer::_ping()
20250718-193532<DEBUG:00004040>: [Goddess Server 07] Enter KG_GoddessServer::_ping()
20250718-193534<DEBUG:00000E74>: [Goddess Server 02] Enter KG_GoddessServer::_ping()
20250718-193534<DEBUG:00001398>: [Goddess Server 03] Enter KG_GoddessServer::_ping()
20250718-193534<DEBUG:00001CE8>: [Goddess Server 04] Enter KG_GoddessServer::_ping()
20250718-193535<DEBUG:000035A0>: [Goddess Server 05] Enter KG_GoddessServer::_ping()
20250718-193536<DEBUG:00000E08>: [Goddess Server 08] Enter KG_GoddessServer::_ping()
20250718-193537<DEBUG:0000393C>: [Goddess Server 06] Enter KG_GoddessServer::_ping()
20250718-193539<DEBUG:00003FC8>: [Goddess Server 01] Enter KG_GoddessServer::_ping()
20250718-193542<DEBUG:00004040>: [Goddess Server 07] Enter KG_GoddessServer::_ping()
20250718-193544<DEBUG:00000E74>: [Goddess Server 02] Enter KG_GoddessServer::_ping()
20250718-193544<DEBUG:00001398>: [Goddess Server 03] Enter KG_GoddessServer::_ping()
20250718-193544<DEBUG:00000E74>: [Goddess Server 02] Enter KG_GoddessServer::_ping()
20250718-193544<DEBUG:00001CE8>: [Goddess Server 04] Enter KG_GoddessServer::_ping()
20250718-193545<DEBUG:00001398>: [Goddess Server 03] Enter KG_GoddessServer::_ping()
20250718-193545<DEBUG:000035A0>: [Goddess Server 05] Enter KG_GoddessServer::_ping()
20250718-193545<DEBUG:00001CE8>: [Goddess Server 04] Enter KG_GoddessServer::_ping()
20250718-193546<DEBUG:000035A0>: [Goddess Server 05] Enter KG_GoddessServer::_ping()
20250718-193546<DEBUG:00000E08>: [Goddess Server 08] Enter KG_GoddessServer::_ping()
20250718-193546<DEBUG:00000270>: [Goddess Server 00] Enter KG_GoddessServer::_ping()
20250718-193547<DEBUG:00000E08>: [Goddess Server 08] Enter KG_GoddessServer::_ping()
20250718-193547<DEBUG:0000393C>: [Goddess Server 06] Enter KG_GoddessServer::_ping()
20250718-193548<DEBUG:0000393C>: [Goddess Server 06] Enter KG_GoddessServer::_ping()
20250718-193552<DEBUG:00004040>: [Goddess Server 07] Enter KG_GoddessServer::_ping()
20250718-193553<DEBUG:00004040>: [Goddess Server 07] Enter KG_GoddessServer::_ping()
20250718-193554<DEBUG:00000E74>: [Goddess Server 02] Enter KG_GoddessServer::_ping()
20250718-193554<DEBUG:00001398>: [Goddess Server 03] Enter KG_GoddessServer::_ping()
20250718-193554<DEBUG:00001CE8>: [Goddess Server 04] Enter KG_GoddessServer::_ping()
20250718-193555<DEBUG:000035A0>: [Goddess Server 05] Enter KG_GoddessServer::_ping()
20250718-193556<DEBUG:00000E08>: [Goddess Server 08] Enter KG_GoddessServer::_ping()
20250718-193557<DEBUG:0000393C>: [Goddess Server 06] Enter KG_GoddessServer::_ping()
20250718-193602<DEBUG:00004040>: [Goddess Server 07] Enter KG_GoddessServer::_ping()
20250718-193604<DEBUG:00000E74>: [Goddess Server 02] Enter KG_GoddessServer::_ping()
20250718-193604<DEBUG:00001398>: [Goddess Server 03] Enter KG_GoddessServer::_ping()
20250718-193604<DEBUG:00001CE8>: [Goddess Server 04] Enter KG_GoddessServer::_ping()
20250718-193605<DEBUG:000035A0>: [Goddess Server 05] Enter KG_GoddessServer::_ping()
20250718-193606<DEBUG:00000E08>: [Goddess Server 08] Enter KG_GoddessServer::_ping()
20250718-193606<DEBUG:00000270>: [Goddess Server 00] Enter KG_GoddessServer::_ping()
20250718-193607<DEBUG:0000393C>: [Goddess Server 06] Enter KG_GoddessServer::_ping()
20250718-193609<DEBUG:00003FC8>: [Goddess Server 01] Enter KG_GoddessServer::_ping()
20250718-193612<DEBUG:00004040>: [Goddess Server 07] Enter KG_GoddessServer::_ping()
20250718-193614<DEBUG:00000E74>: [Goddess Server 02] Enter KG_GoddessServer::_ping()
20250718-193614<DEBUG:00001398>: [Goddess Server 03] Enter KG_GoddessServer::_ping()
20250718-193614<DEBUG:00000E74>: [Goddess Server 02] Enter KG_GoddessServer::_ping()
20250718-193614<DEBUG:00001CE8>: [Goddess Server 04] Enter KG_GoddessServer::_ping()
20250718-193615<DEBUG:00001398>: [Goddess Server 03] Enter KG_GoddessServer::_ping()
20250718-193615<DEBUG:000035A0>: [Goddess Server 05] Enter KG_GoddessServer::_ping()
20250718-193615<DEBUG:00001CE8>: [Goddess Server 04] Enter KG_GoddessServer::_ping()
20250718-193616<DEBUG:000035A0>: [Goddess Server 05] Enter KG_GoddessServer::_ping()
20250718-193616<DEBUG:00000E08>: [Goddess Server 08] Enter KG_GoddessServer::_ping()
20250718-193617<DEBUG:00000E08>: [Goddess Server 08] Enter KG_GoddessServer::_ping()
20250718-193617<DEBUG:0000393C>: [Goddess Server 06] Enter KG_GoddessServer::_ping()
20250718-193618<DEBUG:0000393C>: [Goddess Server 06] Enter KG_GoddessServer::_ping()
20250718-193622<DEBUG:00004040>: [Goddess Server 07] Enter KG_GoddessServer::_ping()
20250718-193623<DEBUG:00004040>: [Goddess Server 07] Enter KG_GoddessServer::_ping()
20250718-193624<DEBUG:00000E74>: [Goddess Server 02] Enter KG_GoddessServer::_ping()
20250718-193624<DEBUG:00001398>: [Goddess Server 03] Enter KG_GoddessServer::_ping()
20250718-193624<DEBUG:00001CE8>: [Goddess Server 04] Enter KG_GoddessServer::_ping()
20250718-193625<DEBUG:000035A0>: [Goddess Server 05] Enter KG_GoddessServer::_ping()
20250718-193626<DEBUG:00000E08>: [Goddess Server 08] Enter KG_GoddessServer::_ping()
20250718-193626<DEBUG:00000270>: [Goddess Server 00] Enter KG_GoddessServer::_ping()
20250718-193627<DEBUG:0000393C>: [Goddess Server 06] Enter KG_GoddessServer::_ping()
20250718-193632<DEBUG:00004040>: [Goddess Server 07] Enter KG_GoddessServer::_ping()
20250718-193634<DEBUG:00000E74>: [Goddess Server 02] Enter KG_GoddessServer::_ping()
20250718-193634<DEBUG:00001398>: [Goddess Server 03] Enter KG_GoddessServer::_ping()
20250718-193634<DEBUG:00001CE8>: [Goddess Server 04] Enter KG_GoddessServer::_ping()
20250718-193635<DEBUG:000035A0>: [Goddess Server 05] Enter KG_GoddessServer::_ping()
20250718-193636<DEBUG:00000E08>: [Goddess Server 08] Enter KG_GoddessServer::_ping()
20250718-193637<DEBUG:0000393C>: [Goddess Server 06] Enter KG_GoddessServer::_ping()
20250718-193639<DEBUG:00003FC8>: [Goddess Server 01] Enter KG_GoddessServer::_ping()
20250718-193642<DEBUG:00004040>: [Goddess Server 07] Enter KG_GoddessServer::_ping()
20250718-193644<DEBUG:00000E74>: [Goddess Server 02] Enter KG_GoddessServer::_ping()
20250718-193644<DEBUG:00001398>: [Goddess Server 03] Enter KG_GoddessServer::_ping()
20250718-193644<DEBUG:00000E74>: [Goddess Server 02] Enter KG_GoddessServer::_ping()
20250718-193644<DEBUG:00001CE8>: [Goddess Server 04] Enter KG_GoddessServer::_ping()
20250718-193645<DEBUG:00001398>: [Goddess Server 03] Enter KG_GoddessServer::_ping()
20250718-193645<DEBUG:000035A0>: [Goddess Server 05] Enter KG_GoddessServer::_ping()
20250718-193645<DEBUG:00001CE8>: [Goddess Server 04] Enter KG_GoddessServer::_ping()
20250718-193646<DEBUG:000035A0>: [Goddess Server 05] Enter KG_GoddessServer::_ping()
20250718-193646<DEBUG:00000E08>: [Goddess Server 08] Enter KG_GoddessServer::_ping()
20250718-193646<DEBUG:00000270>: [Goddess Server 00] Enter KG_GoddessServer::_ping()
20250718-193647<DEBUG:00000E08>: [Goddess Server 08] Enter KG_GoddessServer::_ping()
20250718-193647<DEBUG:0000393C>: [Goddess Server 06] Enter KG_GoddessServer::_ping()
20250718-193648<DEBUG:0000393C>: [Goddess Server 06] Enter KG_GoddessServer::_ping()
20250718-193652<DEBUG:00004040>: [Goddess Server 07] Enter KG_GoddessServer::_ping()
20250718-193653<DEBUG:00004040>: [Goddess Server 07] Enter KG_GoddessServer::_ping()
20250718-193654<DEBUG:00000E74>: [Goddess Server 02] Enter KG_GoddessServer::_ping()
20250718-193654<DEBUG:00001398>: [Goddess Server 03] Enter KG_GoddessServer::_ping()
20250718-193654<DEBUG:00001CE8>: [Goddess Server 04] Enter KG_GoddessServer::_ping()
20250718-193655<DEBUG:000035A0>: [Goddess Server 05] Enter KG_GoddessServer::_ping()
20250718-193656<DEBUG:00000E08>: [Goddess Server 08] Enter KG_GoddessServer::_ping()
20250718-193657<DEBUG:0000393C>: [Goddess Server 06] Enter KG_GoddessServer::_ping()
20250718-193702<DEBUG:00004040>: [Goddess Server 07] Enter KG_GoddessServer::_ping()
20250718-193704<DEBUG:00000E74>: [Goddess Server 02] Enter KG_GoddessServer::_ping()
20250718-193704<DEBUG:00001398>: [Goddess Server 03] Enter KG_GoddessServer::_ping()
20250718-193704<DEBUG:00001CE8>: [Goddess Server 04] Enter KG_GoddessServer::_ping()
20250718-193705<DEBUG:000035A0>: [Goddess Server 05] Enter KG_GoddessServer::_ping()
20250718-193706<DEBUG:00000E08>: [Goddess Server 08] Enter KG_GoddessServer::_ping()
20250718-193706<DEBUG:00000270>: [Goddess Server 00] Enter KG_GoddessServer::_ping()
20250718-193707<DEBUG:0000393C>: [Goddess Server 06] Enter KG_GoddessServer::_ping()
20250718-193709<DEBUG:00003FC8>: [Goddess Server 01] Enter KG_GoddessServer::_ping()
20250718-193712<DEBUG:00004040>: [Goddess Server 07] Enter KG_GoddessServer::_ping()
20250718-193714<DEBUG:00000E74>: [Goddess Server 02] Enter KG_GoddessServer::_ping()
20250718-193714<DEBUG:00001398>: [Goddess Server 03] Enter KG_GoddessServer::_ping()
20250718-193714<DEBUG:00001CE8>: [Goddess Server 04] Enter KG_GoddessServer::_ping()
20250718-193715<DEBUG:00000E74>: [Goddess Server 02] Enter KG_GoddessServer::_ping()
20250718-193715<DEBUG:00001398>: [Goddess Server 03] Enter KG_GoddessServer::_ping()
20250718-193715<DEBUG:000035A0>: [Goddess Server 05] Enter KG_GoddessServer::_ping()
20250718-193715<DEBUG:00001CE8>: [Goddess Server 04] Enter KG_GoddessServer::_ping()
20250718-193716<DEBUG:000035A0>: [Goddess Server 05] Enter KG_GoddessServer::_ping()
20250718-193716<DEBUG:00000E08>: [Goddess Server 08] Enter KG_GoddessServer::_ping()
20250718-193717<DEBUG:00000E08>: [Goddess Server 08] Enter KG_GoddessServer::_ping()
20250718-193717<DEBUG:0000393C>: [Goddess Server 06] Enter KG_GoddessServer::_ping()
20250718-193718<DEBUG:0000393C>: [Goddess Server 06] Enter KG_GoddessServer::_ping()
20250718-193722<DEBUG:00004040>: [Goddess Server 07] Enter KG_GoddessServer::_ping()
20250718-193723<DEBUG:00004040>: [Goddess Server 07] Enter KG_GoddessServer::_ping()
20250718-193724<DEBUG:00000E74>: [Goddess Server 02] Enter KG_GoddessServer::_ping()
20250718-193724<DEBUG:00001398>: [Goddess Server 03] Enter KG_GoddessServer::_ping()
20250718-193724<DEBUG:00001CE8>: [Goddess Server 04] Enter KG_GoddessServer::_ping()
20250718-193725<DEBUG:000035A0>: [Goddess Server 05] Enter KG_GoddessServer::_ping()
20250718-193726<DEBUG:00000E08>: [Goddess Server 08] Enter KG_GoddessServer::_ping()
20250718-193726<DEBUG:00000270>: [Goddess Server 00] Enter KG_GoddessServer::_ping()
20250718-193727<DEBUG:0000393C>: [Goddess Server 06] Enter KG_GoddessServer::_ping()
20250718-193732<DEBUG:00004040>: [Goddess Server 07] Enter KG_GoddessServer::_ping()
20250718-193734<DEBUG:00000E74>: [Goddess Server 02] Enter KG_GoddessServer::_ping()
20250718-193734<DEBUG:00001398>: [Goddess Server 03] Enter KG_GoddessServer::_ping()
20250718-193734<DEBUG:00001CE8>: [Goddess Server 04] Enter KG_GoddessServer::_ping()
20250718-193735<DEBUG:000035A0>: [Goddess Server 05] Enter KG_GoddessServer::_ping()
20250718-193736<DEBUG:00000E08>: [Goddess Server 08] Enter KG_GoddessServer::_ping()
20250718-193737<DEBUG:0000393C>: [Goddess Server 06] Enter KG_GoddessServer::_ping()
20250718-193739<DEBUG:00003FC8>: [Goddess Server 01] Enter KG_GoddessServer::_ping()
20250718-193742<DEBUG:00004040>: [Goddess Server 07] Enter KG_GoddessServer::_ping()
20250718-193744<DEBUG:00000E74>: [Goddess Server 02] Enter KG_GoddessServer::_ping()
20250718-193744<DEBUG:00001398>: [Goddess Server 03] Enter KG_GoddessServer::_ping()
20250718-193744<DEBUG:00001CE8>: [Goddess Server 04] Enter KG_GoddessServer::_ping()
20250718-193745<DEBUG:00000E74>: [Goddess Server 02] Enter KG_GoddessServer::_ping()
20250718-193745<DEBUG:000035A0>: [Goddess Server 05] Enter KG_GoddessServer::_ping()
20250718-193745<DEBUG:00001398>: [Goddess Server 03] Enter KG_GoddessServer::_ping()
20250718-193745<DEBUG:00001CE8>: [Goddess Server 04] Enter KG_GoddessServer::_ping()
20250718-193746<DEBUG:000035A0>: [Goddess Server 05] Enter KG_GoddessServer::_ping()
20250718-193746<DEBUG:00000E08>: [Goddess Server 08] Enter KG_GoddessServer::_ping()
20250718-193747<DEBUG:00000270>: [Goddess Server 00] Enter KG_GoddessServer::_ping()
20250718-193747<DEBUG:00000E08>: [Goddess Server 08] Enter KG_GoddessServer::_ping()
20250718-193747<DEBUG:0000393C>: [Goddess Server 06] Enter KG_GoddessServer::_ping()
20250718-193748<DEBUG:0000393C>: [Goddess Server 06] Enter KG_GoddessServer::_ping()
20250718-193752<DEBUG:00004040>: [Goddess Server 07] Enter KG_GoddessServer::_ping()
20250718-193753<DEBUG:00004040>: [Goddess Server 07] Enter KG_GoddessServer::_ping()
20250718-193754<DEBUG:00000E74>: [Goddess Server 02] Enter KG_GoddessServer::_ping()
20250718-193754<DEBUG:00001398>: [Goddess Server 03] Enter KG_GoddessServer::_ping()
20250718-193754<DEBUG:00001CE8>: [Goddess Server 04] Enter KG_GoddessServer::_ping()
20250718-193755<DEBUG:000035A0>: [Goddess Server 05] Enter KG_GoddessServer::_ping()
20250718-193756<DEBUG:00000E08>: [Goddess Server 08] Enter KG_GoddessServer::_ping()
20250718-193757<DEBUG:0000393C>: [Goddess Server 06] Enter KG_GoddessServer::_ping()
