20250718-192918<INFO :00002E9C>: [KG_Goddess] starting ...
20250718-192918<INFO :00002E9C>: [KG_Goddess] Loading kg_goddess.ini
20250718-192918<INFO :00002E9C>: [KG_Goddess] Loaded KG_Angel, version 2.5
20250718-192918<INFO :00002E9C>: [KG_Goddess] Initializing role database ...
20250718-192918<DEBUG:00002E9C>: [KGD] Success connect to localhost:3306, character set switch to latin1
20250718-192918<INFO :00002E9C>: [KG_Goddess] Initializing role statistic ...
20250718-192918<INFO :00002E9C>: [KG_Goddess] Initializing server manager ...
20250718-192918<INFO :00002E9C>: [KG_Goddess] Initializing Sequence ...
20250718-192918<INFO :00002E9C>: [KG_Goddess] Initializing NameServer ...
20250718-192918<DEBUG:00002E9C>: [Database] character set switch to latin1
20250718-192918<INFO :00002E9C>: [ServerManager] Listening at 127.0.0.1:5001
20250718-192918<INFO :00002E9C>: [KG_Goddess] RoleLock disable
20250718-192918<INFO :00002E9C>: [KG_Goddess] Set log level to DEBUG
20250718-192918<INFO :00002E9C>: [KG_Goddess] Start success
20250718-192920<INFO :00002B9C>: [ServerManager] Accept from (127.0.0.1: 58471) SocketStream = 011976A8
20250718-192920<INFO :000043E4>: [Goddess Server 00] Started, service for 127.0.0.1:58471
20250718-192920<DEBUG:000043E4>: [KGD] Success connect to localhost:3306, character set switch to latin1
20250718-192921<INFO :00002B9C>: [ServerManager] Accept from (127.0.0.1: 58476) SocketStream = 01197390
20250718-192921<INFO :00003B9C>: [Goddess Server 01] Started, service for 127.0.0.1:58476
20250718-192921<DEBUG:00003B9C>: [KGD] Success connect to localhost:3306, character set switch to latin1
20250718-192925<INFO :00002B9C>: [ServerManager] Accept from (127.0.0.1: 58489) SocketStream = 011976F0
20250718-192925<INFO :00001D30>: [Goddess Server 02] Started, service for 127.0.0.1:58489
20250718-192925<DEBUG:00001D30>: [KGD] Success connect to localhost:3306, character set switch to latin1
20250718-192926<DEBUG:00001D30>: [Goddess Server 02] Enter KG_GoddessServer::_query_statistic_info()
20250718-192926<DEBUG:00001D30>: KGLOG_PROCESS_ERROR(piStatistic) at line 2189 in KG_GoddessServer::_query_statistic_info
20250718-192926<DEBUG:00001D30>: [Goddess Server 02] Leave KG_GoddessServer::_query_statistic_info()
20250718-192926<INFO :00002B9C>: [ServerManager] Accept from (127.0.0.1: 58494) SocketStream = 01197348
20250718-192926<INFO :00002EA0>: [Goddess Server 03] Started, service for 127.0.0.1:58494
20250718-192926<DEBUG:00002EA0>: [KGD] Success connect to localhost:3306, character set switch to latin1
20250718-192926<INFO :00002B9C>: [ServerManager] Accept from (127.0.0.1: 58499) SocketStream = 01197588
20250718-192926<INFO :00003EB0>: [Goddess Server 04] Started, service for 127.0.0.1:58499
20250718-192926<DEBUG:00003EB0>: [KGD] Success connect to localhost:3306, character set switch to latin1
20250718-192926<DEBUG:00003EB0>: [Goddess Server 04] Enter KG_GoddessServer::_query_statistic_info()
20250718-192926<DEBUG:00003EB0>: KGLOG_PROCESS_ERROR(piStatistic) at line 2189 in KG_GoddessServer::_query_statistic_info
20250718-192926<DEBUG:00003EB0>: [Goddess Server 04] Leave KG_GoddessServer::_query_statistic_info()
20250718-192926<INFO :00002B9C>: [ServerManager] Accept from (127.0.0.1: 58504) SocketStream = 01197780
20250718-192926<INFO :00002F34>: [Goddess Server 05] Started, service for 127.0.0.1:58504
20250718-192926<DEBUG:00002F34>: [KGD] Success connect to localhost:3306, character set switch to latin1
20250718-192926<DEBUG:00002F34>: [Goddess Server 05] Enter KG_GoddessServer::_query_statistic_info()
20250718-192926<DEBUG:00002F34>: KGLOG_PROCESS_ERROR(piStatistic) at line 2189 in KG_GoddessServer::_query_statistic_info
20250718-192926<DEBUG:00002F34>: [Goddess Server 05] Leave KG_GoddessServer::_query_statistic_info()
20250718-192926<INFO :00002B9C>: [ServerManager] Accept from (127.0.0.1: 58509) SocketStream = 01197108
20250718-192926<INFO :000002C0>: [Goddess Server 06] Started, service for 127.0.0.1:58509
20250718-192926<DEBUG:000002C0>: [KGD] Success connect to localhost:3306, character set switch to latin1
20250718-192926<INFO :00002B9C>: [ServerManager] Accept from (127.0.0.1: 58512) SocketStream = 011973D8
20250718-192926<INFO :00001080>: [Goddess Server 07] Started, service for 127.0.0.1:58512
20250718-192926<DEBUG:00001080>: [KGD] Success connect to localhost:3306, character set switch to latin1
20250718-192926<INFO :00002B9C>: [ServerManager] Accept from (127.0.0.1: 58515) SocketStream = 011974B0
20250718-192926<INFO :000024AC>: [Goddess Server 08] Started, service for 127.0.0.1:58515
20250718-192926<DEBUG:000024AC>: [KGD] Success connect to localhost:3306, character set switch to latin1
20250718-192926<DEBUG:000024AC>: [Goddess Server 08] Enter KG_GoddessServer::_query_statistic_info()
20250718-192926<DEBUG:000024AC>: KGLOG_PROCESS_ERROR(piStatistic) at line 2189 in KG_GoddessServer::_query_statistic_info
20250718-192926<DEBUG:000024AC>: [Goddess Server 08] Leave KG_GoddessServer::_query_statistic_info()
20250718-192927<DEBUG:00001080>: [Goddess Server 07] Enter KG_GoddessServer::_query_statistic_info()
20250718-192927<DEBUG:00001080>: KGLOG_PROCESS_ERROR(piStatistic) at line 2189 in KG_GoddessServer::_query_statistic_info
20250718-192927<DEBUG:00001080>: [Goddess Server 07] Leave KG_GoddessServer::_query_statistic_info()
20250718-192928<DEBUG:00002EA0>: [Goddess Server 03] Enter KG_GoddessServer::_query_statistic_info()
20250718-192928<DEBUG:00002EA0>: KGLOG_PROCESS_ERROR(piStatistic) at line 2189 in KG_GoddessServer::_query_statistic_info
20250718-192928<DEBUG:00002EA0>: [Goddess Server 03] Leave KG_GoddessServer::_query_statistic_info()
20250718-192930<DEBUG:000043E4>: [Goddess Server 00] Enter KG_GoddessServer::_query_role_list()
20250718-192930<INFO :000043E4>: [Goddess Server 00] Query roles list of account "xboyhd"
20250718-192930<DEBUG:000043E4>: [Goddess Server 00] Leave KG_GoddessServer::_query_role_list()
20250718-192931<DEBUG:000043E4>: [Goddess Server 00] Enter KG_GoddessServer::_query_role_list_in_zone()
20250718-192931<DEBUG:000043E4>: [Goddess Server 00] Leave KG_GoddessServer::_query_role_list_in_zone()
20250718-192932<DEBUG:000002C0>: [Goddess Server 06] Enter KG_GoddessServer::_query_statistic_info()
20250718-192932<DEBUG:000002C0>: KGLOG_PROCESS_ERROR(piStatistic) at line 2189 in KG_GoddessServer::_query_statistic_info
20250718-192932<DEBUG:000002C0>: [Goddess Server 06] Leave KG_GoddessServer::_query_statistic_info()
20250718-192933<DEBUG:00001D30>: [Goddess Server 02] Enter KG_GoddessServer::_ping()
20250718-192934<DEBUG:00003EB0>: [Goddess Server 04] Enter KG_GoddessServer::_ping()
20250718-192934<DEBUG:00002F34>: [Goddess Server 05] Enter KG_GoddessServer::_ping()
20250718-192934<DEBUG:000043E4>: [Goddess Server 00] Enter KG_GoddessServer::_query_role_data()
20250718-192934<INFO :000043E4>: [Goddess Server 00] PacketID : 3, Get role "TCQGaming" of Account "xboyhd", Result = 1
20250718-192934<DEBUG:000043E4>: [Goddess Server 00] Leave KG_GoddessServer::_query_role_data()
20250718-192935<DEBUG:00001D30>: [Goddess Server 02] Unsupported protocol: 38
20250718-192935<DEBUG:000024AC>: [Goddess Server 08] Enter KG_GoddessServer::_ping()
20250718-192935<DEBUG:00001D30>: [Goddess Server 02] Unsupported protocol: 37
20250718-192935<DEBUG:00001D30>: [Goddess Server 02] Enter KG_GoddessServer::_save_role_data()
20250718-192935<INFO :00001D30>: [Goddess Server 02] PacketID : 1, Save role "TCQGaming" of Account "xboyhd", LeaveFlag = 1, Result = 1
20250718-192935<DEBUG:00001D30>: [Goddess Server 02] Leave KG_GoddessServer::_save_role_data()
20250718-192936<DEBUG:000024AC>: [Goddess Server 08] Unsupported protocol: 38
20250718-192936<DEBUG:000043E4>: [Goddess Server 00] Enter KG_GoddessServer::_query_role_list()
20250718-192936<INFO :000043E4>: [Goddess Server 00] Query roles list of account "xboyhd2"
20250718-192936<DEBUG:000043E4>: [Goddess Server 00] Leave KG_GoddessServer::_query_role_list()
20250718-192936<DEBUG:000024AC>: [Goddess Server 08] Unsupported protocol: 37
20250718-192937<DEBUG:00001080>: [Goddess Server 07] Enter KG_GoddessServer::_ping()
20250718-192937<DEBUG:000043E4>: [Goddess Server 00] Enter KG_GoddessServer::_query_role_list_in_zone()
20250718-192937<DEBUG:000043E4>: [Goddess Server 00] Leave KG_GoddessServer::_query_role_list_in_zone()
20250718-192938<DEBUG:00002EA0>: [Goddess Server 03] Enter KG_GoddessServer::_ping()
20250718-192939<DEBUG:000043E4>: [Goddess Server 00] Enter KG_GoddessServer::_query_role_data()
20250718-192939<INFO :000043E4>: [Goddess Server 00] PacketID : 6, Get role "testttt" of Account "xboyhd2", Result = 1
20250718-192939<DEBUG:000043E4>: [Goddess Server 00] Leave KG_GoddessServer::_query_role_data()
20250718-192940<DEBUG:00001D30>: [Goddess Server 02] Unsupported protocol: 38
20250718-192941<DEBUG:00001D30>: [Goddess Server 02] Unsupported protocol: 37
20250718-192941<DEBUG:00001D30>: [Goddess Server 02] Enter KG_GoddessServer::_save_role_data()
20250718-192941<INFO :00001D30>: [Goddess Server 02] PacketID : 1, Save role "testttt" of Account "xboyhd2", LeaveFlag = 1, Result = 1
20250718-192941<DEBUG:00001D30>: [Goddess Server 02] Leave KG_GoddessServer::_save_role_data()
20250718-192941<DEBUG:000024AC>: [Goddess Server 08] Unsupported protocol: 38
20250718-192941<DEBUG:000024AC>: [Goddess Server 08] Unsupported protocol: 37
20250718-192942<DEBUG:000002C0>: [Goddess Server 06] Enter KG_GoddessServer::_ping()
20250718-192943<DEBUG:00001D30>: [Goddess Server 02] Enter KG_GoddessServer::_ping()
20250718-192944<DEBUG:00003EB0>: [Goddess Server 04] Enter KG_GoddessServer::_ping()
20250718-192944<DEBUG:00002F34>: [Goddess Server 05] Enter KG_GoddessServer::_ping()
20250718-192945<DEBUG:000024AC>: [Goddess Server 08] Enter KG_GoddessServer::_ping()
20250718-192947<DEBUG:00001080>: [Goddess Server 07] Enter KG_GoddessServer::_ping()
20250718-192948<DEBUG:00002EA0>: [Goddess Server 03] Enter KG_GoddessServer::_ping()
20250718-192948<DEBUG:00003B9C>: [Goddess Server 01] Enter KG_GoddessServer::_ping()
20250718-192952<DEBUG:000002C0>: [Goddess Server 06] Enter KG_GoddessServer::_ping()
20250718-192953<DEBUG:00001D30>: [Goddess Server 02] Enter KG_GoddessServer::_ping()
20250718-192953<DEBUG:00001D30>: [Goddess Server 02] Enter KG_GoddessServer::_ping()
20250718-192954<DEBUG:00003EB0>: [Goddess Server 04] Enter KG_GoddessServer::_ping()
20250718-192954<DEBUG:00003EB0>: [Goddess Server 04] Enter KG_GoddessServer::_ping()
20250718-192954<DEBUG:00002F34>: [Goddess Server 05] Enter KG_GoddessServer::_ping()
20250718-192954<DEBUG:00002F34>: [Goddess Server 05] Enter KG_GoddessServer::_ping()
20250718-192955<DEBUG:000024AC>: [Goddess Server 08] Enter KG_GoddessServer::_ping()
20250718-192955<DEBUG:000024AC>: [Goddess Server 08] Enter KG_GoddessServer::_ping()
20250718-192957<DEBUG:00001080>: [Goddess Server 07] Enter KG_GoddessServer::_ping()
20250718-192957<DEBUG:00001080>: [Goddess Server 07] Enter KG_GoddessServer::_ping()
20250718-192958<DEBUG:00002EA0>: [Goddess Server 03] Enter KG_GoddessServer::_ping()
20250718-192958<DEBUG:00002EA0>: [Goddess Server 03] Enter KG_GoddessServer::_ping()
20250718-192959<DEBUG:000043E4>: [Goddess Server 00] Enter KG_GoddessServer::_ping()
20250718-193002<DEBUG:000002C0>: [Goddess Server 06] Enter KG_GoddessServer::_ping()
20250718-193002<DEBUG:000002C0>: [Goddess Server 06] Enter KG_GoddessServer::_ping()
20250718-193003<DEBUG:00001D30>: [Goddess Server 02] Enter KG_GoddessServer::_ping()
20250718-193004<DEBUG:00003EB0>: [Goddess Server 04] Enter KG_GoddessServer::_ping()
20250718-193004<DEBUG:00002F34>: [Goddess Server 05] Enter KG_GoddessServer::_ping()
20250718-193005<DEBUG:000024AC>: [Goddess Server 08] Enter KG_GoddessServer::_ping()
20250718-193005<DEBUG:000024AC>: [Goddess Server 08] Enter KG_GoddessServer::_save_role_data()
20250718-193005<INFO :000024AC>: [Goddess Server 08] PacketID : 1, Save role "TCQGaming" of Account "xboyhd", LeaveFlag = 1, Result = 1
20250718-193005<DEBUG:000024AC>: [Goddess Server 08] Leave KG_GoddessServer::_save_role_data()
20250718-193005<DEBUG:00001D30>: [Goddess Server 02] Unsupported protocol: 38
20250718-193006<DEBUG:00001D30>: [Goddess Server 02] Unsupported protocol: 37
20250718-193007<DEBUG:00001080>: [Goddess Server 07] Enter KG_GoddessServer::_ping()
20250718-193008<DEBUG:00002EA0>: [Goddess Server 03] Enter KG_GoddessServer::_ping()
20250718-193012<DEBUG:000002C0>: [Goddess Server 06] Enter KG_GoddessServer::_ping()
20250718-193013<DEBUG:00001D30>: [Goddess Server 02] Enter KG_GoddessServer::_ping()
20250718-193014<DEBUG:00003EB0>: [Goddess Server 04] Enter KG_GoddessServer::_ping()
20250718-193014<DEBUG:00002F34>: [Goddess Server 05] Enter KG_GoddessServer::_ping()
20250718-193014<DEBUG:000024AC>: [Goddess Server 08] Enter KG_GoddessServer::_save_role_data()
20250718-193014<INFO :000024AC>: [Goddess Server 08] PacketID : 2, Save role "testttt" of Account "xboyhd2", LeaveFlag = 1, Result = 1
20250718-193014<DEBUG:000024AC>: [Goddess Server 08] Leave KG_GoddessServer::_save_role_data()
20250718-193014<DEBUG:00001D30>: [Goddess Server 02] Unsupported protocol: 38
20250718-193015<DEBUG:00001D30>: [Goddess Server 02] Unsupported protocol: 37
20250718-193015<DEBUG:000024AC>: [Goddess Server 08] Enter KG_GoddessServer::_ping()
20250718-193017<DEBUG:00001080>: [Goddess Server 07] Enter KG_GoddessServer::_ping()
20250718-193018<DEBUG:00002EA0>: [Goddess Server 03] Enter KG_GoddessServer::_ping()
20250718-193018<DEBUG:00003B9C>: [Goddess Server 01] Enter KG_GoddessServer::_ping()
20250718-193019<DEBUG:000043E4>: [Goddess Server 00] Enter KG_GoddessServer::_ping()
20250718-193022<DEBUG:000002C0>: [Goddess Server 06] Enter KG_GoddessServer::_ping()
20250718-193023<DEBUG:00001D30>: [Goddess Server 02] Enter KG_GoddessServer::_ping()
20250718-193023<DEBUG:00001D30>: [Goddess Server 02] Enter KG_GoddessServer::_ping()
20250718-193024<DEBUG:00003EB0>: [Goddess Server 04] Enter KG_GoddessServer::_ping()
20250718-193024<DEBUG:00003EB0>: [Goddess Server 04] Enter KG_GoddessServer::_ping()
20250718-193024<DEBUG:00002F34>: [Goddess Server 05] Enter KG_GoddessServer::_ping()
20250718-193024<DEBUG:00002F34>: [Goddess Server 05] Enter KG_GoddessServer::_ping()
20250718-193025<DEBUG:000024AC>: [Goddess Server 08] Enter KG_GoddessServer::_ping()
20250718-193025<DEBUG:000024AC>: [Goddess Server 08] Enter KG_GoddessServer::_ping()
20250718-193027<DEBUG:00001080>: [Goddess Server 07] Enter KG_GoddessServer::_ping()
20250718-193027<DEBUG:00001080>: [Goddess Server 07] Enter KG_GoddessServer::_ping()
20250718-193028<DEBUG:00002EA0>: [Goddess Server 03] Enter KG_GoddessServer::_ping()
20250718-193028<DEBUG:00002EA0>: [Goddess Server 03] Enter KG_GoddessServer::_ping()
20250718-193032<DEBUG:000002C0>: [Goddess Server 06] Enter KG_GoddessServer::_ping()
20250718-193032<DEBUG:000002C0>: [Goddess Server 06] Enter KG_GoddessServer::_ping()
20250718-193033<DEBUG:00001D30>: [Goddess Server 02] Enter KG_GoddessServer::_ping()
20250718-193034<DEBUG:00003EB0>: [Goddess Server 04] Enter KG_GoddessServer::_ping()
20250718-193034<DEBUG:00002F34>: [Goddess Server 05] Enter KG_GoddessServer::_ping()
20250718-193035<DEBUG:000024AC>: [Goddess Server 08] Enter KG_GoddessServer::_ping()
20250718-193037<DEBUG:00001080>: [Goddess Server 07] Enter KG_GoddessServer::_ping()
20250718-193038<DEBUG:00002EA0>: [Goddess Server 03] Enter KG_GoddessServer::_ping()
20250718-193039<DEBUG:000043E4>: [Goddess Server 00] Enter KG_GoddessServer::_ping()
20250718-193042<DEBUG:000002C0>: [Goddess Server 06] Enter KG_GoddessServer::_ping()
20250718-193043<DEBUG:00001D30>: [Goddess Server 02] Enter KG_GoddessServer::_ping()
20250718-193044<DEBUG:00003EB0>: [Goddess Server 04] Enter KG_GoddessServer::_ping()
20250718-193044<DEBUG:00002F34>: [Goddess Server 05] Enter KG_GoddessServer::_ping()
20250718-193045<DEBUG:000024AC>: [Goddess Server 08] Enter KG_GoddessServer::_ping()
20250718-193047<DEBUG:00001080>: [Goddess Server 07] Enter KG_GoddessServer::_ping()
20250718-193048<DEBUG:00002EA0>: [Goddess Server 03] Enter KG_GoddessServer::_ping()
20250718-193048<DEBUG:00003B9C>: [Goddess Server 01] Enter KG_GoddessServer::_ping()
20250718-193052<DEBUG:000002C0>: [Goddess Server 06] Enter KG_GoddessServer::_ping()
20250718-193053<DEBUG:00001D30>: [Goddess Server 02] Enter KG_GoddessServer::_ping()
20250718-193053<DEBUG:00001D30>: [Goddess Server 02] Enter KG_GoddessServer::_ping()
20250718-193054<DEBUG:00003EB0>: [Goddess Server 04] Enter KG_GoddessServer::_ping()
20250718-193054<DEBUG:00003EB0>: [Goddess Server 04] Enter KG_GoddessServer::_ping()
20250718-193054<DEBUG:00002F34>: [Goddess Server 05] Enter KG_GoddessServer::_ping()
20250718-193054<DEBUG:00002F34>: [Goddess Server 05] Enter KG_GoddessServer::_ping()
20250718-193055<DEBUG:000024AC>: [Goddess Server 08] Enter KG_GoddessServer::_ping()
20250718-193055<DEBUG:000024AC>: [Goddess Server 08] Enter KG_GoddessServer::_ping()
20250718-193057<DEBUG:00001080>: [Goddess Server 07] Enter KG_GoddessServer::_ping()
20250718-193057<DEBUG:00001080>: [Goddess Server 07] Enter KG_GoddessServer::_ping()
20250718-193058<DEBUG:00002EA0>: [Goddess Server 03] Enter KG_GoddessServer::_ping()
20250718-193058<DEBUG:00002EA0>: [Goddess Server 03] Enter KG_GoddessServer::_ping()
20250718-193059<DEBUG:000043E4>: [Goddess Server 00] Enter KG_GoddessServer::_ping()
20250718-193102<DEBUG:000002C0>: [Goddess Server 06] Enter KG_GoddessServer::_ping()
20250718-193102<DEBUG:000002C0>: [Goddess Server 06] Enter KG_GoddessServer::_ping()
20250718-193103<DEBUG:00001D30>: [Goddess Server 02] Enter KG_GoddessServer::_ping()
20250718-193104<DEBUG:00003EB0>: [Goddess Server 04] Enter KG_GoddessServer::_ping()
20250718-193104<DEBUG:00002F34>: [Goddess Server 05] Enter KG_GoddessServer::_ping()
20250718-193105<DEBUG:000024AC>: [Goddess Server 08] Enter KG_GoddessServer::_ping()
20250718-193107<DEBUG:00001080>: [Goddess Server 07] Enter KG_GoddessServer::_ping()
20250718-193108<DEBUG:00002EA0>: [Goddess Server 03] Enter KG_GoddessServer::_ping()
20250718-193112<DEBUG:000002C0>: [Goddess Server 06] Enter KG_GoddessServer::_ping()
20250718-193113<DEBUG:00001D30>: [Goddess Server 02] Enter KG_GoddessServer::_ping()
20250718-193114<DEBUG:00003EB0>: [Goddess Server 04] Enter KG_GoddessServer::_ping()
20250718-193114<DEBUG:00002F34>: [Goddess Server 05] Enter KG_GoddessServer::_ping()
20250718-193115<DEBUG:000024AC>: [Goddess Server 08] Enter KG_GoddessServer::_ping()
20250718-193117<DEBUG:00001080>: [Goddess Server 07] Enter KG_GoddessServer::_ping()
20250718-193118<DEBUG:00002EA0>: [Goddess Server 03] Enter KG_GoddessServer::_ping()
20250718-193118<DEBUG:00003B9C>: [Goddess Server 01] Enter KG_GoddessServer::_ping()
20250718-193119<DEBUG:000043E4>: [Goddess Server 00] Enter KG_GoddessServer::_ping()
20250718-193122<DEBUG:000002C0>: [Goddess Server 06] Enter KG_GoddessServer::_ping()
20250718-193123<DEBUG:00001D30>: [Goddess Server 02] Enter KG_GoddessServer::_ping()
20250718-193123<DEBUG:00001D30>: [Goddess Server 02] Enter KG_GoddessServer::_ping()
20250718-193124<DEBUG:00003EB0>: [Goddess Server 04] Enter KG_GoddessServer::_ping()
20250718-193124<DEBUG:00002F34>: [Goddess Server 05] Enter KG_GoddessServer::_ping()
20250718-193124<DEBUG:00003EB0>: [Goddess Server 04] Enter KG_GoddessServer::_ping()
20250718-193124<DEBUG:00002F34>: [Goddess Server 05] Enter KG_GoddessServer::_ping()
20250718-193125<DEBUG:000024AC>: [Goddess Server 08] Enter KG_GoddessServer::_ping()
20250718-193125<DEBUG:000024AC>: [Goddess Server 08] Enter KG_GoddessServer::_ping()
20250718-193127<DEBUG:00001080>: [Goddess Server 07] Enter KG_GoddessServer::_ping()
20250718-193127<DEBUG:00001080>: [Goddess Server 07] Enter KG_GoddessServer::_ping()
20250718-193128<DEBUG:00002EA0>: [Goddess Server 03] Enter KG_GoddessServer::_ping()
20250718-193128<DEBUG:00002EA0>: [Goddess Server 03] Enter KG_GoddessServer::_ping()
20250718-193132<DEBUG:000002C0>: [Goddess Server 06] Enter KG_GoddessServer::_ping()
20250718-193132<DEBUG:000002C0>: [Goddess Server 06] Enter KG_GoddessServer::_ping()
20250718-193133<DEBUG:00001D30>: [Goddess Server 02] Enter KG_GoddessServer::_ping()
20250718-193134<DEBUG:00003EB0>: [Goddess Server 04] Enter KG_GoddessServer::_ping()
20250718-193134<DEBUG:00002F34>: [Goddess Server 05] Enter KG_GoddessServer::_ping()
20250718-193135<DEBUG:000024AC>: [Goddess Server 08] Enter KG_GoddessServer::_ping()
20250718-193137<DEBUG:00001080>: [Goddess Server 07] Enter KG_GoddessServer::_ping()
20250718-193138<DEBUG:00002EA0>: [Goddess Server 03] Enter KG_GoddessServer::_ping()
20250718-193139<DEBUG:000043E4>: [Goddess Server 00] Enter KG_GoddessServer::_ping()
20250718-193142<DEBUG:000002C0>: [Goddess Server 06] Enter KG_GoddessServer::_ping()
20250718-193143<DEBUG:00001D30>: [Goddess Server 02] Enter KG_GoddessServer::_ping()
20250718-193144<DEBUG:00003EB0>: [Goddess Server 04] Enter KG_GoddessServer::_ping()
20250718-193144<DEBUG:00002F34>: [Goddess Server 05] Enter KG_GoddessServer::_ping()
20250718-193145<DEBUG:000024AC>: [Goddess Server 08] Enter KG_GoddessServer::_ping()
20250718-193147<DEBUG:00001080>: [Goddess Server 07] Enter KG_GoddessServer::_ping()
20250718-193148<DEBUG:00002EA0>: [Goddess Server 03] Enter KG_GoddessServer::_ping()
20250718-193148<DEBUG:00003B9C>: [Goddess Server 01] Enter KG_GoddessServer::_ping()
20250718-193152<DEBUG:000002C0>: [Goddess Server 06] Enter KG_GoddessServer::_ping()
20250718-193153<DEBUG:00001D30>: [Goddess Server 02] Enter KG_GoddessServer::_ping()
20250718-193153<DEBUG:00001D30>: [Goddess Server 02] Enter KG_GoddessServer::_ping()
20250718-193154<DEBUG:00003EB0>: [Goddess Server 04] Enter KG_GoddessServer::_ping()
20250718-193154<DEBUG:00002F34>: [Goddess Server 05] Enter KG_GoddessServer::_ping()
20250718-193154<DEBUG:00003EB0>: [Goddess Server 04] Enter KG_GoddessServer::_ping()
20250718-193154<DEBUG:00002F34>: [Goddess Server 05] Enter KG_GoddessServer::_ping()
20250718-193155<DEBUG:000024AC>: [Goddess Server 08] Enter KG_GoddessServer::_ping()
20250718-193155<DEBUG:000024AC>: [Goddess Server 08] Enter KG_GoddessServer::_ping()
20250718-193157<DEBUG:00001080>: [Goddess Server 07] Enter KG_GoddessServer::_ping()
20250718-193157<DEBUG:00001080>: [Goddess Server 07] Enter KG_GoddessServer::_ping()
20250718-193158<DEBUG:00002EA0>: [Goddess Server 03] Enter KG_GoddessServer::_ping()
20250718-193158<DEBUG:00002EA0>: [Goddess Server 03] Enter KG_GoddessServer::_ping()
20250718-193159<DEBUG:000043E4>: [Goddess Server 00] Enter KG_GoddessServer::_ping()
20250718-193202<DEBUG:000002C0>: [Goddess Server 06] Enter KG_GoddessServer::_ping()
20250718-193202<DEBUG:000002C0>: [Goddess Server 06] Enter KG_GoddessServer::_ping()
20250718-193203<DEBUG:00001D30>: [Goddess Server 02] Enter KG_GoddessServer::_ping()
20250718-193204<DEBUG:00003EB0>: [Goddess Server 04] Enter KG_GoddessServer::_ping()
20250718-193204<DEBUG:00002F34>: [Goddess Server 05] Enter KG_GoddessServer::_ping()
20250718-193205<DEBUG:000024AC>: [Goddess Server 08] Enter KG_GoddessServer::_ping()
20250718-193207<DEBUG:00001080>: [Goddess Server 07] Enter KG_GoddessServer::_ping()
20250718-193208<DEBUG:00002EA0>: [Goddess Server 03] Enter KG_GoddessServer::_ping()
20250718-193212<DEBUG:000002C0>: [Goddess Server 06] Enter KG_GoddessServer::_ping()
20250718-193213<DEBUG:00001D30>: [Goddess Server 02] Enter KG_GoddessServer::_ping()
20250718-193214<DEBUG:00003EB0>: [Goddess Server 04] Enter KG_GoddessServer::_ping()
20250718-193214<DEBUG:00002F34>: [Goddess Server 05] Enter KG_GoddessServer::_ping()
20250718-193215<DEBUG:000024AC>: [Goddess Server 08] Enter KG_GoddessServer::_ping()
20250718-193217<DEBUG:00001080>: [Goddess Server 07] Enter KG_GoddessServer::_ping()
20250718-193218<DEBUG:00002EA0>: [Goddess Server 03] Enter KG_GoddessServer::_ping()
20250718-193218<DEBUG:00003B9C>: [Goddess Server 01] Enter KG_GoddessServer::_ping()
20250718-193219<DEBUG:000043E4>: [Goddess Server 00] Enter KG_GoddessServer::_ping()
20250718-193222<DEBUG:000002C0>: [Goddess Server 06] Enter KG_GoddessServer::_ping()
20250718-193223<DEBUG:00001D30>: [Goddess Server 02] Enter KG_GoddessServer::_ping()
20250718-193223<DEBUG:00001D30>: [Goddess Server 02] Enter KG_GoddessServer::_ping()
20250718-193224<DEBUG:00003EB0>: [Goddess Server 04] Enter KG_GoddessServer::_ping()
20250718-193224<DEBUG:00002F34>: [Goddess Server 05] Enter KG_GoddessServer::_ping()
20250718-193224<DEBUG:00003EB0>: [Goddess Server 04] Enter KG_GoddessServer::_ping()
20250718-193224<DEBUG:00002F34>: [Goddess Server 05] Enter KG_GoddessServer::_ping()
20250718-193225<DEBUG:000024AC>: [Goddess Server 08] Enter KG_GoddessServer::_ping()
20250718-193225<DEBUG:000024AC>: [Goddess Server 08] Enter KG_GoddessServer::_ping()
20250718-193227<DEBUG:00001080>: [Goddess Server 07] Enter KG_GoddessServer::_ping()
20250718-193227<DEBUG:00001080>: [Goddess Server 07] Enter KG_GoddessServer::_ping()
20250718-193228<DEBUG:00002EA0>: [Goddess Server 03] Enter KG_GoddessServer::_ping()
20250718-193228<DEBUG:00002EA0>: [Goddess Server 03] Enter KG_GoddessServer::_ping()
20250718-193232<DEBUG:000002C0>: [Goddess Server 06] Enter KG_GoddessServer::_ping()
20250718-193232<DEBUG:000002C0>: [Goddess Server 06] Enter KG_GoddessServer::_ping()
20250718-193233<DEBUG:00001D30>: [Goddess Server 02] Enter KG_GoddessServer::_ping()
20250718-193234<DEBUG:00003EB0>: [Goddess Server 04] Enter KG_GoddessServer::_ping()
20250718-193234<DEBUG:00002F34>: [Goddess Server 05] Enter KG_GoddessServer::_ping()
20250718-193235<DEBUG:000024AC>: [Goddess Server 08] Enter KG_GoddessServer::_ping()
20250718-193237<DEBUG:00001080>: [Goddess Server 07] Enter KG_GoddessServer::_ping()
20250718-193238<DEBUG:00002EA0>: [Goddess Server 03] Enter KG_GoddessServer::_ping()
20250718-193239<DEBUG:000043E4>: [Goddess Server 00] Enter KG_GoddessServer::_ping()
20250718-193242<DEBUG:000002C0>: [Goddess Server 06] Enter KG_GoddessServer::_ping()
20250718-193243<DEBUG:00001D30>: [Goddess Server 02] Enter KG_GoddessServer::_ping()
20250718-193244<DEBUG:00003EB0>: [Goddess Server 04] Enter KG_GoddessServer::_ping()
20250718-193244<DEBUG:00002F34>: [Goddess Server 05] Enter KG_GoddessServer::_ping()
20250718-193245<DEBUG:000024AC>: [Goddess Server 08] Enter KG_GoddessServer::_ping()
20250718-193247<DEBUG:00001080>: [Goddess Server 07] Enter KG_GoddessServer::_ping()
20250718-193248<DEBUG:00002EA0>: [Goddess Server 03] Enter KG_GoddessServer::_ping()
20250718-193248<DEBUG:00003B9C>: [Goddess Server 01] Enter KG_GoddessServer::_ping()
20250718-193252<DEBUG:000002C0>: [Goddess Server 06] Enter KG_GoddessServer::_ping()
20250718-193253<DEBUG:00001D30>: [Goddess Server 02] Enter KG_GoddessServer::_ping()
20250718-193253<DEBUG:00001D30>: [Goddess Server 02] Enter KG_GoddessServer::_ping()
20250718-193254<DEBUG:00003EB0>: [Goddess Server 04] Enter KG_GoddessServer::_ping()
20250718-193254<DEBUG:00002F34>: [Goddess Server 05] Enter KG_GoddessServer::_ping()
20250718-193254<DEBUG:00003EB0>: [Goddess Server 04] Enter KG_GoddessServer::_ping()
20250718-193254<DEBUG:00002F34>: [Goddess Server 05] Enter KG_GoddessServer::_ping()
20250718-193255<DEBUG:000024AC>: [Goddess Server 08] Enter KG_GoddessServer::_ping()
20250718-193255<DEBUG:000024AC>: [Goddess Server 08] Enter KG_GoddessServer::_ping()
20250718-193257<DEBUG:00001080>: [Goddess Server 07] Enter KG_GoddessServer::_ping()
20250718-193257<DEBUG:00001080>: [Goddess Server 07] Enter KG_GoddessServer::_ping()
20250718-193258<DEBUG:00002EA0>: [Goddess Server 03] Enter KG_GoddessServer::_ping()
20250718-193258<DEBUG:00002EA0>: [Goddess Server 03] Enter KG_GoddessServer::_ping()
20250718-193259<DEBUG:000043E4>: [Goddess Server 00] Enter KG_GoddessServer::_ping()
20250718-193302<DEBUG:000002C0>: [Goddess Server 06] Enter KG_GoddessServer::_ping()
20250718-193302<DEBUG:000002C0>: [Goddess Server 06] Enter KG_GoddessServer::_ping()
20250718-193303<DEBUG:00001D30>: [Goddess Server 02] Enter KG_GoddessServer::_ping()
20250718-193304<DEBUG:00003EB0>: [Goddess Server 04] Enter KG_GoddessServer::_ping()
20250718-193304<DEBUG:00002F34>: [Goddess Server 05] Enter KG_GoddessServer::_ping()
20250718-193305<DEBUG:000024AC>: [Goddess Server 08] Enter KG_GoddessServer::_ping()
20250718-193307<DEBUG:00001080>: [Goddess Server 07] Enter KG_GoddessServer::_ping()
20250718-193308<DEBUG:00002EA0>: [Goddess Server 03] Enter KG_GoddessServer::_ping()
20250718-193312<DEBUG:000002C0>: [Goddess Server 06] Enter KG_GoddessServer::_ping()
20250718-193313<DEBUG:00001D30>: [Goddess Server 02] Enter KG_GoddessServer::_ping()
20250718-193314<DEBUG:00003EB0>: [Goddess Server 04] Enter KG_GoddessServer::_ping()
20250718-193314<DEBUG:00002F34>: [Goddess Server 05] Enter KG_GoddessServer::_ping()
20250718-193315<DEBUG:000024AC>: [Goddess Server 08] Enter KG_GoddessServer::_ping()
20250718-193317<DEBUG:00001080>: [Goddess Server 07] Enter KG_GoddessServer::_ping()
20250718-193318<DEBUG:00002EA0>: [Goddess Server 03] Enter KG_GoddessServer::_ping()
20250718-193318<DEBUG:00003B9C>: [Goddess Server 01] Enter KG_GoddessServer::_ping()
20250718-193319<DEBUG:000043E4>: [Goddess Server 00] Enter KG_GoddessServer::_ping()
20250718-193322<DEBUG:000002C0>: [Goddess Server 06] Enter KG_GoddessServer::_ping()
20250718-193323<DEBUG:00001D30>: [Goddess Server 02] Enter KG_GoddessServer::_ping()
20250718-193323<DEBUG:00001D30>: [Goddess Server 02] Enter KG_GoddessServer::_ping()
20250718-193324<DEBUG:00003EB0>: [Goddess Server 04] Enter KG_GoddessServer::_ping()
20250718-193324<DEBUG:00002F34>: [Goddess Server 05] Enter KG_GoddessServer::_ping()
20250718-193324<DEBUG:00003EB0>: [Goddess Server 04] Enter KG_GoddessServer::_ping()
20250718-193324<DEBUG:00002F34>: [Goddess Server 05] Enter KG_GoddessServer::_ping()
20250718-193325<DEBUG:000024AC>: [Goddess Server 08] Enter KG_GoddessServer::_ping()
20250718-193325<DEBUG:000024AC>: [Goddess Server 08] Enter KG_GoddessServer::_ping()
20250718-193327<DEBUG:00001080>: [Goddess Server 07] Enter KG_GoddessServer::_ping()
20250718-193327<DEBUG:00001080>: [Goddess Server 07] Enter KG_GoddessServer::_ping()
20250718-193328<DEBUG:00002EA0>: [Goddess Server 03] Enter KG_GoddessServer::_ping()
20250718-193328<DEBUG:00002EA0>: [Goddess Server 03] Enter KG_GoddessServer::_ping()
20250718-193332<DEBUG:000002C0>: [Goddess Server 06] Enter KG_GoddessServer::_ping()
20250718-193332<DEBUG:000002C0>: [Goddess Server 06] Enter KG_GoddessServer::_ping()
20250718-193333<DEBUG:00001D30>: [Goddess Server 02] Enter KG_GoddessServer::_ping()
20250718-193334<DEBUG:00003EB0>: [Goddess Server 04] Enter KG_GoddessServer::_ping()
20250718-193334<DEBUG:00002F34>: [Goddess Server 05] Enter KG_GoddessServer::_ping()
20250718-193335<DEBUG:000024AC>: [Goddess Server 08] Enter KG_GoddessServer::_ping()
20250718-193337<DEBUG:00001080>: [Goddess Server 07] Enter KG_GoddessServer::_ping()
20250718-193338<DEBUG:00002EA0>: [Goddess Server 03] Enter KG_GoddessServer::_ping()
20250718-193339<DEBUG:000043E4>: [Goddess Server 00] Enter KG_GoddessServer::_ping()
20250718-193342<DEBUG:000002C0>: [Goddess Server 06] Enter KG_GoddessServer::_ping()
20250718-193343<DEBUG:00001D30>: [Goddess Server 02] Enter KG_GoddessServer::_ping()
20250718-193344<DEBUG:00003EB0>: [Goddess Server 04] Enter KG_GoddessServer::_ping()
20250718-193344<DEBUG:00002F34>: [Goddess Server 05] Enter KG_GoddessServer::_ping()
20250718-193345<DEBUG:000024AC>: [Goddess Server 08] Enter KG_GoddessServer::_ping()
20250718-193347<DEBUG:00001080>: [Goddess Server 07] Enter KG_GoddessServer::_ping()
20250718-193348<DEBUG:00002EA0>: [Goddess Server 03] Enter KG_GoddessServer::_ping()
20250718-193348<DEBUG:00003B9C>: [Goddess Server 01] Enter KG_GoddessServer::_ping()
20250718-193352<DEBUG:000002C0>: [Goddess Server 06] Enter KG_GoddessServer::_ping()
20250718-193353<DEBUG:00001D30>: [Goddess Server 02] Enter KG_GoddessServer::_ping()
20250718-193353<DEBUG:00001D30>: [Goddess Server 02] Enter KG_GoddessServer::_ping()
20250718-193354<DEBUG:00003EB0>: [Goddess Server 04] Enter KG_GoddessServer::_ping()
20250718-193354<DEBUG:00002F34>: [Goddess Server 05] Enter KG_GoddessServer::_ping()
20250718-193354<DEBUG:00003EB0>: [Goddess Server 04] Enter KG_GoddessServer::_ping()
20250718-193354<DEBUG:00002F34>: [Goddess Server 05] Enter KG_GoddessServer::_ping()
20250718-193355<DEBUG:000024AC>: [Goddess Server 08] Enter KG_GoddessServer::_ping()
20250718-193355<DEBUG:000024AC>: [Goddess Server 08] Enter KG_GoddessServer::_ping()
20250718-193357<DEBUG:00001080>: [Goddess Server 07] Enter KG_GoddessServer::_ping()
20250718-193357<DEBUG:00001080>: [Goddess Server 07] Enter KG_GoddessServer::_ping()
20250718-193358<DEBUG:00002EA0>: [Goddess Server 03] Enter KG_GoddessServer::_ping()
20250718-193358<DEBUG:00002EA0>: [Goddess Server 03] Enter KG_GoddessServer::_ping()
20250718-193359<DEBUG:000043E4>: [Goddess Server 00] Enter KG_GoddessServer::_ping()
20250718-193402<DEBUG:000002C0>: [Goddess Server 06] Enter KG_GoddessServer::_ping()
20250718-193402<DEBUG:000002C0>: [Goddess Server 06] Enter KG_GoddessServer::_ping()
20250718-193403<DEBUG:00001D30>: [Goddess Server 02] Enter KG_GoddessServer::_ping()
20250718-193404<DEBUG:00003EB0>: [Goddess Server 04] Enter KG_GoddessServer::_ping()
20250718-193404<DEBUG:00002F34>: [Goddess Server 05] Enter KG_GoddessServer::_ping()
20250718-193405<DEBUG:000024AC>: [Goddess Server 08] Enter KG_GoddessServer::_ping()
20250718-193407<DEBUG:00001080>: [Goddess Server 07] Enter KG_GoddessServer::_ping()
20250718-193408<DEBUG:00002EA0>: [Goddess Server 03] Enter KG_GoddessServer::_ping()
20250718-193412<DEBUG:000002C0>: [Goddess Server 06] Enter KG_GoddessServer::_ping()
20250718-193413<DEBUG:00001D30>: [Goddess Server 02] Enter KG_GoddessServer::_ping()
20250718-193414<DEBUG:00003EB0>: [Goddess Server 04] Enter KG_GoddessServer::_ping()
20250718-193414<DEBUG:00002F34>: [Goddess Server 05] Enter KG_GoddessServer::_ping()
20250718-193415<DEBUG:000024AC>: [Goddess Server 08] Enter KG_GoddessServer::_ping()
20250718-193417<DEBUG:00001080>: [Goddess Server 07] Enter KG_GoddessServer::_ping()
20250718-193418<DEBUG:00002EA0>: [Goddess Server 03] Enter KG_GoddessServer::_ping()
20250718-193418<DEBUG:00003B9C>: [Goddess Server 01] Enter KG_GoddessServer::_ping()
20250718-193419<DEBUG:000043E4>: [Goddess Server 00] Enter KG_GoddessServer::_ping()
20250718-193422<DEBUG:000002C0>: [Goddess Server 06] Enter KG_GoddessServer::_ping()
20250718-193423<DEBUG:00001D30>: [Goddess Server 02] Enter KG_GoddessServer::_ping()
20250718-193423<DEBUG:00001D30>: [Goddess Server 02] Enter KG_GoddessServer::_ping()
20250718-193424<DEBUG:00003EB0>: [Goddess Server 04] Enter KG_GoddessServer::_ping()
20250718-193424<DEBUG:00002F34>: [Goddess Server 05] Enter KG_GoddessServer::_ping()
20250718-193424<DEBUG:00003EB0>: [Goddess Server 04] Enter KG_GoddessServer::_ping()
20250718-193424<DEBUG:00002F34>: [Goddess Server 05] Enter KG_GoddessServer::_ping()
20250718-193425<DEBUG:000024AC>: [Goddess Server 08] Enter KG_GoddessServer::_ping()
20250718-193425<DEBUG:000024AC>: [Goddess Server 08] Enter KG_GoddessServer::_ping()
20250718-193427<DEBUG:00001080>: [Goddess Server 07] Enter KG_GoddessServer::_ping()
20250718-193427<DEBUG:00001080>: [Goddess Server 07] Enter KG_GoddessServer::_ping()
20250718-193428<DEBUG:00002EA0>: [Goddess Server 03] Enter KG_GoddessServer::_ping()
20250718-193428<DEBUG:00002EA0>: [Goddess Server 03] Enter KG_GoddessServer::_ping()
20250718-193432<DEBUG:000002C0>: [Goddess Server 06] Enter KG_GoddessServer::_ping()
20250718-193432<DEBUG:000002C0>: [Goddess Server 06] Enter KG_GoddessServer::_ping()
20250718-193433<DEBUG:00001D30>: [Goddess Server 02] Enter KG_GoddessServer::_ping()
20250718-193434<DEBUG:00003EB0>: [Goddess Server 04] Enter KG_GoddessServer::_ping()
20250718-193434<DEBUG:00002F34>: [Goddess Server 05] Enter KG_GoddessServer::_ping()
20250718-193435<DEBUG:000024AC>: [Goddess Server 08] Enter KG_GoddessServer::_ping()
20250718-193437<DEBUG:00001080>: [Goddess Server 07] Enter KG_GoddessServer::_ping()
20250718-193438<DEBUG:00002EA0>: [Goddess Server 03] Enter KG_GoddessServer::_ping()
20250718-193439<DEBUG:000043E4>: [Goddess Server 00] Enter KG_GoddessServer::_ping()
20250718-193442<DEBUG:000002C0>: [Goddess Server 06] Enter KG_GoddessServer::_ping()
20250718-193443<DEBUG:00001D30>: [Goddess Server 02] Enter KG_GoddessServer::_ping()
20250718-193444<DEBUG:00003EB0>: [Goddess Server 04] Enter KG_GoddessServer::_ping()
20250718-193444<DEBUG:00002F34>: [Goddess Server 05] Enter KG_GoddessServer::_ping()
20250718-193445<DEBUG:000024AC>: [Goddess Server 08] Enter KG_GoddessServer::_ping()
20250718-193447<DEBUG:00001080>: [Goddess Server 07] Enter KG_GoddessServer::_ping()
20250718-193448<DEBUG:00002EA0>: [Goddess Server 03] Enter KG_GoddessServer::_ping()
20250718-193448<DEBUG:00003B9C>: [Goddess Server 01] Enter KG_GoddessServer::_ping()
20250718-193452<DEBUG:000002C0>: [Goddess Server 06] Enter KG_GoddessServer::_ping()
20250718-193453<DEBUG:00001D30>: [Goddess Server 02] Enter KG_GoddessServer::_ping()
20250718-193453<DEBUG:00001D30>: [Goddess Server 02] Enter KG_GoddessServer::_ping()
20250718-193454<DEBUG:00003EB0>: [Goddess Server 04] Enter KG_GoddessServer::_ping()
20250718-193454<DEBUG:00002F34>: [Goddess Server 05] Enter KG_GoddessServer::_ping()
20250718-193454<DEBUG:00003EB0>: [Goddess Server 04] Enter KG_GoddessServer::_ping()
20250718-193454<DEBUG:00002F34>: [Goddess Server 05] Enter KG_GoddessServer::_ping()
20250718-193455<DEBUG:000024AC>: [Goddess Server 08] Enter KG_GoddessServer::_ping()
20250718-193455<DEBUG:000024AC>: [Goddess Server 08] Enter KG_GoddessServer::_ping()
20250718-193457<DEBUG:00001080>: [Goddess Server 07] Enter KG_GoddessServer::_ping()
20250718-193457<DEBUG:00001080>: [Goddess Server 07] Enter KG_GoddessServer::_ping()
20250718-193458<DEBUG:00002EA0>: [Goddess Server 03] Enter KG_GoddessServer::_ping()
20250718-193458<DEBUG:00002EA0>: [Goddess Server 03] Enter KG_GoddessServer::_ping()
20250718-193459<DEBUG:000043E4>: [Goddess Server 00] Enter KG_GoddessServer::_ping()
20250718-193502<DEBUG:000002C0>: [Goddess Server 06] Enter KG_GoddessServer::_ping()
20250718-193502<DEBUG:000002C0>: [Goddess Server 06] Enter KG_GoddessServer::_ping()
20250718-193503<DEBUG:00001D30>: [Goddess Server 02] Enter KG_GoddessServer::_ping()
20250718-193504<DEBUG:00003EB0>: [Goddess Server 04] Enter KG_GoddessServer::_ping()
20250718-193504<DEBUG:00002F34>: [Goddess Server 05] Enter KG_GoddessServer::_ping()
20250718-193505<DEBUG:000024AC>: [Goddess Server 08] Enter KG_GoddessServer::_ping()
20250718-193507<DEBUG:00001080>: [Goddess Server 07] Enter KG_GoddessServer::_ping()
20250718-193508<DEBUG:00002EA0>: [Goddess Server 03] Enter KG_GoddessServer::_ping()
20250718-193512<DEBUG:000002C0>: [Goddess Server 06] Enter KG_GoddessServer::_ping()
20250718-193513<DEBUG:00001D30>: [Goddess Server 02] Enter KG_GoddessServer::_ping()
20250718-193514<DEBUG:00003EB0>: [Goddess Server 04] Enter KG_GoddessServer::_ping()
20250718-193514<DEBUG:00002F34>: [Goddess Server 05] Enter KG_GoddessServer::_ping()
20250718-193515<DEBUG:000024AC>: [Goddess Server 08] Enter KG_GoddessServer::_ping()
20250718-193517<DEBUG:00001080>: [Goddess Server 07] Enter KG_GoddessServer::_ping()
20250718-193518<DEBUG:00002EA0>: [Goddess Server 03] Enter KG_GoddessServer::_ping()
20250718-193518<DEBUG:00003B9C>: [Goddess Server 01] Enter KG_GoddessServer::_ping()
20250718-193519<DEBUG:000043E4>: [Goddess Server 00] Enter KG_GoddessServer::_ping()
20250718-193522<DEBUG:000002C0>: [Goddess Server 06] Enter KG_GoddessServer::_ping()
20250718-193523<DEBUG:00001D30>: [Goddess Server 02] Enter KG_GoddessServer::_ping()
20250718-193523<DEBUG:00001D30>: [Goddess Server 02] Enter KG_GoddessServer::_ping()
20250718-193524<DEBUG:00003EB0>: [Goddess Server 04] Enter KG_GoddessServer::_ping()
20250718-193524<DEBUG:00002F34>: [Goddess Server 05] Enter KG_GoddessServer::_ping()
20250718-193524<DEBUG:00003EB0>: [Goddess Server 04] Enter KG_GoddessServer::_ping()
20250718-193525<DEBUG:00002F34>: [Goddess Server 05] Enter KG_GoddessServer::_ping()
20250718-193525<DEBUG:000024AC>: [Goddess Server 08] Enter KG_GoddessServer::_ping()
20250718-193526<DEBUG:000024AC>: [Goddess Server 08] Enter KG_GoddessServer::_ping()
20250718-193527<DEBUG:00001080>: [Goddess Server 07] Enter KG_GoddessServer::_ping()
20250718-193527<DEBUG:00001080>: [Goddess Server 07] Enter KG_GoddessServer::_ping()
20250718-193528<DEBUG:00002EA0>: [Goddess Server 03] Enter KG_GoddessServer::_ping()
20250718-193528<DEBUG:00002EA0>: [Goddess Server 03] Enter KG_GoddessServer::_ping()
20250718-193532<DEBUG:000002C0>: [Goddess Server 06] Enter KG_GoddessServer::_ping()
20250718-193532<DEBUG:000002C0>: [Goddess Server 06] Enter KG_GoddessServer::_ping()
20250718-193533<DEBUG:00001D30>: [Goddess Server 02] Enter KG_GoddessServer::_ping()
20250718-193534<DEBUG:00003EB0>: [Goddess Server 04] Enter KG_GoddessServer::_ping()
20250718-193534<DEBUG:00002F34>: [Goddess Server 05] Enter KG_GoddessServer::_ping()
20250718-193535<DEBUG:000024AC>: [Goddess Server 08] Enter KG_GoddessServer::_ping()
20250718-193537<DEBUG:00001080>: [Goddess Server 07] Enter KG_GoddessServer::_ping()
20250718-193538<DEBUG:00002EA0>: [Goddess Server 03] Enter KG_GoddessServer::_ping()
20250718-193539<DEBUG:000043E4>: [Goddess Server 00] Enter KG_GoddessServer::_ping()
20250718-193542<DEBUG:000002C0>: [Goddess Server 06] Enter KG_GoddessServer::_ping()
20250718-193543<DEBUG:00001D30>: [Goddess Server 02] Enter KG_GoddessServer::_ping()
20250718-193544<DEBUG:00003EB0>: [Goddess Server 04] Enter KG_GoddessServer::_ping()
20250718-193544<DEBUG:00002F34>: [Goddess Server 05] Enter KG_GoddessServer::_ping()
20250718-193545<DEBUG:000024AC>: [Goddess Server 08] Enter KG_GoddessServer::_ping()
20250718-193547<DEBUG:00001080>: [Goddess Server 07] Enter KG_GoddessServer::_ping()
20250718-193548<DEBUG:00002EA0>: [Goddess Server 03] Enter KG_GoddessServer::_ping()
20250718-193548<DEBUG:00003B9C>: [Goddess Server 01] Enter KG_GoddessServer::_ping()
20250718-193552<DEBUG:000002C0>: [Goddess Server 06] Enter KG_GoddessServer::_ping()
20250718-193553<DEBUG:00001D30>: [Goddess Server 02] Enter KG_GoddessServer::_ping()
20250718-193553<DEBUG:00001D30>: [Goddess Server 02] Enter KG_GoddessServer::_ping()
20250718-193554<DEBUG:00003EB0>: [Goddess Server 04] Enter KG_GoddessServer::_ping()
20250718-193554<DEBUG:00002F34>: [Goddess Server 05] Enter KG_GoddessServer::_ping()
20250718-193554<DEBUG:00003EB0>: [Goddess Server 04] Enter KG_GoddessServer::_ping()
20250718-193555<DEBUG:00002F34>: [Goddess Server 05] Enter KG_GoddessServer::_ping()
20250718-193555<DEBUG:000024AC>: [Goddess Server 08] Enter KG_GoddessServer::_ping()
20250718-193556<DEBUG:000024AC>: [Goddess Server 08] Enter KG_GoddessServer::_ping()
20250718-193557<DEBUG:00001080>: [Goddess Server 07] Enter KG_GoddessServer::_ping()
20250718-193557<DEBUG:00001080>: [Goddess Server 07] Enter KG_GoddessServer::_ping()
20250718-193558<DEBUG:00002EA0>: [Goddess Server 03] Enter KG_GoddessServer::_ping()
20250718-193558<DEBUG:00002EA0>: [Goddess Server 03] Enter KG_GoddessServer::_ping()
20250718-193559<DEBUG:000043E4>: [Goddess Server 00] Enter KG_GoddessServer::_ping()
20250718-193602<DEBUG:000002C0>: [Goddess Server 06] Enter KG_GoddessServer::_ping()
20250718-193602<DEBUG:000002C0>: [Goddess Server 06] Enter KG_GoddessServer::_ping()
20250718-193603<DEBUG:00001D30>: [Goddess Server 02] Enter KG_GoddessServer::_ping()
20250718-193604<DEBUG:00003EB0>: [Goddess Server 04] Enter KG_GoddessServer::_ping()
20250718-193604<DEBUG:00002F34>: [Goddess Server 05] Enter KG_GoddessServer::_ping()
20250718-193605<DEBUG:000024AC>: [Goddess Server 08] Enter KG_GoddessServer::_ping()
20250718-193607<DEBUG:00001080>: [Goddess Server 07] Enter KG_GoddessServer::_ping()
20250718-193608<DEBUG:00002EA0>: [Goddess Server 03] Enter KG_GoddessServer::_ping()
20250718-193612<DEBUG:000002C0>: [Goddess Server 06] Enter KG_GoddessServer::_ping()
20250718-193613<DEBUG:00001D30>: [Goddess Server 02] Enter KG_GoddessServer::_ping()
20250718-193614<DEBUG:00003EB0>: [Goddess Server 04] Enter KG_GoddessServer::_ping()
20250718-193614<DEBUG:00002F34>: [Goddess Server 05] Enter KG_GoddessServer::_ping()
20250718-193615<DEBUG:000024AC>: [Goddess Server 08] Enter KG_GoddessServer::_ping()
20250718-193617<DEBUG:00001080>: [Goddess Server 07] Enter KG_GoddessServer::_ping()
20250718-193618<DEBUG:00002EA0>: [Goddess Server 03] Enter KG_GoddessServer::_ping()
20250718-193618<DEBUG:00003B9C>: [Goddess Server 01] Enter KG_GoddessServer::_ping()
20250718-193619<DEBUG:000043E4>: [Goddess Server 00] Enter KG_GoddessServer::_ping()
20250718-193622<DEBUG:000002C0>: [Goddess Server 06] Enter KG_GoddessServer::_ping()
20250718-193623<DEBUG:00001D30>: [Goddess Server 02] Enter KG_GoddessServer::_ping()
20250718-193624<DEBUG:00001D30>: [Goddess Server 02] Enter KG_GoddessServer::_ping()
20250718-193624<DEBUG:00003EB0>: [Goddess Server 04] Enter KG_GoddessServer::_ping()
20250718-193624<DEBUG:00002F34>: [Goddess Server 05] Enter KG_GoddessServer::_ping()
20250718-193624<DEBUG:00003EB0>: [Goddess Server 04] Enter KG_GoddessServer::_ping()
20250718-193625<DEBUG:00002F34>: [Goddess Server 05] Enter KG_GoddessServer::_ping()
20250718-193625<DEBUG:000024AC>: [Goddess Server 08] Enter KG_GoddessServer::_ping()
20250718-193626<DEBUG:000024AC>: [Goddess Server 08] Enter KG_GoddessServer::_ping()
20250718-193627<DEBUG:00001080>: [Goddess Server 07] Enter KG_GoddessServer::_ping()
20250718-193627<DEBUG:00001080>: [Goddess Server 07] Enter KG_GoddessServer::_ping()
20250718-193628<DEBUG:00002EA0>: [Goddess Server 03] Enter KG_GoddessServer::_ping()
20250718-193628<DEBUG:00002EA0>: [Goddess Server 03] Enter KG_GoddessServer::_ping()
20250718-193632<DEBUG:000002C0>: [Goddess Server 06] Enter KG_GoddessServer::_ping()
20250718-193632<DEBUG:000002C0>: [Goddess Server 06] Enter KG_GoddessServer::_ping()
20250718-193633<DEBUG:00001D30>: [Goddess Server 02] Enter KG_GoddessServer::_ping()
20250718-193634<DEBUG:00003EB0>: [Goddess Server 04] Enter KG_GoddessServer::_ping()
20250718-193634<DEBUG:00002F34>: [Goddess Server 05] Enter KG_GoddessServer::_ping()
20250718-193635<DEBUG:000024AC>: [Goddess Server 08] Enter KG_GoddessServer::_ping()
20250718-193637<DEBUG:00001080>: [Goddess Server 07] Enter KG_GoddessServer::_ping()
20250718-193638<DEBUG:00002EA0>: [Goddess Server 03] Enter KG_GoddessServer::_ping()
20250718-193639<DEBUG:000043E4>: [Goddess Server 00] Enter KG_GoddessServer::_ping()
20250718-193642<DEBUG:000002C0>: [Goddess Server 06] Enter KG_GoddessServer::_ping()
20250718-193643<DEBUG:00001D30>: [Goddess Server 02] Enter KG_GoddessServer::_ping()
20250718-193644<DEBUG:00003EB0>: [Goddess Server 04] Enter KG_GoddessServer::_ping()
20250718-193644<DEBUG:00002F34>: [Goddess Server 05] Enter KG_GoddessServer::_ping()
20250718-193645<DEBUG:000024AC>: [Goddess Server 08] Enter KG_GoddessServer::_ping()
20250718-193647<DEBUG:00001080>: [Goddess Server 07] Enter KG_GoddessServer::_ping()
20250718-193648<DEBUG:00002EA0>: [Goddess Server 03] Enter KG_GoddessServer::_ping()
20250718-193648<DEBUG:00003B9C>: [Goddess Server 01] Enter KG_GoddessServer::_ping()
20250718-193652<DEBUG:000002C0>: [Goddess Server 06] Enter KG_GoddessServer::_ping()
20250718-193653<DEBUG:00001D30>: [Goddess Server 02] Enter KG_GoddessServer::_ping()
20250718-193654<DEBUG:00003EB0>: [Goddess Server 04] Enter KG_GoddessServer::_ping()
20250718-193654<DEBUG:00001D30>: [Goddess Server 02] Enter KG_GoddessServer::_ping()
20250718-193654<DEBUG:00002F34>: [Goddess Server 05] Enter KG_GoddessServer::_ping()
20250718-193654<DEBUG:00003EB0>: [Goddess Server 04] Enter KG_GoddessServer::_ping()
20250718-193655<DEBUG:00002F34>: [Goddess Server 05] Enter KG_GoddessServer::_ping()
20250718-193655<DEBUG:000024AC>: [Goddess Server 08] Enter KG_GoddessServer::_ping()
20250718-193656<DEBUG:000024AC>: [Goddess Server 08] Enter KG_GoddessServer::_ping()
20250718-193657<DEBUG:00001080>: [Goddess Server 07] Enter KG_GoddessServer::_ping()
20250718-193657<DEBUG:00001080>: [Goddess Server 07] Enter KG_GoddessServer::_ping()
20250718-193658<DEBUG:00002EA0>: [Goddess Server 03] Enter KG_GoddessServer::_ping()
20250718-193659<DEBUG:00002EA0>: [Goddess Server 03] Enter KG_GoddessServer::_ping()
20250718-193659<DEBUG:000043E4>: [Goddess Server 00] Enter KG_GoddessServer::_ping()
20250718-193702<DEBUG:000002C0>: [Goddess Server 06] Enter KG_GoddessServer::_ping()
20250718-193702<DEBUG:000002C0>: [Goddess Server 06] Enter KG_GoddessServer::_ping()
20250718-193703<DEBUG:00001D30>: [Goddess Server 02] Enter KG_GoddessServer::_ping()
20250718-193704<DEBUG:00003EB0>: [Goddess Server 04] Enter KG_GoddessServer::_ping()
20250718-193704<DEBUG:00002F34>: [Goddess Server 05] Enter KG_GoddessServer::_ping()
20250718-193705<DEBUG:000024AC>: [Goddess Server 08] Enter KG_GoddessServer::_ping()
20250718-193707<DEBUG:00001080>: [Goddess Server 07] Enter KG_GoddessServer::_ping()
20250718-193708<DEBUG:00002EA0>: [Goddess Server 03] Enter KG_GoddessServer::_ping()
20250718-193712<DEBUG:000002C0>: [Goddess Server 06] Enter KG_GoddessServer::_ping()
20250718-193713<DEBUG:00001D30>: [Goddess Server 02] Enter KG_GoddessServer::_ping()
20250718-193714<DEBUG:00003EB0>: [Goddess Server 04] Enter KG_GoddessServer::_ping()
20250718-193714<DEBUG:00002F34>: [Goddess Server 05] Enter KG_GoddessServer::_ping()
20250718-193715<DEBUG:000024AC>: [Goddess Server 08] Enter KG_GoddessServer::_ping()
20250718-193717<DEBUG:00001080>: [Goddess Server 07] Enter KG_GoddessServer::_ping()
20250718-193718<DEBUG:00002EA0>: [Goddess Server 03] Enter KG_GoddessServer::_ping()
20250718-193718<DEBUG:00003B9C>: [Goddess Server 01] Enter KG_GoddessServer::_ping()
20250718-193719<DEBUG:000043E4>: [Goddess Server 00] Enter KG_GoddessServer::_ping()
20250718-193720<DEBUG:00001D30>: [Goddess Server 02] Enter KG_GoddessServer::_save_role_data()
20250718-193720<INFO :00001D30>: [Goddess Server 02] PacketID : 1, Save role "TCQGaming" of Account "xboyhd", LeaveFlag = 1, Result = 1
20250718-193720<DEBUG:00001D30>: [Goddess Server 02] Leave KG_GoddessServer::_save_role_data()
20250718-193720<DEBUG:000024AC>: [Goddess Server 08] Unsupported protocol: 38
20250718-193721<DEBUG:000024AC>: [Goddess Server 08] Unsupported protocol: 37
20250718-193722<DEBUG:000002C0>: [Goddess Server 06] Enter KG_GoddessServer::_ping()
20250718-193723<DEBUG:00001D30>: [Goddess Server 02] Enter KG_GoddessServer::_ping()
20250718-193724<DEBUG:00003EB0>: [Goddess Server 04] Enter KG_GoddessServer::_ping()
20250718-193724<DEBUG:00001D30>: [Goddess Server 02] Enter KG_GoddessServer::_ping()
20250718-193724<DEBUG:00002F34>: [Goddess Server 05] Enter KG_GoddessServer::_ping()
20250718-193724<DEBUG:00003EB0>: [Goddess Server 04] Enter KG_GoddessServer::_ping()
20250718-193725<DEBUG:00002F34>: [Goddess Server 05] Enter KG_GoddessServer::_ping()
20250718-193725<DEBUG:000024AC>: [Goddess Server 08] Enter KG_GoddessServer::_ping()
20250718-193726<DEBUG:000024AC>: [Goddess Server 08] Enter KG_GoddessServer::_ping()
20250718-193727<DEBUG:00001080>: [Goddess Server 07] Enter KG_GoddessServer::_ping()
20250718-193727<DEBUG:00001080>: [Goddess Server 07] Enter KG_GoddessServer::_ping()
20250718-193728<DEBUG:00002EA0>: [Goddess Server 03] Enter KG_GoddessServer::_ping()
20250718-193729<DEBUG:00002EA0>: [Goddess Server 03] Enter KG_GoddessServer::_ping()
20250718-193732<DEBUG:000002C0>: [Goddess Server 06] Enter KG_GoddessServer::_ping()
20250718-193733<DEBUG:000002C0>: [Goddess Server 06] Enter KG_GoddessServer::_ping()
20250718-193733<DEBUG:00001D30>: [Goddess Server 02] Enter KG_GoddessServer::_ping()
20250718-193734<DEBUG:00003EB0>: [Goddess Server 04] Enter KG_GoddessServer::_ping()
20250718-193734<DEBUG:00002F34>: [Goddess Server 05] Enter KG_GoddessServer::_ping()
20250718-193735<DEBUG:000024AC>: [Goddess Server 08] Enter KG_GoddessServer::_ping()
20250718-193737<DEBUG:00001080>: [Goddess Server 07] Enter KG_GoddessServer::_ping()
20250718-193738<DEBUG:00002EA0>: [Goddess Server 03] Enter KG_GoddessServer::_ping()
20250718-193739<DEBUG:000043E4>: [Goddess Server 00] Enter KG_GoddessServer::_ping()
20250718-193742<DEBUG:000002C0>: [Goddess Server 06] Enter KG_GoddessServer::_ping()
20250718-193743<DEBUG:00001D30>: [Goddess Server 02] Enter KG_GoddessServer::_ping()
20250718-193744<DEBUG:00003EB0>: [Goddess Server 04] Enter KG_GoddessServer::_ping()
20250718-193744<DEBUG:00002F34>: [Goddess Server 05] Enter KG_GoddessServer::_ping()
20250718-193745<DEBUG:000024AC>: [Goddess Server 08] Enter KG_GoddessServer::_ping()
20250718-193747<DEBUG:00001080>: [Goddess Server 07] Enter KG_GoddessServer::_ping()
20250718-193748<DEBUG:00002EA0>: [Goddess Server 03] Enter KG_GoddessServer::_ping()
20250718-193748<DEBUG:00003B9C>: [Goddess Server 01] Enter KG_GoddessServer::_ping()
20250718-193752<DEBUG:000002C0>: [Goddess Server 06] Enter KG_GoddessServer::_ping()
20250718-193753<DEBUG:00001D30>: [Goddess Server 02] Enter KG_GoddessServer::_ping()
20250718-193754<DEBUG:00003EB0>: [Goddess Server 04] Enter KG_GoddessServer::_ping()
20250718-193754<DEBUG:00001D30>: [Goddess Server 02] Enter KG_GoddessServer::_ping()
20250718-193754<DEBUG:00002F34>: [Goddess Server 05] Enter KG_GoddessServer::_ping()
20250718-193755<DEBUG:00003EB0>: [Goddess Server 04] Enter KG_GoddessServer::_ping()
20250718-193755<DEBUG:00002F34>: [Goddess Server 05] Enter KG_GoddessServer::_ping()
20250718-193755<DEBUG:000024AC>: [Goddess Server 08] Enter KG_GoddessServer::_ping()
20250718-193756<DEBUG:000024AC>: [Goddess Server 08] Enter KG_GoddessServer::_ping()
20250718-193757<DEBUG:00001080>: [Goddess Server 07] Enter KG_GoddessServer::_ping()
20250718-193758<DEBUG:00001080>: [Goddess Server 07] Enter KG_GoddessServer::_ping()
20250718-193758<DEBUG:00002EA0>: [Goddess Server 03] Enter KG_GoddessServer::_ping()
20250718-193759<DEBUG:00002EA0>: [Goddess Server 03] Enter KG_GoddessServer::_ping()
20250718-193759<DEBUG:000043E4>: [Goddess Server 00] Enter KG_GoddessServer::_ping()
20250718-193802<DEBUG:000002C0>: [Goddess Server 06] Enter KG_GoddessServer::_ping()
20250718-193803<DEBUG:000002C0>: [Goddess Server 06] Enter KG_GoddessServer::_ping()
20250718-193803<DEBUG:00001D30>: [Goddess Server 02] Enter KG_GoddessServer::_ping()
20250718-193804<DEBUG:00003EB0>: [Goddess Server 04] Enter KG_GoddessServer::_ping()
20250718-193804<DEBUG:00002F34>: [Goddess Server 05] Enter KG_GoddessServer::_ping()
20250718-193805<DEBUG:000024AC>: [Goddess Server 08] Enter KG_GoddessServer::_ping()
20250718-193807<DEBUG:00001080>: [Goddess Server 07] Enter KG_GoddessServer::_ping()
20250718-193808<DEBUG:00002EA0>: [Goddess Server 03] Enter KG_GoddessServer::_ping()
20250718-193812<DEBUG:000002C0>: [Goddess Server 06] Enter KG_GoddessServer::_ping()
