20250718-192912<INFO :00004440>: [KG_Goddess] starting ...
20250718-192912<INFO :00004440>: [KG_Goddess] Loading kg_goddess.ini
20250718-192912<INFO :00004440>: [KG_Goddess] Loaded KG_Angel, version 2.5
20250718-192912<INFO :00004440>: [KG_Goddess] Initializing role database ...
20250718-192912<DEBUG:00004440>: [KGD] Success connect to localhost:3306, character set switch to latin1
20250718-192912<INFO :00004440>: [KG_Goddess] Initializing role statistic ...
20250718-192912<INFO :00004440>: [KG_Goddess] Initializing server manager ...
20250718-192912<INFO :00004440>: [KG_Goddess] Initializing Sequence ...
20250718-192912<INFO :00004440>: [KG_Goddess] Initializing NameServer ...
20250718-192912<DEBUG:00004440>: [Database] character set switch to latin1
20250718-192912<INFO :00004440>: [ServerManager] Listening at 127.0.0.1:5001
20250718-192912<INFO :00004440>: [KG_Goddess] RoleLock disable
20250718-192912<INFO :00004440>: [KG_Goddess] Set log level to DEBUG
20250718-192912<INFO :00004440>: [KG_Goddess] Start success
20250718-192915<INFO :000049F0>: [ServerManager] Accept from (127.0.0.1: 60307) SocketStream = 01047228
20250718-192915<INFO :000019E0>: [Goddess Server 00] Started, service for 127.0.0.1:60307
20250718-192915<DEBUG:000019E0>: [KGD] Success connect to localhost:3306, character set switch to latin1
20250718-192916<INFO :000049F0>: [ServerManager] Accept from (127.0.0.1: 60312) SocketStream = 01047300
20250718-192916<INFO :00004C74>: [Goddess Server 01] Started, service for 127.0.0.1:60312
20250718-192916<DEBUG:00004C74>: [KGD] Success connect to localhost:3306, character set switch to latin1
20250718-192920<INFO :000049F0>: [ServerManager] Accept from (127.0.0.1: 60318) SocketStream = 01047030
20250718-192920<INFO :000052B0>: [Goddess Server 02] Started, service for 127.0.0.1:60318
20250718-192920<DEBUG:000052B0>: [KGD] Success connect to localhost:3306, character set switch to latin1
20250718-192922<INFO :000049F0>: [ServerManager] Accept from (127.0.0.1: 60327) SocketStream = 01047078
20250718-192922<INFO :0000497C>: [Goddess Server 03] Started, service for 127.0.0.1:60327
20250718-192922<DEBUG:0000497C>: [KGD] Success connect to localhost:3306, character set switch to latin1
20250718-192922<DEBUG:0000497C>: [Goddess Server 03] Enter KG_GoddessServer::_query_statistic_info()
20250718-192922<DEBUG:0000497C>: KGLOG_PROCESS_ERROR(piStatistic) at line 2189 in KG_GoddessServer::_query_statistic_info
20250718-192922<DEBUG:0000497C>: [Goddess Server 03] Leave KG_GoddessServer::_query_statistic_info()
20250718-192922<INFO :000049F0>: [ServerManager] Accept from (127.0.0.1: 60332) SocketStream = 010475D0
20250718-192922<INFO :000025A4>: [Goddess Server 04] Started, service for 127.0.0.1:60332
20250718-192922<DEBUG:000025A4>: [KGD] Success connect to localhost:3306, character set switch to latin1
20250718-192922<DEBUG:000025A4>: [Goddess Server 04] Enter KG_GoddessServer::_query_statistic_info()
20250718-192922<DEBUG:000025A4>: KGLOG_PROCESS_ERROR(piStatistic) at line 2189 in KG_GoddessServer::_query_statistic_info
20250718-192922<DEBUG:000025A4>: [Goddess Server 04] Leave KG_GoddessServer::_query_statistic_info()
20250718-192922<INFO :000049F0>: [ServerManager] Accept from (127.0.0.1: 60337) SocketStream = 010476F0
20250718-192922<INFO :00004064>: [Goddess Server 05] Started, service for 127.0.0.1:60337
20250718-192922<DEBUG:00004064>: [KGD] Success connect to localhost:3306, character set switch to latin1
20250718-192922<DEBUG:00004064>: [Goddess Server 05] Enter KG_GoddessServer::_query_statistic_info()
20250718-192922<DEBUG:00004064>: KGLOG_PROCESS_ERROR(piStatistic) at line 2189 in KG_GoddessServer::_query_statistic_info
20250718-192922<DEBUG:00004064>: [Goddess Server 05] Leave KG_GoddessServer::_query_statistic_info()
20250718-192922<INFO :000049F0>: [ServerManager] Accept from (127.0.0.1: 60342) SocketStream = 01047468
20250718-192922<INFO :00004504>: [Goddess Server 06] Started, service for 127.0.0.1:60342
20250718-192922<DEBUG:00004504>: [KGD] Success connect to localhost:3306, character set switch to latin1
20250718-192922<INFO :000049F0>: [ServerManager] Accept from (127.0.0.1: 60345) SocketStream = 010471E0
20250718-192922<INFO :00004E50>: [Goddess Server 07] Started, service for 127.0.0.1:60345
20250718-192922<DEBUG:00004E50>: [KGD] Success connect to localhost:3306, character set switch to latin1
20250718-192922<INFO :000049F0>: [ServerManager] Accept from (127.0.0.1: 60348) SocketStream = 01047780
20250718-192922<INFO :00002D58>: [Goddess Server 08] Started, service for 127.0.0.1:60348
20250718-192922<DEBUG:00002D58>: [KGD] Success connect to localhost:3306, character set switch to latin1
20250718-192922<DEBUG:00002D58>: [Goddess Server 08] Enter KG_GoddessServer::_query_statistic_info()
20250718-192922<DEBUG:00002D58>: KGLOG_PROCESS_ERROR(piStatistic) at line 2189 in KG_GoddessServer::_query_statistic_info
20250718-192922<DEBUG:00002D58>: [Goddess Server 08] Leave KG_GoddessServer::_query_statistic_info()
20250718-192922<DEBUG:000052B0>: [Goddess Server 02] Enter KG_GoddessServer::_query_statistic_info()
20250718-192922<DEBUG:000052B0>: KGLOG_PROCESS_ERROR(piStatistic) at line 2189 in KG_GoddessServer::_query_statistic_info
20250718-192922<DEBUG:000052B0>: [Goddess Server 02] Leave KG_GoddessServer::_query_statistic_info()
20250718-192923<DEBUG:00004504>: [Goddess Server 06] Enter KG_GoddessServer::_query_statistic_info()
20250718-192923<DEBUG:00004504>: KGLOG_PROCESS_ERROR(piStatistic) at line 2189 in KG_GoddessServer::_query_statistic_info
20250718-192923<DEBUG:00004504>: [Goddess Server 06] Leave KG_GoddessServer::_query_statistic_info()
20250718-192923<DEBUG:00004E50>: [Goddess Server 07] Enter KG_GoddessServer::_query_statistic_info()
20250718-192923<DEBUG:00004E50>: KGLOG_PROCESS_ERROR(piStatistic) at line 2189 in KG_GoddessServer::_query_statistic_info
20250718-192923<DEBUG:00004E50>: [Goddess Server 07] Leave KG_GoddessServer::_query_statistic_info()
20250718-192929<DEBUG:0000497C>: [Goddess Server 03] Enter KG_GoddessServer::_ping()
20250718-192929<DEBUG:000025A4>: [Goddess Server 04] Enter KG_GoddessServer::_ping()
20250718-192930<DEBUG:00004064>: [Goddess Server 05] Enter KG_GoddessServer::_ping()
20250718-192931<DEBUG:00002D58>: [Goddess Server 08] Enter KG_GoddessServer::_ping()
20250718-192931<DEBUG:000019E0>: [Goddess Server 00] Enter KG_GoddessServer::_ping()
20250718-192932<DEBUG:000052B0>: [Goddess Server 02] Enter KG_GoddessServer::_ping()
20250718-192932<DEBUG:00004504>: [Goddess Server 06] Enter KG_GoddessServer::_ping()
20250718-192933<DEBUG:00004E50>: [Goddess Server 07] Enter KG_GoddessServer::_ping()
20250718-192939<DEBUG:0000497C>: [Goddess Server 03] Enter KG_GoddessServer::_ping()
20250718-192939<DEBUG:000025A4>: [Goddess Server 04] Enter KG_GoddessServer::_ping()
20250718-192940<DEBUG:00004064>: [Goddess Server 05] Enter KG_GoddessServer::_ping()
20250718-192941<DEBUG:00002D58>: [Goddess Server 08] Enter KG_GoddessServer::_ping()
20250718-192942<DEBUG:000052B0>: [Goddess Server 02] Enter KG_GoddessServer::_ping()
20250718-192942<DEBUG:00004C74>: [Goddess Server 01] Enter KG_GoddessServer::_ping()
20250718-192942<DEBUG:00004504>: [Goddess Server 06] Enter KG_GoddessServer::_ping()
20250718-192943<DEBUG:00004E50>: [Goddess Server 07] Enter KG_GoddessServer::_ping()
20250718-192945<DEBUG:000019E0>: [Goddess Server 00] Enter KG_GoddessServer::_query_role_list()
20250718-192945<INFO :000019E0>: [Goddess Server 00] Query roles list of account "xboyhd"
20250718-192945<DEBUG:000019E0>: [Goddess Server 00] Leave KG_GoddessServer::_query_role_list()
20250718-192946<DEBUG:000019E0>: [Goddess Server 00] Enter KG_GoddessServer::_query_role_list_in_zone()
20250718-192946<DEBUG:000019E0>: [Goddess Server 00] Leave KG_GoddessServer::_query_role_list_in_zone()
20250718-192947<DEBUG:000019E0>: [Goddess Server 00] Enter KG_GoddessServer::_query_role_data()
20250718-192947<INFO :000019E0>: [Goddess Server 00] PacketID : 3, Get role "TCQGaming" of Account "xboyhd", Result = 1
20250718-192947<DEBUG:000019E0>: [Goddess Server 00] Leave KG_GoddessServer::_query_role_data()
20250718-192949<DEBUG:000052B0>: [Goddess Server 02] Unsupported protocol: 38
20250718-192949<DEBUG:0000497C>: [Goddess Server 03] Enter KG_GoddessServer::_ping()
20250718-192949<DEBUG:0000497C>: [Goddess Server 03] Enter KG_GoddessServer::_ping()
20250718-192949<DEBUG:000025A4>: [Goddess Server 04] Enter KG_GoddessServer::_ping()
20250718-192950<DEBUG:000025A4>: [Goddess Server 04] Enter KG_GoddessServer::_ping()
20250718-192950<DEBUG:000052B0>: [Goddess Server 02] Unsupported protocol: 37
20250718-192950<DEBUG:000052B0>: [Goddess Server 02] Enter KG_GoddessServer::_save_role_data()
20250718-192950<INFO :000052B0>: [Goddess Server 02] PacketID : 1, Save role "TCQGaming" of Account "xboyhd", LeaveFlag = 1, Result = 1
20250718-192950<DEBUG:000052B0>: [Goddess Server 02] Leave KG_GoddessServer::_save_role_data()
20250718-192950<DEBUG:00002D58>: [Goddess Server 08] Unsupported protocol: 38
20250718-192950<DEBUG:00004064>: [Goddess Server 05] Enter KG_GoddessServer::_ping()
20250718-192950<DEBUG:00004064>: [Goddess Server 05] Enter KG_GoddessServer::_ping()
20250718-192950<DEBUG:00002D58>: [Goddess Server 08] Unsupported protocol: 37
20250718-192951<DEBUG:00002D58>: [Goddess Server 08] Enter KG_GoddessServer::_ping()
20250718-192951<DEBUG:00002D58>: [Goddess Server 08] Enter KG_GoddessServer::_ping()
20250718-192952<DEBUG:000052B0>: [Goddess Server 02] Enter KG_GoddessServer::_ping()
20250718-192952<DEBUG:000052B0>: [Goddess Server 02] Enter KG_GoddessServer::_ping()
20250718-192952<DEBUG:00004504>: [Goddess Server 06] Enter KG_GoddessServer::_ping()
20250718-192952<DEBUG:00004504>: [Goddess Server 06] Enter KG_GoddessServer::_ping()
20250718-192953<DEBUG:00004E50>: [Goddess Server 07] Enter KG_GoddessServer::_ping()
20250718-192953<DEBUG:00004E50>: [Goddess Server 07] Enter KG_GoddessServer::_ping()
20250718-192959<DEBUG:0000497C>: [Goddess Server 03] Enter KG_GoddessServer::_ping()
20250718-192959<DEBUG:000025A4>: [Goddess Server 04] Enter KG_GoddessServer::_ping()
20250718-193000<DEBUG:00004064>: [Goddess Server 05] Enter KG_GoddessServer::_ping()
20250718-193001<DEBUG:00002D58>: [Goddess Server 08] Enter KG_GoddessServer::_ping()
20250718-193002<DEBUG:000052B0>: [Goddess Server 02] Enter KG_GoddessServer::_ping()
20250718-193002<DEBUG:00004504>: [Goddess Server 06] Enter KG_GoddessServer::_ping()
20250718-193003<DEBUG:00004E50>: [Goddess Server 07] Enter KG_GoddessServer::_ping()
20250718-193007<DEBUG:000019E0>: [Goddess Server 00] Enter KG_GoddessServer::_ping()
20250718-193009<DEBUG:0000497C>: [Goddess Server 03] Enter KG_GoddessServer::_ping()
20250718-193009<DEBUG:000025A4>: [Goddess Server 04] Enter KG_GoddessServer::_ping()
20250718-193010<DEBUG:00004064>: [Goddess Server 05] Enter KG_GoddessServer::_ping()
20250718-193011<DEBUG:00002D58>: [Goddess Server 08] Enter KG_GoddessServer::_ping()
20250718-193012<DEBUG:000052B0>: [Goddess Server 02] Enter KG_GoddessServer::_ping()
20250718-193012<DEBUG:00004C74>: [Goddess Server 01] Enter KG_GoddessServer::_ping()
20250718-193012<DEBUG:00004504>: [Goddess Server 06] Enter KG_GoddessServer::_ping()
20250718-193013<DEBUG:00004E50>: [Goddess Server 07] Enter KG_GoddessServer::_ping()
20250718-193019<DEBUG:0000497C>: [Goddess Server 03] Enter KG_GoddessServer::_ping()
20250718-193019<DEBUG:0000497C>: [Goddess Server 03] Enter KG_GoddessServer::_ping()
20250718-193019<DEBUG:000025A4>: [Goddess Server 04] Enter KG_GoddessServer::_ping()
20250718-193020<DEBUG:000025A4>: [Goddess Server 04] Enter KG_GoddessServer::_ping()
20250718-193020<DEBUG:00004064>: [Goddess Server 05] Enter KG_GoddessServer::_ping()
20250718-193020<DEBUG:00004064>: [Goddess Server 05] Enter KG_GoddessServer::_ping()
20250718-193021<DEBUG:00002D58>: [Goddess Server 08] Enter KG_GoddessServer::_ping()
20250718-193021<DEBUG:00002D58>: [Goddess Server 08] Enter KG_GoddessServer::_ping()
20250718-193022<DEBUG:000052B0>: [Goddess Server 02] Enter KG_GoddessServer::_ping()
20250718-193022<DEBUG:000052B0>: [Goddess Server 02] Enter KG_GoddessServer::_ping()
20250718-193022<DEBUG:00004504>: [Goddess Server 06] Enter KG_GoddessServer::_ping()
20250718-193022<DEBUG:00004504>: [Goddess Server 06] Enter KG_GoddessServer::_ping()
20250718-193023<DEBUG:00004E50>: [Goddess Server 07] Enter KG_GoddessServer::_ping()
20250718-193023<DEBUG:00004E50>: [Goddess Server 07] Enter KG_GoddessServer::_ping()
20250718-193027<DEBUG:000019E0>: [Goddess Server 00] Enter KG_GoddessServer::_ping()
20250718-193029<DEBUG:0000497C>: [Goddess Server 03] Enter KG_GoddessServer::_ping()
20250718-193029<DEBUG:000025A4>: [Goddess Server 04] Enter KG_GoddessServer::_ping()
20250718-193030<DEBUG:00004064>: [Goddess Server 05] Enter KG_GoddessServer::_ping()
20250718-193031<DEBUG:00002D58>: [Goddess Server 08] Enter KG_GoddessServer::_ping()
20250718-193032<DEBUG:000052B0>: [Goddess Server 02] Enter KG_GoddessServer::_ping()
20250718-193032<DEBUG:00004504>: [Goddess Server 06] Enter KG_GoddessServer::_ping()
20250718-193033<DEBUG:00004E50>: [Goddess Server 07] Enter KG_GoddessServer::_ping()
20250718-193039<DEBUG:0000497C>: [Goddess Server 03] Enter KG_GoddessServer::_ping()
20250718-193039<DEBUG:000019E0>: [Goddess Server 00] Enter KG_GoddessServer::_query_role_list()
20250718-193039<INFO :000019E0>: [Goddess Server 00] Query roles list of account "xboyhd1"
20250718-193039<DEBUG:000019E0>: [Goddess Server 00] Leave KG_GoddessServer::_query_role_list()
20250718-193039<DEBUG:000025A4>: [Goddess Server 04] Enter KG_GoddessServer::_ping()
20250718-193040<DEBUG:00004064>: [Goddess Server 05] Enter KG_GoddessServer::_ping()
20250718-193040<DEBUG:000019E0>: [Goddess Server 00] Enter KG_GoddessServer::_query_role_list_in_zone()
20250718-193040<DEBUG:000019E0>: [Goddess Server 00] Leave KG_GoddessServer::_query_role_list_in_zone()
20250718-193041<DEBUG:00002D58>: [Goddess Server 08] Enter KG_GoddessServer::_ping()
20250718-193042<DEBUG:000052B0>: [Goddess Server 02] Enter KG_GoddessServer::_ping()
20250718-193042<DEBUG:00004C74>: [Goddess Server 01] Enter KG_GoddessServer::_ping()
20250718-193042<DEBUG:00004504>: [Goddess Server 06] Enter KG_GoddessServer::_ping()
20250718-193043<DEBUG:00004E50>: [Goddess Server 07] Enter KG_GoddessServer::_ping()
20250718-193043<DEBUG:000019E0>: [Goddess Server 00] Enter KG_GoddessServer::_query_role_data()
20250718-193043<INFO :000019E0>: [Goddess Server 00] PacketID : 6, Get role "tessssssst" of Account "xboyhd1", Result = 1
20250718-193043<DEBUG:000019E0>: [Goddess Server 00] Leave KG_GoddessServer::_query_role_data()
20250718-193044<DEBUG:00002D58>: [Goddess Server 08] Unsupported protocol: 38
20250718-193045<DEBUG:00002D58>: [Goddess Server 08] Unsupported protocol: 37
20250718-193049<DEBUG:0000497C>: [Goddess Server 03] Enter KG_GoddessServer::_ping()
20250718-193049<DEBUG:0000497C>: [Goddess Server 03] Enter KG_GoddessServer::_ping()
20250718-193049<DEBUG:000025A4>: [Goddess Server 04] Enter KG_GoddessServer::_ping()
20250718-193050<DEBUG:000025A4>: [Goddess Server 04] Enter KG_GoddessServer::_ping()
20250718-193050<DEBUG:00004064>: [Goddess Server 05] Enter KG_GoddessServer::_ping()
20250718-193050<DEBUG:00004064>: [Goddess Server 05] Enter KG_GoddessServer::_ping()
20250718-193051<DEBUG:00002D58>: [Goddess Server 08] Enter KG_GoddessServer::_ping()
20250718-193051<DEBUG:00002D58>: [Goddess Server 08] Enter KG_GoddessServer::_ping()
20250718-193052<DEBUG:000052B0>: [Goddess Server 02] Enter KG_GoddessServer::_ping()
20250718-193052<DEBUG:000052B0>: [Goddess Server 02] Enter KG_GoddessServer::_ping()
20250718-193052<DEBUG:00004504>: [Goddess Server 06] Enter KG_GoddessServer::_ping()
20250718-193052<DEBUG:00004504>: [Goddess Server 06] Enter KG_GoddessServer::_ping()
20250718-193053<DEBUG:00004E50>: [Goddess Server 07] Enter KG_GoddessServer::_ping()
20250718-193053<DEBUG:00004E50>: [Goddess Server 07] Enter KG_GoddessServer::_ping()
20250718-193059<DEBUG:0000497C>: [Goddess Server 03] Enter KG_GoddessServer::_ping()
20250718-193059<DEBUG:000025A4>: [Goddess Server 04] Enter KG_GoddessServer::_ping()
20250718-193100<DEBUG:00004064>: [Goddess Server 05] Enter KG_GoddessServer::_ping()
20250718-193101<DEBUG:00002D58>: [Goddess Server 08] Enter KG_GoddessServer::_ping()
20250718-193102<DEBUG:000052B0>: [Goddess Server 02] Enter KG_GoddessServer::_ping()
20250718-193102<DEBUG:00004504>: [Goddess Server 06] Enter KG_GoddessServer::_ping()
20250718-193103<DEBUG:00004E50>: [Goddess Server 07] Enter KG_GoddessServer::_ping()
20250718-193103<DEBUG:000019E0>: [Goddess Server 00] Enter KG_GoddessServer::_ping()
20250718-193109<DEBUG:0000497C>: [Goddess Server 03] Enter KG_GoddessServer::_ping()
20250718-193109<DEBUG:000025A4>: [Goddess Server 04] Enter KG_GoddessServer::_ping()
20250718-193110<DEBUG:00004064>: [Goddess Server 05] Enter KG_GoddessServer::_ping()
20250718-193111<DEBUG:00002D58>: [Goddess Server 08] Enter KG_GoddessServer::_ping()
20250718-193112<DEBUG:000052B0>: [Goddess Server 02] Enter KG_GoddessServer::_ping()
20250718-193112<DEBUG:00004C74>: [Goddess Server 01] Enter KG_GoddessServer::_ping()
20250718-193112<DEBUG:00004504>: [Goddess Server 06] Enter KG_GoddessServer::_ping()
20250718-193113<DEBUG:00004E50>: [Goddess Server 07] Enter KG_GoddessServer::_ping()
20250718-193119<DEBUG:0000497C>: [Goddess Server 03] Enter KG_GoddessServer::_ping()
20250718-193119<DEBUG:0000497C>: [Goddess Server 03] Enter KG_GoddessServer::_ping()
20250718-193119<DEBUG:000025A4>: [Goddess Server 04] Enter KG_GoddessServer::_ping()
20250718-193120<DEBUG:000025A4>: [Goddess Server 04] Enter KG_GoddessServer::_ping()
20250718-193120<DEBUG:00004064>: [Goddess Server 05] Enter KG_GoddessServer::_ping()
20250718-193120<DEBUG:00004064>: [Goddess Server 05] Enter KG_GoddessServer::_ping()
20250718-193121<DEBUG:00002D58>: [Goddess Server 08] Enter KG_GoddessServer::_ping()
20250718-193121<DEBUG:00002D58>: [Goddess Server 08] Enter KG_GoddessServer::_ping()
20250718-193122<DEBUG:000052B0>: [Goddess Server 02] Enter KG_GoddessServer::_ping()
20250718-193122<DEBUG:000052B0>: [Goddess Server 02] Enter KG_GoddessServer::_ping()
20250718-193122<DEBUG:00004504>: [Goddess Server 06] Enter KG_GoddessServer::_ping()
20250718-193122<DEBUG:00004504>: [Goddess Server 06] Enter KG_GoddessServer::_ping()
20250718-193123<DEBUG:00004E50>: [Goddess Server 07] Enter KG_GoddessServer::_ping()
20250718-193123<DEBUG:000019E0>: [Goddess Server 00] Enter KG_GoddessServer::_ping()
20250718-193123<DEBUG:00004E50>: [Goddess Server 07] Enter KG_GoddessServer::_ping()
20250718-193129<DEBUG:0000497C>: [Goddess Server 03] Enter KG_GoddessServer::_ping()
20250718-193129<DEBUG:000025A4>: [Goddess Server 04] Enter KG_GoddessServer::_ping()
20250718-193130<DEBUG:00004064>: [Goddess Server 05] Enter KG_GoddessServer::_ping()
20250718-193131<DEBUG:00002D58>: [Goddess Server 08] Enter KG_GoddessServer::_ping()
20250718-193132<DEBUG:000052B0>: [Goddess Server 02] Enter KG_GoddessServer::_ping()
20250718-193132<DEBUG:00004504>: [Goddess Server 06] Enter KG_GoddessServer::_ping()
20250718-193133<DEBUG:00004E50>: [Goddess Server 07] Enter KG_GoddessServer::_ping()
20250718-193139<DEBUG:0000497C>: [Goddess Server 03] Enter KG_GoddessServer::_ping()
20250718-193139<DEBUG:000025A4>: [Goddess Server 04] Enter KG_GoddessServer::_ping()
20250718-193140<DEBUG:00004064>: [Goddess Server 05] Enter KG_GoddessServer::_ping()
20250718-193141<DEBUG:00002D58>: [Goddess Server 08] Enter KG_GoddessServer::_ping()
20250718-193142<DEBUG:000052B0>: [Goddess Server 02] Enter KG_GoddessServer::_ping()
20250718-193142<DEBUG:00004C74>: [Goddess Server 01] Enter KG_GoddessServer::_ping()
20250718-193142<DEBUG:00004504>: [Goddess Server 06] Enter KG_GoddessServer::_ping()
20250718-193143<DEBUG:00004E50>: [Goddess Server 07] Enter KG_GoddessServer::_ping()
20250718-193143<DEBUG:000019E0>: [Goddess Server 00] Enter KG_GoddessServer::_ping()
20250718-193149<DEBUG:0000497C>: [Goddess Server 03] Enter KG_GoddessServer::_ping()
20250718-193149<DEBUG:0000497C>: [Goddess Server 03] Enter KG_GoddessServer::_ping()
20250718-193149<DEBUG:000025A4>: [Goddess Server 04] Enter KG_GoddessServer::_ping()
20250718-193150<DEBUG:000025A4>: [Goddess Server 04] Enter KG_GoddessServer::_ping()
20250718-193150<DEBUG:00004064>: [Goddess Server 05] Enter KG_GoddessServer::_ping()
20250718-193150<DEBUG:00004064>: [Goddess Server 05] Enter KG_GoddessServer::_ping()
20250718-193151<DEBUG:00002D58>: [Goddess Server 08] Enter KG_GoddessServer::_ping()
20250718-193151<DEBUG:00002D58>: [Goddess Server 08] Enter KG_GoddessServer::_ping()
20250718-193152<DEBUG:000052B0>: [Goddess Server 02] Enter KG_GoddessServer::_ping()
20250718-193152<DEBUG:000052B0>: [Goddess Server 02] Enter KG_GoddessServer::_ping()
20250718-193152<DEBUG:00004504>: [Goddess Server 06] Enter KG_GoddessServer::_ping()
20250718-193153<DEBUG:00004504>: [Goddess Server 06] Enter KG_GoddessServer::_ping()
20250718-193153<DEBUG:00004E50>: [Goddess Server 07] Enter KG_GoddessServer::_ping()
20250718-193153<DEBUG:00004E50>: [Goddess Server 07] Enter KG_GoddessServer::_ping()
20250718-193159<DEBUG:0000497C>: [Goddess Server 03] Enter KG_GoddessServer::_ping()
20250718-193159<DEBUG:000025A4>: [Goddess Server 04] Enter KG_GoddessServer::_ping()
20250718-193200<DEBUG:00004064>: [Goddess Server 05] Enter KG_GoddessServer::_ping()
20250718-193201<DEBUG:00002D58>: [Goddess Server 08] Enter KG_GoddessServer::_ping()
20250718-193202<DEBUG:000052B0>: [Goddess Server 02] Enter KG_GoddessServer::_ping()
20250718-193202<DEBUG:00004504>: [Goddess Server 06] Enter KG_GoddessServer::_ping()
20250718-193203<DEBUG:00004E50>: [Goddess Server 07] Enter KG_GoddessServer::_ping()
20250718-193203<DEBUG:000019E0>: [Goddess Server 00] Enter KG_GoddessServer::_ping()
20250718-193209<DEBUG:0000497C>: [Goddess Server 03] Enter KG_GoddessServer::_ping()
20250718-193209<DEBUG:000025A4>: [Goddess Server 04] Enter KG_GoddessServer::_ping()
20250718-193210<DEBUG:00004064>: [Goddess Server 05] Enter KG_GoddessServer::_ping()
20250718-193211<DEBUG:00002D58>: [Goddess Server 08] Enter KG_GoddessServer::_ping()
20250718-193212<DEBUG:000052B0>: [Goddess Server 02] Enter KG_GoddessServer::_ping()
20250718-193212<DEBUG:00004C74>: [Goddess Server 01] Enter KG_GoddessServer::_ping()
20250718-193212<DEBUG:00004504>: [Goddess Server 06] Enter KG_GoddessServer::_ping()
20250718-193213<DEBUG:00004E50>: [Goddess Server 07] Enter KG_GoddessServer::_ping()
20250718-193219<DEBUG:0000497C>: [Goddess Server 03] Enter KG_GoddessServer::_ping()
20250718-193219<DEBUG:0000497C>: [Goddess Server 03] Enter KG_GoddessServer::_ping()
20250718-193219<DEBUG:000025A4>: [Goddess Server 04] Enter KG_GoddessServer::_ping()
20250718-193220<DEBUG:000025A4>: [Goddess Server 04] Enter KG_GoddessServer::_ping()
20250718-193220<DEBUG:00004064>: [Goddess Server 05] Enter KG_GoddessServer::_ping()
20250718-193220<DEBUG:00004064>: [Goddess Server 05] Enter KG_GoddessServer::_ping()
20250718-193221<DEBUG:00002D58>: [Goddess Server 08] Enter KG_GoddessServer::_ping()
20250718-193221<DEBUG:00002D58>: [Goddess Server 08] Enter KG_GoddessServer::_ping()
20250718-193222<DEBUG:000052B0>: [Goddess Server 02] Enter KG_GoddessServer::_ping()
20250718-193222<DEBUG:000052B0>: [Goddess Server 02] Enter KG_GoddessServer::_ping()
20250718-193222<DEBUG:00004504>: [Goddess Server 06] Enter KG_GoddessServer::_ping()
20250718-193223<DEBUG:00004504>: [Goddess Server 06] Enter KG_GoddessServer::_ping()
20250718-193223<DEBUG:00004E50>: [Goddess Server 07] Enter KG_GoddessServer::_ping()
20250718-193223<DEBUG:000019E0>: [Goddess Server 00] Enter KG_GoddessServer::_ping()
20250718-193223<DEBUG:00004E50>: [Goddess Server 07] Enter KG_GoddessServer::_ping()
20250718-193229<DEBUG:0000497C>: [Goddess Server 03] Enter KG_GoddessServer::_ping()
20250718-193229<DEBUG:000025A4>: [Goddess Server 04] Enter KG_GoddessServer::_ping()
20250718-193230<DEBUG:00004064>: [Goddess Server 05] Enter KG_GoddessServer::_ping()
20250718-193231<DEBUG:00002D58>: [Goddess Server 08] Enter KG_GoddessServer::_ping()
20250718-193232<DEBUG:000052B0>: [Goddess Server 02] Enter KG_GoddessServer::_ping()
20250718-193232<DEBUG:00004504>: [Goddess Server 06] Enter KG_GoddessServer::_ping()
20250718-193233<DEBUG:00004E50>: [Goddess Server 07] Enter KG_GoddessServer::_ping()
20250718-193239<DEBUG:0000497C>: [Goddess Server 03] Enter KG_GoddessServer::_ping()
20250718-193239<DEBUG:000025A4>: [Goddess Server 04] Enter KG_GoddessServer::_ping()
20250718-193240<DEBUG:00004064>: [Goddess Server 05] Enter KG_GoddessServer::_ping()
20250718-193241<DEBUG:00002D58>: [Goddess Server 08] Enter KG_GoddessServer::_ping()
20250718-193242<DEBUG:000052B0>: [Goddess Server 02] Enter KG_GoddessServer::_ping()
20250718-193242<DEBUG:00004C74>: [Goddess Server 01] Enter KG_GoddessServer::_ping()
20250718-193242<DEBUG:00004504>: [Goddess Server 06] Enter KG_GoddessServer::_ping()
20250718-193243<DEBUG:00004E50>: [Goddess Server 07] Enter KG_GoddessServer::_ping()
20250718-193243<DEBUG:000019E0>: [Goddess Server 00] Enter KG_GoddessServer::_ping()
20250718-193249<DEBUG:0000497C>: [Goddess Server 03] Enter KG_GoddessServer::_ping()
20250718-193249<DEBUG:0000497C>: [Goddess Server 03] Enter KG_GoddessServer::_ping()
20250718-193249<DEBUG:000025A4>: [Goddess Server 04] Enter KG_GoddessServer::_ping()
20250718-193250<DEBUG:000025A4>: [Goddess Server 04] Enter KG_GoddessServer::_ping()
20250718-193250<DEBUG:00004064>: [Goddess Server 05] Enter KG_GoddessServer::_ping()
20250718-193250<DEBUG:00004064>: [Goddess Server 05] Enter KG_GoddessServer::_ping()
20250718-193251<DEBUG:00002D58>: [Goddess Server 08] Enter KG_GoddessServer::_ping()
20250718-193251<DEBUG:00002D58>: [Goddess Server 08] Enter KG_GoddessServer::_ping()
20250718-193252<DEBUG:000052B0>: [Goddess Server 02] Enter KG_GoddessServer::_ping()
20250718-193252<DEBUG:000052B0>: [Goddess Server 02] Enter KG_GoddessServer::_ping()
20250718-193252<DEBUG:00004504>: [Goddess Server 06] Enter KG_GoddessServer::_ping()
20250718-193253<DEBUG:00004E50>: [Goddess Server 07] Enter KG_GoddessServer::_ping()
20250718-193253<DEBUG:00004504>: [Goddess Server 06] Enter KG_GoddessServer::_ping()
20250718-193253<DEBUG:00004E50>: [Goddess Server 07] Enter KG_GoddessServer::_ping()
20250718-193259<DEBUG:0000497C>: [Goddess Server 03] Enter KG_GoddessServer::_ping()
20250718-193259<DEBUG:000025A4>: [Goddess Server 04] Enter KG_GoddessServer::_ping()
20250718-193300<DEBUG:00004064>: [Goddess Server 05] Enter KG_GoddessServer::_ping()
20250718-193301<DEBUG:00002D58>: [Goddess Server 08] Enter KG_GoddessServer::_ping()
20250718-193302<DEBUG:000052B0>: [Goddess Server 02] Enter KG_GoddessServer::_ping()
