20250718-192919<INFO :00004814>: [KG_Goddess] starting ...
20250718-192919<INFO :00004814>: [KG_Goddess] Loading kg_goddess.ini
20250718-192919<INFO :00004814>: [KG_Goddess] Loaded KG_Angel, version 2.5
20250718-192919<INFO :00004814>: [KG_Goddess] Initializing role database ...
20250718-192919<DEBUG:00004814>: [KGD] Success connect to localhost:3306, character set switch to latin1
20250718-192919<INFO :00004814>: [KG_Goddess] Initializing role statistic ...
20250718-192919<INFO :00004814>: [KG_Goddess] Initializing server manager ...
20250718-192919<INFO :00004814>: [KG_Goddess] Initializing Sequence ...
20250718-192919<INFO :00004814>: [KG_Goddess] Initializing NameServer ...
20250718-192919<DEBUG:00004814>: [Database] character set switch to latin1
20250718-192919<INFO :00004814>: [ServerManager] Listening at 127.0.0.1:5001
20250718-192919<INFO :00004814>: [KG_Goddess] RoleLock disable
20250718-192919<INFO :00004814>: [KG_Goddess] Set log level to DEBUG
20250718-192919<INFO :00004814>: [KG_Goddess] Start success
20250718-192920<DEBUG:00004814>: nSocket = 656, nSendFlag = 0, Error = 10054
20250718-192920<INFO :00005098>: [ServerManager] Accept from (127.0.0.1: 59812) SocketStream = 00E57390
20250718-192920<INFO :00003508>: [Goddess Server 00] Started, service for 127.0.0.1:59812
20250718-192920<DEBUG:00003508>: [KGD] Success connect to localhost:3306, character set switch to latin1
20250718-192922<INFO :00005098>: [ServerManager] Accept from (127.0.0.1: 59818) SocketStream = 00E57108
20250718-192922<INFO :0000093C>: [Goddess Server 01] Started, service for 127.0.0.1:59818
20250718-192922<DEBUG:0000093C>: [KGD] Success connect to localhost:3306, character set switch to latin1
20250718-192926<INFO :00005098>: [ServerManager] Accept from (127.0.0.1: 59829) SocketStream = 00E57660
20250718-192926<INFO :00000E64>: [Goddess Server 02] Started, service for 127.0.0.1:59829
20250718-192926<DEBUG:00000E64>: [KGD] Success connect to localhost:3306, character set switch to latin1
20250718-192926<DEBUG:00000E64>: [Goddess Server 02] Enter KG_GoddessServer::_query_statistic_info()
20250718-192926<DEBUG:00000E64>: KGLOG_PROCESS_ERROR(piStatistic) at line 2189 in KG_GoddessServer::_query_statistic_info
20250718-192926<DEBUG:00000E64>: [Goddess Server 02] Leave KG_GoddessServer::_query_statistic_info()
20250718-192926<INFO :00005098>: [ServerManager] Accept from (127.0.0.1: 59834) SocketStream = 00E576A8
20250718-192926<INFO :00003368>: [Goddess Server 03] Started, service for 127.0.0.1:59834
20250718-192926<DEBUG:00003368>: [KGD] Success connect to localhost:3306, character set switch to latin1
20250718-192926<DEBUG:00003368>: [Goddess Server 03] Enter KG_GoddessServer::_query_statistic_info()
20250718-192926<DEBUG:00003368>: KGLOG_PROCESS_ERROR(piStatistic) at line 2189 in KG_GoddessServer::_query_statistic_info
20250718-192926<DEBUG:00003368>: [Goddess Server 03] Leave KG_GoddessServer::_query_statistic_info()
20250718-192926<INFO :00005098>: [ServerManager] Accept from (127.0.0.1: 59839) SocketStream = 00E57420
20250718-192926<INFO :00003B74>: [Goddess Server 04] Started, service for 127.0.0.1:59839
20250718-192926<DEBUG:00003B74>: [KGD] Success connect to localhost:3306, character set switch to latin1
20250718-192926<DEBUG:00003B74>: [Goddess Server 04] Enter KG_GoddessServer::_query_statistic_info()
20250718-192926<DEBUG:00003B74>: KGLOG_PROCESS_ERROR(piStatistic) at line 2189 in KG_GoddessServer::_query_statistic_info
20250718-192926<DEBUG:00003B74>: [Goddess Server 04] Leave KG_GoddessServer::_query_statistic_info()
20250718-192926<INFO :00005098>: [ServerManager] Accept from (127.0.0.1: 59844) SocketStream = 00E576F0
20250718-192926<INFO :00003B78>: [Goddess Server 05] Started, service for 127.0.0.1:59844
20250718-192926<DEBUG:00003B78>: [KGD] Success connect to localhost:3306, character set switch to latin1
20250718-192926<DEBUG:00003B78>: [Goddess Server 05] Enter KG_GoddessServer::_query_statistic_info()
20250718-192926<DEBUG:00003B78>: KGLOG_PROCESS_ERROR(piStatistic) at line 2189 in KG_GoddessServer::_query_statistic_info
20250718-192926<DEBUG:00003B78>: [Goddess Server 05] Leave KG_GoddessServer::_query_statistic_info()
20250718-192926<INFO :00005098>: [ServerManager] Accept from (127.0.0.1: 59849) SocketStream = 00E57738
20250718-192926<INFO :00003B9C>: [Goddess Server 06] Started, service for 127.0.0.1:59849
20250718-192926<DEBUG:00003B9C>: [KGD] Success connect to localhost:3306, character set switch to latin1
20250718-192926<INFO :00005098>: [ServerManager] Accept from (127.0.0.1: 59852) SocketStream = 00E57780
20250718-192926<INFO :000047E8>: [Goddess Server 07] Started, service for 127.0.0.1:59852
20250718-192926<DEBUG:000047E8>: [KGD] Success connect to localhost:3306, character set switch to latin1
20250718-192926<INFO :00005098>: [ServerManager] Accept from (127.0.0.1: 59855) SocketStream = 00E57030
20250718-192926<INFO :00004A3C>: [Goddess Server 08] Started, service for 127.0.0.1:59855
20250718-192926<DEBUG:00004A3C>: [KGD] Success connect to localhost:3306, character set switch to latin1
20250718-192926<DEBUG:00004A3C>: [Goddess Server 08] Enter KG_GoddessServer::_query_statistic_info()
20250718-192926<DEBUG:00004A3C>: KGLOG_PROCESS_ERROR(piStatistic) at line 2189 in KG_GoddessServer::_query_statistic_info
20250718-192926<DEBUG:00004A3C>: [Goddess Server 08] Leave KG_GoddessServer::_query_statistic_info()
20250718-192927<DEBUG:00003B9C>: [Goddess Server 06] Enter KG_GoddessServer::_query_statistic_info()
20250718-192927<DEBUG:00003B9C>: KGLOG_PROCESS_ERROR(piStatistic) at line 2189 in KG_GoddessServer::_query_statistic_info
20250718-192927<DEBUG:00003B9C>: [Goddess Server 06] Leave KG_GoddessServer::_query_statistic_info()
20250718-192927<DEBUG:000047E8>: [Goddess Server 07] Enter KG_GoddessServer::_query_statistic_info()
20250718-192927<DEBUG:000047E8>: KGLOG_PROCESS_ERROR(piStatistic) at line 2189 in KG_GoddessServer::_query_statistic_info
20250718-192927<DEBUG:000047E8>: [Goddess Server 07] Leave KG_GoddessServer::_query_statistic_info()
20250718-192932<DEBUG:00000E64>: [Goddess Server 02] Enter KG_GoddessServer::_ping()
20250718-192933<DEBUG:00003508>: [Goddess Server 00] Enter KG_GoddessServer::_query_role_list()
20250718-192933<INFO :00003508>: [Goddess Server 00] Query roles list of account "xboyhd"
20250718-192933<DEBUG:00003508>: [Goddess Server 00] Leave KG_GoddessServer::_query_role_list()
20250718-192933<DEBUG:00003368>: [Goddess Server 03] Enter KG_GoddessServer::_ping()
20250718-192933<DEBUG:00003B74>: [Goddess Server 04] Enter KG_GoddessServer::_ping()
20250718-192933<DEBUG:00003508>: [Goddess Server 00] Enter KG_GoddessServer::_query_role_list_in_zone()
20250718-192933<DEBUG:00003508>: [Goddess Server 00] Leave KG_GoddessServer::_query_role_list_in_zone()
20250718-192934<DEBUG:00003B78>: [Goddess Server 05] Enter KG_GoddessServer::_ping()
20250718-192935<DEBUG:00004A3C>: [Goddess Server 08] Enter KG_GoddessServer::_ping()
20250718-192935<DEBUG:00003508>: [Goddess Server 00] Enter KG_GoddessServer::_query_role_list()
20250718-192935<INFO :00003508>: [Goddess Server 00] Query roles list of account "xboyhd5"
20250718-192935<DEBUG:00003508>: [Goddess Server 00] Leave KG_GoddessServer::_query_role_list()
20250718-192936<DEBUG:00003508>: [Goddess Server 00] Enter KG_GoddessServer::_query_role_list_in_zone()
20250718-192936<DEBUG:00003508>: [Goddess Server 00] Leave KG_GoddessServer::_query_role_list_in_zone()
20250718-192936<DEBUG:00003B9C>: [Goddess Server 06] Enter KG_GoddessServer::_ping()
20250718-192937<DEBUG:000047E8>: [Goddess Server 07] Enter KG_GoddessServer::_ping()
20250718-192937<DEBUG:00003508>: [Goddess Server 00] Enter KG_GoddessServer::_query_role_data()
20250718-192937<INFO :00003508>: [Goddess Server 00] PacketID : 5, Get role "TCQGaming" of Account "xboyhd", Result = 1
20250718-192937<DEBUG:00003508>: [Goddess Server 00] Leave KG_GoddessServer::_query_role_data()
20250718-192938<DEBUG:00003508>: [Goddess Server 00] Enter KG_GoddessServer::_query_role_data()
20250718-192938<INFO :00003508>: [Goddess Server 00] PacketID : 6, Get role "thieulamne" of Account "xboyhd5", Result = 1
20250718-192938<DEBUG:00003508>: [Goddess Server 00] Leave KG_GoddessServer::_query_role_data()
20250718-192939<DEBUG:00004A3C>: [Goddess Server 08] Unsupported protocol: 38
20250718-192939<DEBUG:00000E64>: [Goddess Server 02] Unsupported protocol: 38
20250718-192939<DEBUG:00004A3C>: [Goddess Server 08] Unsupported protocol: 37
20250718-192941<DEBUG:00000E64>: [Goddess Server 02] Unsupported protocol: 37
20250718-192941<DEBUG:00000E64>: [Goddess Server 02] Enter KG_GoddessServer::_save_role_data()
20250718-192941<INFO :00000E64>: [Goddess Server 02] PacketID : 1, Save role "thieulamne" of Account "xboyhd5", LeaveFlag = 1, Result = 1
20250718-192941<DEBUG:00000E64>: [Goddess Server 02] Leave KG_GoddessServer::_save_role_data()
20250718-192941<DEBUG:00004A3C>: [Goddess Server 08] Unsupported protocol: 38
20250718-192941<DEBUG:00004A3C>: [Goddess Server 08] Unsupported protocol: 37
20250718-192942<DEBUG:00000E64>: [Goddess Server 02] Enter KG_GoddessServer::_ping()
20250718-192943<DEBUG:00003368>: [Goddess Server 03] Enter KG_GoddessServer::_ping()
20250718-192943<DEBUG:00003B74>: [Goddess Server 04] Enter KG_GoddessServer::_ping()
20250718-192944<DEBUG:00003B78>: [Goddess Server 05] Enter KG_GoddessServer::_ping()
20250718-192945<DEBUG:00004A3C>: [Goddess Server 08] Enter KG_GoddessServer::_ping()
20250718-192946<DEBUG:00003B9C>: [Goddess Server 06] Enter KG_GoddessServer::_ping()
20250718-192947<DEBUG:000047E8>: [Goddess Server 07] Enter KG_GoddessServer::_ping()
20250718-192947<DEBUG:0000093C>: [Goddess Server 01] Enter KG_GoddessServer::_ping()
20250718-192951<DEBUG:00004A3C>: [Goddess Server 08] Enter KG_GoddessServer::_save_role_data()
20250718-192951<INFO :00004A3C>: [Goddess Server 08] PacketID : 2, Save role "thieulamne" of Account "xboyhd5", LeaveFlag = 1, Result = 1
20250718-192951<DEBUG:00004A3C>: [Goddess Server 08] Leave KG_GoddessServer::_save_role_data()
20250718-192951<DEBUG:00000E64>: [Goddess Server 02] Unsupported protocol: 38
20250718-192951<DEBUG:00000E64>: [Goddess Server 02] Unsupported protocol: 37
20250718-192952<DEBUG:00000E64>: [Goddess Server 02] Enter KG_GoddessServer::_ping()
20250718-192953<DEBUG:00000E64>: [Goddess Server 02] Enter KG_GoddessServer::_ping()
20250718-192953<DEBUG:00003368>: [Goddess Server 03] Enter KG_GoddessServer::_ping()
20250718-192953<DEBUG:00003368>: [Goddess Server 03] Enter KG_GoddessServer::_ping()
20250718-192953<DEBUG:00003B74>: [Goddess Server 04] Enter KG_GoddessServer::_ping()
20250718-192954<DEBUG:00003B74>: [Goddess Server 04] Enter KG_GoddessServer::_ping()
20250718-192954<DEBUG:00003B78>: [Goddess Server 05] Enter KG_GoddessServer::_ping()
20250718-192954<DEBUG:00003B78>: [Goddess Server 05] Enter KG_GoddessServer::_ping()
20250718-192955<DEBUG:00004A3C>: [Goddess Server 08] Enter KG_GoddessServer::_ping()
20250718-192955<DEBUG:00004A3C>: [Goddess Server 08] Enter KG_GoddessServer::_ping()
20250718-192956<DEBUG:00003B9C>: [Goddess Server 06] Enter KG_GoddessServer::_ping()
20250718-192956<DEBUG:00003B9C>: [Goddess Server 06] Enter KG_GoddessServer::_ping()
20250718-192957<DEBUG:000047E8>: [Goddess Server 07] Enter KG_GoddessServer::_ping()
20250718-192957<DEBUG:000047E8>: [Goddess Server 07] Enter KG_GoddessServer::_ping()
20250718-192958<DEBUG:00003508>: [Goddess Server 00] Enter KG_GoddessServer::_ping()
20250718-193002<DEBUG:00000E64>: [Goddess Server 02] Enter KG_GoddessServer::_ping()
20250718-193003<DEBUG:00003368>: [Goddess Server 03] Enter KG_GoddessServer::_ping()
20250718-193003<DEBUG:00003B74>: [Goddess Server 04] Enter KG_GoddessServer::_ping()
20250718-193004<DEBUG:00003B78>: [Goddess Server 05] Enter KG_GoddessServer::_ping()
20250718-193005<DEBUG:00004A3C>: [Goddess Server 08] Enter KG_GoddessServer::_ping()
20250718-193006<DEBUG:00003B9C>: [Goddess Server 06] Enter KG_GoddessServer::_ping()
20250718-193007<DEBUG:000047E8>: [Goddess Server 07] Enter KG_GoddessServer::_ping()
20250718-193012<DEBUG:00000E64>: [Goddess Server 02] Enter KG_GoddessServer::_ping()
20250718-193013<DEBUG:00003368>: [Goddess Server 03] Enter KG_GoddessServer::_ping()
20250718-193013<DEBUG:00003B74>: [Goddess Server 04] Enter KG_GoddessServer::_ping()
20250718-193014<DEBUG:00003B78>: [Goddess Server 05] Enter KG_GoddessServer::_ping()
20250718-193015<DEBUG:00004A3C>: [Goddess Server 08] Enter KG_GoddessServer::_ping()
20250718-193016<DEBUG:00003B9C>: [Goddess Server 06] Enter KG_GoddessServer::_ping()
20250718-193017<DEBUG:000047E8>: [Goddess Server 07] Enter KG_GoddessServer::_ping()
20250718-193017<DEBUG:0000093C>: [Goddess Server 01] Enter KG_GoddessServer::_ping()
20250718-193018<DEBUG:00003508>: [Goddess Server 00] Enter KG_GoddessServer::_ping()
20250718-193020<DEBUG:00004A3C>: [Goddess Server 08] Enter KG_GoddessServer::_save_role_data()
20250718-193020<INFO :00004A3C>: [Goddess Server 08] PacketID : 1, Save role "TCQGaming" of Account "xboyhd", LeaveFlag = 1, Result = 1
20250718-193020<DEBUG:00004A3C>: [Goddess Server 08] Leave KG_GoddessServer::_save_role_data()
20250718-193022<DEBUG:00000E64>: [Goddess Server 02] Enter KG_GoddessServer::_save_role_data()
20250718-193022<INFO :00000E64>: [Goddess Server 02] PacketID : 1, Save role "thieulamne" of Account "xboyhd5", LeaveFlag = 1, Result = 1
20250718-193022<DEBUG:00000E64>: [Goddess Server 02] Leave KG_GoddessServer::_save_role_data()
20250718-193022<DEBUG:00000E64>: [Goddess Server 02] Enter KG_GoddessServer::_ping()
20250718-193023<DEBUG:00000E64>: [Goddess Server 02] Enter KG_GoddessServer::_ping()
20250718-193023<DEBUG:00003368>: [Goddess Server 03] Enter KG_GoddessServer::_ping()
20250718-193023<DEBUG:00003368>: [Goddess Server 03] Enter KG_GoddessServer::_ping()
20250718-193023<DEBUG:00003B74>: [Goddess Server 04] Enter KG_GoddessServer::_ping()
20250718-193024<DEBUG:00003B74>: [Goddess Server 04] Enter KG_GoddessServer::_ping()
20250718-193024<DEBUG:00003B78>: [Goddess Server 05] Enter KG_GoddessServer::_ping()
20250718-193024<DEBUG:00003B78>: [Goddess Server 05] Enter KG_GoddessServer::_ping()
20250718-193024<DEBUG:00003508>: [Goddess Server 00] Enter KG_GoddessServer::_query_role_list()
20250718-193024<INFO :00003508>: [Goddess Server 00] Query roles list of account "xboyhd"
20250718-193024<DEBUG:00003508>: [Goddess Server 00] Leave KG_GoddessServer::_query_role_list()
20250718-193025<DEBUG:00004A3C>: [Goddess Server 08] Enter KG_GoddessServer::_ping()
20250718-193025<DEBUG:00003508>: [Goddess Server 00] Enter KG_GoddessServer::_query_role_list_in_zone()
20250718-193025<DEBUG:00003508>: [Goddess Server 00] Leave KG_GoddessServer::_query_role_list_in_zone()
20250718-193025<DEBUG:00004A3C>: [Goddess Server 08] Enter KG_GoddessServer::_ping()
20250718-193026<DEBUG:00003508>: [Goddess Server 00] Enter KG_GoddessServer::_query_role_data()
20250718-193026<INFO :00003508>: [Goddess Server 00] PacketID : 9, Get role "TCQGaming" of Account "xboyhd", Result = 1
20250718-193026<DEBUG:00003508>: [Goddess Server 00] Leave KG_GoddessServer::_query_role_data()
20250718-193026<DEBUG:00003B9C>: [Goddess Server 06] Enter KG_GoddessServer::_ping()
20250718-193027<DEBUG:000047E8>: [Goddess Server 07] Enter KG_GoddessServer::_ping()
20250718-193027<DEBUG:00003B9C>: [Goddess Server 06] Enter KG_GoddessServer::_ping()
20250718-193027<DEBUG:000047E8>: [Goddess Server 07] Enter KG_GoddessServer::_ping()
20250718-193027<DEBUG:00004A3C>: [Goddess Server 08] Unsupported protocol: 38
20250718-193028<DEBUG:00004A3C>: [Goddess Server 08] Unsupported protocol: 37
20250718-193032<DEBUG:00000E64>: [Goddess Server 02] Enter KG_GoddessServer::_ping()
20250718-193033<DEBUG:00003368>: [Goddess Server 03] Enter KG_GoddessServer::_ping()
20250718-193033<DEBUG:00003B74>: [Goddess Server 04] Enter KG_GoddessServer::_ping()
20250718-193034<DEBUG:00003B78>: [Goddess Server 05] Enter KG_GoddessServer::_ping()
20250718-193035<DEBUG:00004A3C>: [Goddess Server 08] Enter KG_GoddessServer::_ping()
20250718-193036<DEBUG:00003508>: [Goddess Server 00] Enter KG_GoddessServer::_query_role_list()
20250718-193036<INFO :00003508>: [Goddess Server 00] Query roles list of account "xboyhd5"
20250718-193036<DEBUG:00003508>: [Goddess Server 00] Leave KG_GoddessServer::_query_role_list()
20250718-193036<DEBUG:00003B9C>: [Goddess Server 06] Enter KG_GoddessServer::_ping()
20250718-193037<DEBUG:000047E8>: [Goddess Server 07] Enter KG_GoddessServer::_ping()
20250718-193037<DEBUG:00003508>: [Goddess Server 00] Enter KG_GoddessServer::_query_role_list_in_zone()
20250718-193037<DEBUG:00003508>: [Goddess Server 00] Leave KG_GoddessServer::_query_role_list_in_zone()
20250718-193040<DEBUG:00003508>: [Goddess Server 00] Enter KG_GoddessServer::_query_role_data()
20250718-193040<INFO :00003508>: [Goddess Server 00] PacketID : 12, Get role "thieulamne" of Account "xboyhd5", Result = 1
20250718-193040<DEBUG:00003508>: [Goddess Server 00] Leave KG_GoddessServer::_query_role_data()
20250718-193041<DEBUG:00000E64>: [Goddess Server 02] Unsupported protocol: 38
20250718-193042<DEBUG:00000E64>: [Goddess Server 02] Enter KG_GoddessServer::_ping()
20250718-193043<DEBUG:00000E64>: [Goddess Server 02] Unsupported protocol: 37
20250718-193043<DEBUG:00000E64>: [Goddess Server 02] Enter KG_GoddessServer::_save_role_data()
20250718-193043<INFO :00000E64>: [Goddess Server 02] PacketID : 1, Save role "thieulamne" of Account "xboyhd5", LeaveFlag = 1, Result = 1
20250718-193043<DEBUG:00000E64>: [Goddess Server 02] Leave KG_GoddessServer::_save_role_data()
20250718-193043<DEBUG:00004A3C>: [Goddess Server 08] Unsupported protocol: 38
20250718-193043<DEBUG:00003368>: [Goddess Server 03] Enter KG_GoddessServer::_ping()
20250718-193043<DEBUG:00004A3C>: [Goddess Server 08] Unsupported protocol: 37
20250718-193043<DEBUG:00003B74>: [Goddess Server 04] Enter KG_GoddessServer::_ping()
20250718-193044<DEBUG:00003B78>: [Goddess Server 05] Enter KG_GoddessServer::_ping()
20250718-193045<DEBUG:00004A3C>: [Goddess Server 08] Enter KG_GoddessServer::_ping()
20250718-193046<DEBUG:00003B9C>: [Goddess Server 06] Enter KG_GoddessServer::_ping()
20250718-193047<DEBUG:000047E8>: [Goddess Server 07] Enter KG_GoddessServer::_ping()
20250718-193047<DEBUG:0000093C>: [Goddess Server 01] Enter KG_GoddessServer::_ping()
20250718-193052<DEBUG:00000E64>: [Goddess Server 02] Enter KG_GoddessServer::_ping()
20250718-193053<DEBUG:00000E64>: [Goddess Server 02] Enter KG_GoddessServer::_ping()
20250718-193053<DEBUG:00003368>: [Goddess Server 03] Enter KG_GoddessServer::_ping()
20250718-193053<DEBUG:00003368>: [Goddess Server 03] Enter KG_GoddessServer::_ping()
20250718-193053<DEBUG:00003B74>: [Goddess Server 04] Enter KG_GoddessServer::_ping()
20250718-193054<DEBUG:00003B74>: [Goddess Server 04] Enter KG_GoddessServer::_ping()
20250718-193054<DEBUG:00003B78>: [Goddess Server 05] Enter KG_GoddessServer::_ping()
20250718-193054<DEBUG:00003B78>: [Goddess Server 05] Enter KG_GoddessServer::_ping()
20250718-193055<DEBUG:00004A3C>: [Goddess Server 08] Enter KG_GoddessServer::_ping()
20250718-193055<DEBUG:00004A3C>: [Goddess Server 08] Enter KG_GoddessServer::_ping()
20250718-193056<DEBUG:00003B9C>: [Goddess Server 06] Enter KG_GoddessServer::_ping()
20250718-193057<DEBUG:000047E8>: [Goddess Server 07] Enter KG_GoddessServer::_ping()
20250718-193057<DEBUG:00003B9C>: [Goddess Server 06] Enter KG_GoddessServer::_ping()
20250718-193057<DEBUG:000047E8>: [Goddess Server 07] Enter KG_GoddessServer::_ping()
20250718-193059<DEBUG:00004A3C>: [Goddess Server 08] Enter KG_GoddessServer::_save_role_data()
20250718-193100<INFO :00004A3C>: [Goddess Server 08] PacketID : 2, Save role "thieulamne" of Account "xboyhd5", LeaveFlag = 1, Result = 1
20250718-193100<DEBUG:00004A3C>: [Goddess Server 08] Leave KG_GoddessServer::_save_role_data()
20250718-193100<DEBUG:00000E64>: [Goddess Server 02] Unsupported protocol: 38
20250718-193100<DEBUG:00000E64>: [Goddess Server 02] Unsupported protocol: 37
20250718-193100<DEBUG:00003508>: [Goddess Server 00] Enter KG_GoddessServer::_ping()
20250718-193102<DEBUG:00000E64>: [Goddess Server 02] Enter KG_GoddessServer::_ping()
20250718-193103<DEBUG:00003368>: [Goddess Server 03] Enter KG_GoddessServer::_ping()
20250718-193103<DEBUG:00003B74>: [Goddess Server 04] Enter KG_GoddessServer::_ping()
20250718-193104<DEBUG:00003B78>: [Goddess Server 05] Enter KG_GoddessServer::_ping()
20250718-193105<DEBUG:00004A3C>: [Goddess Server 08] Enter KG_GoddessServer::_ping()
20250718-193106<DEBUG:00003B9C>: [Goddess Server 06] Enter KG_GoddessServer::_ping()
20250718-193107<DEBUG:000047E8>: [Goddess Server 07] Enter KG_GoddessServer::_ping()
20250718-193112<DEBUG:00000E64>: [Goddess Server 02] Enter KG_GoddessServer::_ping()
20250718-193113<DEBUG:00003368>: [Goddess Server 03] Enter KG_GoddessServer::_ping()
20250718-193113<DEBUG:00003B74>: [Goddess Server 04] Enter KG_GoddessServer::_ping()
20250718-193114<DEBUG:00003B78>: [Goddess Server 05] Enter KG_GoddessServer::_ping()
20250718-193115<DEBUG:00004A3C>: [Goddess Server 08] Enter KG_GoddessServer::_ping()
20250718-193116<DEBUG:00003B9C>: [Goddess Server 06] Enter KG_GoddessServer::_ping()
20250718-193117<DEBUG:000047E8>: [Goddess Server 07] Enter KG_GoddessServer::_ping()
20250718-193117<DEBUG:0000093C>: [Goddess Server 01] Enter KG_GoddessServer::_ping()
20250718-193120<DEBUG:00003508>: [Goddess Server 00] Enter KG_GoddessServer::_ping()
20250718-193122<DEBUG:00000E64>: [Goddess Server 02] Enter KG_GoddessServer::_ping()
20250718-193123<DEBUG:00000E64>: [Goddess Server 02] Enter KG_GoddessServer::_ping()
20250718-193123<DEBUG:00003368>: [Goddess Server 03] Enter KG_GoddessServer::_ping()
20250718-193123<DEBUG:00003368>: [Goddess Server 03] Enter KG_GoddessServer::_ping()
20250718-193123<DEBUG:00003B74>: [Goddess Server 04] Enter KG_GoddessServer::_ping()
20250718-193124<DEBUG:00003B74>: [Goddess Server 04] Enter KG_GoddessServer::_ping()
20250718-193124<DEBUG:00003B78>: [Goddess Server 05] Enter KG_GoddessServer::_ping()
20250718-193124<DEBUG:00003B78>: [Goddess Server 05] Enter KG_GoddessServer::_ping()
20250718-193125<DEBUG:00004A3C>: [Goddess Server 08] Enter KG_GoddessServer::_ping()
20250718-193125<DEBUG:00004A3C>: [Goddess Server 08] Enter KG_GoddessServer::_ping()
20250718-193126<DEBUG:00003B9C>: [Goddess Server 06] Enter KG_GoddessServer::_ping()
20250718-193127<DEBUG:000047E8>: [Goddess Server 07] Enter KG_GoddessServer::_ping()
20250718-193127<DEBUG:00003B9C>: [Goddess Server 06] Enter KG_GoddessServer::_ping()
20250718-193127<DEBUG:000047E8>: [Goddess Server 07] Enter KG_GoddessServer::_ping()
20250718-193132<DEBUG:00000E64>: [Goddess Server 02] Enter KG_GoddessServer::_ping()
20250718-193133<DEBUG:00003368>: [Goddess Server 03] Enter KG_GoddessServer::_ping()
20250718-193133<DEBUG:00003B74>: [Goddess Server 04] Enter KG_GoddessServer::_ping()
20250718-193134<DEBUG:00003B78>: [Goddess Server 05] Enter KG_GoddessServer::_ping()
20250718-193135<DEBUG:00004A3C>: [Goddess Server 08] Enter KG_GoddessServer::_ping()
20250718-193136<DEBUG:00003B9C>: [Goddess Server 06] Enter KG_GoddessServer::_ping()
20250718-193137<DEBUG:000047E8>: [Goddess Server 07] Enter KG_GoddessServer::_ping()
20250718-193140<DEBUG:00003508>: [Goddess Server 00] Enter KG_GoddessServer::_ping()
20250718-193142<DEBUG:00000E64>: [Goddess Server 02] Enter KG_GoddessServer::_ping()
20250718-193143<DEBUG:00003368>: [Goddess Server 03] Enter KG_GoddessServer::_ping()
20250718-193143<DEBUG:00003B74>: [Goddess Server 04] Enter KG_GoddessServer::_ping()
20250718-193144<DEBUG:00003B78>: [Goddess Server 05] Enter KG_GoddessServer::_ping()
20250718-193145<DEBUG:00004A3C>: [Goddess Server 08] Enter KG_GoddessServer::_ping()
20250718-193146<DEBUG:00003B9C>: [Goddess Server 06] Enter KG_GoddessServer::_ping()
20250718-193147<DEBUG:000047E8>: [Goddess Server 07] Enter KG_GoddessServer::_ping()
20250718-193147<DEBUG:0000093C>: [Goddess Server 01] Enter KG_GoddessServer::_ping()
20250718-193152<DEBUG:00000E64>: [Goddess Server 02] Enter KG_GoddessServer::_ping()
20250718-193153<DEBUG:00000E64>: [Goddess Server 02] Enter KG_GoddessServer::_ping()
20250718-193153<DEBUG:00003368>: [Goddess Server 03] Enter KG_GoddessServer::_ping()
20250718-193153<DEBUG:00003368>: [Goddess Server 03] Enter KG_GoddessServer::_ping()
20250718-193153<DEBUG:00003B74>: [Goddess Server 04] Enter KG_GoddessServer::_ping()
20250718-193154<DEBUG:00003B74>: [Goddess Server 04] Enter KG_GoddessServer::_ping()
20250718-193154<DEBUG:00003B78>: [Goddess Server 05] Enter KG_GoddessServer::_ping()
20250718-193154<DEBUG:00003B78>: [Goddess Server 05] Enter KG_GoddessServer::_ping()
20250718-193155<DEBUG:00004A3C>: [Goddess Server 08] Enter KG_GoddessServer::_ping()
20250718-193155<DEBUG:00004A3C>: [Goddess Server 08] Enter KG_GoddessServer::_ping()
20250718-193156<DEBUG:00003B9C>: [Goddess Server 06] Enter KG_GoddessServer::_ping()
20250718-193157<DEBUG:000047E8>: [Goddess Server 07] Enter KG_GoddessServer::_ping()
20250718-193157<DEBUG:00003B9C>: [Goddess Server 06] Enter KG_GoddessServer::_ping()
20250718-193157<DEBUG:000047E8>: [Goddess Server 07] Enter KG_GoddessServer::_ping()
20250718-193200<DEBUG:00003508>: [Goddess Server 00] Enter KG_GoddessServer::_ping()
20250718-193202<DEBUG:00000E64>: [Goddess Server 02] Enter KG_GoddessServer::_ping()
20250718-193203<DEBUG:00003368>: [Goddess Server 03] Enter KG_GoddessServer::_ping()
20250718-193203<DEBUG:00003B74>: [Goddess Server 04] Enter KG_GoddessServer::_ping()
20250718-193204<DEBUG:00003B78>: [Goddess Server 05] Enter KG_GoddessServer::_ping()
20250718-193205<DEBUG:00004A3C>: [Goddess Server 08] Enter KG_GoddessServer::_ping()
20250718-193206<DEBUG:00003B9C>: [Goddess Server 06] Enter KG_GoddessServer::_ping()
20250718-193207<DEBUG:000047E8>: [Goddess Server 07] Enter KG_GoddessServer::_ping()
20250718-193212<DEBUG:00000E64>: [Goddess Server 02] Enter KG_GoddessServer::_ping()
20250718-193213<DEBUG:00003368>: [Goddess Server 03] Enter KG_GoddessServer::_ping()
20250718-193213<DEBUG:00003B74>: [Goddess Server 04] Enter KG_GoddessServer::_ping()
20250718-193214<DEBUG:00003B78>: [Goddess Server 05] Enter KG_GoddessServer::_ping()
20250718-193215<DEBUG:00004A3C>: [Goddess Server 08] Enter KG_GoddessServer::_ping()
20250718-193216<DEBUG:00003B9C>: [Goddess Server 06] Enter KG_GoddessServer::_ping()
20250718-193217<DEBUG:000047E8>: [Goddess Server 07] Enter KG_GoddessServer::_ping()
20250718-193217<DEBUG:0000093C>: [Goddess Server 01] Enter KG_GoddessServer::_ping()
20250718-193220<DEBUG:00003508>: [Goddess Server 00] Enter KG_GoddessServer::_ping()
20250718-193222<DEBUG:00000E64>: [Goddess Server 02] Enter KG_GoddessServer::_ping()
20250718-193223<DEBUG:00000E64>: [Goddess Server 02] Enter KG_GoddessServer::_ping()
20250718-193223<DEBUG:00003368>: [Goddess Server 03] Enter KG_GoddessServer::_ping()
20250718-193223<DEBUG:00003368>: [Goddess Server 03] Enter KG_GoddessServer::_ping()
20250718-193223<DEBUG:00003B74>: [Goddess Server 04] Enter KG_GoddessServer::_ping()
20250718-193224<DEBUG:00003B74>: [Goddess Server 04] Enter KG_GoddessServer::_ping()
20250718-193224<DEBUG:00003B78>: [Goddess Server 05] Enter KG_GoddessServer::_ping()
20250718-193224<DEBUG:00003B78>: [Goddess Server 05] Enter KG_GoddessServer::_ping()
20250718-193225<DEBUG:00004A3C>: [Goddess Server 08] Enter KG_GoddessServer::_ping()
20250718-193225<DEBUG:00004A3C>: [Goddess Server 08] Enter KG_GoddessServer::_ping()
20250718-193226<DEBUG:00003B9C>: [Goddess Server 06] Enter KG_GoddessServer::_ping()
20250718-193227<DEBUG:000047E8>: [Goddess Server 07] Enter KG_GoddessServer::_ping()
20250718-193227<DEBUG:00003B9C>: [Goddess Server 06] Enter KG_GoddessServer::_ping()
20250718-193227<DEBUG:000047E8>: [Goddess Server 07] Enter KG_GoddessServer::_ping()
20250718-193232<DEBUG:00000E64>: [Goddess Server 02] Enter KG_GoddessServer::_ping()
20250718-193233<DEBUG:00003368>: [Goddess Server 03] Enter KG_GoddessServer::_ping()
20250718-193233<DEBUG:00003B74>: [Goddess Server 04] Enter KG_GoddessServer::_ping()
20250718-193234<DEBUG:00003B78>: [Goddess Server 05] Enter KG_GoddessServer::_ping()
20250718-193235<DEBUG:00004A3C>: [Goddess Server 08] Enter KG_GoddessServer::_ping()
20250718-193236<DEBUG:00003B9C>: [Goddess Server 06] Enter KG_GoddessServer::_ping()
20250718-193237<DEBUG:000047E8>: [Goddess Server 07] Enter KG_GoddessServer::_ping()
20250718-193240<DEBUG:00003508>: [Goddess Server 00] Enter KG_GoddessServer::_ping()
20250718-193242<DEBUG:00000E64>: [Goddess Server 02] Enter KG_GoddessServer::_ping()
20250718-193243<DEBUG:00003368>: [Goddess Server 03] Enter KG_GoddessServer::_ping()
20250718-193243<DEBUG:00003B74>: [Goddess Server 04] Enter KG_GoddessServer::_ping()
20250718-193244<DEBUG:00003B78>: [Goddess Server 05] Enter KG_GoddessServer::_ping()
20250718-193245<DEBUG:00004A3C>: [Goddess Server 08] Enter KG_GoddessServer::_ping()
20250718-193246<DEBUG:00003B9C>: [Goddess Server 06] Enter KG_GoddessServer::_ping()
20250718-193247<DEBUG:000047E8>: [Goddess Server 07] Enter KG_GoddessServer::_ping()
20250718-193247<DEBUG:0000093C>: [Goddess Server 01] Enter KG_GoddessServer::_ping()
20250718-193252<DEBUG:00000E64>: [Goddess Server 02] Enter KG_GoddessServer::_ping()
20250718-193253<DEBUG:00000E64>: [Goddess Server 02] Enter KG_GoddessServer::_ping()
20250718-193253<DEBUG:00003368>: [Goddess Server 03] Enter KG_GoddessServer::_ping()
20250718-193253<DEBUG:00003368>: [Goddess Server 03] Enter KG_GoddessServer::_ping()
20250718-193253<DEBUG:00003B74>: [Goddess Server 04] Enter KG_GoddessServer::_ping()
20250718-193254<DEBUG:00003B78>: [Goddess Server 05] Enter KG_GoddessServer::_ping()
20250718-193254<DEBUG:00003B74>: [Goddess Server 04] Enter KG_GoddessServer::_ping()
20250718-193254<DEBUG:00003B78>: [Goddess Server 05] Enter KG_GoddessServer::_ping()
20250718-193255<DEBUG:00004A3C>: [Goddess Server 08] Enter KG_GoddessServer::_ping()
20250718-193255<DEBUG:00004A3C>: [Goddess Server 08] Enter KG_GoddessServer::_ping()
20250718-193256<DEBUG:00003B9C>: [Goddess Server 06] Enter KG_GoddessServer::_ping()
20250718-193257<DEBUG:000047E8>: [Goddess Server 07] Enter KG_GoddessServer::_ping()
20250718-193257<DEBUG:00003B9C>: [Goddess Server 06] Enter KG_GoddessServer::_ping()
20250718-193257<DEBUG:000047E8>: [Goddess Server 07] Enter KG_GoddessServer::_ping()
20250718-193301<DEBUG:00003508>: [Goddess Server 00] Enter KG_GoddessServer::_ping()
20250718-193302<DEBUG:00000E64>: [Goddess Server 02] Enter KG_GoddessServer::_ping()
20250718-193303<DEBUG:00003368>: [Goddess Server 03] Enter KG_GoddessServer::_ping()
20250718-193303<DEBUG:00003B74>: [Goddess Server 04] Enter KG_GoddessServer::_ping()
20250718-193304<DEBUG:00003B78>: [Goddess Server 05] Enter KG_GoddessServer::_ping()
20250718-193305<DEBUG:00004A3C>: [Goddess Server 08] Enter KG_GoddessServer::_ping()
20250718-193306<DEBUG:00003B9C>: [Goddess Server 06] Enter KG_GoddessServer::_ping()
20250718-193307<DEBUG:000047E8>: [Goddess Server 07] Enter KG_GoddessServer::_ping()
20250718-193312<DEBUG:00000E64>: [Goddess Server 02] Enter KG_GoddessServer::_ping()
20250718-193313<DEBUG:00003368>: [Goddess Server 03] Enter KG_GoddessServer::_ping()
20250718-193313<DEBUG:00003B74>: [Goddess Server 04] Enter KG_GoddessServer::_ping()
20250718-193314<DEBUG:00003B78>: [Goddess Server 05] Enter KG_GoddessServer::_ping()
20250718-193315<DEBUG:00004A3C>: [Goddess Server 08] Enter KG_GoddessServer::_ping()
20250718-193316<DEBUG:00003B9C>: [Goddess Server 06] Enter KG_GoddessServer::_ping()
20250718-193317<DEBUG:000047E8>: [Goddess Server 07] Enter KG_GoddessServer::_ping()
20250718-193317<DEBUG:0000093C>: [Goddess Server 01] Enter KG_GoddessServer::_ping()
20250718-193321<DEBUG:00003508>: [Goddess Server 00] Enter KG_GoddessServer::_ping()
20250718-193322<DEBUG:00000E64>: [Goddess Server 02] Enter KG_GoddessServer::_ping()
20250718-193323<DEBUG:00000E64>: [Goddess Server 02] Enter KG_GoddessServer::_ping()
20250718-193323<DEBUG:00003368>: [Goddess Server 03] Enter KG_GoddessServer::_ping()
20250718-193323<DEBUG:00003B74>: [Goddess Server 04] Enter KG_GoddessServer::_ping()
20250718-193324<DEBUG:00003368>: [Goddess Server 03] Enter KG_GoddessServer::_ping()
20250718-193324<DEBUG:00003B78>: [Goddess Server 05] Enter KG_GoddessServer::_ping()
20250718-193324<DEBUG:00003B74>: [Goddess Server 04] Enter KG_GoddessServer::_ping()
20250718-193324<DEBUG:00003B78>: [Goddess Server 05] Enter KG_GoddessServer::_ping()
20250718-193325<DEBUG:00004A3C>: [Goddess Server 08] Enter KG_GoddessServer::_ping()
20250718-193325<DEBUG:00004A3C>: [Goddess Server 08] Enter KG_GoddessServer::_ping()
20250718-193326<DEBUG:00003B9C>: [Goddess Server 06] Enter KG_GoddessServer::_ping()
20250718-193327<DEBUG:000047E8>: [Goddess Server 07] Enter KG_GoddessServer::_ping()
20250718-193327<DEBUG:00003B9C>: [Goddess Server 06] Enter KG_GoddessServer::_ping()
20250718-193327<DEBUG:000047E8>: [Goddess Server 07] Enter KG_GoddessServer::_ping()
20250718-193332<DEBUG:00000E64>: [Goddess Server 02] Enter KG_GoddessServer::_ping()
20250718-193333<DEBUG:00003368>: [Goddess Server 03] Enter KG_GoddessServer::_ping()
20250718-193333<DEBUG:00003B74>: [Goddess Server 04] Enter KG_GoddessServer::_ping()
20250718-193334<DEBUG:00003B78>: [Goddess Server 05] Enter KG_GoddessServer::_ping()
20250718-193335<DEBUG:00004A3C>: [Goddess Server 08] Enter KG_GoddessServer::_ping()
20250718-193336<DEBUG:00003B9C>: [Goddess Server 06] Enter KG_GoddessServer::_ping()
20250718-193337<DEBUG:000047E8>: [Goddess Server 07] Enter KG_GoddessServer::_ping()
20250718-193341<DEBUG:00003508>: [Goddess Server 00] Enter KG_GoddessServer::_ping()
20250718-193342<DEBUG:00000E64>: [Goddess Server 02] Enter KG_GoddessServer::_ping()
20250718-193343<DEBUG:00003368>: [Goddess Server 03] Enter KG_GoddessServer::_ping()
20250718-193343<DEBUG:00003B74>: [Goddess Server 04] Enter KG_GoddessServer::_ping()
20250718-193344<DEBUG:00003B78>: [Goddess Server 05] Enter KG_GoddessServer::_ping()
20250718-193345<DEBUG:00004A3C>: [Goddess Server 08] Enter KG_GoddessServer::_ping()
20250718-193346<DEBUG:00003B9C>: [Goddess Server 06] Enter KG_GoddessServer::_ping()
20250718-193347<DEBUG:000047E8>: [Goddess Server 07] Enter KG_GoddessServer::_ping()
20250718-193347<DEBUG:0000093C>: [Goddess Server 01] Enter KG_GoddessServer::_ping()
20250718-193352<DEBUG:00000E64>: [Goddess Server 02] Enter KG_GoddessServer::_ping()
20250718-193353<DEBUG:00000E64>: [Goddess Server 02] Enter KG_GoddessServer::_ping()
20250718-193353<DEBUG:00003368>: [Goddess Server 03] Enter KG_GoddessServer::_ping()
20250718-193353<DEBUG:00003B74>: [Goddess Server 04] Enter KG_GoddessServer::_ping()
20250718-193354<DEBUG:00003368>: [Goddess Server 03] Enter KG_GoddessServer::_ping()
20250718-193354<DEBUG:00003B78>: [Goddess Server 05] Enter KG_GoddessServer::_ping()
20250718-193354<DEBUG:00003B74>: [Goddess Server 04] Enter KG_GoddessServer::_ping()
20250718-193354<DEBUG:00003B78>: [Goddess Server 05] Enter KG_GoddessServer::_ping()
20250718-193355<DEBUG:00004A3C>: [Goddess Server 08] Enter KG_GoddessServer::_ping()
20250718-193355<DEBUG:00004A3C>: [Goddess Server 08] Enter KG_GoddessServer::_ping()
20250718-193356<DEBUG:00003B9C>: [Goddess Server 06] Enter KG_GoddessServer::_ping()
20250718-193357<DEBUG:000047E8>: [Goddess Server 07] Enter KG_GoddessServer::_ping()
20250718-193357<DEBUG:00003B9C>: [Goddess Server 06] Enter KG_GoddessServer::_ping()
20250718-193357<DEBUG:000047E8>: [Goddess Server 07] Enter KG_GoddessServer::_ping()
20250718-193401<DEBUG:00003508>: [Goddess Server 00] Enter KG_GoddessServer::_ping()
20250718-193402<DEBUG:00000E64>: [Goddess Server 02] Enter KG_GoddessServer::_ping()
20250718-193403<DEBUG:00003368>: [Goddess Server 03] Enter KG_GoddessServer::_ping()
20250718-193403<DEBUG:00003B74>: [Goddess Server 04] Enter KG_GoddessServer::_ping()
20250718-193404<DEBUG:00003B78>: [Goddess Server 05] Enter KG_GoddessServer::_ping()
20250718-193405<DEBUG:00004A3C>: [Goddess Server 08] Enter KG_GoddessServer::_ping()
20250718-193406<DEBUG:00003B9C>: [Goddess Server 06] Enter KG_GoddessServer::_ping()
20250718-193407<DEBUG:000047E8>: [Goddess Server 07] Enter KG_GoddessServer::_ping()
20250718-193412<DEBUG:00000E64>: [Goddess Server 02] Enter KG_GoddessServer::_ping()
20250718-193413<DEBUG:00003368>: [Goddess Server 03] Enter KG_GoddessServer::_ping()
20250718-193413<DEBUG:00003B74>: [Goddess Server 04] Enter KG_GoddessServer::_ping()
20250718-193414<DEBUG:00003B78>: [Goddess Server 05] Enter KG_GoddessServer::_ping()
20250718-193415<DEBUG:00004A3C>: [Goddess Server 08] Enter KG_GoddessServer::_ping()
20250718-193416<DEBUG:00003B9C>: [Goddess Server 06] Enter KG_GoddessServer::_ping()
20250718-193417<DEBUG:000047E8>: [Goddess Server 07] Enter KG_GoddessServer::_ping()
20250718-193417<DEBUG:0000093C>: [Goddess Server 01] Enter KG_GoddessServer::_ping()
20250718-193421<DEBUG:00003508>: [Goddess Server 00] Enter KG_GoddessServer::_ping()
20250718-193422<DEBUG:00000E64>: [Goddess Server 02] Enter KG_GoddessServer::_ping()
20250718-193423<DEBUG:00003368>: [Goddess Server 03] Enter KG_GoddessServer::_ping()
20250718-193423<DEBUG:00000E64>: [Goddess Server 02] Enter KG_GoddessServer::_ping()
20250718-193423<DEBUG:00003B74>: [Goddess Server 04] Enter KG_GoddessServer::_ping()
20250718-193424<DEBUG:00003368>: [Goddess Server 03] Enter KG_GoddessServer::_ping()
20250718-193424<DEBUG:00003B78>: [Goddess Server 05] Enter KG_GoddessServer::_ping()
20250718-193424<DEBUG:00003B74>: [Goddess Server 04] Enter KG_GoddessServer::_ping()
20250718-193425<DEBUG:00003B78>: [Goddess Server 05] Enter KG_GoddessServer::_ping()
20250718-193425<DEBUG:00004A3C>: [Goddess Server 08] Enter KG_GoddessServer::_ping()
20250718-193425<DEBUG:00004A3C>: [Goddess Server 08] Enter KG_GoddessServer::_ping()
20250718-193426<DEBUG:00003B9C>: [Goddess Server 06] Enter KG_GoddessServer::_ping()
20250718-193427<DEBUG:000047E8>: [Goddess Server 07] Enter KG_GoddessServer::_ping()
20250718-193427<DEBUG:00003B9C>: [Goddess Server 06] Enter KG_GoddessServer::_ping()
20250718-193427<DEBUG:000047E8>: [Goddess Server 07] Enter KG_GoddessServer::_ping()
20250718-193432<DEBUG:00000E64>: [Goddess Server 02] Enter KG_GoddessServer::_ping()
20250718-193433<DEBUG:00003368>: [Goddess Server 03] Enter KG_GoddessServer::_ping()
20250718-193433<DEBUG:00003B74>: [Goddess Server 04] Enter KG_GoddessServer::_ping()
20250718-193434<DEBUG:00003B78>: [Goddess Server 05] Enter KG_GoddessServer::_ping()
20250718-193435<DEBUG:00004A3C>: [Goddess Server 08] Enter KG_GoddessServer::_ping()
20250718-193436<DEBUG:00003B9C>: [Goddess Server 06] Enter KG_GoddessServer::_ping()
20250718-193437<DEBUG:000047E8>: [Goddess Server 07] Enter KG_GoddessServer::_ping()
20250718-193441<DEBUG:00003508>: [Goddess Server 00] Enter KG_GoddessServer::_ping()
20250718-193442<DEBUG:00000E64>: [Goddess Server 02] Enter KG_GoddessServer::_ping()
20250718-193443<DEBUG:00003368>: [Goddess Server 03] Enter KG_GoddessServer::_ping()
20250718-193443<DEBUG:00003B74>: [Goddess Server 04] Enter KG_GoddessServer::_ping()
20250718-193444<DEBUG:00003B78>: [Goddess Server 05] Enter KG_GoddessServer::_ping()
20250718-193445<DEBUG:00004A3C>: [Goddess Server 08] Enter KG_GoddessServer::_ping()
20250718-193446<DEBUG:00003B9C>: [Goddess Server 06] Enter KG_GoddessServer::_ping()
20250718-193447<DEBUG:000047E8>: [Goddess Server 07] Enter KG_GoddessServer::_ping()
20250718-193447<DEBUG:0000093C>: [Goddess Server 01] Enter KG_GoddessServer::_ping()
20250718-193452<DEBUG:00000E64>: [Goddess Server 02] Enter KG_GoddessServer::_ping()
20250718-193453<DEBUG:00003368>: [Goddess Server 03] Enter KG_GoddessServer::_ping()
20250718-193453<DEBUG:00000E64>: [Goddess Server 02] Enter KG_GoddessServer::_ping()
20250718-193453<DEBUG:00003B74>: [Goddess Server 04] Enter KG_GoddessServer::_ping()
20250718-193454<DEBUG:00003368>: [Goddess Server 03] Enter KG_GoddessServer::_ping()
20250718-193454<DEBUG:00003B78>: [Goddess Server 05] Enter KG_GoddessServer::_ping()
20250718-193454<DEBUG:00003B74>: [Goddess Server 04] Enter KG_GoddessServer::_ping()
20250718-193455<DEBUG:00003B78>: [Goddess Server 05] Enter KG_GoddessServer::_ping()
20250718-193455<DEBUG:00004A3C>: [Goddess Server 08] Enter KG_GoddessServer::_ping()
20250718-193455<DEBUG:00004A3C>: [Goddess Server 08] Enter KG_GoddessServer::_ping()
20250718-193456<DEBUG:00003B9C>: [Goddess Server 06] Enter KG_GoddessServer::_ping()
20250718-193457<DEBUG:000047E8>: [Goddess Server 07] Enter KG_GoddessServer::_ping()
20250718-193457<DEBUG:00003B9C>: [Goddess Server 06] Enter KG_GoddessServer::_ping()
20250718-193457<DEBUG:000047E8>: [Goddess Server 07] Enter KG_GoddessServer::_ping()
20250718-193501<DEBUG:00003508>: [Goddess Server 00] Enter KG_GoddessServer::_ping()
20250718-193502<DEBUG:00000E64>: [Goddess Server 02] Enter KG_GoddessServer::_ping()
20250718-193503<DEBUG:00003368>: [Goddess Server 03] Enter KG_GoddessServer::_ping()
20250718-193503<DEBUG:00003B74>: [Goddess Server 04] Enter KG_GoddessServer::_ping()
20250718-193504<DEBUG:00003B78>: [Goddess Server 05] Enter KG_GoddessServer::_ping()
20250718-193505<DEBUG:00004A3C>: [Goddess Server 08] Enter KG_GoddessServer::_ping()
20250718-193506<DEBUG:00003B9C>: [Goddess Server 06] Enter KG_GoddessServer::_ping()
20250718-193507<DEBUG:000047E8>: [Goddess Server 07] Enter KG_GoddessServer::_ping()
20250718-193512<DEBUG:00000E64>: [Goddess Server 02] Enter KG_GoddessServer::_ping()
20250718-193513<DEBUG:00003368>: [Goddess Server 03] Enter KG_GoddessServer::_ping()
20250718-193513<DEBUG:00003B74>: [Goddess Server 04] Enter KG_GoddessServer::_ping()
20250718-193514<DEBUG:00003B78>: [Goddess Server 05] Enter KG_GoddessServer::_ping()
20250718-193515<DEBUG:00004A3C>: [Goddess Server 08] Enter KG_GoddessServer::_ping()
20250718-193516<DEBUG:00003B9C>: [Goddess Server 06] Enter KG_GoddessServer::_ping()
20250718-193517<DEBUG:000047E8>: [Goddess Server 07] Enter KG_GoddessServer::_ping()
20250718-193517<DEBUG:0000093C>: [Goddess Server 01] Enter KG_GoddessServer::_ping()
20250718-193521<DEBUG:00003508>: [Goddess Server 00] Enter KG_GoddessServer::_ping()
20250718-193522<DEBUG:00000E64>: [Goddess Server 02] Enter KG_GoddessServer::_ping()
20250718-193523<DEBUG:00003368>: [Goddess Server 03] Enter KG_GoddessServer::_ping()
20250718-193523<DEBUG:00000E64>: [Goddess Server 02] Enter KG_GoddessServer::_ping()
20250718-193523<DEBUG:00003B74>: [Goddess Server 04] Enter KG_GoddessServer::_ping()
20250718-193524<DEBUG:00003368>: [Goddess Server 03] Enter KG_GoddessServer::_ping()
20250718-193524<DEBUG:00003B78>: [Goddess Server 05] Enter KG_GoddessServer::_ping()
20250718-193524<DEBUG:00003B74>: [Goddess Server 04] Enter KG_GoddessServer::_ping()
20250718-193525<DEBUG:00003B78>: [Goddess Server 05] Enter KG_GoddessServer::_ping()
20250718-193525<DEBUG:00004A3C>: [Goddess Server 08] Enter KG_GoddessServer::_ping()
20250718-193525<DEBUG:00004A3C>: [Goddess Server 08] Enter KG_GoddessServer::_ping()
20250718-193526<DEBUG:00003B9C>: [Goddess Server 06] Enter KG_GoddessServer::_ping()
20250718-193527<DEBUG:000047E8>: [Goddess Server 07] Enter KG_GoddessServer::_ping()
20250718-193527<DEBUG:00003B9C>: [Goddess Server 06] Enter KG_GoddessServer::_ping()
20250718-193527<DEBUG:000047E8>: [Goddess Server 07] Enter KG_GoddessServer::_ping()
20250718-193532<DEBUG:00000E64>: [Goddess Server 02] Enter KG_GoddessServer::_ping()
20250718-193533<DEBUG:00003368>: [Goddess Server 03] Enter KG_GoddessServer::_ping()
20250718-193533<DEBUG:00003B74>: [Goddess Server 04] Enter KG_GoddessServer::_ping()
20250718-193534<DEBUG:00003B78>: [Goddess Server 05] Enter KG_GoddessServer::_ping()
20250718-193535<DEBUG:00004A3C>: [Goddess Server 08] Enter KG_GoddessServer::_ping()
20250718-193536<DEBUG:00003B9C>: [Goddess Server 06] Enter KG_GoddessServer::_ping()
20250718-193537<DEBUG:000047E8>: [Goddess Server 07] Enter KG_GoddessServer::_ping()
20250718-193541<DEBUG:00003508>: [Goddess Server 00] Enter KG_GoddessServer::_ping()
20250718-193542<DEBUG:00000E64>: [Goddess Server 02] Enter KG_GoddessServer::_ping()
20250718-193543<DEBUG:00003368>: [Goddess Server 03] Enter KG_GoddessServer::_ping()
20250718-193543<DEBUG:00003B74>: [Goddess Server 04] Enter KG_GoddessServer::_ping()
20250718-193544<DEBUG:00003B78>: [Goddess Server 05] Enter KG_GoddessServer::_ping()
20250718-193545<DEBUG:00004A3C>: [Goddess Server 08] Enter KG_GoddessServer::_ping()
20250718-193546<DEBUG:00003B9C>: [Goddess Server 06] Enter KG_GoddessServer::_ping()
20250718-193547<DEBUG:000047E8>: [Goddess Server 07] Enter KG_GoddessServer::_ping()
20250718-193547<DEBUG:0000093C>: [Goddess Server 01] Enter KG_GoddessServer::_ping()
20250718-193552<DEBUG:00000E64>: [Goddess Server 02] Enter KG_GoddessServer::_ping()
20250718-193553<DEBUG:00003368>: [Goddess Server 03] Enter KG_GoddessServer::_ping()
20250718-193553<DEBUG:00000E64>: [Goddess Server 02] Enter KG_GoddessServer::_ping()
20250718-193553<DEBUG:00003B74>: [Goddess Server 04] Enter KG_GoddessServer::_ping()
20250718-193554<DEBUG:00003368>: [Goddess Server 03] Enter KG_GoddessServer::_ping()
20250718-193554<DEBUG:00003B78>: [Goddess Server 05] Enter KG_GoddessServer::_ping()
20250718-193554<DEBUG:00003B74>: [Goddess Server 04] Enter KG_GoddessServer::_ping()
20250718-193555<DEBUG:00003B78>: [Goddess Server 05] Enter KG_GoddessServer::_ping()
20250718-193555<DEBUG:00004A3C>: [Goddess Server 08] Enter KG_GoddessServer::_ping()
20250718-193556<DEBUG:00004A3C>: [Goddess Server 08] Enter KG_GoddessServer::_ping()
20250718-193556<DEBUG:00003B9C>: [Goddess Server 06] Enter KG_GoddessServer::_ping()
20250718-193557<DEBUG:000047E8>: [Goddess Server 07] Enter KG_GoddessServer::_ping()
20250718-193557<DEBUG:00003B9C>: [Goddess Server 06] Enter KG_GoddessServer::_ping()
20250718-193557<DEBUG:000047E8>: [Goddess Server 07] Enter KG_GoddessServer::_ping()
20250718-193601<DEBUG:00003508>: [Goddess Server 00] Enter KG_GoddessServer::_ping()
20250718-193602<DEBUG:00000E64>: [Goddess Server 02] Enter KG_GoddessServer::_ping()
20250718-193603<DEBUG:00003368>: [Goddess Server 03] Enter KG_GoddessServer::_ping()
20250718-193604<DEBUG:00003B74>: [Goddess Server 04] Enter KG_GoddessServer::_ping()
20250718-193604<DEBUG:00003B78>: [Goddess Server 05] Enter KG_GoddessServer::_ping()
20250718-193605<DEBUG:00004A3C>: [Goddess Server 08] Enter KG_GoddessServer::_ping()
20250718-193606<DEBUG:00003B9C>: [Goddess Server 06] Enter KG_GoddessServer::_ping()
20250718-193607<DEBUG:000047E8>: [Goddess Server 07] Enter KG_GoddessServer::_ping()
20250718-193612<DEBUG:00000E64>: [Goddess Server 02] Enter KG_GoddessServer::_ping()
20250718-193613<DEBUG:00003368>: [Goddess Server 03] Enter KG_GoddessServer::_ping()
20250718-193613<DEBUG:00003B74>: [Goddess Server 04] Enter KG_GoddessServer::_ping()
20250718-193614<DEBUG:00003B78>: [Goddess Server 05] Enter KG_GoddessServer::_ping()
20250718-193615<DEBUG:00004A3C>: [Goddess Server 08] Enter KG_GoddessServer::_ping()
20250718-193616<DEBUG:00003B9C>: [Goddess Server 06] Enter KG_GoddessServer::_ping()
