20250718-192900<INFO :00003598>: [KG_Goddess] starting ...
20250718-192900<INFO :00003598>: [KG_Goddess] Loading kg_goddess.ini
20250718-192900<INFO :00003598>: [KG_Goddess] Loaded KG_Angel, version 2.5
20250718-192900<INFO :00003598>: [KG_Goddess] Initializing role database ...
20250718-192900<DEBUG:00003598>: [KGD] Success connect to localhost:3306, character set switch to latin1
20250718-192900<INFO :00003598>: [KG_Goddess] Initializing role statistic ...
20250718-192900<INFO :00003598>: [KG_Goddess] Initializing server manager ...
20250718-192900<INFO :00003598>: [KG_Goddess] Initializing Sequence ...
20250718-192900<INFO :00003598>: [KG_Goddess] Initializing NameServer ...
20250718-192900<DEBUG:00003598>: [Database] character set switch to latin1
20250718-192900<INFO :00003598>: [ServerManager] Listening at 127.0.0.1:5001
20250718-192900<INFO :00003598>: [KG_Goddess] RoleLock disable
20250718-192900<INFO :00003598>: [KG_Goddess] Set log level to DEBUG
20250718-192900<INFO :00003598>: [KG_Goddess] Start success
20250718-192900<DEBUG:00003598>: nSocket = 692, nSendFlag = 0, Error = 10054
20250718-192901<INFO :00000520>: [ServerManager] Accept from (127.0.0.1: 51100) SocketStream = 01087780
20250718-192901<INFO :00004638>: [Goddess Server 00] Started, service for 127.0.0.1:51100
20250718-192901<DEBUG:00004638>: [KGD] Success connect to localhost:3306, character set switch to latin1
20250718-192903<INFO :00000520>: [ServerManager] Accept from (127.0.0.1: 51106) SocketStream = 010872B8
20250718-192903<INFO :00001130>: [Goddess Server 01] Started, service for 127.0.0.1:51106
20250718-192903<DEBUG:00001130>: [KGD] Success connect to localhost:3306, character set switch to latin1
20250718-192907<INFO :00000520>: [ServerManager] Accept from (127.0.0.1: 51116) SocketStream = 010870C0
20250718-192907<INFO :00001658>: [Goddess Server 02] Started, service for 127.0.0.1:51116
20250718-192907<DEBUG:00001658>: [KGD] Success connect to localhost:3306, character set switch to latin1
20250718-192907<DEBUG:00001658>: [Goddess Server 02] Enter KG_GoddessServer::_query_statistic_info()
20250718-192907<DEBUG:00001658>: KGLOG_PROCESS_ERROR(piStatistic) at line 2189 in KG_GoddessServer::_query_statistic_info
20250718-192907<DEBUG:00001658>: [Goddess Server 02] Leave KG_GoddessServer::_query_statistic_info()
20250718-192907<INFO :00000520>: [ServerManager] Accept from (127.0.0.1: 51121) SocketStream = 01087108
20250718-192907<INFO :00003524>: [Goddess Server 03] Started, service for 127.0.0.1:51121
20250718-192907<DEBUG:00003524>: [KGD] Success connect to localhost:3306, character set switch to latin1
20250718-192907<DEBUG:00003524>: [Goddess Server 03] Enter KG_GoddessServer::_query_statistic_info()
20250718-192907<DEBUG:00003524>: KGLOG_PROCESS_ERROR(piStatistic) at line 2189 in KG_GoddessServer::_query_statistic_info
20250718-192907<DEBUG:00003524>: [Goddess Server 03] Leave KG_GoddessServer::_query_statistic_info()
20250718-192907<INFO :00000520>: [ServerManager] Accept from (127.0.0.1: 51126) SocketStream = 010876F0
20250718-192907<INFO :00001EF0>: [Goddess Server 04] Started, service for 127.0.0.1:51126
20250718-192907<DEBUG:00001EF0>: [KGD] Success connect to localhost:3306, character set switch to latin1
20250718-192907<DEBUG:00001EF0>: [Goddess Server 04] Enter KG_GoddessServer::_query_statistic_info()
20250718-192907<DEBUG:00001EF0>: KGLOG_PROCESS_ERROR(piStatistic) at line 2189 in KG_GoddessServer::_query_statistic_info
20250718-192907<DEBUG:00001EF0>: [Goddess Server 04] Leave KG_GoddessServer::_query_statistic_info()
20250718-192907<INFO :00000520>: [ServerManager] Accept from (127.0.0.1: 51131) SocketStream = 01087588
20250718-192907<INFO :000037C8>: [Goddess Server 05] Started, service for 127.0.0.1:51131
20250718-192907<DEBUG:000037C8>: [KGD] Success connect to localhost:3306, character set switch to latin1
20250718-192907<DEBUG:000037C8>: [Goddess Server 05] Enter KG_GoddessServer::_query_statistic_info()
20250718-192907<DEBUG:000037C8>: KGLOG_PROCESS_ERROR(piStatistic) at line 2189 in KG_GoddessServer::_query_statistic_info
20250718-192907<DEBUG:000037C8>: [Goddess Server 05] Leave KG_GoddessServer::_query_statistic_info()
20250718-192907<INFO :00000520>: [ServerManager] Accept from (127.0.0.1: 51136) SocketStream = 01086FE8
20250718-192907<INFO :00003E58>: [Goddess Server 06] Started, service for 127.0.0.1:51136
20250718-192907<DEBUG:00003E58>: [KGD] Success connect to localhost:3306, character set switch to latin1
20250718-192908<INFO :00000520>: [ServerManager] Accept from (127.0.0.1: 51139) SocketStream = 01087540
20250718-192908<INFO :00003484>: [Goddess Server 07] Started, service for 127.0.0.1:51139
20250718-192908<DEBUG:00003484>: [KGD] Success connect to localhost:3306, character set switch to latin1
20250718-192908<INFO :00000520>: [ServerManager] Accept from (127.0.0.1: 51142) SocketStream = 010875D0
20250718-192908<INFO :00003628>: [Goddess Server 08] Started, service for 127.0.0.1:51142
20250718-192908<DEBUG:00003628>: [KGD] Success connect to localhost:3306, character set switch to latin1
20250718-192908<DEBUG:00003628>: [Goddess Server 08] Enter KG_GoddessServer::_query_statistic_info()
20250718-192908<DEBUG:00003628>: KGLOG_PROCESS_ERROR(piStatistic) at line 2189 in KG_GoddessServer::_query_statistic_info
20250718-192908<DEBUG:00003628>: [Goddess Server 08] Leave KG_GoddessServer::_query_statistic_info()
20250718-192909<DEBUG:00003484>: [Goddess Server 07] Enter KG_GoddessServer::_query_statistic_info()
20250718-192909<DEBUG:00003484>: KGLOG_PROCESS_ERROR(piStatistic) at line 2189 in KG_GoddessServer::_query_statistic_info
20250718-192909<DEBUG:00003484>: [Goddess Server 07] Leave KG_GoddessServer::_query_statistic_info()
20250718-192914<DEBUG:00003E58>: [Goddess Server 06] Enter KG_GoddessServer::_query_statistic_info()
20250718-192914<DEBUG:00003E58>: KGLOG_PROCESS_ERROR(piStatistic) at line 2189 in KG_GoddessServer::_query_statistic_info
20250718-192914<DEBUG:00003E58>: [Goddess Server 06] Leave KG_GoddessServer::_query_statistic_info()
20250718-192914<DEBUG:00001658>: [Goddess Server 02] Enter KG_GoddessServer::_ping()
20250718-192915<DEBUG:00003524>: [Goddess Server 03] Enter KG_GoddessServer::_ping()
20250718-192915<DEBUG:00001EF0>: [Goddess Server 04] Enter KG_GoddessServer::_ping()
20250718-192915<DEBUG:000037C8>: [Goddess Server 05] Enter KG_GoddessServer::_ping()
20250718-192917<DEBUG:00003628>: [Goddess Server 08] Enter KG_GoddessServer::_ping()
20250718-192918<DEBUG:00004638>: [Goddess Server 00] Enter KG_GoddessServer::_ping()
20250718-192919<DEBUG:00003484>: [Goddess Server 07] Enter KG_GoddessServer::_ping()
20250718-192924<DEBUG:00003E58>: [Goddess Server 06] Enter KG_GoddessServer::_ping()
20250718-192924<DEBUG:00001658>: [Goddess Server 02] Enter KG_GoddessServer::_ping()
20250718-192925<DEBUG:00003524>: [Goddess Server 03] Enter KG_GoddessServer::_ping()
20250718-192925<DEBUG:00001EF0>: [Goddess Server 04] Enter KG_GoddessServer::_ping()
20250718-192925<DEBUG:000037C8>: [Goddess Server 05] Enter KG_GoddessServer::_ping()
20250718-192927<DEBUG:00003628>: [Goddess Server 08] Enter KG_GoddessServer::_ping()
20250718-192929<DEBUG:00003484>: [Goddess Server 07] Enter KG_GoddessServer::_ping()
20250718-192929<DEBUG:00001130>: [Goddess Server 01] Enter KG_GoddessServer::_ping()
20250718-192934<DEBUG:00003E58>: [Goddess Server 06] Enter KG_GoddessServer::_ping()
20250718-192934<DEBUG:00001658>: [Goddess Server 02] Enter KG_GoddessServer::_ping()
20250718-192934<DEBUG:00001658>: [Goddess Server 02] Enter KG_GoddessServer::_ping()
20250718-192935<DEBUG:00003524>: [Goddess Server 03] Enter KG_GoddessServer::_ping()
20250718-192935<DEBUG:00003524>: [Goddess Server 03] Enter KG_GoddessServer::_ping()
20250718-192935<DEBUG:00004638>: [Goddess Server 00] Enter KG_GoddessServer::_query_role_list()
20250718-192935<INFO :00004638>: [Goddess Server 00] Query roles list of account "xboyhd"
20250718-192935<DEBUG:00004638>: [Goddess Server 00] Leave KG_GoddessServer::_query_role_list()
20250718-192935<DEBUG:00001EF0>: [Goddess Server 04] Enter KG_GoddessServer::_ping()
20250718-192935<DEBUG:00001EF0>: [Goddess Server 04] Enter KG_GoddessServer::_ping()
20250718-192935<DEBUG:000037C8>: [Goddess Server 05] Enter KG_GoddessServer::_ping()
20250718-192936<DEBUG:000037C8>: [Goddess Server 05] Enter KG_GoddessServer::_ping()
20250718-192936<DEBUG:00004638>: [Goddess Server 00] Enter KG_GoddessServer::_query_role_list_in_zone()
20250718-192936<DEBUG:00004638>: [Goddess Server 00] Leave KG_GoddessServer::_query_role_list_in_zone()
20250718-192937<DEBUG:00003628>: [Goddess Server 08] Enter KG_GoddessServer::_ping()
20250718-192937<DEBUG:00003628>: [Goddess Server 08] Enter KG_GoddessServer::_ping()
20250718-192938<DEBUG:00004638>: [Goddess Server 00] Enter KG_GoddessServer::_query_role_data()
20250718-192938<INFO :00004638>: [Goddess Server 00] PacketID : 3, Get role "TCQGaming" of Account "xboyhd", Result = 1
20250718-192938<DEBUG:00004638>: [Goddess Server 00] Leave KG_GoddessServer::_query_role_data()
20250718-192938<DEBUG:00003628>: [Goddess Server 08] Unsupported protocol: 38
20250718-192939<DEBUG:00003484>: [Goddess Server 07] Enter KG_GoddessServer::_ping()
20250718-192939<DEBUG:00003484>: [Goddess Server 07] Enter KG_GoddessServer::_ping()
20250718-192940<DEBUG:00003628>: [Goddess Server 08] Unsupported protocol: 37
20250718-192944<DEBUG:00003E58>: [Goddess Server 06] Enter KG_GoddessServer::_ping()
20250718-192944<DEBUG:00003E58>: [Goddess Server 06] Enter KG_GoddessServer::_ping()
20250718-192944<DEBUG:00001658>: [Goddess Server 02] Enter KG_GoddessServer::_ping()
20250718-192945<DEBUG:00003524>: [Goddess Server 03] Enter KG_GoddessServer::_ping()
20250718-192945<DEBUG:00001EF0>: [Goddess Server 04] Enter KG_GoddessServer::_ping()
20250718-192945<DEBUG:000037C8>: [Goddess Server 05] Enter KG_GoddessServer::_ping()
20250718-192947<DEBUG:00003628>: [Goddess Server 08] Enter KG_GoddessServer::_ping()
20250718-192949<DEBUG:00003484>: [Goddess Server 07] Enter KG_GoddessServer::_ping()
20250718-192954<DEBUG:00003E58>: [Goddess Server 06] Enter KG_GoddessServer::_ping()
20250718-192954<DEBUG:00001658>: [Goddess Server 02] Enter KG_GoddessServer::_ping()
20250718-192955<DEBUG:00003524>: [Goddess Server 03] Enter KG_GoddessServer::_ping()
20250718-192955<DEBUG:00001EF0>: [Goddess Server 04] Enter KG_GoddessServer::_ping()
20250718-192955<DEBUG:000037C8>: [Goddess Server 05] Enter KG_GoddessServer::_ping()
20250718-192957<DEBUG:00003628>: [Goddess Server 08] Enter KG_GoddessServer::_ping()
20250718-192958<DEBUG:00004638>: [Goddess Server 00] Enter KG_GoddessServer::_ping()
20250718-192959<DEBUG:00003484>: [Goddess Server 07] Enter KG_GoddessServer::_ping()
20250718-192959<DEBUG:00001130>: [Goddess Server 01] Enter KG_GoddessServer::_ping()
20250718-193004<DEBUG:00003E58>: [Goddess Server 06] Enter KG_GoddessServer::_ping()
20250718-193004<DEBUG:00003628>: [Goddess Server 08] Enter KG_GoddessServer::_save_role_data()
20250718-193004<INFO :00003628>: [Goddess Server 08] PacketID : 1, Save role "TCQGaming" of Account "xboyhd", LeaveFlag = 1, Result = 1
20250718-193004<DEBUG:00003628>: [Goddess Server 08] Leave KG_GoddessServer::_save_role_data()
20250718-193004<DEBUG:00001658>: [Goddess Server 02] Unsupported protocol: 38
20250718-193004<DEBUG:00001658>: [Goddess Server 02] Unsupported protocol: 37
20250718-193004<DEBUG:00001658>: [Goddess Server 02] Enter KG_GoddessServer::_ping()
20250718-193004<DEBUG:00001658>: [Goddess Server 02] Enter KG_GoddessServer::_ping()
20250718-193005<DEBUG:00003524>: [Goddess Server 03] Enter KG_GoddessServer::_ping()
20250718-193005<DEBUG:00003524>: [Goddess Server 03] Enter KG_GoddessServer::_ping()
20250718-193005<DEBUG:00001EF0>: [Goddess Server 04] Enter KG_GoddessServer::_ping()
20250718-193005<DEBUG:00001EF0>: [Goddess Server 04] Enter KG_GoddessServer::_ping()
20250718-193005<DEBUG:000037C8>: [Goddess Server 05] Enter KG_GoddessServer::_ping()
20250718-193006<DEBUG:000037C8>: [Goddess Server 05] Enter KG_GoddessServer::_ping()
20250718-193007<DEBUG:00003628>: [Goddess Server 08] Enter KG_GoddessServer::_ping()
20250718-193007<DEBUG:00003628>: [Goddess Server 08] Enter KG_GoddessServer::_ping()
20250718-193009<DEBUG:00003484>: [Goddess Server 07] Enter KG_GoddessServer::_ping()
20250718-193009<DEBUG:00003484>: [Goddess Server 07] Enter KG_GoddessServer::_ping()
20250718-193014<DEBUG:00003E58>: [Goddess Server 06] Enter KG_GoddessServer::_ping()
20250718-193014<DEBUG:00003E58>: [Goddess Server 06] Enter KG_GoddessServer::_ping()
20250718-193014<DEBUG:00001658>: [Goddess Server 02] Enter KG_GoddessServer::_ping()
20250718-193015<DEBUG:00003524>: [Goddess Server 03] Enter KG_GoddessServer::_ping()
20250718-193015<DEBUG:00001EF0>: [Goddess Server 04] Enter KG_GoddessServer::_ping()
20250718-193015<DEBUG:000037C8>: [Goddess Server 05] Enter KG_GoddessServer::_ping()
20250718-193017<DEBUG:00003628>: [Goddess Server 08] Enter KG_GoddessServer::_ping()
20250718-193018<DEBUG:00004638>: [Goddess Server 00] Enter KG_GoddessServer::_ping()
20250718-193019<DEBUG:00003484>: [Goddess Server 07] Enter KG_GoddessServer::_ping()
20250718-193024<DEBUG:00003E58>: [Goddess Server 06] Enter KG_GoddessServer::_ping()
20250718-193024<DEBUG:00001658>: [Goddess Server 02] Enter KG_GoddessServer::_ping()
20250718-193025<DEBUG:00003524>: [Goddess Server 03] Enter KG_GoddessServer::_ping()
20250718-193025<DEBUG:00001EF0>: [Goddess Server 04] Enter KG_GoddessServer::_ping()
20250718-193025<DEBUG:000037C8>: [Goddess Server 05] Enter KG_GoddessServer::_ping()
20250718-193027<DEBUG:00003628>: [Goddess Server 08] Enter KG_GoddessServer::_ping()
20250718-193029<DEBUG:00003484>: [Goddess Server 07] Enter KG_GoddessServer::_ping()
20250718-193029<DEBUG:00001130>: [Goddess Server 01] Enter KG_GoddessServer::_ping()
20250718-193034<DEBUG:00003E58>: [Goddess Server 06] Enter KG_GoddessServer::_ping()
20250718-193034<DEBUG:00001658>: [Goddess Server 02] Enter KG_GoddessServer::_ping()
20250718-193034<DEBUG:00001658>: [Goddess Server 02] Enter KG_GoddessServer::_ping()
20250718-193035<DEBUG:00003524>: [Goddess Server 03] Enter KG_GoddessServer::_ping()
20250718-193035<DEBUG:00003524>: [Goddess Server 03] Enter KG_GoddessServer::_ping()
20250718-193035<DEBUG:00001EF0>: [Goddess Server 04] Enter KG_GoddessServer::_ping()
20250718-193035<DEBUG:00001EF0>: [Goddess Server 04] Enter KG_GoddessServer::_ping()
20250718-193035<DEBUG:000037C8>: [Goddess Server 05] Enter KG_GoddessServer::_ping()
20250718-193036<DEBUG:000037C8>: [Goddess Server 05] Enter KG_GoddessServer::_ping()
20250718-193037<DEBUG:00003628>: [Goddess Server 08] Enter KG_GoddessServer::_ping()
20250718-193037<DEBUG:00003628>: [Goddess Server 08] Enter KG_GoddessServer::_ping()
20250718-193038<DEBUG:00004638>: [Goddess Server 00] Enter KG_GoddessServer::_ping()
20250718-193039<DEBUG:00003484>: [Goddess Server 07] Enter KG_GoddessServer::_ping()
20250718-193039<DEBUG:00003484>: [Goddess Server 07] Enter KG_GoddessServer::_ping()
20250718-193044<DEBUG:00003E58>: [Goddess Server 06] Enter KG_GoddessServer::_ping()
20250718-193044<DEBUG:00003E58>: [Goddess Server 06] Enter KG_GoddessServer::_ping()
20250718-193044<DEBUG:00001658>: [Goddess Server 02] Enter KG_GoddessServer::_ping()
20250718-193045<DEBUG:00003524>: [Goddess Server 03] Enter KG_GoddessServer::_ping()
20250718-193045<DEBUG:00001EF0>: [Goddess Server 04] Enter KG_GoddessServer::_ping()
20250718-193045<DEBUG:000037C8>: [Goddess Server 05] Enter KG_GoddessServer::_ping()
20250718-193047<DEBUG:00003628>: [Goddess Server 08] Enter KG_GoddessServer::_ping()
20250718-193049<DEBUG:00003484>: [Goddess Server 07] Enter KG_GoddessServer::_ping()
20250718-193054<DEBUG:00003E58>: [Goddess Server 06] Enter KG_GoddessServer::_ping()
20250718-193054<DEBUG:00001658>: [Goddess Server 02] Enter KG_GoddessServer::_ping()
20250718-193055<DEBUG:00003524>: [Goddess Server 03] Enter KG_GoddessServer::_ping()
20250718-193055<DEBUG:00001EF0>: [Goddess Server 04] Enter KG_GoddessServer::_ping()
20250718-193055<DEBUG:000037C8>: [Goddess Server 05] Enter KG_GoddessServer::_ping()
20250718-193057<DEBUG:00003628>: [Goddess Server 08] Enter KG_GoddessServer::_ping()
20250718-193058<DEBUG:00004638>: [Goddess Server 00] Enter KG_GoddessServer::_ping()
20250718-193059<DEBUG:00003484>: [Goddess Server 07] Enter KG_GoddessServer::_ping()
20250718-193059<DEBUG:00001130>: [Goddess Server 01] Enter KG_GoddessServer::_ping()
20250718-193104<DEBUG:00003E58>: [Goddess Server 06] Enter KG_GoddessServer::_ping()
20250718-193104<DEBUG:00001658>: [Goddess Server 02] Enter KG_GoddessServer::_ping()
20250718-193104<DEBUG:00001658>: [Goddess Server 02] Enter KG_GoddessServer::_ping()
20250718-193105<DEBUG:00003524>: [Goddess Server 03] Enter KG_GoddessServer::_ping()
20250718-193105<DEBUG:00003524>: [Goddess Server 03] Enter KG_GoddessServer::_ping()
20250718-193105<DEBUG:00001EF0>: [Goddess Server 04] Enter KG_GoddessServer::_ping()
20250718-193105<DEBUG:00001EF0>: [Goddess Server 04] Enter KG_GoddessServer::_ping()
20250718-193105<DEBUG:000037C8>: [Goddess Server 05] Enter KG_GoddessServer::_ping()
20250718-193106<DEBUG:000037C8>: [Goddess Server 05] Enter KG_GoddessServer::_ping()
20250718-193107<DEBUG:00003628>: [Goddess Server 08] Enter KG_GoddessServer::_ping()
20250718-193107<DEBUG:00003628>: [Goddess Server 08] Enter KG_GoddessServer::_ping()
20250718-193109<DEBUG:00003484>: [Goddess Server 07] Enter KG_GoddessServer::_ping()
20250718-193109<DEBUG:00003484>: [Goddess Server 07] Enter KG_GoddessServer::_ping()
20250718-193114<DEBUG:00003E58>: [Goddess Server 06] Enter KG_GoddessServer::_ping()
20250718-193114<DEBUG:00003E58>: [Goddess Server 06] Enter KG_GoddessServer::_ping()
20250718-193114<DEBUG:00001658>: [Goddess Server 02] Enter KG_GoddessServer::_ping()
20250718-193115<DEBUG:00003524>: [Goddess Server 03] Enter KG_GoddessServer::_ping()
20250718-193115<DEBUG:00001EF0>: [Goddess Server 04] Enter KG_GoddessServer::_ping()
20250718-193115<DEBUG:000037C8>: [Goddess Server 05] Enter KG_GoddessServer::_ping()
20250718-193117<DEBUG:00003628>: [Goddess Server 08] Enter KG_GoddessServer::_ping()
20250718-193118<DEBUG:00004638>: [Goddess Server 00] Enter KG_GoddessServer::_ping()
20250718-193119<DEBUG:00003484>: [Goddess Server 07] Enter KG_GoddessServer::_ping()
20250718-193124<DEBUG:00003E58>: [Goddess Server 06] Enter KG_GoddessServer::_ping()
20250718-193124<DEBUG:00001658>: [Goddess Server 02] Enter KG_GoddessServer::_ping()
20250718-193125<DEBUG:00003524>: [Goddess Server 03] Enter KG_GoddessServer::_ping()
20250718-193125<DEBUG:00001EF0>: [Goddess Server 04] Enter KG_GoddessServer::_ping()
20250718-193125<DEBUG:000037C8>: [Goddess Server 05] Enter KG_GoddessServer::_ping()
20250718-193127<DEBUG:00003628>: [Goddess Server 08] Enter KG_GoddessServer::_ping()
20250718-193129<DEBUG:00003484>: [Goddess Server 07] Enter KG_GoddessServer::_ping()
20250718-193129<DEBUG:00001130>: [Goddess Server 01] Enter KG_GoddessServer::_ping()
20250718-193134<DEBUG:00003E58>: [Goddess Server 06] Enter KG_GoddessServer::_ping()
20250718-193134<DEBUG:00001658>: [Goddess Server 02] Enter KG_GoddessServer::_ping()
20250718-193135<DEBUG:00001658>: [Goddess Server 02] Enter KG_GoddessServer::_ping()
20250718-193135<DEBUG:00003524>: [Goddess Server 03] Enter KG_GoddessServer::_ping()
20250718-193135<DEBUG:00003524>: [Goddess Server 03] Enter KG_GoddessServer::_ping()
20250718-193135<DEBUG:00001EF0>: [Goddess Server 04] Enter KG_GoddessServer::_ping()
20250718-193135<DEBUG:00001EF0>: [Goddess Server 04] Enter KG_GoddessServer::_ping()
20250718-193135<DEBUG:000037C8>: [Goddess Server 05] Enter KG_GoddessServer::_ping()
20250718-193136<DEBUG:000037C8>: [Goddess Server 05] Enter KG_GoddessServer::_ping()
20250718-193137<DEBUG:00003628>: [Goddess Server 08] Enter KG_GoddessServer::_ping()
20250718-193137<DEBUG:00003628>: [Goddess Server 08] Enter KG_GoddessServer::_ping()
20250718-193138<DEBUG:00004638>: [Goddess Server 00] Enter KG_GoddessServer::_ping()
20250718-193139<DEBUG:00003484>: [Goddess Server 07] Enter KG_GoddessServer::_ping()
20250718-193139<DEBUG:00003484>: [Goddess Server 07] Enter KG_GoddessServer::_ping()
20250718-193144<DEBUG:00003E58>: [Goddess Server 06] Enter KG_GoddessServer::_ping()
20250718-193144<DEBUG:00003E58>: [Goddess Server 06] Enter KG_GoddessServer::_ping()
20250718-193144<DEBUG:00001658>: [Goddess Server 02] Enter KG_GoddessServer::_ping()
20250718-193145<DEBUG:00003524>: [Goddess Server 03] Enter KG_GoddessServer::_ping()
20250718-193145<DEBUG:00001EF0>: [Goddess Server 04] Enter KG_GoddessServer::_ping()
20250718-193145<DEBUG:000037C8>: [Goddess Server 05] Enter KG_GoddessServer::_ping()
20250718-193147<DEBUG:00003628>: [Goddess Server 08] Enter KG_GoddessServer::_ping()
20250718-193149<DEBUG:00003484>: [Goddess Server 07] Enter KG_GoddessServer::_ping()
20250718-193154<DEBUG:00003E58>: [Goddess Server 06] Enter KG_GoddessServer::_ping()
20250718-193154<DEBUG:00001658>: [Goddess Server 02] Enter KG_GoddessServer::_ping()
20250718-193155<DEBUG:00003524>: [Goddess Server 03] Enter KG_GoddessServer::_ping()
20250718-193155<DEBUG:00001EF0>: [Goddess Server 04] Enter KG_GoddessServer::_ping()
20250718-193155<DEBUG:000037C8>: [Goddess Server 05] Enter KG_GoddessServer::_ping()
20250718-193157<DEBUG:00003628>: [Goddess Server 08] Enter KG_GoddessServer::_ping()
20250718-193158<DEBUG:00004638>: [Goddess Server 00] Enter KG_GoddessServer::_ping()
20250718-193159<DEBUG:00003484>: [Goddess Server 07] Enter KG_GoddessServer::_ping()
20250718-193159<DEBUG:00001130>: [Goddess Server 01] Enter KG_GoddessServer::_ping()
20250718-193204<DEBUG:00003E58>: [Goddess Server 06] Enter KG_GoddessServer::_ping()
20250718-193204<DEBUG:00001658>: [Goddess Server 02] Enter KG_GoddessServer::_ping()
20250718-193205<DEBUG:00001658>: [Goddess Server 02] Enter KG_GoddessServer::_ping()
20250718-193205<DEBUG:00003524>: [Goddess Server 03] Enter KG_GoddessServer::_ping()
20250718-193205<DEBUG:00001EF0>: [Goddess Server 04] Enter KG_GoddessServer::_ping()
20250718-193205<DEBUG:00003524>: [Goddess Server 03] Enter KG_GoddessServer::_ping()
20250718-193205<DEBUG:000037C8>: [Goddess Server 05] Enter KG_GoddessServer::_ping()
20250718-193205<DEBUG:00001EF0>: [Goddess Server 04] Enter KG_GoddessServer::_ping()
20250718-193206<DEBUG:000037C8>: [Goddess Server 05] Enter KG_GoddessServer::_ping()
20250718-193207<DEBUG:00003628>: [Goddess Server 08] Enter KG_GoddessServer::_ping()
20250718-193207<DEBUG:00003628>: [Goddess Server 08] Enter KG_GoddessServer::_ping()
20250718-193209<DEBUG:00003484>: [Goddess Server 07] Enter KG_GoddessServer::_ping()
20250718-193209<DEBUG:00003484>: [Goddess Server 07] Enter KG_GoddessServer::_ping()
20250718-193214<DEBUG:00003E58>: [Goddess Server 06] Enter KG_GoddessServer::_ping()
20250718-193214<DEBUG:00003E58>: [Goddess Server 06] Enter KG_GoddessServer::_ping()
20250718-193214<DEBUG:00001658>: [Goddess Server 02] Enter KG_GoddessServer::_ping()
20250718-193215<DEBUG:00003524>: [Goddess Server 03] Enter KG_GoddessServer::_ping()
20250718-193215<DEBUG:00001EF0>: [Goddess Server 04] Enter KG_GoddessServer::_ping()
20250718-193215<DEBUG:000037C8>: [Goddess Server 05] Enter KG_GoddessServer::_ping()
20250718-193217<DEBUG:00003628>: [Goddess Server 08] Enter KG_GoddessServer::_ping()
20250718-193218<DEBUG:00004638>: [Goddess Server 00] Enter KG_GoddessServer::_ping()
20250718-193219<DEBUG:00003484>: [Goddess Server 07] Enter KG_GoddessServer::_ping()
20250718-193224<DEBUG:00003E58>: [Goddess Server 06] Enter KG_GoddessServer::_ping()
20250718-193224<DEBUG:00001658>: [Goddess Server 02] Enter KG_GoddessServer::_ping()
20250718-193225<DEBUG:00003524>: [Goddess Server 03] Enter KG_GoddessServer::_ping()
20250718-193225<DEBUG:00001EF0>: [Goddess Server 04] Enter KG_GoddessServer::_ping()
20250718-193225<DEBUG:000037C8>: [Goddess Server 05] Enter KG_GoddessServer::_ping()
20250718-193227<DEBUG:00003628>: [Goddess Server 08] Enter KG_GoddessServer::_ping()
20250718-193229<DEBUG:00003484>: [Goddess Server 07] Enter KG_GoddessServer::_ping()
20250718-193229<DEBUG:00001130>: [Goddess Server 01] Enter KG_GoddessServer::_ping()
20250718-193234<DEBUG:00003E58>: [Goddess Server 06] Enter KG_GoddessServer::_ping()
20250718-193234<DEBUG:00001658>: [Goddess Server 02] Enter KG_GoddessServer::_ping()
20250718-193235<DEBUG:00001658>: [Goddess Server 02] Enter KG_GoddessServer::_ping()
20250718-193235<DEBUG:00003524>: [Goddess Server 03] Enter KG_GoddessServer::_ping()
20250718-193235<DEBUG:00001EF0>: [Goddess Server 04] Enter KG_GoddessServer::_ping()
20250718-193235<DEBUG:00003524>: [Goddess Server 03] Enter KG_GoddessServer::_ping()
20250718-193235<DEBUG:000037C8>: [Goddess Server 05] Enter KG_GoddessServer::_ping()
20250718-193236<DEBUG:00001EF0>: [Goddess Server 04] Enter KG_GoddessServer::_ping()
20250718-193236<DEBUG:000037C8>: [Goddess Server 05] Enter KG_GoddessServer::_ping()
20250718-193237<DEBUG:00003628>: [Goddess Server 08] Enter KG_GoddessServer::_ping()
20250718-193237<DEBUG:00003628>: [Goddess Server 08] Enter KG_GoddessServer::_ping()
20250718-193238<DEBUG:00004638>: [Goddess Server 00] Enter KG_GoddessServer::_ping()
20250718-193239<DEBUG:00003484>: [Goddess Server 07] Enter KG_GoddessServer::_ping()
20250718-193239<DEBUG:00003484>: [Goddess Server 07] Enter KG_GoddessServer::_ping()
20250718-193244<DEBUG:00003E58>: [Goddess Server 06] Enter KG_GoddessServer::_ping()
20250718-193244<DEBUG:00003E58>: [Goddess Server 06] Enter KG_GoddessServer::_ping()
20250718-193244<DEBUG:00001658>: [Goddess Server 02] Enter KG_GoddessServer::_ping()
20250718-193245<DEBUG:00003524>: [Goddess Server 03] Enter KG_GoddessServer::_ping()
20250718-193245<DEBUG:00001EF0>: [Goddess Server 04] Enter KG_GoddessServer::_ping()
20250718-193245<DEBUG:000037C8>: [Goddess Server 05] Enter KG_GoddessServer::_ping()
20250718-193247<DEBUG:00003628>: [Goddess Server 08] Enter KG_GoddessServer::_ping()
20250718-193249<DEBUG:00003484>: [Goddess Server 07] Enter KG_GoddessServer::_ping()
20250718-193254<DEBUG:00003E58>: [Goddess Server 06] Enter KG_GoddessServer::_ping()
20250718-193254<DEBUG:00001658>: [Goddess Server 02] Enter KG_GoddessServer::_ping()
20250718-193255<DEBUG:00003524>: [Goddess Server 03] Enter KG_GoddessServer::_ping()
20250718-193255<DEBUG:00001EF0>: [Goddess Server 04] Enter KG_GoddessServer::_ping()
20250718-193255<DEBUG:000037C8>: [Goddess Server 05] Enter KG_GoddessServer::_ping()
20250718-193257<DEBUG:00003628>: [Goddess Server 08] Enter KG_GoddessServer::_ping()
20250718-193258<DEBUG:00004638>: [Goddess Server 00] Enter KG_GoddessServer::_ping()
20250718-193259<DEBUG:00003484>: [Goddess Server 07] Enter KG_GoddessServer::_ping()
20250718-193259<DEBUG:00001130>: [Goddess Server 01] Enter KG_GoddessServer::_ping()
20250718-193304<DEBUG:00003E58>: [Goddess Server 06] Enter KG_GoddessServer::_ping()
20250718-193304<DEBUG:00001658>: [Goddess Server 02] Enter KG_GoddessServer::_ping()
20250718-193305<DEBUG:00001658>: [Goddess Server 02] Enter KG_GoddessServer::_ping()
20250718-193305<DEBUG:00003524>: [Goddess Server 03] Enter KG_GoddessServer::_ping()
20250718-193305<DEBUG:00001EF0>: [Goddess Server 04] Enter KG_GoddessServer::_ping()
20250718-193305<DEBUG:00003524>: [Goddess Server 03] Enter KG_GoddessServer::_ping()
20250718-193305<DEBUG:000037C8>: [Goddess Server 05] Enter KG_GoddessServer::_ping()
20250718-193306<DEBUG:00001EF0>: [Goddess Server 04] Enter KG_GoddessServer::_ping()
20250718-193306<DEBUG:000037C8>: [Goddess Server 05] Enter KG_GoddessServer::_ping()
20250718-193307<DEBUG:00003628>: [Goddess Server 08] Enter KG_GoddessServer::_ping()
20250718-193307<DEBUG:00003628>: [Goddess Server 08] Enter KG_GoddessServer::_ping()
20250718-193309<DEBUG:00003484>: [Goddess Server 07] Enter KG_GoddessServer::_ping()
20250718-193309<DEBUG:00003484>: [Goddess Server 07] Enter KG_GoddessServer::_ping()
20250718-193314<DEBUG:00003E58>: [Goddess Server 06] Enter KG_GoddessServer::_ping()
20250718-193314<DEBUG:00003E58>: [Goddess Server 06] Enter KG_GoddessServer::_ping()
20250718-193314<DEBUG:00001658>: [Goddess Server 02] Enter KG_GoddessServer::_ping()
20250718-193315<DEBUG:00003524>: [Goddess Server 03] Enter KG_GoddessServer::_ping()
20250718-193315<DEBUG:00001EF0>: [Goddess Server 04] Enter KG_GoddessServer::_ping()
20250718-193315<DEBUG:000037C8>: [Goddess Server 05] Enter KG_GoddessServer::_ping()
20250718-193317<DEBUG:00003628>: [Goddess Server 08] Enter KG_GoddessServer::_ping()
20250718-193318<DEBUG:00004638>: [Goddess Server 00] Enter KG_GoddessServer::_ping()
20250718-193319<DEBUG:00003484>: [Goddess Server 07] Enter KG_GoddessServer::_ping()
20250718-193324<DEBUG:00003E58>: [Goddess Server 06] Enter KG_GoddessServer::_ping()
20250718-193324<DEBUG:00001658>: [Goddess Server 02] Enter KG_GoddessServer::_ping()
20250718-193325<DEBUG:00003524>: [Goddess Server 03] Enter KG_GoddessServer::_ping()
20250718-193325<DEBUG:00001EF0>: [Goddess Server 04] Enter KG_GoddessServer::_ping()
20250718-193325<DEBUG:000037C8>: [Goddess Server 05] Enter KG_GoddessServer::_ping()
20250718-193327<DEBUG:00003628>: [Goddess Server 08] Enter KG_GoddessServer::_ping()
20250718-193329<DEBUG:00003484>: [Goddess Server 07] Enter KG_GoddessServer::_ping()
20250718-193329<DEBUG:00001130>: [Goddess Server 01] Enter KG_GoddessServer::_ping()
20250718-193334<DEBUG:00003E58>: [Goddess Server 06] Enter KG_GoddessServer::_ping()
20250718-193334<DEBUG:00001658>: [Goddess Server 02] Enter KG_GoddessServer::_ping()
20250718-193335<DEBUG:00003524>: [Goddess Server 03] Enter KG_GoddessServer::_ping()
20250718-193335<DEBUG:00001658>: [Goddess Server 02] Enter KG_GoddessServer::_ping()
20250718-193335<DEBUG:00001EF0>: [Goddess Server 04] Enter KG_GoddessServer::_ping()
20250718-193335<DEBUG:00003524>: [Goddess Server 03] Enter KG_GoddessServer::_ping()
20250718-193335<DEBUG:000037C8>: [Goddess Server 05] Enter KG_GoddessServer::_ping()
20250718-193336<DEBUG:00001EF0>: [Goddess Server 04] Enter KG_GoddessServer::_ping()
20250718-193336<DEBUG:000037C8>: [Goddess Server 05] Enter KG_GoddessServer::_ping()
20250718-193337<DEBUG:00003628>: [Goddess Server 08] Enter KG_GoddessServer::_ping()
20250718-193337<DEBUG:00003628>: [Goddess Server 08] Enter KG_GoddessServer::_ping()
20250718-193338<DEBUG:00004638>: [Goddess Server 00] Enter KG_GoddessServer::_ping()
20250718-193339<DEBUG:00003484>: [Goddess Server 07] Enter KG_GoddessServer::_ping()
20250718-193339<DEBUG:00003484>: [Goddess Server 07] Enter KG_GoddessServer::_ping()
20250718-193344<DEBUG:00003E58>: [Goddess Server 06] Enter KG_GoddessServer::_ping()
20250718-193344<DEBUG:00003E58>: [Goddess Server 06] Enter KG_GoddessServer::_ping()
20250718-193344<DEBUG:00001658>: [Goddess Server 02] Enter KG_GoddessServer::_ping()
20250718-193345<DEBUG:00003524>: [Goddess Server 03] Enter KG_GoddessServer::_ping()
20250718-193345<DEBUG:00001EF0>: [Goddess Server 04] Enter KG_GoddessServer::_ping()
20250718-193345<DEBUG:000037C8>: [Goddess Server 05] Enter KG_GoddessServer::_ping()
20250718-193347<DEBUG:00003628>: [Goddess Server 08] Enter KG_GoddessServer::_ping()
20250718-193349<DEBUG:00003484>: [Goddess Server 07] Enter KG_GoddessServer::_ping()
20250718-193354<DEBUG:00003E58>: [Goddess Server 06] Enter KG_GoddessServer::_ping()
20250718-193354<DEBUG:00001658>: [Goddess Server 02] Enter KG_GoddessServer::_ping()
20250718-193355<DEBUG:00003524>: [Goddess Server 03] Enter KG_GoddessServer::_ping()
20250718-193355<DEBUG:00001EF0>: [Goddess Server 04] Enter KG_GoddessServer::_ping()
20250718-193355<DEBUG:000037C8>: [Goddess Server 05] Enter KG_GoddessServer::_ping()
20250718-193357<DEBUG:00003628>: [Goddess Server 08] Enter KG_GoddessServer::_ping()
20250718-193358<DEBUG:00004638>: [Goddess Server 00] Enter KG_GoddessServer::_ping()
20250718-193359<DEBUG:00003484>: [Goddess Server 07] Enter KG_GoddessServer::_ping()
20250718-193359<DEBUG:00001130>: [Goddess Server 01] Enter KG_GoddessServer::_ping()
20250718-193404<DEBUG:00003E58>: [Goddess Server 06] Enter KG_GoddessServer::_ping()
20250718-193404<DEBUG:00001658>: [Goddess Server 02] Enter KG_GoddessServer::_ping()
20250718-193405<DEBUG:00003524>: [Goddess Server 03] Enter KG_GoddessServer::_ping()
20250718-193405<DEBUG:00001658>: [Goddess Server 02] Enter KG_GoddessServer::_ping()
20250718-193405<DEBUG:00001EF0>: [Goddess Server 04] Enter KG_GoddessServer::_ping()
20250718-193405<DEBUG:00003524>: [Goddess Server 03] Enter KG_GoddessServer::_ping()
20250718-193405<DEBUG:000037C8>: [Goddess Server 05] Enter KG_GoddessServer::_ping()
20250718-193406<DEBUG:00001EF0>: [Goddess Server 04] Enter KG_GoddessServer::_ping()
20250718-193406<DEBUG:000037C8>: [Goddess Server 05] Enter KG_GoddessServer::_ping()
20250718-193407<DEBUG:00003628>: [Goddess Server 08] Enter KG_GoddessServer::_ping()
20250718-193407<DEBUG:00003628>: [Goddess Server 08] Enter KG_GoddessServer::_ping()
20250718-193409<DEBUG:00003484>: [Goddess Server 07] Enter KG_GoddessServer::_ping()
20250718-193409<DEBUG:00003484>: [Goddess Server 07] Enter KG_GoddessServer::_ping()
20250718-193414<DEBUG:00003E58>: [Goddess Server 06] Enter KG_GoddessServer::_ping()
20250718-193414<DEBUG:00003E58>: [Goddess Server 06] Enter KG_GoddessServer::_ping()
20250718-193414<DEBUG:00001658>: [Goddess Server 02] Enter KG_GoddessServer::_ping()
20250718-193415<DEBUG:00003524>: [Goddess Server 03] Enter KG_GoddessServer::_ping()
20250718-193415<DEBUG:00001EF0>: [Goddess Server 04] Enter KG_GoddessServer::_ping()
20250718-193415<DEBUG:000037C8>: [Goddess Server 05] Enter KG_GoddessServer::_ping()
20250718-193417<DEBUG:00003628>: [Goddess Server 08] Enter KG_GoddessServer::_ping()
20250718-193418<DEBUG:00004638>: [Goddess Server 00] Enter KG_GoddessServer::_ping()
20250718-193419<DEBUG:00003484>: [Goddess Server 07] Enter KG_GoddessServer::_ping()
20250718-193424<DEBUG:00003E58>: [Goddess Server 06] Enter KG_GoddessServer::_ping()
20250718-193424<DEBUG:00001658>: [Goddess Server 02] Enter KG_GoddessServer::_ping()
20250718-193425<DEBUG:00003524>: [Goddess Server 03] Enter KG_GoddessServer::_ping()
20250718-193425<DEBUG:00001EF0>: [Goddess Server 04] Enter KG_GoddessServer::_ping()
20250718-193425<DEBUG:000037C8>: [Goddess Server 05] Enter KG_GoddessServer::_ping()
20250718-193427<DEBUG:00003628>: [Goddess Server 08] Enter KG_GoddessServer::_ping()
20250718-193429<DEBUG:00003484>: [Goddess Server 07] Enter KG_GoddessServer::_ping()
20250718-193429<DEBUG:00001130>: [Goddess Server 01] Enter KG_GoddessServer::_ping()
20250718-193434<DEBUG:00003E58>: [Goddess Server 06] Enter KG_GoddessServer::_ping()
