20250718-192902<INFO :00003D14>: [KG_Goddess] starting ...
20250718-192902<INFO :00003D14>: [KG_Goddess] Loading kg_goddess.ini
20250718-192902<INFO :00003D14>: [KG_Goddess] Loaded KG_Angel, version 2.5
20250718-192902<INFO :00003D14>: [KG_Goddess] Initializing role database ...
20250718-192902<DEBUG:00003D14>: [KGD] Success connect to localhost:3306, character set switch to latin1
20250718-192902<INFO :00003D14>: [KG_Goddess] Initializing role statistic ...
20250718-192902<INFO :00003D14>: [KG_Goddess] Initializing server manager ...
20250718-192902<INFO :00003D14>: [KG_Goddess] Initializing Sequence ...
20250718-192902<INFO :00003D14>: [KG_Goddess] Initializing NameServer ...
20250718-192902<DEBUG:00003D14>: [Database] character set switch to latin1
20250718-192902<INFO :00003D14>: [ServerManager] Listening at 127.0.0.1:5001
20250718-192902<INFO :00003D14>: [KG_Goddess] RoleLock disable
20250718-192902<INFO :00003D14>: [KG_Goddess] Set log level to DEBUG
20250718-192902<INFO :00003D14>: [KG_Goddess] Start success
20250718-192903<DEBUG:00003D14>: nSocket = 696, nSendFlag = 0, Error = 10054
20250718-192903<INFO :00003A40>: [ServerManager] Accept from (127.0.0.1: 59036) SocketStream = 00F57390
20250718-192903<INFO :00000274>: [Goddess Server 00] Started, service for 127.0.0.1:59036
20250718-192903<DEBUG:00000274>: [KGD] Success connect to localhost:3306, character set switch to latin1
20250718-192905<INFO :00003A40>: [ServerManager] Accept from (127.0.0.1: 59042) SocketStream = 00F576F0
20250718-192905<INFO :00004ABC>: [Goddess Server 01] Started, service for 127.0.0.1:59042
20250718-192905<DEBUG:00004ABC>: [KGD] Success connect to localhost:3306, character set switch to latin1
20250718-192909<INFO :00003A40>: [ServerManager] Accept from (127.0.0.1: 59053) SocketStream = 00F573D8
20250718-192909<INFO :00003B90>: [Goddess Server 02] Started, service for 127.0.0.1:59053
20250718-192909<DEBUG:00003B90>: [KGD] Success connect to localhost:3306, character set switch to latin1
20250718-192909<DEBUG:00003B90>: [Goddess Server 02] Enter KG_GoddessServer::_query_statistic_info()
20250718-192909<DEBUG:00003B90>: KGLOG_PROCESS_ERROR(piStatistic) at line 2189 in KG_GoddessServer::_query_statistic_info
20250718-192909<DEBUG:00003B90>: [Goddess Server 02] Leave KG_GoddessServer::_query_statistic_info()
20250718-192909<INFO :00003A40>: [ServerManager] Accept from (127.0.0.1: 59058) SocketStream = 00F574B0
20250718-192909<INFO :000006A8>: [Goddess Server 03] Started, service for 127.0.0.1:59058
20250718-192909<DEBUG:000006A8>: [KGD] Success connect to localhost:3306, character set switch to latin1
20250718-192909<DEBUG:000006A8>: [Goddess Server 03] Enter KG_GoddessServer::_query_statistic_info()
20250718-192909<DEBUG:000006A8>: KGLOG_PROCESS_ERROR(piStatistic) at line 2189 in KG_GoddessServer::_query_statistic_info
20250718-192909<DEBUG:000006A8>: [Goddess Server 03] Leave KG_GoddessServer::_query_statistic_info()
20250718-192909<INFO :00003A40>: [ServerManager] Accept from (127.0.0.1: 59063) SocketStream = 00F572B8
20250718-192909<INFO :000046EC>: [Goddess Server 04] Started, service for 127.0.0.1:59063
20250718-192909<DEBUG:000046EC>: [KGD] Success connect to localhost:3306, character set switch to latin1
20250718-192909<INFO :00003A40>: [ServerManager] Accept from (127.0.0.1: 59068) SocketStream = 00F574F8
20250718-192909<INFO :000025C8>: [Goddess Server 05] Started, service for 127.0.0.1:59068
20250718-192909<DEBUG:000025C8>: [KGD] Success connect to localhost:3306, character set switch to latin1
20250718-192909<DEBUG:000025C8>: [Goddess Server 05] Enter KG_GoddessServer::_query_statistic_info()
20250718-192909<DEBUG:000025C8>: KGLOG_PROCESS_ERROR(piStatistic) at line 2189 in KG_GoddessServer::_query_statistic_info
20250718-192909<DEBUG:000025C8>: [Goddess Server 05] Leave KG_GoddessServer::_query_statistic_info()
20250718-192909<INFO :00003A40>: [ServerManager] Accept from (127.0.0.1: 59073) SocketStream = 00F56FE8
20250718-192909<INFO :00003B4C>: [Goddess Server 06] Started, service for 127.0.0.1:59073
20250718-192909<DEBUG:00003B4C>: [KGD] Success connect to localhost:3306, character set switch to latin1
20250718-192909<INFO :00003A40>: [ServerManager] Accept from (127.0.0.1: 59076) SocketStream = 00F57588
20250718-192909<INFO :00004B74>: [Goddess Server 07] Started, service for 127.0.0.1:59076
20250718-192909<DEBUG:00004B74>: [KGD] Success connect to localhost:3306, character set switch to latin1
20250718-192910<INFO :00003A40>: [ServerManager] Accept from (127.0.0.1: 59079) SocketStream = 00F57030
20250718-192910<INFO :000015EC>: [Goddess Server 08] Started, service for 127.0.0.1:59079
20250718-192910<DEBUG:000015EC>: [KGD] Success connect to localhost:3306, character set switch to latin1
20250718-192910<DEBUG:000015EC>: [Goddess Server 08] Enter KG_GoddessServer::_query_statistic_info()
20250718-192910<DEBUG:000015EC>: KGLOG_PROCESS_ERROR(piStatistic) at line 2189 in KG_GoddessServer::_query_statistic_info
20250718-192910<DEBUG:000015EC>: [Goddess Server 08] Leave KG_GoddessServer::_query_statistic_info()
20250718-192911<DEBUG:00003B4C>: [Goddess Server 06] Enter KG_GoddessServer::_query_statistic_info()
20250718-192911<DEBUG:00003B4C>: KGLOG_PROCESS_ERROR(piStatistic) at line 2189 in KG_GoddessServer::_query_statistic_info
20250718-192911<DEBUG:00003B4C>: [Goddess Server 06] Leave KG_GoddessServer::_query_statistic_info()
20250718-192911<DEBUG:00004B74>: [Goddess Server 07] Enter KG_GoddessServer::_query_statistic_info()
20250718-192911<DEBUG:00004B74>: KGLOG_PROCESS_ERROR(piStatistic) at line 2189 in KG_GoddessServer::_query_statistic_info
20250718-192911<DEBUG:00004B74>: [Goddess Server 07] Leave KG_GoddessServer::_query_statistic_info()
20250718-192914<DEBUG:000046EC>: [Goddess Server 04] Enter KG_GoddessServer::_query_statistic_info()
20250718-192914<DEBUG:000046EC>: KGLOG_PROCESS_ERROR(piStatistic) at line 2189 in KG_GoddessServer::_query_statistic_info
20250718-192914<DEBUG:000046EC>: [Goddess Server 04] Leave KG_GoddessServer::_query_statistic_info()
20250718-192917<DEBUG:00003B90>: [Goddess Server 02] Enter KG_GoddessServer::_ping()
20250718-192917<DEBUG:000006A8>: [Goddess Server 03] Enter KG_GoddessServer::_ping()
20250718-192918<DEBUG:000025C8>: [Goddess Server 05] Enter KG_GoddessServer::_ping()
20250718-192919<DEBUG:000015EC>: [Goddess Server 08] Enter KG_GoddessServer::_ping()
20250718-192919<DEBUG:00000274>: [Goddess Server 00] Enter KG_GoddessServer::_query_role_list()
20250718-192919<INFO :00000274>: [Goddess Server 00] Query roles list of account "xboyhd2"
20250718-192919<DEBUG:00000274>: [Goddess Server 00] Leave KG_GoddessServer::_query_role_list()
20250718-192920<DEBUG:00000274>: [Goddess Server 00] Enter KG_GoddessServer::_query_role_list_in_zone()
20250718-192920<DEBUG:00000274>: [Goddess Server 00] Leave KG_GoddessServer::_query_role_list_in_zone()
20250718-192920<DEBUG:00003B4C>: [Goddess Server 06] Enter KG_GoddessServer::_ping()
20250718-192921<DEBUG:00004B74>: [Goddess Server 07] Enter KG_GoddessServer::_ping()
20250718-192924<DEBUG:00000274>: [Goddess Server 00] Enter KG_GoddessServer::_query_role_list()
20250718-192924<INFO :00000274>: [Goddess Server 00] Query roles list of account "xboyhd"
20250718-192924<DEBUG:00000274>: [Goddess Server 00] Leave KG_GoddessServer::_query_role_list()
20250718-192924<DEBUG:000046EC>: [Goddess Server 04] Enter KG_GoddessServer::_ping()
20250718-192925<DEBUG:00000274>: [Goddess Server 00] Enter KG_GoddessServer::_query_role_list_in_zone()
20250718-192925<DEBUG:00000274>: [Goddess Server 00] Leave KG_GoddessServer::_query_role_list_in_zone()
20250718-192926<DEBUG:00000274>: [Goddess Server 00] Enter KG_GoddessServer::_query_role_data()
20250718-192926<INFO :00000274>: [Goddess Server 00] PacketID : 5, Get role "TCQGaming" of Account "xboyhd", Result = 1
20250718-192926<DEBUG:00000274>: [Goddess Server 00] Leave KG_GoddessServer::_query_role_data()
20250718-192927<DEBUG:00003B90>: [Goddess Server 02] Enter KG_GoddessServer::_ping()
20250718-192927<DEBUG:000015EC>: [Goddess Server 08] Unsupported protocol: 38
20250718-192927<DEBUG:000006A8>: [Goddess Server 03] Enter KG_GoddessServer::_ping()
20250718-192927<DEBUG:00000274>: [Goddess Server 00] Enter KG_GoddessServer::_query_role_data()
20250718-192927<INFO :00000274>: [Goddess Server 00] PacketID : 6, Get role "testttt" of Account "xboyhd2", Result = 1
20250718-192927<DEBUG:00000274>: [Goddess Server 00] Leave KG_GoddessServer::_query_role_data()
20250718-192928<DEBUG:000025C8>: [Goddess Server 05] Enter KG_GoddessServer::_ping()
20250718-192929<DEBUG:000015EC>: [Goddess Server 08] Unsupported protocol: 37
20250718-192929<DEBUG:00003B90>: [Goddess Server 02] Unsupported protocol: 38
20250718-192929<DEBUG:000015EC>: [Goddess Server 08] Enter KG_GoddessServer::_ping()
20250718-192930<DEBUG:00003B90>: [Goddess Server 02] Unsupported protocol: 37
20250718-192930<DEBUG:00003B90>: [Goddess Server 02] Enter KG_GoddessServer::_save_role_data()
20250718-192930<INFO :00003B90>: [Goddess Server 02] PacketID : 1, Save role "testttt" of Account "xboyhd2", LeaveFlag = 1, Result = 1
20250718-192930<DEBUG:00003B90>: [Goddess Server 02] Leave KG_GoddessServer::_save_role_data()
20250718-192930<DEBUG:00003B4C>: [Goddess Server 06] Enter KG_GoddessServer::_ping()
20250718-192930<DEBUG:000015EC>: [Goddess Server 08] Unsupported protocol: 38
20250718-192931<DEBUG:00004B74>: [Goddess Server 07] Enter KG_GoddessServer::_ping()
20250718-192931<DEBUG:000015EC>: [Goddess Server 08] Unsupported protocol: 37
20250718-192931<DEBUG:00004ABC>: [Goddess Server 01] Enter KG_GoddessServer::_ping()
20250718-192934<DEBUG:000046EC>: [Goddess Server 04] Enter KG_GoddessServer::_ping()
20250718-192937<DEBUG:00003B90>: [Goddess Server 02] Enter KG_GoddessServer::_ping()
20250718-192937<DEBUG:00003B90>: [Goddess Server 02] Enter KG_GoddessServer::_ping()
20250718-192937<DEBUG:000006A8>: [Goddess Server 03] Enter KG_GoddessServer::_ping()
20250718-192937<DEBUG:000006A8>: [Goddess Server 03] Enter KG_GoddessServer::_ping()
20250718-192938<DEBUG:000025C8>: [Goddess Server 05] Enter KG_GoddessServer::_ping()
20250718-192938<DEBUG:000025C8>: [Goddess Server 05] Enter KG_GoddessServer::_ping()
20250718-192939<DEBUG:000015EC>: [Goddess Server 08] Enter KG_GoddessServer::_ping()
20250718-192939<DEBUG:000015EC>: [Goddess Server 08] Enter KG_GoddessServer::_ping()
20250718-192940<DEBUG:00003B4C>: [Goddess Server 06] Enter KG_GoddessServer::_ping()
20250718-192940<DEBUG:00003B4C>: [Goddess Server 06] Enter KG_GoddessServer::_ping()
20250718-192941<DEBUG:00004B74>: [Goddess Server 07] Enter KG_GoddessServer::_ping()
20250718-192941<DEBUG:00004B74>: [Goddess Server 07] Enter KG_GoddessServer::_ping()
20250718-192941<DEBUG:000015EC>: [Goddess Server 08] Enter KG_GoddessServer::_save_role_data()
20250718-192941<INFO :000015EC>: [Goddess Server 08] PacketID : 2, Save role "testttt" of Account "xboyhd2", LeaveFlag = 1, Result = 1
20250718-192941<DEBUG:000015EC>: [Goddess Server 08] Leave KG_GoddessServer::_save_role_data()
20250718-192941<DEBUG:00003B90>: [Goddess Server 02] Unsupported protocol: 38
20250718-192942<DEBUG:00003B90>: [Goddess Server 02] Unsupported protocol: 37
20250718-192944<DEBUG:000046EC>: [Goddess Server 04] Enter KG_GoddessServer::_ping()
20250718-192944<DEBUG:000046EC>: [Goddess Server 04] Enter KG_GoddessServer::_ping()
20250718-192947<DEBUG:00003B90>: [Goddess Server 02] Enter KG_GoddessServer::_ping()
20250718-192947<DEBUG:000006A8>: [Goddess Server 03] Enter KG_GoddessServer::_ping()
20250718-192947<DEBUG:00000274>: [Goddess Server 00] Enter KG_GoddessServer::_ping()
20250718-192948<DEBUG:000025C8>: [Goddess Server 05] Enter KG_GoddessServer::_ping()
20250718-192949<DEBUG:000015EC>: [Goddess Server 08] Enter KG_GoddessServer::_ping()
20250718-192950<DEBUG:00003B4C>: [Goddess Server 06] Enter KG_GoddessServer::_ping()
20250718-192951<DEBUG:00004B74>: [Goddess Server 07] Enter KG_GoddessServer::_ping()
20250718-192954<DEBUG:000046EC>: [Goddess Server 04] Enter KG_GoddessServer::_ping()
20250718-192957<DEBUG:00003B90>: [Goddess Server 02] Enter KG_GoddessServer::_ping()
20250718-192957<DEBUG:000006A8>: [Goddess Server 03] Enter KG_GoddessServer::_ping()
20250718-192958<DEBUG:000025C8>: [Goddess Server 05] Enter KG_GoddessServer::_ping()
20250718-192959<DEBUG:000015EC>: [Goddess Server 08] Enter KG_GoddessServer::_ping()
20250718-193000<DEBUG:00003B4C>: [Goddess Server 06] Enter KG_GoddessServer::_ping()
20250718-193001<DEBUG:00004B74>: [Goddess Server 07] Enter KG_GoddessServer::_ping()
20250718-193001<DEBUG:00004ABC>: [Goddess Server 01] Enter KG_GoddessServer::_ping()
20250718-193004<DEBUG:000046EC>: [Goddess Server 04] Enter KG_GoddessServer::_ping()
20250718-193007<DEBUG:00003B90>: [Goddess Server 02] Enter KG_GoddessServer::_ping()
20250718-193007<DEBUG:00003B90>: [Goddess Server 02] Enter KG_GoddessServer::_ping()
20250718-193007<DEBUG:000006A8>: [Goddess Server 03] Enter KG_GoddessServer::_ping()
20250718-193007<DEBUG:000006A8>: [Goddess Server 03] Enter KG_GoddessServer::_ping()
20250718-193007<DEBUG:00000274>: [Goddess Server 00] Enter KG_GoddessServer::_ping()
20250718-193008<DEBUG:000025C8>: [Goddess Server 05] Enter KG_GoddessServer::_ping()
20250718-193008<DEBUG:000025C8>: [Goddess Server 05] Enter KG_GoddessServer::_ping()
20250718-193009<DEBUG:000015EC>: [Goddess Server 08] Enter KG_GoddessServer::_ping()
20250718-193009<DEBUG:000015EC>: [Goddess Server 08] Enter KG_GoddessServer::_ping()
20250718-193010<DEBUG:00003B4C>: [Goddess Server 06] Enter KG_GoddessServer::_ping()
20250718-193011<DEBUG:00003B4C>: [Goddess Server 06] Enter KG_GoddessServer::_ping()
20250718-193011<DEBUG:00004B74>: [Goddess Server 07] Enter KG_GoddessServer::_ping()
20250718-193011<DEBUG:00004B74>: [Goddess Server 07] Enter KG_GoddessServer::_ping()
20250718-193014<DEBUG:000046EC>: [Goddess Server 04] Enter KG_GoddessServer::_ping()
20250718-193014<DEBUG:000046EC>: [Goddess Server 04] Enter KG_GoddessServer::_ping()
20250718-193017<DEBUG:00003B90>: [Goddess Server 02] Enter KG_GoddessServer::_ping()
20250718-193017<DEBUG:000006A8>: [Goddess Server 03] Enter KG_GoddessServer::_ping()
20250718-193018<DEBUG:000025C8>: [Goddess Server 05] Enter KG_GoddessServer::_ping()
20250718-193019<DEBUG:000015EC>: [Goddess Server 08] Enter KG_GoddessServer::_ping()
20250718-193020<DEBUG:00003B4C>: [Goddess Server 06] Enter KG_GoddessServer::_ping()
20250718-193021<DEBUG:00004B74>: [Goddess Server 07] Enter KG_GoddessServer::_ping()
20250718-193024<DEBUG:000046EC>: [Goddess Server 04] Enter KG_GoddessServer::_ping()
20250718-193027<DEBUG:00003B90>: [Goddess Server 02] Enter KG_GoddessServer::_ping()
20250718-193027<DEBUG:000006A8>: [Goddess Server 03] Enter KG_GoddessServer::_ping()
20250718-193027<DEBUG:00000274>: [Goddess Server 00] Enter KG_GoddessServer::_ping()
20250718-193028<DEBUG:000025C8>: [Goddess Server 05] Enter KG_GoddessServer::_ping()
20250718-193029<DEBUG:000015EC>: [Goddess Server 08] Enter KG_GoddessServer::_ping()
20250718-193030<DEBUG:00003B4C>: [Goddess Server 06] Enter KG_GoddessServer::_ping()
20250718-193031<DEBUG:00004B74>: [Goddess Server 07] Enter KG_GoddessServer::_ping()
20250718-193031<DEBUG:00004ABC>: [Goddess Server 01] Enter KG_GoddessServer::_ping()
20250718-193034<DEBUG:000046EC>: [Goddess Server 04] Enter KG_GoddessServer::_ping()
20250718-193037<DEBUG:00003B90>: [Goddess Server 02] Enter KG_GoddessServer::_ping()
20250718-193037<DEBUG:00003B90>: [Goddess Server 02] Enter KG_GoddessServer::_ping()
20250718-193037<DEBUG:000006A8>: [Goddess Server 03] Enter KG_GoddessServer::_ping()
20250718-193037<DEBUG:000006A8>: [Goddess Server 03] Enter KG_GoddessServer::_ping()
20250718-193038<DEBUG:000025C8>: [Goddess Server 05] Enter KG_GoddessServer::_ping()
20250718-193038<DEBUG:000025C8>: [Goddess Server 05] Enter KG_GoddessServer::_ping()
20250718-193039<DEBUG:000015EC>: [Goddess Server 08] Enter KG_GoddessServer::_ping()
20250718-193039<DEBUG:000015EC>: [Goddess Server 08] Enter KG_GoddessServer::_ping()
20250718-193040<DEBUG:00003B4C>: [Goddess Server 06] Enter KG_GoddessServer::_ping()
20250718-193041<DEBUG:00004B74>: [Goddess Server 07] Enter KG_GoddessServer::_ping()
20250718-193041<DEBUG:00003B4C>: [Goddess Server 06] Enter KG_GoddessServer::_ping()
20250718-193041<DEBUG:00004B74>: [Goddess Server 07] Enter KG_GoddessServer::_ping()
20250718-193044<DEBUG:000046EC>: [Goddess Server 04] Enter KG_GoddessServer::_ping()
20250718-193044<DEBUG:000046EC>: [Goddess Server 04] Enter KG_GoddessServer::_ping()
20250718-193047<DEBUG:00003B90>: [Goddess Server 02] Enter KG_GoddessServer::_ping()
20250718-193047<DEBUG:000006A8>: [Goddess Server 03] Enter KG_GoddessServer::_ping()
20250718-193047<DEBUG:00000274>: [Goddess Server 00] Enter KG_GoddessServer::_ping()
20250718-193048<DEBUG:000025C8>: [Goddess Server 05] Enter KG_GoddessServer::_ping()
20250718-193049<DEBUG:000015EC>: [Goddess Server 08] Enter KG_GoddessServer::_ping()
20250718-193050<DEBUG:00003B4C>: [Goddess Server 06] Enter KG_GoddessServer::_ping()
20250718-193051<DEBUG:00004B74>: [Goddess Server 07] Enter KG_GoddessServer::_ping()
20250718-193054<DEBUG:000046EC>: [Goddess Server 04] Enter KG_GoddessServer::_ping()
20250718-193057<DEBUG:00003B90>: [Goddess Server 02] Enter KG_GoddessServer::_ping()
20250718-193057<DEBUG:000006A8>: [Goddess Server 03] Enter KG_GoddessServer::_ping()
20250718-193058<DEBUG:000025C8>: [Goddess Server 05] Enter KG_GoddessServer::_ping()
20250718-193059<DEBUG:000015EC>: [Goddess Server 08] Enter KG_GoddessServer::_ping()
20250718-193100<DEBUG:00003B4C>: [Goddess Server 06] Enter KG_GoddessServer::_ping()
20250718-193101<DEBUG:00004B74>: [Goddess Server 07] Enter KG_GoddessServer::_ping()
20250718-193101<DEBUG:00004ABC>: [Goddess Server 01] Enter KG_GoddessServer::_ping()
20250718-193104<DEBUG:000046EC>: [Goddess Server 04] Enter KG_GoddessServer::_ping()
20250718-193107<DEBUG:00003B90>: [Goddess Server 02] Enter KG_GoddessServer::_ping()
20250718-193107<DEBUG:00003B90>: [Goddess Server 02] Enter KG_GoddessServer::_ping()
20250718-193107<DEBUG:000006A8>: [Goddess Server 03] Enter KG_GoddessServer::_ping()
20250718-193107<DEBUG:000006A8>: [Goddess Server 03] Enter KG_GoddessServer::_ping()
20250718-193107<DEBUG:00000274>: [Goddess Server 00] Enter KG_GoddessServer::_ping()
20250718-193108<DEBUG:000025C8>: [Goddess Server 05] Enter KG_GoddessServer::_ping()
20250718-193108<DEBUG:000025C8>: [Goddess Server 05] Enter KG_GoddessServer::_ping()
20250718-193109<DEBUG:000015EC>: [Goddess Server 08] Enter KG_GoddessServer::_ping()
20250718-193109<DEBUG:000015EC>: [Goddess Server 08] Enter KG_GoddessServer::_ping()
20250718-193110<DEBUG:00003B4C>: [Goddess Server 06] Enter KG_GoddessServer::_ping()
20250718-193111<DEBUG:00004B74>: [Goddess Server 07] Enter KG_GoddessServer::_ping()
20250718-193111<DEBUG:00003B4C>: [Goddess Server 06] Enter KG_GoddessServer::_ping()
20250718-193111<DEBUG:00004B74>: [Goddess Server 07] Enter KG_GoddessServer::_ping()
20250718-193114<DEBUG:000046EC>: [Goddess Server 04] Enter KG_GoddessServer::_ping()
20250718-193114<DEBUG:000046EC>: [Goddess Server 04] Enter KG_GoddessServer::_ping()
20250718-193117<DEBUG:00003B90>: [Goddess Server 02] Enter KG_GoddessServer::_ping()
20250718-193117<DEBUG:000006A8>: [Goddess Server 03] Enter KG_GoddessServer::_ping()
20250718-193118<DEBUG:000025C8>: [Goddess Server 05] Enter KG_GoddessServer::_ping()
20250718-193119<DEBUG:000015EC>: [Goddess Server 08] Enter KG_GoddessServer::_ping()
20250718-193120<DEBUG:00003B4C>: [Goddess Server 06] Enter KG_GoddessServer::_ping()
20250718-193121<DEBUG:00004B74>: [Goddess Server 07] Enter KG_GoddessServer::_ping()
20250718-193124<DEBUG:000046EC>: [Goddess Server 04] Enter KG_GoddessServer::_ping()
20250718-193127<DEBUG:00003B90>: [Goddess Server 02] Enter KG_GoddessServer::_ping()
20250718-193127<DEBUG:000006A8>: [Goddess Server 03] Enter KG_GoddessServer::_ping()
20250718-193127<DEBUG:00000274>: [Goddess Server 00] Enter KG_GoddessServer::_ping()
20250718-193128<DEBUG:000025C8>: [Goddess Server 05] Enter KG_GoddessServer::_ping()
20250718-193129<DEBUG:000015EC>: [Goddess Server 08] Enter KG_GoddessServer::_ping()
20250718-193130<DEBUG:00003B4C>: [Goddess Server 06] Enter KG_GoddessServer::_ping()
20250718-193131<DEBUG:00004B74>: [Goddess Server 07] Enter KG_GoddessServer::_ping()
20250718-193131<DEBUG:00004ABC>: [Goddess Server 01] Enter KG_GoddessServer::_ping()
20250718-193134<DEBUG:000046EC>: [Goddess Server 04] Enter KG_GoddessServer::_ping()
20250718-193137<DEBUG:00003B90>: [Goddess Server 02] Enter KG_GoddessServer::_ping()
20250718-193137<DEBUG:00003B90>: [Goddess Server 02] Enter KG_GoddessServer::_ping()
20250718-193137<DEBUG:000006A8>: [Goddess Server 03] Enter KG_GoddessServer::_ping()
20250718-193137<DEBUG:000006A8>: [Goddess Server 03] Enter KG_GoddessServer::_ping()
20250718-193138<DEBUG:000025C8>: [Goddess Server 05] Enter KG_GoddessServer::_ping()
20250718-193138<DEBUG:000025C8>: [Goddess Server 05] Enter KG_GoddessServer::_ping()
20250718-193139<DEBUG:000015EC>: [Goddess Server 08] Enter KG_GoddessServer::_ping()
20250718-193139<DEBUG:000015EC>: [Goddess Server 08] Enter KG_GoddessServer::_ping()
20250718-193140<DEBUG:00003B4C>: [Goddess Server 06] Enter KG_GoddessServer::_ping()
20250718-193141<DEBUG:00004B74>: [Goddess Server 07] Enter KG_GoddessServer::_ping()
20250718-193141<DEBUG:00003B4C>: [Goddess Server 06] Enter KG_GoddessServer::_ping()
20250718-193141<DEBUG:00004B74>: [Goddess Server 07] Enter KG_GoddessServer::_ping()
20250718-193144<DEBUG:000046EC>: [Goddess Server 04] Enter KG_GoddessServer::_ping()
20250718-193144<DEBUG:000046EC>: [Goddess Server 04] Enter KG_GoddessServer::_ping()
20250718-193147<DEBUG:00003B90>: [Goddess Server 02] Enter KG_GoddessServer::_ping()
20250718-193147<DEBUG:000006A8>: [Goddess Server 03] Enter KG_GoddessServer::_ping()
20250718-193147<DEBUG:00000274>: [Goddess Server 00] Enter KG_GoddessServer::_ping()
20250718-193148<DEBUG:000025C8>: [Goddess Server 05] Enter KG_GoddessServer::_ping()
20250718-193149<DEBUG:000015EC>: [Goddess Server 08] Enter KG_GoddessServer::_ping()
20250718-193150<DEBUG:00003B4C>: [Goddess Server 06] Enter KG_GoddessServer::_ping()
20250718-193151<DEBUG:00004B74>: [Goddess Server 07] Enter KG_GoddessServer::_ping()
20250718-193154<DEBUG:000046EC>: [Goddess Server 04] Enter KG_GoddessServer::_ping()
20250718-193157<DEBUG:00003B90>: [Goddess Server 02] Enter KG_GoddessServer::_ping()
20250718-193157<DEBUG:000006A8>: [Goddess Server 03] Enter KG_GoddessServer::_ping()
20250718-193158<DEBUG:000025C8>: [Goddess Server 05] Enter KG_GoddessServer::_ping()
20250718-193159<DEBUG:000015EC>: [Goddess Server 08] Enter KG_GoddessServer::_ping()
20250718-193200<DEBUG:00003B4C>: [Goddess Server 06] Enter KG_GoddessServer::_ping()
20250718-193201<DEBUG:00004B74>: [Goddess Server 07] Enter KG_GoddessServer::_ping()
20250718-193201<DEBUG:00004ABC>: [Goddess Server 01] Enter KG_GoddessServer::_ping()
20250718-193204<DEBUG:000046EC>: [Goddess Server 04] Enter KG_GoddessServer::_ping()
20250718-193207<DEBUG:00003B90>: [Goddess Server 02] Enter KG_GoddessServer::_ping()
20250718-193207<DEBUG:00003B90>: [Goddess Server 02] Enter KG_GoddessServer::_ping()
20250718-193207<DEBUG:000006A8>: [Goddess Server 03] Enter KG_GoddessServer::_ping()
20250718-193207<DEBUG:00000274>: [Goddess Server 00] Enter KG_GoddessServer::_ping()
20250718-193208<DEBUG:000006A8>: [Goddess Server 03] Enter KG_GoddessServer::_ping()
20250718-193208<DEBUG:000025C8>: [Goddess Server 05] Enter KG_GoddessServer::_ping()
20250718-193208<DEBUG:000025C8>: [Goddess Server 05] Enter KG_GoddessServer::_ping()
20250718-193209<DEBUG:000015EC>: [Goddess Server 08] Enter KG_GoddessServer::_ping()
20250718-193209<DEBUG:000015EC>: [Goddess Server 08] Enter KG_GoddessServer::_ping()
20250718-193210<DEBUG:00003B4C>: [Goddess Server 06] Enter KG_GoddessServer::_ping()
20250718-193211<DEBUG:00004B74>: [Goddess Server 07] Enter KG_GoddessServer::_ping()
20250718-193211<DEBUG:00003B4C>: [Goddess Server 06] Enter KG_GoddessServer::_ping()
20250718-193211<DEBUG:00004B74>: [Goddess Server 07] Enter KG_GoddessServer::_ping()
20250718-193214<DEBUG:000046EC>: [Goddess Server 04] Enter KG_GoddessServer::_ping()
20250718-193215<DEBUG:000046EC>: [Goddess Server 04] Enter KG_GoddessServer::_ping()
20250718-193217<DEBUG:00003B90>: [Goddess Server 02] Enter KG_GoddessServer::_ping()
20250718-193217<DEBUG:000006A8>: [Goddess Server 03] Enter KG_GoddessServer::_ping()
20250718-193218<DEBUG:000025C8>: [Goddess Server 05] Enter KG_GoddessServer::_ping()
20250718-193219<DEBUG:000015EC>: [Goddess Server 08] Enter KG_GoddessServer::_ping()
20250718-193220<DEBUG:00003B4C>: [Goddess Server 06] Enter KG_GoddessServer::_ping()
20250718-193221<DEBUG:00004B74>: [Goddess Server 07] Enter KG_GoddessServer::_ping()
20250718-193224<DEBUG:000046EC>: [Goddess Server 04] Enter KG_GoddessServer::_ping()
20250718-193227<DEBUG:00003B90>: [Goddess Server 02] Enter KG_GoddessServer::_ping()
20250718-193227<DEBUG:000006A8>: [Goddess Server 03] Enter KG_GoddessServer::_ping()
20250718-193227<DEBUG:00000274>: [Goddess Server 00] Enter KG_GoddessServer::_ping()
20250718-193228<DEBUG:000025C8>: [Goddess Server 05] Enter KG_GoddessServer::_ping()
20250718-193229<DEBUG:000015EC>: [Goddess Server 08] Enter KG_GoddessServer::_ping()
20250718-193230<DEBUG:00003B4C>: [Goddess Server 06] Enter KG_GoddessServer::_ping()
20250718-193231<DEBUG:00004B74>: [Goddess Server 07] Enter KG_GoddessServer::_ping()
20250718-193231<DEBUG:00004ABC>: [Goddess Server 01] Enter KG_GoddessServer::_ping()
20250718-193234<DEBUG:000046EC>: [Goddess Server 04] Enter KG_GoddessServer::_ping()
20250718-193237<DEBUG:00003B90>: [Goddess Server 02] Enter KG_GoddessServer::_ping()
20250718-193237<DEBUG:000006A8>: [Goddess Server 03] Enter KG_GoddessServer::_ping()
20250718-193237<DEBUG:00003B90>: [Goddess Server 02] Enter KG_GoddessServer::_ping()
20250718-193238<DEBUG:000006A8>: [Goddess Server 03] Enter KG_GoddessServer::_ping()
20250718-193238<DEBUG:000025C8>: [Goddess Server 05] Enter KG_GoddessServer::_ping()
20250718-193238<DEBUG:000025C8>: [Goddess Server 05] Enter KG_GoddessServer::_ping()
20250718-193239<DEBUG:000015EC>: [Goddess Server 08] Enter KG_GoddessServer::_ping()
20250718-193239<DEBUG:000015EC>: [Goddess Server 08] Enter KG_GoddessServer::_ping()
20250718-193240<DEBUG:00003B4C>: [Goddess Server 06] Enter KG_GoddessServer::_ping()
20250718-193241<DEBUG:00004B74>: [Goddess Server 07] Enter KG_GoddessServer::_ping()
20250718-193241<DEBUG:00003B4C>: [Goddess Server 06] Enter KG_GoddessServer::_ping()
20250718-193241<DEBUG:00004B74>: [Goddess Server 07] Enter KG_GoddessServer::_ping()
20250718-193244<DEBUG:000046EC>: [Goddess Server 04] Enter KG_GoddessServer::_ping()
20250718-193245<DEBUG:000046EC>: [Goddess Server 04] Enter KG_GoddessServer::_ping()
20250718-193247<DEBUG:00003B90>: [Goddess Server 02] Enter KG_GoddessServer::_ping()
20250718-193247<DEBUG:000006A8>: [Goddess Server 03] Enter KG_GoddessServer::_ping()
20250718-193247<DEBUG:00000274>: [Goddess Server 00] Enter KG_GoddessServer::_ping()
20250718-193248<DEBUG:000025C8>: [Goddess Server 05] Enter KG_GoddessServer::_ping()
20250718-193249<DEBUG:000015EC>: [Goddess Server 08] Enter KG_GoddessServer::_ping()
20250718-193250<DEBUG:00003B4C>: [Goddess Server 06] Enter KG_GoddessServer::_ping()
20250718-193251<DEBUG:00004B74>: [Goddess Server 07] Enter KG_GoddessServer::_ping()
20250718-193254<DEBUG:000046EC>: [Goddess Server 04] Enter KG_GoddessServer::_ping()
20250718-193257<DEBUG:00003B90>: [Goddess Server 02] Enter KG_GoddessServer::_ping()
20250718-193257<DEBUG:000006A8>: [Goddess Server 03] Enter KG_GoddessServer::_ping()
20250718-193258<DEBUG:000025C8>: [Goddess Server 05] Enter KG_GoddessServer::_ping()
20250718-193259<DEBUG:000015EC>: [Goddess Server 08] Enter KG_GoddessServer::_ping()
20250718-193300<DEBUG:00003B4C>: [Goddess Server 06] Enter KG_GoddessServer::_ping()
20250718-193301<DEBUG:00004B74>: [Goddess Server 07] Enter KG_GoddessServer::_ping()
20250718-193301<DEBUG:00004ABC>: [Goddess Server 01] Enter KG_GoddessServer::_ping()
20250718-193304<DEBUG:000046EC>: [Goddess Server 04] Enter KG_GoddessServer::_ping()
20250718-193307<DEBUG:00003B90>: [Goddess Server 02] Enter KG_GoddessServer::_ping()
20250718-193307<DEBUG:000006A8>: [Goddess Server 03] Enter KG_GoddessServer::_ping()
20250718-193307<DEBUG:00003B90>: [Goddess Server 02] Enter KG_GoddessServer::_ping()
20250718-193308<DEBUG:00000274>: [Goddess Server 00] Enter KG_GoddessServer::_ping()
20250718-193308<DEBUG:000006A8>: [Goddess Server 03] Enter KG_GoddessServer::_ping()
20250718-193308<DEBUG:000025C8>: [Goddess Server 05] Enter KG_GoddessServer::_ping()
20250718-193308<DEBUG:000025C8>: [Goddess Server 05] Enter KG_GoddessServer::_ping()
