20250718-192931<DEBUG:00003AEC>: [PrevInitCore]:1, start tickers = 263596950739488
20250718-192932<DEBUG:00000468>: [PrevInitCore]:1->[PrevInitCore]:0 timeout, tickers = 4109596623
20250718-192932<DEBUG:0000499C>: [PrevInitCore]:1->[PrevInitCore]:0 timeout, tickers = 4215147996
20250718-192932<DEBUG:00003AEC>: [PrevInitCore]:1->[PrevInitCore]:0 timeout, tickers = 4159681292
20250718-192933<ERROR:00000468>: GetInteger(38, 1) failed !
20250718-192933<ERROR:0000499C>: GetInteger(38, 1) failed !
20250718-192933<ERROR:00003AEC>: GetInteger(38, 1) failed !
20250718-192935<WARN :00000468>: LostFps: 81 (+81)
20250718-192936<WARN :00000468>: LostFps: 37 (-44)
20250718-192936<WARN :00003AEC>: LostFps: 97 (+97)
20250718-192937<WARN :00000468>: LostFps: 0 (-37)
20250718-192937<WARN :0000499C>: LostFps: 114 (+114)
20250718-192937<WARN :00003AEC>: LostFps: 52 (-45)
20250718-192938<WARN :0000499C>: LostFps: 70 (-44)
20250718-192938<WARN :00003AEC>: LostFps: 7 (-45)
20250718-192939<WARN :0000499C>: LostFps: 24 (-46)
20250718-192939<WARN :00003AEC>: LostFps: 0 (-7)
20250718-192940<WARN :0000499C>: LostFps: 0 (-24)
20250718-194002<DEBUG:0000499C>: nSocket = 824, nSendFlag = 0, Error = 10054
20250718-194002<DEBUG:00003AEC>: nSocket = 852, nSendFlag = 0, Error = 10054
20250718-194002<DEBUG:0000499C>: KGLOG_PROCESS_ERROR(DatabaseIsGood()) at line 2239 in KSwordOnLineSever::SendSavePlayerData
20250718-194002<DEBUG:00003AEC>: KGLOG_PROCESS_ERROR(DatabaseIsGood()) at line 2239 in KSwordOnLineSever::SendSavePlayerData
20250718-194002<DEBUG:0000499C>: main thread exit
20250718-194002<DEBUG:00003AEC>: main thread exit
20250718-194002<DEBUG:00000468>: nSocket = 496, nSendFlag = 0, Error = 10054
20250718-194002<DEBUG:00000468>: KGLOG_PROCESS_ERROR(DatabaseIsGood()) at line 2239 in KSwordOnLineSever::SendSavePlayerData
20250718-194002<DEBUG:00000468>: main thread exit
