20250718-192916<DEBUG:000053D0>: [PrevInitCore]:1, start tickers = 260590064402563
20250718-192917<DEBUG:00005290>: [PrevInitCore]:1->[PrevInitCore]:0 timeout, tickers = 4184150623
20250718-192917<DEBUG:0000257C>: [PrevInitCore]:1->[PrevInitCore]:0 timeout, tickers = 4147645745
20250718-192917<DEBUG:000053D0>: [PrevInitCore]:1->[PrevInitCore]:0 timeout, tickers = 4147201859
20250718-192917<ERROR:00005290>: GetInteger(38, 1) failed !
20250718-192917<ERROR:0000257C>: GetInteger(38, 1) failed !
20250718-192917<ERROR:000053D0>: GetInteger(38, 1) failed !
20250718-192919<WARN :00005290>: LostFps: 87 (+87)
20250718-192920<WARN :00005290>: LostFps: 42 (-45)
20250718-192921<WARN :000053D0>: LostFps: 103 (+103)
20250718-192921<WARN :00005290>: LostFps: 0 (-42)
20250718-192921<WARN :0000257C>: LostFps: 119 (+119)
20250718-192922<WARN :000053D0>: LostFps: 57 (-46)
20250718-192922<WARN :0000257C>: LostFps: 73 (-46)
20250718-192923<WARN :000053D0>: LostFps: 12 (-45)
20250718-192923<WARN :0000257C>: LostFps: 28 (-45)
20250718-192924<WARN :000053D0>: LostFps: 0 (-12)
20250718-192924<WARN :0000257C>: LostFps: 0 (-28)
20250718-193117<DEBUG:000053D0>: nSocket = 800, nSendFlag = 0, Error = 10054
20250718-193117<DEBUG:00005290>: nSocket = 820, nSendFlag = 0, Error = 10054
20250718-193117<DEBUG:0000257C>: nSocket = 856, nSendFlag = 0, Error = 10054
20250718-193117<DEBUG:0000257C>: KGLOG_PROCESS_ERROR(DatabaseIsGood()) at line 2239 in KSwordOnLineSever::SendSavePlayerData
20250718-193117<DEBUG:0000257C>: main thread exit
20250718-193117<DEBUG:000053D0>: main thread exit
20250718-193117<DEBUG:00005290>: main thread exit
