20250718-192856<DEBUG:00004C1C>: [PrevInitCore]:1, start tickers = 209211943357610
20250718-192857<DEBUG:000049C4>: [PrevInitCore]:1->[PrevInitCore]:0 timeout, tickers = 4278810388
20250718-192857<DEBUG:000035BC>: [PrevInitCore]:1->[PrevInitCore]:0 timeout, tickers = 4186631238
20250718-192857<DEBUG:00004C1C>: [PrevInitCore]:1->[PrevInitCore]:0 timeout, tickers = 4103997510
20250718-192858<ERROR:000049C4>: GetInteger(38, 1) failed !
20250718-192858<ERROR:000035BC>: GetInteger(38, 1) failed !
20250718-192858<ERROR:00004C1C>: GetInteger(38, 1) failed !
20250718-192900<WARN :000049C4>: LostFps: 83 (+83)
20250718-192901<WARN :000049C4>: LostFps: 37 (-46)
20250718-192902<WARN :00004C1C>: LostFps: 102 (+102)
20250718-192902<WARN :000049C4>: LostFps: 0 (-37)
20250718-192902<WARN :000035BC>: LostFps: 119 (+119)
20250718-192903<WARN :00004C1C>: LostFps: 56 (-46)
20250718-192903<WARN :000035BC>: LostFps: 76 (-43)
20250718-192904<WARN :00004C1C>: LostFps: 11 (-45)
20250718-192904<WARN :000035BC>: LostFps: 31 (-45)
20250718-192905<WARN :00004C1C>: LostFps: 0 (-11)
20250718-192905<WARN :000035BC>: LostFps: 0 (-31)
20250718-193636<DEBUG:000049C4>: nSocket = 824, nSendFlag = 0, Error = 10054
20250718-193636<DEBUG:00004C1C>: nSocket = 884, nSendFlag = 0, Error = 10054
20250718-193636<DEBUG:000049C4>: KGLOG_PROCESS_ERROR(DatabaseIsGood()) at line 2239 in KSwordOnLineSever::SendSavePlayerData
20250718-193636<DEBUG:000049C4>: main thread exit
20250718-193636<DEBUG:000035BC>: nSocket = 812, nSendFlag = 0, Error = 10054
20250718-193636<DEBUG:000035BC>: main thread exit
