20250718-192823<DEBUG:00003A14>: [PrevInitCore]:1, start tickers = 68887468188069
20250718-192824<DEBUG:00000728>: [PrevInitCore]:1->[PrevInitCore]:0 timeout, tickers = 3900607157
20250718-192824<DEBUG:000044D4>: [PrevInitCore]:1->[PrevInitCore]:0 timeout, tickers = 3719921885
20250718-192824<DEBUG:00003A14>: [PrevInitCore]:1->[PrevInitCore]:0 timeout, tickers = 4022378771
20250718-192824<ERROR:00000728>: GetInteger(38, 1) failed !
20250718-192824<ERROR:000044D4>: GetInteger(38, 1) failed !
20250718-192824<ERROR:00003A14>: GetInteger(38, 1) failed !
20250718-192830<WARN :00003A14>: LostFps: 108 (+108)
20250718-192830<WARN :000044D4>: LostFps: 82 (+82)
20250718-192831<WARN :00003A14>: LostFps: 63 (-45)
20250718-192831<WARN :000044D4>: LostFps: 38 (-44)
20250718-192832<WARN :00003A14>: LostFps: 16 (-47)
20250718-192832<WARN :000044D4>: LostFps: 0 (-38)
20250718-192833<WARN :00003A14>: LostFps: 0 (-16)
20250718-194710<DEBUG:00000728>: nSocket = 808, nSendFlag = 0, Error = 10054
20250718-194710<DEBUG:000044D4>: nSocket = 700, nSendFlag = 0, Error = 10054
20250718-194710<DEBUG:00000728>: main thread exit
20250718-194710<DEBUG:00003A14>: nSocket = 796, nSendFlag = 0, Error = 10054
20250718-194710<DEBUG:00003A14>: KGLOG_PROCESS_ERROR(DatabaseIsGood()) at line 2239 in KSwordOnLineSever::SendSavePlayerData
20250718-194710<DEBUG:00003A14>: main thread exit
