20250718-192843<DEBUG:0000090C>: [PrevInitCore]:1, start tickers = 267007915667489
20250718-192844<DEBUG:00003EC4>: [PrevInitCore]:1->[PrevInitCore]:0 timeout, tickers = 4133046662
20250718-192844<DEBUG:000053B0>: [PrevInitCore]:1->[PrevInitCore]:0 timeout, tickers = 4191375950
20250718-192844<DEBUG:000043D8>: [PrevInitCore]:1->[PrevInitCore]:0 timeout, tickers = 4178465852
20250718-192845<DEBUG:0000090C>: [PrevInitCore]:1->[PrevInitCore]:0 timeout, tickers = 4095590471
20250718-192845<ERROR:00003EC4>: GetInteger(38, 1) failed !
20250718-192845<ERROR:000053B0>: GetInteger(38, 1) failed !
20250718-192845<ERROR:000043D8>: GetInteger(38, 1) failed !
20250718-192845<ERROR:0000090C>: GetInteger(38, 1) failed !
20250718-192850<WARN :0000090C>: LostFps: 79 (+79)
20250718-192851<WARN :000043D8>: LostFps: 93 (+93)
20250718-192851<WARN :0000090C>: LostFps: 32 (-47)
20250718-192852<WARN :000043D8>: LostFps: 48 (-45)
20250718-192852<WARN :0000090C>: LostFps: 0 (-32)
20250718-192853<WARN :000043D8>: LostFps: 2 (-46)
20250718-192854<WARN :000043D8>: LostFps: 0 (-2)
20250718-193302<DEBUG:000053B0>: nSocket = 840, nSendFlag = 0, Error = 10054
20250718-193302<DEBUG:0000090C>: nSocket = 804, nSendFlag = 0, Error = 10054
20250718-193302<DEBUG:000043D8>: nSocket = 876, nSendFlag = 0, Error = 10054
20250718-193302<DEBUG:00003EC4>: KGLOG_PROCESS_ERROR(DatabaseIsGood()) at line 2239 in KSwordOnLineSever::SendSavePlayerData
20250718-193302<DEBUG:000043D8>: KGLOG_PROCESS_ERROR(DatabaseIsGood()) at line 2239 in KSwordOnLineSever::SendSavePlayerData
20250718-193302<DEBUG:000053B0>: KGLOG_PROCESS_ERROR(DatabaseIsGood()) at line 2239 in KSwordOnLineSever::SendSavePlayerData
20250718-193302<DEBUG:0000090C>: KGLOG_PROCESS_ERROR(DatabaseIsGood()) at line 2239 in KSwordOnLineSever::SendSavePlayerData
20250718-193302<DEBUG:00003EC4>: main thread exit
20250718-193302<DEBUG:000043D8>: main thread exit
20250718-193302<DEBUG:000053B0>: main thread exit
20250718-193302<DEBUG:0000090C>: main thread exit
