20250718-192932<DEBUG:00003488>: [PrevInitCore]:1, start tickers = 263600549590156
20250718-192933<DEBUG:00004AFC>: [PrevInitCore]:1->[PrevInitCore]:0 timeout, tickers = 3974731837
20250718-192933<DEBUG:000048EC>: [PrevInitCore]:1->[PrevInitCore]:0 timeout, tickers = 4050295368
20250718-192933<DEBUG:00003488>: [PrevInitCore]:1->[PrevInitCore]:0 timeout, tickers = 4059522788
20250718-192933<ERROR:00004AFC>: GetInteger(38, 1) failed !
20250718-192933<ERROR:000048EC>: GetInteger(38, 1) failed !
20250718-192933<ERROR:00003488>: GetInteger(38, 1) failed !
20250718-192938<WARN :00003488>: LostFps: 106 (+106)
20250718-192938<WARN :000048EC>: LostFps: 81 (+81)
20250718-192939<WARN :00004AFC>: LostFps: 97 (+97)
20250718-192939<WARN :00003488>: LostFps: 63 (-43)
20250718-192939<WARN :000048EC>: LostFps: 37 (-44)
20250718-192940<WARN :00004AFC>: LostFps: 52 (-45)
20250718-192940<WARN :00003488>: LostFps: 17 (-46)
20250718-192940<WARN :000048EC>: LostFps: 0 (-37)
20250718-192941<WARN :00004AFC>: LostFps: 5 (-47)
20250718-192941<WARN :00003488>: LostFps: 0 (-17)
20250718-192942<WARN :00004AFC>: LostFps: 0 (-5)
20250718-194002<DEBUG:000048EC>: nSocket = 772, nSendFlag = 0, Error = 10054
20250718-194002<DEBUG:00004AFC>: nSocket = 860, nSendFlag = 0, Error = 10054
20250718-194002<DEBUG:00004AFC>: KGLOG_PROCESS_ERROR(DatabaseIsGood()) at line 2239 in KSwordOnLineSever::SendSavePlayerData
20250718-194002<DEBUG:000048EC>: KGLOG_PROCESS_ERROR(DatabaseIsGood()) at line 2239 in KSwordOnLineSever::SendSavePlayerData
20250718-194002<DEBUG:00004AFC>: main thread exit
20250718-194002<DEBUG:000048EC>: main thread exit
20250718-194002<DEBUG:00003488>: nSocket = 840, nSendFlag = 0, Error = 10054
20250718-194002<DEBUG:00003488>: KGLOG_PROCESS_ERROR(DatabaseIsGood()) at line 2239 in KSwordOnLineSever::SendSavePlayerData
20250718-194002<DEBUG:00003488>: main thread exit
