20250718-014935<DEBUG:000012B8>: [PrevInitCore]:1, start tickers = 291928874153529
20250718-014936<DEBUG:00003300>: [PrevInitCore]:1->[PrevInitCore]:0 timeout, tickers = 3990524336
20250718-014936<DEBUG:00004088>: [PrevInitCore]:1->[PrevInitCore]:0 timeout, tickers = 3953735088
20250718-014936<DEBUG:000012B8>: [PrevInitCore]:1->[PrevInitCore]:0 timeout, tickers = 4034612576
20250718-014936<ERROR:00003300>: GetInteger(38, 1) failed !
20250718-014936<ERROR:00004088>: GetInteger(38, 1) failed !
20250718-014936<ERROR:000012B8>: GetInteger(38, 1) failed !
20250718-014939<WARN :00004088>: LostFps: 95 (+95)
20250718-014940<WARN :00004088>: LostFps: 50 (-45)
20250718-014941<WARN :00004088>: LostFps: 6 (-44)
20250718-014942<WARN :000012B8>: LostFps: 98 (+98)
20250718-014942<WARN :00004088>: LostFps: 0 (-6)
20250718-014943<WARN :000012B8>: LostFps: 51 (-47)
20250718-014944<WARN :000012B8>: LostFps: 5 (-46)
20250718-014945<WARN :000012B8>: LostFps: 0 (-5)
20250718-025429<INFO :00004088>: [Player]TCQGaming Apply Save Data By Reason Value
20250718-025431<INFO :00004088>: [Player]TCQGaming Apply Save Data By Reason Value
20250718-025433<INFO :00004088>: [Player]TCQGaming Apply Save Data By Reason Value
20250718-025443<INFO :00004088>: [Player]TCQGaming Excute Save Data
20250718-025448<INFO :00004088>: [Player]TCQGaming Apply Save Data By Reason Value
20250718-025448<INFO :00004088>: [Player]TCQGaming Apply Save Data By Reason Value
20250718-025459<INFO :00004088>: [Player]TCQGaming Excute Save Data
20250718-032459<INFO :00004088>: [Player]TCQGaming Apply Save Data By Reason 30 min TimeOut
20250718-032509<INFO :00004088>: [Player]TCQGaming Excute Save Data
