20250718-192929<DEBUG:00003C84>: [PrevInitCore]:1, start tickers = 258823148288074
20250718-192930<DEBUG:00000420>: [PrevInitCore]:1->[PrevInitCore]:0 timeout, tickers = 4181394634
20250718-192930<DEBUG:00000B70>: [PrevInitCore]:1->[PrevInitCore]:0 timeout, tickers = 4119452642
20250718-192930<DEBUG:00003C84>: [PrevInitCore]:1->[PrevInitCore]:0 timeout, tickers = 3904926326
20250718-192930<ERROR:00000420>: GetInteger(38, 1) failed !
20250718-192930<ERROR:00000B70>: GetInteger(38, 1) failed !
20250718-192930<ERROR:00003C84>: GetInteger(38, 1) failed !
20250718-192934<WARN :00000B70>: LostFps: 103 (+103)
20250718-192934<WARN :00000420>: LostFps: 120 (+120)
20250718-192935<WARN :00000B70>: LostFps: 59 (-44)
20250718-192935<WARN :00000420>: LostFps: 75 (-45)
20250718-192936<WARN :00000B70>: LostFps: 14 (-45)
20250718-192936<WARN :00003C84>: LostFps: 104 (+104)
20250718-192936<WARN :00000420>: LostFps: 30 (-45)
20250718-192937<WARN :00000B70>: LostFps: 0 (-14)
20250718-192937<WARN :00003C84>: LostFps: 58 (-46)
20250718-192937<WARN :00000420>: LostFps: 0 (-30)
20250718-192938<WARN :00003C84>: LostFps: 12 (-46)
20250718-192939<WARN :00003C84>: LostFps: 0 (-12)
20250718-193333<DEBUG:00003C84>: nSocket = 768, nSendFlag = 0, Error = 10054
20250718-193333<DEBUG:00000B70>: nSocket = 840, nSendFlag = 0, Error = 10054
20250718-193333<DEBUG:00000420>: nSocket = 224, nSendFlag = 0, Error = 10054
20250718-193333<DEBUG:00000B70>: KGLOG_PROCESS_ERROR(DatabaseIsGood()) at line 2239 in KSwordOnLineSever::SendSavePlayerData
20250718-193333<DEBUG:00000B70>: main thread exit
20250718-193333<DEBUG:00000420>: KGLOG_PROCESS_ERROR(DatabaseIsGood()) at line 2239 in KSwordOnLineSever::SendSavePlayerData
20250718-193333<DEBUG:00000420>: main thread exit
20250718-193333<DEBUG:00003C84>: main thread exit
