20250718-192945<DEBUG:0000439C>: [PrevInitCore]:1, start tickers = 235424629159679
20250718-192946<DEBUG:00004328>: [PrevInitCore]:1->[PrevInitCore]:0 timeout, tickers = 4095368353
20250718-192946<DEBUG:0000439C>: [PrevInitCore]:1->[PrevInitCore]:0 timeout, tickers = 4224652331
20250718-192947<ERROR:00004328>: GetInteger(38, 1) failed !
20250718-192947<ERROR:0000439C>: GetInteger(38, 1) failed !
20250718-192949<WARN :00004328>: LostFps: 82 (+82)
20250718-192950<WARN :00004328>: LostFps: 36 (-46)
20250718-192951<WARN :00004328>: LostFps: 0 (-36)
20250718-192951<WARN :0000439C>: LostFps: 116 (+116)
20250718-192952<WARN :0000439C>: LostFps: 73 (-43)
20250718-192953<WARN :0000439C>: LostFps: 27 (-46)
20250718-192954<WARN :0000439C>: LostFps: 0 (-27)
20250718-193800<DEBUG:00004328>: nSocket = 800, nSendFlag = 0, Error = 10054
20250718-193800<DEBUG:0000439C>: nSocket = 844, nSendFlag = 0, Error = 10054
20250718-193800<ERROR:00004328>: Gamecenter Disconnect!!
20250718-193800<ERROR:0000439C>: Gamecenter Disconnect!!
20250718-193800<DEBUG:00004328>: nSocket = 852, nSendFlag = 0, Error = 10054
20250718-193800<DEBUG:0000439C>: nSocket = 828, nSendFlag = 0, Error = 10054
20250718-193800<DEBUG:00004328>: KGLOG_PROCESS_ERROR(DatabaseIsGood()) at line 2239 in KSwordOnLineSever::SendSavePlayerData
20250718-193800<DEBUG:00004328>: main thread exit
20250718-193800<DEBUG:0000439C>: main thread exit
