20250718-192900<DEBUG:00004544>: [PrevInitCore]:1, start tickers = 18833174506600
20250718-192901<DEBUG:0000448C>: [PrevInitCore]:1->[PrevInitCore]:0 timeout, tickers = 4296799566
20250718-192901<DEBUG:000044E8>: [PrevInitCore]:1->[PrevInitCore]:0 timeout, tickers = 4039335385
20250718-192901<DEBUG:00004544>: [PrevInitCore]:1->[PrevInitCore]:0 timeout, tickers = 4162551863
20250718-192901<ERROR:0000448C>: GetInteger(38, 1) failed !
20250718-192901<ERROR:000044E8>: GetInteger(38, 1) failed !
20250718-192901<ERROR:00004544>: GetInteger(38, 1) failed !
20250718-192906<WARN :000044E8>: LostFps: 99 (+99)
20250718-192907<WARN :000044E8>: LostFps: 53 (-46)
20250718-192908<WARN :000044E8>: LostFps: 8 (-45)
20250718-192909<WARN :000044E8>: LostFps: 0 (-8)
20250718-193405<DEBUG:0000448C>: nSocket = 824, nSendFlag = 0, Error = 10054
20250718-193405<DEBUG:00004544>: nSocket = 812, nSendFlag = 0, Error = 10054
20250718-193405<DEBUG:000044E8>: nSocket = 808, nSendFlag = 0, Error = 10054
20250718-193405<ERROR:000044E8>: Gamecenter Disconnect!!
20250718-193405<DEBUG:000044E8>: nSocket = 816, nSendFlag = 0, Error = 10054
20250718-193405<ERROR:00004544>: Gamecenter Disconnect!!
20250718-193405<DEBUG:0000448C>: main thread exit
20250718-193405<DEBUG:00004544>: nSocket = 772, nSendFlag = 0, Error = 10054
20250718-193405<DEBUG:000044E8>: KGLOG_PROCESS_ERROR(DatabaseIsGood()) at line 2239 in KSwordOnLineSever::SendSavePlayerData
20250718-193405<DEBUG:00004544>: KGLOG_PROCESS_ERROR(DatabaseIsGood()) at line 2239 in KSwordOnLineSever::SendSavePlayerData
20250718-193405<DEBUG:000044E8>: main thread exit
20250718-193405<DEBUG:00004544>: main thread exit
