20250718-192854<DEBUG:00003EB0>: [PrevInitCore]:1, start tickers = 210998196094673
20250718-192855<DEBUG:00004C84>: [PrevInitCore]:1->[PrevInitCore]:0 timeout, tickers = 4206894948
20250718-192855<DEBUG:000047C8>: [PrevInitCore]:1->[PrevInitCore]:0 timeout, tickers = 4051360934
20250718-192855<DEBUG:00003EB0>: [PrevInitCore]:1->[PrevInitCore]:0 timeout, tickers = 4242537250
20250718-192855<ERROR:00004C84>: GetInteger(38, 1) failed !
20250718-192855<ERROR:000047C8>: GetInteger(38, 1) failed !
20250718-192855<ERROR:00003EB0>: GetInteger(38, 1) failed !
20250718-192859<WARN :000047C8>: LostFps: 101 (+101)
20250718-192900<WARN :00004C84>: LostFps: 116 (+116)
20250718-192900<WARN :000047C8>: LostFps: 55 (-46)
20250718-192901<WARN :00004C84>: LostFps: 72 (-44)
20250718-192901<WARN :000047C8>: LostFps: 10 (-45)
20250718-192902<WARN :00004C84>: LostFps: 27 (-45)
20250718-192902<WARN :00003EB0>: LostFps: 101 (+101)
20250718-192902<WARN :000047C8>: LostFps: 0 (-10)
20250718-192903<WARN :00004C84>: LostFps: 0 (-27)
20250718-192903<WARN :00003EB0>: LostFps: 54 (-47)
20250718-192904<WARN :00003EB0>: LostFps: 8 (-46)
20250718-192905<WARN :00003EB0>: LostFps: 0 (-8)
20250718-205605<DEBUG:00004C84>: nSocket = 220, nSendFlag = 0, Error = 10054
20250718-205605<DEBUG:00003EB0>: KGLOG_PROCESS_ERROR(DatabaseIsGood()) at line 2239 in KSwordOnLineSever::SendSavePlayerData
20250718-205605<DEBUG:00003EB0>: main thread exit
20250718-205605<DEBUG:00004C84>: main thread exit
endFlag = 0, Error = 10054
20250718-205605<DEBUG:000047C8>: main thread exit
