20250718-192857<DEBUG:00002F38>: [PrevInitCore]:1, start tickers = 209215956610281
20250718-192858<DEBUG:00004464>: [PrevInitCore]:1->[PrevInitCore]:0 timeout, tickers = 4244284736
20250718-192858<DEBUG:00002F30>: [PrevInitCore]:1->[PrevInitCore]:0 timeout, tickers = 4027938275
20250718-192858<DEBUG:00002F38>: [PrevInitCore]:1->[PrevInitCore]:0 timeout, tickers = 4055052383
20250718-192858<ERROR:00004464>: GetInteger(38, 1) failed !
20250718-192858<ERROR:00002F30>: GetInteger(38, 1) failed !
20250718-192858<ERROR:00002F38>: GetInteger(38, 1) failed !
20250718-192903<WARN :00002F38>: LostFps: 113 (+113)
20250718-192903<WARN :00002F30>: LostFps: 85 (+85)
20250718-192904<WARN :00002F38>: LostFps: 68 (-45)
20250718-192904<WARN :00002F30>: LostFps: 40 (-45)
20250718-192905<WARN :00002F38>: LostFps: 22 (-46)
20250718-192905<WARN :00002F30>: LostFps: 0 (-40)
20250718-192906<WARN :00002F38>: LostFps: 0 (-22)
20250718-193304<DEBUG:00002F38>: KGLOG_PROCESS_ERROR(dwLockCode == m_dwLockCode) at line 3927 in KPlayer::UnlockAction
20250718-193318<INFO :00002F38>: [Player]testttt Apply Save Data By Reason Value
20250718-193636<DEBUG:00004464>: nSocket = 508, nSendFlag = 0, Error = 10054
20250718-193636<DEBUG:00002F38>: nSocket = 232, nSendFlag = 0, Error = 10054
20250718-193636<DEBUG:00004464>: KGLOG_PROCESS_ERROR(DatabaseIsGood()) at line 2239 in KSwordOnLineSever::SendSavePlayerData
20250718-193636<DEBUG:00004464>: main thread exit
20250718-193636<DEBUG:00002F30>: nSocket = 788, nSendFlag = 0, Error = 10054
20250718-193636<DEBUG:00002F38>: main thread exit
20250718-193636<DEBUG:00002F30>: KGLOG_PROCESS_ERROR(DatabaseIsGood()) at line 2239 in KSwordOnLineSever::SendSavePlayerData
20250718-193636<DEBUG:00002F30>: main thread exit
