20250718-192936<DEBUG:00004BF8>: [PrevInitCore]:1, start tickers = 250740250570767
20250718-192937<DEBUG:00001140>: [PrevInitCore]:1->[PrevInitCore]:0 timeout, tickers = 4249267341
20250718-192937<DEBUG:00004BF8>: [PrevInitCore]:1->[PrevInitCore]:0 timeout, tickers = 4127290923
20250718-192937<ERROR:00001140>: GetInteger(38, 1) failed !
20250718-192937<ERROR:00004BF8>: GetInteger(38, 1) failed !
20250718-192940<WARN :00001140>: LostFps: 96 (+96)
20250718-192941<WARN :00001140>: LostFps: 49 (-47)
20250718-192942<WARN :00001140>: LostFps: 4 (-45)
20250718-192943<WARN :00004BF8>: LostFps: 98 (+98)
20250718-192943<WARN :00001140>: LostFps: 0 (-4)
20250718-192944<WARN :00004BF8>: LostFps: 52 (-46)
20250718-192945<WARN :00004BF8>: LostFps: 5 (-47)
20250718-192946<WARN :00004BF8>: LostFps: 0 (-5)
20250718-193151<DEBUG:00004BF8>: nSocket = 804, nSendFlag = 0, Error = 10054
20250718-193151<DEBUG:00004BF8>: KGLOG_PROCESS_ERROR(DatabaseIsGood()) at line 2239 in KSwordOnLineSever::SendSavePlayerData
20250718-193151<DEBUG:00004BF8>: main thread exit
20250718-193151<DEBUG:00001140>: nSocket = 528, nSendFlag = 0, Error = 10054
20250718-193151<ERROR:00001140>: Gamecenter Disconnect!!
20250718-193151<DEBUG:00001140>: nSocket = 256, nSendFlag = 0, Error = 10054
20250718-193151<DEBUG:00001140>: KGLOG_PROCESS_ERROR(DatabaseIsGood()) at line 2239 in KSwordOnLineSever::SendSavePlayerData
20250718-193151<DEBUG:00001140>: main thread exit
