20250718-192917<DEBUG:000052F8>: [PrevInitCore]:1, start tickers = 260593580140820
20250718-192917<DEBUG:00003444>: [PrevInitCore]:1->[PrevInitCore]:0 timeout, tickers = 4115722545
20250718-192917<DEBUG:00005358>: [PrevInitCore]:1->[PrevInitCore]:0 timeout, tickers = 4260794824
20250718-192917<DEBUG:000052F8>: [PrevInitCore]:1->[PrevInitCore]:0 timeout, tickers = 4037162885
20250718-192917<ERROR:00003444>: GetInteger(38, 1) failed !
20250718-192917<ERROR:00005358>: GetInteger(38, 1) failed !
20250718-192917<ERROR:000052F8>: GetInteger(38, 1) failed !
20250718-192922<WARN :000052F8>: LostFps: 113 (+113)
20250718-192922<WARN :00005358>: LostFps: 85 (+85)
20250718-192923<WARN :00003444>: LostFps: 103 (+103)
20250718-192923<WARN :000052F8>: LostFps: 67 (-46)
20250718-192923<WARN :00005358>: LostFps: 40 (-45)
20250718-192924<WARN :00003444>: LostFps: 57 (-46)
20250718-192924<WARN :000052F8>: LostFps: 21 (-46)
20250718-192924<WARN :00005358>: LostFps: 0 (-40)
20250718-192925<WARN :00003444>: LostFps: 10 (-47)
20250718-192925<WARN :000052F8>: LostFps: 0 (-21)
20250718-192926<WARN :00003444>: LostFps: 0 (-10)
20250718-193117<DEBUG:000052F8>: nSocket = 240, nSendFlag = 0, Error = 10054
20250718-193117<DEBUG:00003444>: nSocket = 840, nSendFlag = 0, Error = 10054
20250718-193117<DEBUG:000052F8>: KGLOG_PROCESS_ERROR(DatabaseIsGood()) at line 2239 in KSwordOnLineSever::SendSavePlayerData
20250718-193117<DEBUG:000052F8>: main thread exit
20250718-193117<DEBUG:00005358>: nSocket = 816, nSendFlag = 0, Error = 10054
20250718-193117<ERROR:00005358>: Gamecenter Disconnect!!
20250718-193117<DEBUG:00005358>: nSocket = 756, nSendFlag = 0, Error = 10054
20250718-193117<DEBUG:00005358>: KGLOG_PROCESS_ERROR(DatabaseIsGood()) at line 2239 in KSwordOnLineSever::SendSavePlayerData
20250718-193117<DEBUG:00005358>: main thread exit
20250718-193117<DEBUG:00003444>: main thread exit
