20250718-192946<DEBUG:00003628>: [PrevInitCore]:1, start tickers = 235429006300560
20250718-192947<DEBUG:00000570>: [PrevInitCore]:1->[PrevInitCore]:0 timeout, tickers = 4275920163
20250718-192947<DEBUG:00003834>: [PrevInitCore]:1->[PrevInitCore]:0 timeout, tickers = 3959359168
20250718-192947<DEBUG:00003628>: [PrevInitCore]:1->[PrevInitCore]:0 timeout, tickers = 4141982598
20250718-192947<ERROR:00000570>: GetInteger(38, 1) failed !
20250718-192947<ERROR:00003834>: GetInteger(38, 1) failed !
20250718-192947<ERROR:00003628>: GetInteger(38, 1) failed !
20250718-192951<WARN :00000570>: LostFps: 101 (+101)
20250718-192952<WARN :00000570>: LostFps: 56 (-45)
20250718-192953<WARN :00000570>: LostFps: 10 (-46)
20250718-192953<WARN :00003834>: LostFps: 102 (+102)
20250718-192954<WARN :00000570>: LostFps: 0 (-10)
20250718-192954<WARN :00003834>: LostFps: 58 (-44)
20250718-192955<WARN :00003834>: LostFps: 12 (-46)
20250718-192956<WARN :00003834>: LostFps: 0 (-12)
20250718-193800<DEBUG:00003628>: nSocket = 780, nSendFlag = 0, Error = 10054
20250718-193800<DEBUG:00000570>: nSocket = 852, nSendFlag = 0, Error = 10054
20250718-193800<ERROR:00000570>: Gamecenter Disconnect!!
20250718-193800<DEBUG:00000570>: nSocket = 244, nSendFlag = 0, Error = 10054
20250718-193800<DEBUG:00000570>: KGLOG_PROCESS_ERROR(DatabaseIsGood()) at line 2239 in KSwordOnLineSever::SendSavePlayerData
20250718-193800<DEBUG:00000570>: main thread exit
20250718-193800<DEBUG:00003834>: main thread exit
20250718-193800<DEBUG:00003628>: main thread exit
