20250718-192934<DEBUG:00003D18>: [PrevInitCore]:1, start tickers = 232476281420701
20250718-192934<DEBUG:00004868>: [PrevInitCore]:1->[PrevInitCore]:0 timeout, tickers = 3979524931
20250718-192934<DEBUG:000007CC>: [PrevInitCore]:1->[PrevInitCore]:0 timeout, tickers = 4099537158
20250718-192934<DEBUG:00003D18>: [PrevInitCore]:1->[PrevInitCore]:0 timeout, tickers = 3975263727
20250718-192934<ERROR:00004868>: GetInteger(38, 1) failed !
20250718-192934<ERROR:000007CC>: GetInteger(38, 1) failed !
20250718-192934<ERROR:00003D18>: GetInteger(38, 1) failed !
20250718-192939<WARN :00003D18>: LostFps: 107 (+107)
20250718-192939<WARN :000007CC>: LostFps: 81 (+81)
20250718-192940<WARN :00004868>: LostFps: 97 (+97)
20250718-192940<WARN :00003D18>: LostFps: 63 (-44)
20250718-192940<WARN :000007CC>: LostFps: 36 (-45)
20250718-192941<WARN :00004868>: LostFps: 52 (-45)
20250718-192941<WARN :00003D18>: LostFps: 17 (-46)
20250718-192941<WARN :000007CC>: LostFps: 0 (-36)
20250718-192942<WARN :00004868>: LostFps: 6 (-46)
20250718-192942<WARN :00003D18>: LostFps: 0 (-17)
20250718-192943<WARN :00004868>: LostFps: 0 (-6)
20250718-194225<DEBUG:00003D18>: nSocket = 784, nSendFlag = 0, Error = 10054
20250718-194225<DEBUG:000007CC>: nSocket = 796, nSendFlag = 0, Error = 10054
20250718-194225<DEBUG:000007CC>: KGLOG_PROCESS_ERROR(DatabaseIsGood()) at line 2239 in KSwordOnLineSever::SendSavePlayerData
20250718-194225<DEBUG:000007CC>: main thread exit
20250718-194225<DEBUG:00004868>: nSocket = 796, nSendFlag = 0, Error = 10054
20250718-194225<ERROR:00004868>: Gamecenter Disconnect!!
20250718-194225<DEBUG:00003D18>: main thread exit
20250718-194225<DEBUG:00004868>: nSocket = 820, nSendFlag = 0, Error = 10054
20250718-194225<DEBUG:00004868>: KGLOG_PROCESS_ERROR(DatabaseIsGood()) at line 2239 in KSwordOnLineSever::SendSavePlayerData
20250718-194225<DEBUG:00004868>: main thread exit
