20250718-192903<DEBUG:00002ED8>: [PrevInitCore]:1, start tickers = 269576992737217
20250718-192904<DEBUG:0000402C>: [PrevInitCore]:1->[PrevInitCore]:0 timeout, tickers = 4172239016
20250718-192904<DEBUG:00004DB4>: [PrevInitCore]:1->[PrevInitCore]:0 timeout, tickers = 4198259399
20250718-192905<DEBUG:00002ED8>: [PrevInitCore]:1->[PrevInitCore]:0 timeout, tickers = 4181429350
20250718-192905<ERROR:0000402C>: GetInteger(38, 1) failed !
20250718-192905<ERROR:00004DB4>: GetInteger(38, 1) failed !
20250718-192905<ERROR:00002ED8>: GetInteger(38, 1) failed !
20250718-192907<WARN :0000402C>: LostFps: 79 (+79)
20250718-192908<WARN :0000402C>: LostFps: 34 (-45)
20250718-192909<WARN :0000402C>: LostFps: 0 (-34)
20250718-192909<WARN :00004DB4>: LostFps: 113 (+113)
20250718-192910<WARN :00004DB4>: LostFps: 70 (-43)
20250718-192911<WARN :00004DB4>: LostFps: 25 (-45)
20250718-192912<WARN :00004DB4>: LostFps: 0 (-25)
20250718-193357<DEBUG:00002ED8>: nSocket = 840, nSendFlag = 0, Error = 10054
20250718-193357<DEBUG:00004DB4>: nSocket = 820, nSendFlag = 0, Error = 10054
20250718-193357<ERROR:00004DB4>: Gamecenter Disconnect!!
20250718-193357<ERROR:0000402C>: Gamecenter Disconnect!!
20250718-193357<DEBUG:00004DB4>: nSocket = 796, nSendFlag = 0, Error = 10054
20250718-193357<DEBUG:0000402C>: nSocket = 872, nSendFlag = 0, Error = 10054
20250718-193357<DEBUG:00004DB4>: KGLOG_PROCESS_ERROR(DatabaseIsGood()) at line 2239 in KSwordOnLineSever::SendSavePlayerData
20250718-193357<DEBUG:00002ED8>: main thread exit
20250718-193357<DEBUG:0000402C>: main thread exit
20250718-193357<DEBUG:00004DB4>: main thread exit
