20250718-192935<DEBUG:00004720>: [PrevInitCore]:1, start tickers = 250737064328086
20250718-192936<DEBUG:000044C0>: [PrevInitCore]:1->[PrevInitCore]:0 timeout, tickers = 4221496403
20250718-192936<DEBUG:000012F0>: [PrevInitCore]:1->[PrevInitCore]:0 timeout, tickers = 4174664077
20250718-192937<DEBUG:00004720>: [PrevInitCore]:1->[PrevInitCore]:0 timeout, tickers = 4146179598
20250718-192937<ERROR:000044C0>: GetInteger(38, 1) failed !
20250718-192937<ERROR:000012F0>: GetInteger(38, 1) failed !
20250718-192937<ERROR:00004720>: GetInteger(38, 1) failed !
20250718-192939<WARN :000012F0>: LostFps: 80 (+80)
20250718-192939<WARN :000044C0>: LostFps: 99 (+99)
20250718-192940<WARN :000012F0>: LostFps: 36 (-44)
20250718-192940<WARN :000044C0>: LostFps: 54 (-45)
20250718-192941<WARN :000012F0>: LostFps: 0 (-36)
20250718-192941<WARN :00004720>: LostFps: 112 (+112)
20250718-192941<WARN :000044C0>: LostFps: 8 (-46)
20250718-192942<WARN :00004720>: LostFps: 68 (-44)
20250718-192942<WARN :000044C0>: LostFps: 0 (-8)
20250718-192943<WARN :00004720>: LostFps: 22 (-46)
20250718-192944<WARN :00004720>: LostFps: 0 (-22)
20250718-193151<DEBUG:00004720>: nSocket = 864, nSendFlag = 0, Error = 10054
20250718-193151<DEBUG:000044C0>: nSocket = 884, nSendFlag = 0, Error = 10054
20250718-193151<DEBUG:000044C0>: KGLOG_PROCESS_ERROR(DatabaseIsGood()) at line 2239 in KSwordOnLineSever::SendSavePlayerData
20250718-193151<DEBUG:000044C0>: main thread exit
20250718-193151<DEBUG:000012F0>: nSocket = 800, nSendFlag = 0, Error = 10054
20250718-193151<DEBUG:00004720>: main thread exit
20250718-193151<ERROR:000012F0>: Gamecenter Disconnect!!
20250718-193151<DEBUG:000012F0>: nSocket = 812, nSendFlag = 0, Error = 10054
20250718-193151<DEBUG:000012F0>: KGLOG_PROCESS_ERROR(DatabaseIsGood()) at line 2239 in KSwordOnLineSever::SendSavePlayerData
20250718-193151<DEBUG:000012F0>: main thread exit
