20250718-192907<DEBUG:00002764>: [PrevInitCore]:1, start tickers = 251325767373434
20250718-192908<DEBUG:000027E4>: [PrevInitCore]:1->[PrevInitCore]:0 timeout, tickers = 3827894820
20250718-192908<DEBUG:00003504>: [PrevInitCore]:1->[PrevInitCore]:0 timeout, tickers = 4026141207
20250718-192909<DEBUG:00002764>: [PrevInitCore]:1->[PrevInitCore]:0 timeout, tickers = 4182840065
20250718-192909<ERROR:000027E4>: GetInteger(38, 1) failed !
20250718-192909<ERROR:00003504>: GetInteger(38, 1) failed !
20250718-192909<ERROR:00002764>: GetInteger(38, 1) failed !
20250718-192912<WARN :00003504>: LostFps: 83 (+83)
20250718-192912<WARN :000027E4>: LostFps: 103 (+103)
20250718-192913<WARN :00003504>: LostFps: 37 (-46)
20250718-192913<WARN :000027E4>: LostFps: 57 (-46)
20250718-192914<WARN :00003504>: LostFps: 0 (-37)
20250718-192914<WARN :000027E4>: LostFps: 12 (-45)
20250718-192915<WARN :000027E4>: LostFps: 0 (-12)
20250718-193309<DEBUG:00002764>: nSocket = 788, nSendFlag = 0, Error = 10054
20250718-193309<DEBUG:00003504>: nSocket = 796, nSendFlag = 0, Error = 10054
20250718-193309<DEBUG:00003504>: main thread exit
20250718-193309<DEBUG:000027E4>: nSocket = 868, nSendFlag = 0, Error = 10054
20250718-193309<DEBUG:00002764>: main thread exit
20250718-193309<DEBUG:000027E4>: KGLOG_PROCESS_ERROR(DatabaseIsGood()) at line 2239 in KSwordOnLineSever::SendSavePlayerData
20250718-193309<DEBUG:000027E4>: main thread exit
