[2025-07-20 14:38:14]	INFO	[Task]	Help	Get The Dynamic new nKey: , szTitle:  	5	Đẳng cấp nhân vật cao nhất đã mở đến cấp 119
[2025-07-20 14:38:14]	INFO	[Task]	Help	Get The Dynamic new nKey: , szTitle:  	19	Điều chỉnh giới hạn đẳng cấp tham gia thi đấu môn phái
[2025-07-20 14:38:14]	INFO	[Task]	Help	Get The Dynamic new nKey: , szTitle:  	4	Làm sao nhận được bạc
[2025-07-20 14:38:14]	INFO	[Task]	Help	Get The Dynamic new nKey: , szTitle:  	6	07月20日国庆活动幸运卡民族
[2025-07-20 14:38:16]	ATTEN	[Player]	Cap cao nhat 80
[2025-07-20 14:38:17]	INFO	[Player]	Offline	Cường Hiệu Bạch Câu Hoàn	nTimeFrameStartSale
[2025-07-20 14:38:17]	INFO	[Player]	Offline	Cường Hiệu Bạch Câu Hoàn	nTimeFrameEndSale
[2025-07-20 14:38:17]	INFO	[Player]	Offline	Cường Hiệu Bạch Câu Hoàn	50
[2025-07-20 14:38:22]	INFO	[Task]	Help	Get The Dynamic new nKey: , szTitle:  	1	TCQGaming đạt cấp 69 đầu tiên!
[2025-07-20 15:00:01]	ATTEN	[Merchant]	Gọi Thương Nhân Thần Bí ngẫu nhiên	25-07-20 15:00	7
[2025-07-20 15:00:01]	ATTEN	[Merchant]	Gọi Thương Nhân Thần Bí ngẫu nhiên	25-07-20 15:00	8
[2025-07-20 15:30:00]	ATTEN	[Merchant]	Gọi Thương Nhân Thần Bí ngẫu nhiên	25-07-20 15:30	7
[2025-07-20 15:30:00]	ATTEN	[Merchant]	Gọi Thương Nhân Thần Bí ngẫu nhiên	25-07-20 15:30	8
[2025-07-20 15:30:00]	ATTEN	[BaiHuTang]	9720	ShowGongGao	1	15:30-00
SetDynamicNews	1	TCQGaming đạt cấp 69 đầu tiên!	Võ lâm cao thủ đạt cấp 69 đầu tiên đã xuất hiện
Họ tên: <color=gold>TCQGaming<color>
Giới tính: <color=gold>Nam<color>
Nhánh môn phái: <color=gold>Chưa<color>
Tổng thời gian lên mạng: <color=gold>0.0<color> giờ	1753256302	1752997102
[2025-07-20 14:38:22]	INFO	[PlayerHonor]	RefreshHonorLevel	TCQGaming	0		0	1
[2025-07-20 14:38:22]	INFO	[PlayerHonor]	UpdataMaxWealth	TCQGaming	1	8	0	0
[2025-07-20 14:38:22]	ERR!	[Mail]	发五行印，门派不正确！
[2025-07-20 14:38:22]	INFO	[Player]	Offline	ProcessOfflineTime	TCQGaming Last Logout time and now login time: 0 1752997102
[2025-07-20 14:38:22]	INFO	[Player]	Offline	ProcessWasteTime	Player TCQGaming have nWasteTime 0, nNowAddExp 0 !
[2025-07-20 14:38:22]	INFO	[Task]	Help	Get The Dynamic new nKey: , szTitle:  	1	TCQGaming đạt cấp 69 đầu tiên!
[2025-07-20 14:38:22]	INFO	[Player]	plugin_log	玩家	TCQGaming	使用了插件，插件数量	30
[2025-07-20 14:38:26]	ATTEN	[Prestige]	TCQGaming	20
[2025-07-20 14:38:26]	INFO	[PlayerHonor]	UpdataMaxWealth	TCQGaming	1	8	0	120
[2025-07-20 14:39:03]	ATTEN	[Prestige]	TCQGaming	30
[2025-07-20 14:39:33]	ATTEN	[Ngẫu nhiên nhận vật phẩm]	TCQGaming	Nhận vật phẩm ngẫu nhiên Huyền Tinh cấp 4
[2025-07-20 14:53:35]	ATTEN	[AddStackItem]	Tên nhân vật:TCQGaming	Tài khoản:xboyhd	Đạo cụ18	1	259	1	Thêm đạo cụ thất bại! Cần thêm 100, thực tế chỉ thêm 72
[2025-07-20 14:53:49]	ATTEN	[Ngẫu nhiên nhận vật phẩm]	TCQGaming	Nhận vật phẩm ngẫu nhiên Huyền Tinh cấp 4
[2025-07-20 14:53:49]	ATTEN	[Ngẫu nhiên nhận vật phẩm]	TCQGaming	Nhận vật phẩm ngẫu nhiên Huyền Tinh cấp 4
[2025-07-20 14:53:50]	ATTEN	[Ngẫu nhiên nhận vật phẩm]	TCQGaming	Nhận vật phẩm ngẫu nhiên Huyền Tinh cấp 5
[2025-07-20 14:53:54]	ATTEN	[Ngẫu nhiên nhận vật phẩm]	TCQGaming	Nhận vật phẩm ngẫu nhiên Huyền Tinh cấp 4
[2025-07-20 14:53:57]	ATTEN	[Ngẫu nhiên nhận vật phẩm]	TCQGaming	Nhận vật phẩm ngẫu nhiên Huyền Tinh cấp 4
[2025-07-20 14:54:01]	ATTEN	[Ngẫu nhiên nhận vật phẩm]	TCQGaming	Nhận vật phẩm ngẫu nhiên Huyền Tinh cấp 4
[2025-07-20 14:54:03]	ATTEN	[Ngẫu nhiên nhận vật phẩm]	TCQGaming	Nhận vật phẩm ngẫu nhiên Huyền Tinh cấp 5
[2025-07-20 14:54:07]	ATTEN	[Ngẫu nhiên nhận vật phẩm]	TCQGaming	Nhận vật phẩm ngẫu nhiên Huyền Tinh cấp 4
[2025-07-20 14:54:09]	ATTEN	[Ngẫu nhiên nhận vật phẩm]	TCQGaming	Nhận vật phẩm ngẫu nhiên Huyền Tinh cấp 4
[2025-07-20 15:00:01]	ATTEN	[Merchant]	Gọi Thương Nhân Thần Bí ngẫu nhiên	25-07-20 15:00	11
[2025-07-20 15:00:01]	ATTEN	[Merchant]	Gọi Thương Nhân Thần Bí ngẫu nhiên	25-07-20 15:00	12
[2025-07-20 15:00:21]	ATTEN	[XoyoGame]	
[2025-07-20 15:30:00]	ATTEN	[Merchant]	Gọi Thương Nhân Thần Bí ngẫu nhiên	25-07-20 15:30	11
[2025-07-20 15:30:00]	ATTEN	[Merchant]	Gọi Thương Nhân Thần Bí ngẫu nhiên	25-07-20 15:30	12
[2025-07-20 15:30:00]	ATTEN	[BaiHuTang]	9720	ShowGongGao	1	15:30-00
[2025-07-20 15:30:20]	ATTEN	[XoyoGame]	
[2025-07-20 15:31:30]	INFO	[PlayerHonor]	UpdataMaxWealth	TCQGaming	1	8	0	4406120
[2025-07-20 15:31:30]	INFO	[PlayerHonor]	UpdataMaxWealth	TCQGaming	1	8	0	5444375
[2025-07-20 15:31:30]	INFO	[PlayerHonor]	UpdataMaxWealth	TCQGaming	1	8	0	6508737
[2025-07-20 15:31:30]	INFO	[PlayerHonor]	UpdataMaxWealth	TCQGaming	1	8	0	8096866
[2025-07-20 15:31:30]	INFO	[PlayerHonor]	UpdataMaxWealth	TCQGaming	1	8	0	9666490
[2025-07-20 15:31:31]	INFO	[PlayerHonor]	UpdataMaxWealth	TCQGaming	1	8	0	11214983
[2025-07-20 15:31:31]	INFO	[PlayerHonor]	UpdataMaxWealth	TCQGaming	1	8	0	12247312
[2025-07-20 15:31:31]	INFO	[PlayerHonor]	UpdataMaxWealth	TCQGaming	1	8	0	13291667
[2025-07-20 15:31:32]	INFO	[PlayerHonor]	UpdataMaxWealth	TCQGaming	1	8	0	14886335
[2025-07-20 15:31:32]	INFO	[PlayerHonor]	UpdataMaxWealth	TCQGaming	1	8	0	15917781
