[2025-07-20 14:37:40]	INFO	[Task]	Help	Get The Dynamic new nKey: , szTitle:  	5	Đẳng cấp nhân vật cao nhất đã mở đến cấp 119
[2025-07-20 14:37:40]	INFO	[Task]	Help	Get The Dynamic new nKey: , szTitle:  	19	Điều chỉnh giới hạn đẳng cấp tham gia thi đấu môn phái
[2025-07-20 14:37:40]	INFO	[Task]	Help	Get The Dynamic new nKey: , szTitle:  	4	Làm sao nhận được bạc
[2025-07-20 14:37:40]	INFO	[Task]	Help	Get The Dynamic new nKey: , szTitle:  	6	07月20日国庆活动幸运卡民族
[2025-07-20 14:37:44]	ATTEN	[Player]	Cap cao nhat 80
[2025-07-20 14:37:44]	INFO	[Player]	Offline	Cường Hiệu Bạch Câu Hoàn	nTimeFrameStartSale
[2025-07-20 14:37:44]	INFO	[Player]	Offline	Cường Hiệu Bạch Câu Hoàn	nTimeFrameEndSale
[2025-07-20 14:37:43]	INFO	[Player]	Offline	Cường Hiệu Bạch Câu Hoàn	50
[2025-07-20 14:38:22]	INFO	[Task]	Help	Get The Dynamic new nKey: , szTitle:  	1	TCQGaming đạt cấp 69 đầu tiên!
[2025-07-20 15:00:01]	ATTEN	[Merchant]	Gọi Thương Nhân Thần Bí ngẫu nhiên	25-07-20 15:00	6
[2025-07-20 15:00:21]	ATTEN	[XoyoGame]	
[2025-07-20 15:30:00]	ATTEN	[Merchant]	Gọi Thương Nhân Thần Bí ngẫu nhiên	25-07-20 15:30	6
[2025-07-20 15:30:00]	ATTEN	[BaiHuTang]	9720	ShowGongGao	1	15:30-00
[2025-07-20 15:30:20]	ATTEN	[XoyoGame]	
[2025-07-20 15:36:32]	ATTEN	[Ngẫu nhiên nhận vật p[2025-07-20 15:30:00]	ATTEN	[BaiHuTang]	9720	ShowGongGao	1	15:30-00
 4
[2025-07-20 15:36:32]	ATTEN	[Ngẫu nhiên nhận vật phẩm]	TCQGaming	Nhận vật phẩm ngẫu nhiên Huyền Tinh cấp 4
[2025-07-20 15:36:32]	ATTEN	[Ngẫu nhiên nhận vật phẩm]	TCQGaming	Nhận vật phẩm ngẫu nhiên Huyền Tinh cấp 4
[2025-07-20 15:36:33]	ATTEN	[Ngẫu nhiên nhận vật phẩm]	TCQGaming	Nhận vật phẩm ngẫu nhiên Huyền Tinh cấp 4
[2025-07-20 15:36:33]	ATTEN	[Ngẫu nhiên nhận vật phẩm]	TCQGaming	Nhận vật phẩm ngẫu nhiên Huyền Tinh cấp 4
[2025-07-20 15:36:33]	ATTEN	[Ngẫu nhiên nhận vật phẩm]	TCQGaming	Nhận vật phẩm ngẫu nhiên Huyền Tinh cấp 5
[2025-07-20 15:36:33]	ATTEN	[Ngẫu nhiên nhận vật phẩm]	TCQGaming	Nhận vật phẩm ngẫu nhiên Huyền Tinh cấp 5
[2025-07-20 15:36:34]	ATTEN	[Ngẫu nhiên nhận vật phẩm]	TCQGaming	Nhận vật phẩm ngẫu nhiên Huyền Tinh cấp 5
[2025-07-20 15:36:34]	ATTEN	[Ngẫu nhiên nhận vật phẩm]	TCQGaming	Nhận vật phẩm ngẫu nhiên Huyền Tinh cấp 5
[2025-07-20 15:36:34]	ATTEN	[Ngẫu nhiên nhận vật phẩm]	TCQGaming	Nhận vật phẩm ngẫu nhiên Huyền Tinh cấp 4
[2025-07-20 15:36:34]	ATTEN	[Ngẫu nhiên nhận vật phẩm]	TCQGaming	Nhận vật phẩm ngẫu nhiên Huyền Tinh cấp 4
[2025-07-20 15:36:35]	ATTEN	[Ngẫu nhiên nhận vật phẩm]	TCQGaming	Nhận vật phẩm ngẫu nhiên Huyền Tinh cấp 4
[2025-07-20 15:36:35]	ATTEN	[Ngẫu nhiên nhận vật phẩm]	TCQGaming	Nhận vật phẩm ngẫu nhiên Huyền Tinh cấp 4
[2025-07-20 15:36:35]	ATTEN	[Ngẫu nhiên nhận vật phẩm]	TCQGaming	Nhận vật phẩm ngẫu nhiên Huyền Tinh cấp 5
[2025-07-20 15:36:36]	ATTEN	[Ngẫu nhiên nhận vật phẩm]	TCQGaming	Nhận vật phẩm ngẫu nhiên Huyền Tinh cấp 4
[2025-07-20 15:36:36]	ATTEN	[Ngẫu nhiên nhận vật phẩm]	TCQGaming	Nhận vật phẩm ngẫu nhiên Huyền Tinh cấp 4
[2025-07-20 15:36:37]	ATTEN	[Ngẫu nhiên nhận vật phẩm]	TCQGaming	Nhận vật phẩm ngẫu nhiên Huyền Tinh cấp 4
[2025-07-20 15:36:37]	ATTEN	[Ngẫu nhiên nhận vật phẩm]	TCQGaming	Nhận vật phẩm ngẫu nhiên Huyền Tinh cấp 5
[2025-07-20 15:36:37]	ATTEN	[Ngẫu nhiên nhận vật phẩm]	TCQGaming	Nhận vật phẩm ngẫu nhiên Huyền Tinh cấp 5
[2025-07-20 15:36:38]	ATTEN	[Ngẫu nhiên nhận vật phẩm]	TCQGaming	Nhận vật phẩm ngẫu nhiên Huyền Tinh cấp 4
[2025-07-20 15:36:38]	ATTEN	[Ngẫu nhiên nhận vật phẩm]	TCQGaming	Nhận vật phẩm ngẫu nhiên Huyền Tinh cấp 4
[2025-07-20 15:36:38]	ATTEN	[Ngẫu nhiên nhận vật phẩm]	TCQGaming	Nhận vật phẩm ngẫu nhiên Huyền Tinh cấp 4
[2025-07-20 15:36:38]	ATTEN	[Ngẫu nhiên nhận vật phẩm]	TCQGaming	Nhận vật phẩm ngẫu nhiên Huyền Tinh cấp 4
[2025-07-20 15:36:39]	ATTEN	[Ngẫu nhiên nhận vật phẩm]	TCQGaming	Nhận vật phẩm ngẫu nhiên Huyền Tinh cấp 5
[2025-07-20 15:36:39]	ATTEN	[Ngẫu nhiên nhận vật phẩm]	TCQGaming	Nhận vật phẩm ngẫu nhiên Huyền Tinh cấp 4
[2025-07-20 15:36:39]	ATTEN	[Ngẫu nhiên nhận vật phẩm]	TCQGaming	Nhận vật phẩm ngẫu nhiên Huyền Tinh cấp 5
[2025-07-20 15:36:40]	ATTEN	[Ngẫu nhiên nhận vật phẩm]	TCQGaming	Nhận vật phẩm ngẫu nhiên Huyền Tinh cấp 5
[2025-07-20 15:36:40]	ATTEN	[Ngẫu nhiên nhận vật phẩm]	TCQGaming	Nhận vật phẩm ngẫu nhiên Huyền Tinh cấp 4
[2025-07-20 15:36:40]	ATTEN	[Ngẫu nhiên nhận vật phẩm]	TCQGaming	Nhận vật phẩm ngẫu nhiên Huyền Tinh cấp 5
[2025-07-20 15:36:41]	ATTEN	[Ngẫu nhiên nhận vật phẩm]	TCQGaming	Nhận vật phẩm ngẫu nhiên Huyền Tinh cấp 4
[2025-07-20 15:36:41]	ATTEN	[Ngẫu nhiên nhận vật phẩm]	TCQGaming	Nhận vật phẩm ngẫu nhiên Huyền Tinh cấp 4
[2025-07-20 15:36:41]	ATTEN	[Ngẫu nhiên nhận vật phẩm]	TCQGaming	Nhận vật phẩm ngẫu nhiên Huyền Tinh cấp 4
[2025-07-20 15:36:42]	ATTEN	[Ngẫu nhiên nhận vật phẩm]	TCQGaming	Nhận vật phẩm ngẫu nhiên Huyền Tinh cấp 5
[2025-07-20 15:36:42]	ATTEN	[Ngẫu nhiên nhận vật phẩm]	TCQGaming	Nhận vật phẩm ngẫu nhiên Huyền Tinh cấp 4
[2025-07-20 15:36:43]	ATTEN	[Ngẫu nhiên nhận vật phẩm]	TCQGaming	Nhận vật phẩm ngẫu nhiên Huyền Tinh cấp 4
[2025-07-20 15:36:43]	ATTEN	[Ngẫu nhiên nhận vật phẩm]	TCQGaming	Nhận vật phẩm ngẫu nhiên Huyền Tinh cấp 4
[2025-07-20 15:36:43]	ATTEN	[Ngẫu nhiên nhận vật phẩm]	TCQGaming	Nhận vật phẩm ngẫu nhiên Huyền Tinh cấp 5
[2025-07-20 15:36:44]	ATTEN	[Ngẫu nhiên nhận vật phẩm]	TCQGaming	Nhận vật phẩm ngẫu nhiên Huyền Tinh cấp 4
[2025-07-20 15:36:44]	ATTEN	[Ngẫu nhiên nhận vật phẩm]	TCQGaming	Nhận vật phẩm ngẫu nhiên Huyền Tinh cấp 4
[2025-07-20 15:36:45]	ATTEN	[Ngẫu nhiên nhận vật phẩm]	TCQGaming	Nhận vật phẩm ngẫu nhiên Huyền Tinh cấp 5
[2025-07-20 15:36:45]	ATTEN	[Ngẫu nhiên nhận vật phẩm]	TCQGaming	Nhận vật phẩm ngẫu nhiên Huyền Tinh cấp 5
[2025-07-20 15:36:46]	ATTEN	[Ngẫu nhiên nhận vật phẩm]	TCQGaming	Nhận vật phẩm ngẫu nhiên Huyền Tinh cấp 4
[2025-07-20 15:36:46]	ATTEN	[Ngẫu nhiên nhận vật phẩm]	TCQGaming	Nhận vật phẩm ngẫu nhiên Huyền Tinh cấp 5
[2025-07-20 15:36:46]	ATTEN	[Ngẫu nhiên nhận vật phẩm]	TCQGaming	Nhận vật phẩm ngẫu nhiên Huyền Tinh cấp 4
[2025-07-20 15:36:46]	ATTEN	[Ngẫu nhiên nhận vật phẩm]	TCQGaming	Nhận vật phẩm ngẫu nhiên Huyền Tinh cấp 5
[2025-07-20 15:36:47]	ATTEN	[Ngẫu nhiên nhận vật phẩm]	TCQGaming	Nhận vật phẩm ngẫu nhiên Huyền Tinh cấp 4
[2025-07-20 15:36:47]	ATTEN	[Ngẫu nhiên nhận vật phẩm]	TCQGaming	Nhận vật phẩm ngẫu nhiên Huyền Tinh cấp 4
[2025-07-20 15:36:47]	ATTEN	[Ngẫu nhiên nhận vật phẩm]	TCQGaming	Nhận vật phẩm ngẫu nhiên Huyền Tinh cấp 4
[2025-07-20 15:36:48]	ATTEN	[Ngẫu nhiên nhận vật phẩm]	TCQGaming	Nhận vật phẩm ngẫu nhiên Huyền Tinh cấp 4
[2025-07-20 15:36:48]	ATTEN	[Ngẫu nhiên nhận vật phẩm]	TCQGaming	Nhận vật phẩm ngẫu nhiên Huyền Tinh cấp 4
[2025-07-20 15:36:48]	ATTEN	[Ngẫu nhiên nhận vật phẩm]	TCQGaming	Nhận vật phẩm ngẫu nhiên Huyền Tinh cấp 5
[2025-07-20 15:36:49]	ATTEN	[Ngẫu nhiên nhận vật phẩm]	TCQGaming	Nhận vật phẩm ngẫu nhiên Huyền Tinh cấp 4
[2025-07-20 15:36:49]	ATTEN	[Ngẫu nhiên nhận vật phẩm]	TCQGaming	Nhận vật phẩm ngẫu nhiên Huyền Tinh cấp 5
[2025-07-20 15:36:49]	ATTEN	[Ngẫu nhiên nhận vật phẩm]	TCQGaming	Nhận vật phẩm ngẫu nhiên Huyền Tinh cấp 4
[2025-07-20 15:39:00]	ATTEN	[BaiHuTang]	9720	ShowGongGao	2	15:39-00
[2025-07-20 15:45:02]	ATTEN	[Prestige]	TCQGaming	5	boss_45_new_tcqgaming
