[2025-03-18 23:05:18]	INFO	[Task]	Help	Get The Dynamic new nKey: , szTitle:  	5	Đẳng cấp nhân vật cao nhất đã mở đến cấp 99
[2025-03-18 23:05:18]	INFO	[Task]	Help	Get The Dynamic new nKey: , szTitle:  	19	Điều chỉnh giới hạn đẳng cấp tham gia thi đấu môn phái
[2025-03-18 23:05:18]	INFO	[Task]	Help	Get The Dynamic new nKey: , szTitle:  	4	Làm sao nhận được bạc
[2025-03-18 23:05:18]	INFO	[Task]	Help	Get The Dynamic new nKey: , szTitle:  	6	03月18日国庆活动幸运卡民族
[2025-03-18 23:05:26]	ATTEN	[Player]	Cap cao nhat 109
[2025-03-18 23:05:27]	INFO	[Player]	Offline	Cường Hiệu Bạch Câu Hoàn	nTimeFrameStartSale
[2025-03-18 23:05:27]	INFO	[Player]	Offline	Cường Hiệu Bạch Câu Hoàn	nTimeFrameEndSale
[2025-03-18 23:05:27]	INFO	[Player]	Offline	Cường Hiệu Bạch Câu Hoàn	50
[2025-03-18 23:05:37]	INFO	[Task]	Help	Get The Dynamic new nKey: , szTitle:  	1	TCQGaming đạt cấp 69 đầu tiên!
[2025-03-18 23:05:38]	ERR!	[Mail]	发五行印，门派不正确！
[2025-03-18 23:05:41]	INFO	[PlayerHonor]	UpdataMaxWealth	TCQGaming	1	8	0	120
[2025-03-18 23:06:25]	ATTEN	[Prestige]	TCQGaming	20
[2025-03-18 23:06:56]	INFO	[PlayerHonor]	UpdataMaxWealth	TCQGaming	1	8	0	21211652
[2025-03-18 23:06:57]	INFO	[PlayerHonor]	UpdataMaxWealth	TCQGaming	1	8	0	26339554
[2025-03-18 23:06:57]	INFO	[PlayerHonor]	UpdataMaxWealth	TCQGaming	1	8	0	31450602
[2025-03-18 23:06:57]	INFO	[PlayerHonor]	UpdataMaxWealth	TCQGaming	1	8	0	36596792
[2025-03-18 23:06:57]	INFO	[PlayerHonor]	UpdataMaxWealth	TCQGaming	1	8	0	44267762
[2025-03-18 23:06:58]	INFO	[PlayerHonor]	UpdataMaxWealth	TCQGaming	1	8	0	52042485
[2025-03-18 23:06:58]	INFO	[PlayerHonor]	UpdataMaxWealth	TCQGaming	1	8	0	59767402
[2025-03-18 23:06:58]	INFO	[PlayerHonor]	UpdataMaxWealth	TCQGaming	1	8	0	64881382
[2025-03-18 23:06:58]	INFO	[PlayerHonor]	UpdataMaxWealth	TCQGaming	1	8	0	70091645
