[2025-03-18 23:05:13]	INFO	[Task]	Help	Get The Dynamic new nKey: , szTitle:  	5	Đẳng cấp nhân vật cao nhất đã mở đến cấp 99
[2025-03-18 23:05:13]	INFO	[Task]	Help	Get The Dynamic new nKey: , szTitle:  	19	Điều chỉnh giới hạn đẳng cấp tham gia thi đấu môn phái
[2025-03-18 23:05:13]	INFO	[Task]	Help	Get The Dynamic new nKey: , szTitle:  	4	Làm sao nhận được bạc
[2025-03-18 23:05:13]	INFO	[Task]	Help	Get The Dynamic new nKey: , szTitle:  	6	03月18日国庆活动幸运卡民族
[2025-03-18 23:05:23]	ATTEN	[Player]	Cap cao nhat 109
[2025-03-18 23:05:23]	INFO	[Player]	Offline	Cường Hiệu Bạch Câu Hoàn	nTimeFrameStartSale
[2025-03-18 23:05:23]	INFO	[Player]	Offline	Cường Hiệu Bạch Câu Hoàn	nTimeFrameEndSale
[2025-03-18 23:05:23]	INFO	[Player]	Offline	Cường Hiệu Bạch Câu Hoàn	50
[2025-03-18 23:05:37]	ERR!	[Mail]	Tuyến đường, võ nghệ thuật là không đúng!
[2025-03-18 23:05:37]	ERR!	[Mail]	Năm Ấn Độ tóc, võ nghệ thuật là không đúng!
[2025-03-18 23:05:37]	INFO	[Task]	Help	tbHelp:SetDynamicNews	1	TCQGaming đạt cấp 69 đầu tiên!	Võ lâm cao thủ đạt cấp 69 đầu tiên đã xuất hiện
Họ tên: <color=gold>TCQGaming<color>
Giới tính: <color=gold>Nam<color>
Nhánh môn phái: <color=gold>Chưa<color>
Tổng thời gian lên mạng: <color=gold>0.0<color> giờ	1742573137	1742313937
[2025-03-18 23:05:37]	INFO	[PlayerHonor]	RefreshHonorLevel	TCQGaming	0		0	1
[2025-03-18 23:05:37]	INFO	[PlayerHonor]	UpdataMaxWealth	TCQGaming	1	8	0	0
[2025-03-18 23:05:37]	ERR!	[Mail]	发五行印，门派不正确！
[2025-03-18 23:05:37]	INFO	[Player]	Offline	ProcessOfflineTime	TCQGaming Last Logout time and now login time: 0 1742313937
[2025-03-18 23:05:37]	INFO	[Player]	Offline	ProcessWasteTime	Player TCQGaming have nWasteTime 0, nNowAddExp 0 !
