20250717-051550<DEBUG:000049B0>: [Goddess Server 09] Enter KG_GoddessServer::_ping()
20250717-051551<DEBUG:00004910>: [Goddess Server 12] Enter KG_GoddessServer::_ping()
20250717-051553<DEBUG:000048E0>: [Goddess Server 14] Enter KG_GoddessServer::_ping()
20250717-051553<DEBUG:0000303C>: [Goddess Server 00] Enter KG_GoddessServer::_ping()
20250717-051554<DEBUG:00000BC8>: [Goddess Server 01] Enter KG_GoddessServer::_ping()
20250717-051554<DEBUG:0000494C>: [Goddess Server 10] Enter KG_GoddessServer::_ping()
20250717-051555<DEBUG:0000493C>: [Goddess Server 11] Enter KG_GoddessServer::_ping()
20250717-051557<DEBUG:00004898>: [Goddess Server 15] Enter KG_GoddessServer::_ping()
20250717-051558<DEBUG:000048E4>: [Goddess Server 13] Enter KG_GoddessServer::_ping()
20250717-051600<DEBUG:000049B0>: [Goddess Server 09] Enter KG_GoddessServer::_ping()
20250717-051601<DEBUG:00004910>: [Goddess Server 12] Enter KG_GoddessServer::_ping()
20250717-051603<DEBUG:000048E0>: [Goddess Server 14] Enter KG_GoddessServer::_ping()
20250717-051604<DEBUG:0000494C>: [Goddess Server 10] Enter KG_GoddessServer::_ping()
20250717-051604<DEBUG:0000494C>: [Goddess Server 10] Enter KG_GoddessServer::_ping()
20250717-051605<DEBUG:0000493C>: [Goddess Server 11] Enter KG_GoddessServer::_ping()
20250717-051605<DEBUG:0000493C>: [Goddess Server 11] Enter KG_GoddessServer::_ping()
20250717-051607<DEBUG:00004898>: [Goddess Server 15] Enter KG_GoddessServer::_ping()
20250717-051607<DEBUG:00004898>: [Goddess Server 15] Enter KG_GoddessServer::_ping()
20250717-051607<DEBUG:000048E4>: [Goddess Server 13] Enter KG_GoddessServer::_ping()
20250717-051608<DEBUG:000048E4>: [Goddess Server 13] Enter KG_GoddessServer::_ping()
20250717-051610<DEBUG:000049B0>: [Goddess Server 09] Enter KG_GoddessServer::_ping()
20250717-051610<DEBUG:000049B0>: [Goddess Server 09] Enter KG_GoddessServer::_ping()
20250717-051611<DEBUG:00004910>: [Goddess Server 12] Enter KG_GoddessServer::_ping()
20250717-051611<DEBUG:00004910>: [Goddess Server 12] Enter KG_GoddessServer::_ping()
20250717-051613<DEBUG:000048E0>: [Goddess Server 14] Enter KG_GoddessServer::_ping()
20250717-051613<DEBUG:000048E0>: [Goddess Server 14] Enter KG_GoddessServer::_ping()
20250717-051613<DEBUG:0000303C>: [Goddess Server 00] Enter KG_GoddessServer::_ping()
20250717-051614<DEBUG:0000494C>: [Goddess Server 10] Enter KG_GoddessServer::_ping()
20250717-051615<DEBUG:0000493C>: [Goddess Server 11] Enter KG_GoddessServer::_ping()
20250717-051617<DEBUG:00004898>: [Goddess Server 15] Enter KG_GoddessServer::_ping()
20250717-051618<DEBUG:000048E4>: [Goddess Server 13] Enter KG_GoddessServer::_ping()
20250717-051620<DEBUG:000049B0>: [Goddess Server 09] Enter KG_GoddessServer::_ping()
20250717-051621<DEBUG:00004910>: [Goddess Server 12] Enter KG_GoddessServer::_ping()
20250717-051623<DEBUG:000048E0>: [Goddess Server 14] Enter KG_GoddessServer::_ping()
20250717-051624<DEBUG:00000BC8>: [Goddess Server 01] Enter KG_GoddessServer::_ping()
20250717-051624<DEBUG:0000494C>: [Goddess Server 10] Enter KG_GoddessServer::_ping()
20250717-051625<DEBUG:0000493C>: [Goddess Server 11] Enter KG_GoddessServer::_ping()
20250717-051627<DEBUG:00004898>: [Goddess Server 15] Enter KG_GoddessServer::_ping()
20250717-051628<DEBUG:000048E4>: [Goddess Server 13] Enter KG_GoddessServer::_ping()
20250717-051630<DEBUG:000049B0>: [Goddess Server 09] Enter KG_GoddessServer::_ping()
20250717-051631<DEBUG:00004910>: [Goddess Server 12] Enter KG_GoddessServer::_ping()
20250717-051632<DEBUG:0000303C>: [Goddess Server 00] Enter KG_GoddessServer::_query_role_list()
20250717-051632<INFO :0000303C>: [Goddess Server 00] Query roles list of account "xboyhd"
20250717-051632<DEBUG:0000303C>: [Goddess Server 00] Leave KG_GoddessServer::_query_role_list()
20250717-051633<DEBUG:000048E0>: [Goddess Server 14] Enter KG_GoddessServer::_ping()
20250717-051633<DEBUG:0000303C>: [Goddess Server 00] Enter KG_GoddessServer::_query_role_list_in_zone()
20250717-051633<DEBUG:0000303C>: [Goddess Server 00] Leave KG_GoddessServer::_query_role_list_in_zone()
20250717-051634<DEBUG:0000494C>: [Goddess Server 10] Enter KG_GoddessServer::_ping()
20250717-051634<DEBUG:0000494C>: [Goddess Server 10] Enter KG_GoddessServer::_ping()
20250717-051635<DEBUG:0000493C>: [Goddess Server 11] Enter KG_GoddessServer::_ping()
20250717-051635<DEBUG:0000493C>: [Goddess Server 11] Enter KG_GoddessServer::_ping()
20250717-051637<DEBUG:00004898>: [Goddess Server 15] Enter KG_GoddessServer::_ping()
20250717-051637<DEBUG:00004898>: [Goddess Server 15] Enter KG_GoddessServer::_ping()
20250717-051637<DEBUG:000048E4>: [Goddess Server 13] Enter KG_GoddessServer::_ping()
20250717-051638<DEBUG:000048E4>: [Goddess Server 13] Enter KG_GoddessServer::_ping()
20250717-051638<DEBUG:0000303C>: [Goddess Server 00] Enter KG_GoddessServer::_query_role_data()
20250717-051638<INFO :0000303C>: [Goddess Server 00] PacketID : 3, Get role "TCQGaming" of Account "xboyhd", Result = 1
20250717-051638<DEBUG:0000303C>: [Goddess Server 00] Leave KG_GoddessServer::_query_role_data()
20250717-051639<DEBUG:00004898>: [Goddess Server 15] Unsupported protocol: 38
20250717-051640<DEBUG:000049B0>: [Goddess Server 09] Enter KG_GoddessServer::_ping()
20250717-051640<DEBUG:000049B0>: [Goddess Server 09] Enter KG_GoddessServer::_ping()
20250717-051640<DEBUG:00004898>: [Goddess Server 15] Unsupported protocol: 37
20250717-051641<DEBUG:00004910>: [Goddess Server 12] Enter KG_GoddessServer::_ping()
20250717-051641<DEBUG:00004910>: [Goddess Server 12] Enter KG_GoddessServer::_ping()
20250717-051643<DEBUG:000048E0>: [Goddess Server 14] Enter KG_GoddessServer::_ping()
20250717-051643<DEBUG:000048E0>: [Goddess Server 14] Enter KG_GoddessServer::_ping()
20250717-051644<DEBUG:0000494C>: [Goddess Server 10] Enter KG_GoddessServer::_ping()
20250717-051645<DEBUG:0000493C>: [Goddess Server 11] Enter KG_GoddessServer::_ping()
20250717-051647<DEBUG:00004898>: [Goddess Server 15] Enter KG_GoddessServer::_ping()
20250717-051648<DEBUG:000048E4>: [Goddess Server 13] Enter KG_GoddessServer::_ping()
20250717-051650<DEBUG:000049B0>: [Goddess Server 09] Enter KG_GoddessServer::_ping()
20250717-051651<DEBUG:00004910>: [Goddess Server 12] Enter KG_GoddessServer::_ping()
20250717-051653<DEBUG:000048E0>: [Goddess Server 14] Enter KG_GoddessServer::_ping()
20250717-051654<DEBUG:00000BC8>: [Goddess Server 01] Enter KG_GoddessServer::_ping()
20250717-051654<DEBUG:0000494C>: [Goddess Server 10] Enter KG_GoddessServer::_ping()
20250717-051655<DEBUG:0000493C>: [Goddess Server 11] Enter KG_GoddessServer::_ping()
20250717-051657<DEBUG:00004898>: [Goddess Server 15] Enter KG_GoddessServer::_ping()
20250717-051658<DEBUG:000048E4>: [Goddess Server 13] Enter KG_GoddessServer::_ping()
20250717-051658<DEBUG:0000303C>: [Goddess Server 00] Enter KG_GoddessServer::_ping()
20250717-051700<DEBUG:000049B0>: [Goddess Server 09] Enter KG_GoddessServer::_ping()
20250717-051701<DEBUG:00004910>: [Goddess Server 12] Enter KG_GoddessServer::_ping()
20250717-051703<DEBUG:000048E0>: [Goddess Server 14] Enter KG_GoddessServer::_ping()
20250717-051704<DEBUG:0000494C>: [Goddess Server 10] Enter KG_GoddessServer::_ping()
20250717-051704<DEBUG:0000494C>: [Goddess Server 10] Enter KG_GoddessServer::_ping()
20250717-051705<DEBUG:0000493C>: [Goddess Server 11] Enter KG_GoddessServer::_ping()
20250717-051705<DEBUG:0000493C>: [Goddess Server 11] Enter KG_GoddessServer::_ping()
20250717-051707<DEBUG:00004898>: [Goddess Server 15] Enter KG_GoddessServer::_ping()
20250717-051707<DEBUG:00004898>: [Goddess Server 15] Enter KG_GoddessServer::_ping()
20250717-051708<DEBUG:000048E4>: [Goddess Server 13] Enter KG_GoddessServer::_ping()
20250717-051708<DEBUG:000048E4>: [Goddess Server 13] Enter KG_GoddessServer::_ping()
20250717-051710<DEBUG:000049B0>: [Goddess Server 09] Enter KG_GoddessServer::_ping()
20250717-051710<DEBUG:000049B0>: [Goddess Server 09] Enter KG_GoddessServer::_ping()
20250717-051711<DEBUG:00004910>: [Goddess Server 12] Enter KG_GoddessServer::_ping()
20250717-051711<DEBUG:00004910>: [Goddess Server 12] Enter KG_GoddessServer::_ping()
20250717-051713<DEBUG:000048E0>: [Goddess Server 14] Enter KG_GoddessServer::_ping()
20250717-051713<DEBUG:000048E0>: [Goddess Server 14] Enter KG_GoddessServer::_ping()
20250717-051714<DEBUG:0000494C>: [Goddess Server 10] Enter KG_GoddessServer::_ping()
20250717-051715<DEBUG:0000493C>: [Goddess Server 11] Enter KG_GoddessServer::_ping()
20250717-051717<DEBUG:00004898>: [Goddess Server 15] Enter KG_GoddessServer::_ping()
20250717-051717<DEBUG:000048E4>: [Goddess Server 13] Enter KG_GoddessServer::_ping()
20250717-051718<DEBUG:0000303C>: [Goddess Server 00] Enter KG_GoddessServer::_ping()
20250717-051720<DEBUG:000049B0>: [Goddess Server 09] Enter KG_GoddessServer::_ping()
20250717-051721<DEBUG:00004910>: [Goddess Server 12] Enter KG_GoddessServer::_ping()
20250717-051723<DEBUG:000048E0>: [Goddess Server 14] Enter KG_GoddessServer::_ping()
20250717-051724<DEBUG:00000BC8>: [Goddess Server 01] Enter KG_GoddessServer::_ping()
20250717-051724<DEBUG:0000494C>: [Goddess Server 10] Enter KG_GoddessServer::_ping()
20250717-051725<DEBUG:0000493C>: [Goddess Server 11] Enter KG_GoddessServer::_ping()
20250717-051727<DEBUG:00004898>: [Goddess Server 15] Enter KG_GoddessServer::_ping()
20250717-051728<DEBUG:000048E4>: [Goddess Server 13] Enter KG_GoddessServer::_ping()
20250717-051730<DEBUG:000049B0>: [Goddess Server 09] Enter KG_GoddessServer::_ping()
20250717-051731<DEBUG:00004898>: nSocket = 912, nSendFlag = 0, Error = 10054
20250717-051731<DEBUG:00004898>: KGLOG_PROCESS_ERROR(nRetCode && "Receive packet failed") at line 1023 in KG_GoddessServer::ProcessRequest
20250717-051731<DEBUG:00004898>: KGLOG_PROCESS_ERROR(nRetCode && "Process Request failed, will stop") at line 1099 in KG_GoddessServer::_ThreadFunction
20250717-051731<INFO :00004898>: [Goddess Server 15] Stopped
20250717-051731<DEBUG:00004910>: [Goddess Server 12] Enter KG_GoddessServer::_ping()
20250717-051731<DEBUG:000048E0>: nSocket = 884, nSendFlag = 0, Error = 10054
20250717-051731<DEBUG:000048E0>: KGLOG_PROCESS_ERROR(nRetCode && "Receive packet failed") at line 1023 in KG_GoddessServer::ProcessRequest
20250717-051731<DEBUG:000048E0>: KGLOG_PROCESS_ERROR(nRetCode && "Process Request failed, will stop") at line 1099 in KG_GoddessServer::_ThreadFunction
20250717-051731<INFO :000048E0>: [Goddess Server 14] Stopped
20250717-051732<DEBUG:000048E4>: nSocket = 952, nSendFlag = 0, Error = 10054
20250717-051732<DEBUG:000048E4>: KGLOG_PROCESS_ERROR(nRetCode && "Receive packet failed") at line 1023 in KG_GoddessServer::ProcessRequest
20250717-051732<DEBUG:000048E4>: KGLOG_PROCESS_ERROR(nRetCode && "Process Request failed, will stop") at line 1099 in KG_GoddessServer::_ThreadFunction
20250717-051732<INFO :000048E4>: [Goddess Server 13] Stopped
20250717-051732<DEBUG:00004910>: nSocket = 996, nSendFlag = 0, Error = 10054
20250717-051732<DEBUG:00004910>: KGLOG_PROCESS_ERROR(nRetCode && "Receive packet failed") at line 1023 in KG_GoddessServer::ProcessRequest
20250717-051732<DEBUG:00004910>: KGLOG_PROCESS_ERROR(nRetCode && "Process Request failed, will stop") at line 1099 in KG_GoddessServer::_ThreadFunction
20250717-051732<INFO :00004910>: [Goddess Server 12] Stopped
20250717-051732<DEBUG:0000493C>: nSocket = 972, nSendFlag = 0, Error = 10054
20250717-051732<DEBUG:0000493C>: KGLOG_PROCESS_ERROR(nRetCode && "Receive packet failed") at line 1023 in KG_GoddessServer::ProcessRequest
20250717-051732<DEBUG:0000493C>: KGLOG_PROCESS_ERROR(nRetCode && "Process Request failed, will stop") at line 1099 in KG_GoddessServer::_ThreadFunction
20250717-051732<INFO :0000493C>: [Goddess Server 11] Stopped
