20250717-083216<INFO :00003118>: [KG_Goddess] starting ...
20250717-083216<INFO :00003118>: [KG_Goddess] Loading kg_goddess.ini
20250717-083216<INFO :00003118>: [KG_Goddess] Loaded KG_Angel, version 2.5
20250717-083216<INFO :00003118>: [KG_Goddess] Initializing role database ...
20250717-083216<DEBUG:00003118>: [KGD] Success connect to localhost:3306, character set switch to latin1
20250717-083216<INFO :00003118>: [KG_Goddess] Initializing role statistic ...
20250717-083216<INFO :00003118>: [KG_Goddess] Initializing server manager ...
20250717-083216<INFO :00003118>: [KG_Goddess] Initializing Sequence ...
20250717-083216<INFO :00003118>: [KG_Goddess] Initializing NameServer ...
20250717-083216<DEBUG:00003118>: [Database] character set switch to latin1
20250717-083216<INFO :00003118>: [ServerManager] Listening at 127.0.0.1:5001
20250717-083216<INFO :00003118>: [KG_Goddess] RoleLock disable
20250717-083216<INFO :00003118>: [KG_Goddess] Set log level to DEBUG
20250717-083216<INFO :00003118>: [KG_Goddess] Start success
20250717-083217<DEBUG:00003118>: nSocket = 660, nSendFlag = 0, Error = 10054
20250717-083217<INFO :00003B7C>: [ServerManager] Accept from (127.0.0.1: 50901) SocketStream = 006A7108
20250717-083217<INFO :00003970>: [Goddess Server 00] Started, service for 127.0.0.1:50901
20250717-083217<DEBUG:00003970>: [KGD] Success connect to localhost:3306, character set switch to latin1
20250717-083224<INFO :00003B7C>: [ServerManager] Accept from (127.0.0.1: 50907) SocketStream = 006A7300
20250717-083224<INFO :00003A9C>: [Goddess Server 01] Started, service for 127.0.0.1:50907
20250717-083224<DEBUG:00003A9C>: [KGD] Success connect to localhost:3306, character set switch to latin1
20250717-083228<INFO :00003B7C>: [ServerManager] Accept from (127.0.0.1: 50919) SocketStream = 006A71E0
20250717-083228<INFO :00004A80>: [Goddess Server 02] Started, service for 127.0.0.1:50919
20250717-083228<DEBUG:00004A80>: [KGD] Success connect to localhost:3306, character set switch to latin1
20250717-083228<DEBUG:00004A80>: [Goddess Server 02] Enter KG_GoddessServer::_query_statistic_info()
20250717-083228<DEBUG:00004A80>: KGLOG_PROCESS_ERROR(piStatistic) at line 2189 in KG_GoddessServer::_query_statistic_info
20250717-083228<DEBUG:00004A80>: [Goddess Server 02] Leave KG_GoddessServer::_query_statistic_info()
20250717-083228<INFO :00003B7C>: [ServerManager] Accept from (127.0.0.1: 50924) SocketStream = 006A7420
20250717-083228<INFO :00003CA4>: [Goddess Server 03] Started, service for 127.0.0.1:50924
20250717-083228<DEBUG:00003CA4>: [KGD] Success connect to localhost:3306, character set switch to latin1
20250717-083228<DEBUG:00003CA4>: [Goddess Server 03] Enter KG_GoddessServer::_query_statistic_info()
20250717-083228<DEBUG:00003CA4>: KGLOG_PROCESS_ERROR(piStatistic) at line 2189 in KG_GoddessServer::_query_statistic_info
20250717-083228<DEBUG:00003CA4>: [Goddess Server 03] Leave KG_GoddessServer::_query_statistic_info()
20250717-083228<INFO :00003B7C>: [ServerManager] Accept from (127.0.0.1: 50929) SocketStream = 006A7078
20250717-083228<INFO :00002B18>: [Goddess Server 04] Started, service for 127.0.0.1:50929
20250717-083228<DEBUG:00002B18>: [KGD] Success connect to localhost:3306, character set switch to latin1
20250717-083228<INFO :00003B7C>: [ServerManager] Accept from (127.0.0.1: 50934) SocketStream = 006A70C0
20250717-083228<INFO :00000274>: [Goddess Server 05] Started, service for 127.0.0.1:50934
20250717-083228<DEBUG:00000274>: [KGD] Success connect to localhost:3306, character set switch to latin1
20250717-083228<DEBUG:00000274>: [Goddess Server 05] Enter KG_GoddessServer::_query_statistic_info()
20250717-083228<DEBUG:00000274>: KGLOG_PROCESS_ERROR(piStatistic) at line 2189 in KG_GoddessServer::_query_statistic_info
20250717-083228<DEBUG:00000274>: [Goddess Server 05] Leave KG_GoddessServer::_query_statistic_info()
20250717-083228<INFO :00003B7C>: [ServerManager] Accept from (127.0.0.1: 50939) SocketStream = 006A72B8
20250717-083228<INFO :0000419C>: [Goddess Server 06] Started, service for 127.0.0.1:50939
20250717-083228<DEBUG:0000419C>: [KGD] Success connect to localhost:3306, character set switch to latin1
20250717-083228<INFO :00003B7C>: [ServerManager] Accept from (127.0.0.1: 50942) SocketStream = 006A7468
20250717-083228<INFO :00004244>: [Goddess Server 07] Started, service for 127.0.0.1:50942
20250717-083228<DEBUG:00004244>: [KGD] Success connect to localhost:3306, character set switch to latin1
20250717-083229<INFO :00003B7C>: [ServerManager] Accept from (127.0.0.1: 50945) SocketStream = 006A7618
20250717-083229<INFO :00003F7C>: [Goddess Server 08] Started, service for 127.0.0.1:50945
20250717-083229<DEBUG:00003F7C>: [KGD] Success connect to localhost:3306, character set switch to latin1
20250717-083229<DEBUG:00003F7C>: [Goddess Server 08] Enter KG_GoddessServer::_query_statistic_info()
20250717-083229<DEBUG:00003F7C>: KGLOG_PROCESS_ERROR(piStatistic) at line 2189 in KG_GoddessServer::_query_statistic_info
20250717-083229<DEBUG:00003F7C>: [Goddess Server 08] Leave KG_GoddessServer::_query_statistic_info()
20250717-083230<DEBUG:00004244>: [Goddess Server 07] Enter KG_GoddessServer::_query_statistic_info()
20250717-083230<DEBUG:00004244>: KGLOG_PROCESS_ERROR(piStatistic) at line 2189 in KG_GoddessServer::_query_statistic_info
20250717-083230<DEBUG:00004244>: [Goddess Server 07] Leave KG_GoddessServer::_query_statistic_info()
20250717-083233<DEBUG:00002B18>: [Goddess Server 04] Enter KG_GoddessServer::_query_statistic_info()
20250717-083233<DEBUG:00002B18>: KGLOG_PROCESS_ERROR(piStatistic) at line 2189 in KG_GoddessServer::_query_statistic_info
20250717-083233<DEBUG:00002B18>: [Goddess Server 04] Leave KG_GoddessServer::_query_statistic_info()
20250717-083235<DEBUG:0000419C>: [Goddess Server 06] Enter KG_GoddessServer::_query_statistic_info()
20250717-083235<DEBUG:0000419C>: KGLOG_PROCESS_ERROR(piStatistic) at line 2189 in KG_GoddessServer::_query_statistic_info
20250717-083235<DEBUG:0000419C>: [Goddess Server 06] Leave KG_GoddessServer::_query_statistic_info()
20250717-083236<DEBUG:00004A80>: [Goddess Server 02] Enter KG_GoddessServer::_ping()
20250717-083236<DEBUG:00003CA4>: [Goddess Server 03] Enter KG_GoddessServer::_ping()
20250717-083237<DEBUG:00000274>: [Goddess Server 05] Enter KG_GoddessServer::_ping()
20250717-083238<DEBUG:00003F7C>: [Goddess Server 08] Enter KG_GoddessServer::_ping()
20250717-083240<DEBUG:00004244>: [Goddess Server 07] Enter KG_GoddessServer::_ping()
20250717-083240<DEBUG:00003970>: [Goddess Server 00] Enter KG_GoddessServer::_ping()
20250717-083243<DEBUG:00002B18>: [Goddess Server 04] Enter KG_GoddessServer::_ping()
20250717-083245<DEBUG:0000419C>: [Goddess Server 06] Enter KG_GoddessServer::_ping()
20250717-083246<DEBUG:00004A80>: [Goddess Server 02] Enter KG_GoddessServer::_ping()
20250717-083246<DEBUG:00003CA4>: [Goddess Server 03] Enter KG_GoddessServer::_ping()
20250717-083247<DEBUG:00000274>: [Goddess Server 05] Enter KG_GoddessServer::_ping()
20250717-083248<DEBUG:00003F7C>: [Goddess Server 08] Enter KG_GoddessServer::_ping()
20250717-083250<DEBUG:00004244>: [Goddess Server 07] Enter KG_GoddessServer::_ping()
20250717-083250<DEBUG:00003A9C>: [Goddess Server 01] Enter KG_GoddessServer::_ping()
20250717-083253<DEBUG:00002B18>: [Goddess Server 04] Enter KG_GoddessServer::_ping()
20250717-083255<DEBUG:0000419C>: [Goddess Server 06] Enter KG_GoddessServer::_ping()
20250717-083256<DEBUG:00004A80>: [Goddess Server 02] Enter KG_GoddessServer::_ping()
20250717-083256<DEBUG:00004A80>: [Goddess Server 02] Enter KG_GoddessServer::_ping()
20250717-083256<DEBUG:00003CA4>: [Goddess Server 03] Enter KG_GoddessServer::_ping()
20250717-083256<DEBUG:00003CA4>: [Goddess Server 03] Enter KG_GoddessServer::_ping()
20250717-083257<DEBUG:00000274>: [Goddess Server 05] Enter KG_GoddessServer::_ping()
20250717-083257<DEBUG:00000274>: [Goddess Server 05] Enter KG_GoddessServer::_ping()
20250717-083258<DEBUG:00003F7C>: [Goddess Server 08] Enter KG_GoddessServer::_ping()
20250717-083258<DEBUG:00003F7C>: [Goddess Server 08] Enter KG_GoddessServer::_ping()
20250717-083300<DEBUG:00004244>: [Goddess Server 07] Enter KG_GoddessServer::_ping()
20250717-083300<DEBUG:00004244>: [Goddess Server 07] Enter KG_GoddessServer::_ping()
20250717-083300<DEBUG:00003970>: [Goddess Server 00] Enter KG_GoddessServer::_ping()
20250717-083303<DEBUG:00002B18>: [Goddess Server 04] Enter KG_GoddessServer::_ping()
20250717-083304<DEBUG:00002B18>: [Goddess Server 04] Enter KG_GoddessServer::_ping()
20250717-083305<DEBUG:0000419C>: [Goddess Server 06] Enter KG_GoddessServer::_ping()
20250717-083306<DEBUG:0000419C>: [Goddess Server 06] Enter KG_GoddessServer::_ping()
20250717-083306<DEBUG:00004A80>: [Goddess Server 02] Enter KG_GoddessServer::_ping()
20250717-083306<DEBUG:00003CA4>: [Goddess Server 03] Enter KG_GoddessServer::_ping()
20250717-083307<DEBUG:00000274>: [Goddess Server 05] Enter KG_GoddessServer::_ping()
20250717-083307<DEBUG:00003970>: [Goddess Server 00] Enter KG_GoddessServer::_query_role_list()
20250717-083307<INFO :00003970>: [Goddess Server 00] Query roles list of account "xboyhd"
20250717-083307<DEBUG:00003970>: [Goddess Server 00] Leave KG_GoddessServer::_query_role_list()
20250717-083308<DEBUG:00003F7C>: [Goddess Server 08] Enter KG_GoddessServer::_ping()
20250717-083308<DEBUG:00003970>: [Goddess Server 00] Enter KG_GoddessServer::_query_role_list_in_zone()
20250717-083308<DEBUG:00003970>: [Goddess Server 00] Leave KG_GoddessServer::_query_role_list_in_zone()
20250717-083310<DEBUG:00004244>: [Goddess Server 07] Enter KG_GoddessServer::_ping()
20250717-083311<DEBUG:00003970>: [Goddess Server 00] Enter KG_GoddessServer::_query_role_data()
20250717-083311<INFO :00003970>: [Goddess Server 00] PacketID : 3, Get role "TCQGaming" of Account "xboyhd", Result = 1
20250717-083311<DEBUG:00003970>: [Goddess Server 00] Leave KG_GoddessServer::_query_role_data()
20250717-083312<DEBUG:00003F7C>: [Goddess Server 08] Unsupported protocol: 38
20250717-083313<DEBUG:00003F7C>: [Goddess Server 08] Unsupported protocol: 37
20250717-083313<DEBUG:00002B18>: [Goddess Server 04] Enter KG_GoddessServer::_ping()
20250717-083315<DEBUG:0000419C>: [Goddess Server 06] Enter KG_GoddessServer::_ping()
20250717-083316<DEBUG:00004A80>: [Goddess Server 02] Enter KG_GoddessServer::_ping()
20250717-083316<DEBUG:00003CA4>: [Goddess Server 03] Enter KG_GoddessServer::_ping()
20250717-083317<DEBUG:00000274>: [Goddess Server 05] Enter KG_GoddessServer::_ping()
20250717-083318<DEBUG:00003F7C>: [Goddess Server 08] Enter KG_GoddessServer::_ping()
20250717-083320<DEBUG:00004244>: [Goddess Server 07] Enter KG_GoddessServer::_ping()
20250717-083320<DEBUG:00003A9C>: [Goddess Server 01] Enter KG_GoddessServer::_ping()
20250717-083323<DEBUG:00002B18>: [Goddess Server 04] Enter KG_GoddessServer::_ping()
20250717-083325<DEBUG:0000419C>: [Goddess Server 06] Enter KG_GoddessServer::_ping()
20250717-083326<DEBUG:00004A80>: [Goddess Server 02] Enter KG_GoddessServer::_ping()
20250717-083326<DEBUG:00004A80>: [Goddess Server 02] Enter KG_GoddessServer::_ping()
20250717-083326<DEBUG:00003CA4>: [Goddess Server 03] Enter KG_GoddessServer::_ping()
20250717-083326<DEBUG:00003CA4>: [Goddess Server 03] Enter KG_GoddessServer::_ping()
20250717-083327<DEBUG:00000274>: [Goddess Server 05] Enter KG_GoddessServer::_ping()
20250717-083327<DEBUG:00000274>: [Goddess Server 05] Enter KG_GoddessServer::_ping()
20250717-083328<DEBUG:00003F7C>: [Goddess Server 08] Enter KG_GoddessServer::_ping()
20250717-083328<DEBUG:00003F7C>: [Goddess Server 08] Enter KG_GoddessServer::_ping()
20250717-083330<DEBUG:00004244>: [Goddess Server 07] Enter KG_GoddessServer::_ping()
20250717-083330<DEBUG:00004244>: [Goddess Server 07] Enter KG_GoddessServer::_ping()
20250717-083331<DEBUG:00003970>: [Goddess Server 00] Enter KG_GoddessServer::_ping()
20250717-083333<DEBUG:00002B18>: [Goddess Server 04] Enter KG_GoddessServer::_ping()
20250717-083334<DEBUG:00002B18>: [Goddess Server 04] Enter KG_GoddessServer::_ping()
20250717-083335<DEBUG:0000419C>: [Goddess Server 06] Enter KG_GoddessServer::_ping()
20250717-083336<DEBUG:0000419C>: [Goddess Server 06] Enter KG_GoddessServer::_ping()
20250717-083336<DEBUG:00004A80>: [Goddess Server 02] Enter KG_GoddessServer::_ping()
20250717-083336<DEBUG:00003CA4>: [Goddess Server 03] Enter KG_GoddessServer::_ping()
20250717-083337<DEBUG:00000274>: [Goddess Server 05] Enter KG_GoddessServer::_ping()
20250717-083338<DEBUG:00003F7C>: [Goddess Server 08] Enter KG_GoddessServer::_ping()
20250717-083340<DEBUG:00004244>: [Goddess Server 07] Enter KG_GoddessServer::_ping()
20250717-083343<DEBUG:00002B18>: [Goddess Server 04] Enter KG_GoddessServer::_ping()
20250717-083345<DEBUG:0000419C>: [Goddess Server 06] Enter KG_GoddessServer::_ping()
20250717-083346<DEBUG:00004A80>: [Goddess Server 02] Enter KG_GoddessServer::_ping()
20250717-083346<DEBUG:00003CA4>: [Goddess Server 03] Enter KG_GoddessServer::_ping()
20250717-083347<DEBUG:00000274>: [Goddess Server 05] Enter KG_GoddessServer::_ping()
20250717-083348<DEBUG:00003F7C>: [Goddess Server 08] Enter KG_GoddessServer::_ping()
20250717-083350<DEBUG:00004244>: [Goddess Server 07] Enter KG_GoddessServer::_ping()
20250717-083350<DEBUG:00003A9C>: [Goddess Server 01] Enter KG_GoddessServer::_ping()
20250717-083351<DEBUG:00003970>: [Goddess Server 00] Enter KG_GoddessServer::_ping()
20250717-083353<DEBUG:00002B18>: [Goddess Server 04] Enter KG_GoddessServer::_ping()
20250717-083355<DEBUG:0000419C>: [Goddess Server 06] Enter KG_GoddessServer::_ping()
20250717-083356<DEBUG:00004A80>: [Goddess Server 02] Enter KG_GoddessServer::_ping()
20250717-083356<DEBUG:00004A80>: [Goddess Server 02] Enter KG_GoddessServer::_ping()
20250717-083356<DEBUG:00003CA4>: [Goddess Server 03] Enter KG_GoddessServer::_ping()
20250717-083356<DEBUG:00003CA4>: [Goddess Server 03] Enter KG_GoddessServer::_ping()
20250717-083357<DEBUG:00000274>: [Goddess Server 05] Enter KG_GoddessServer::_ping()
20250717-083357<DEBUG:00000274>: [Goddess Server 05] Enter KG_GoddessServer::_ping()
20250717-083358<DEBUG:00003F7C>: [Goddess Server 08] Enter KG_GoddessServer::_ping()
20250717-083358<DEBUG:00003F7C>: [Goddess Server 08] Enter KG_GoddessServer::_ping()
20250717-083400<DEBUG:00004244>: [Goddess Server 07] Enter KG_GoddessServer::_ping()
20250717-083400<DEBUG:00004244>: [Goddess Server 07] Enter KG_GoddessServer::_ping()
20250717-083403<DEBUG:00002B18>: [Goddess Server 04] Enter KG_GoddessServer::_ping()
20250717-083404<DEBUG:00002B18>: [Goddess Server 04] Enter KG_GoddessServer::_ping()
20250717-083405<DEBUG:0000419C>: [Goddess Server 06] Enter KG_GoddessServer::_ping()
20250717-083406<DEBUG:0000419C>: [Goddess Server 06] Enter KG_GoddessServer::_ping()
20250717-083406<DEBUG:00004A80>: [Goddess Server 02] Enter KG_GoddessServer::_ping()
20250717-083406<DEBUG:00003CA4>: [Goddess Server 03] Enter KG_GoddessServer::_ping()
20250717-083407<DEBUG:00000274>: [Goddess Server 05] Enter KG_GoddessServer::_ping()
20250717-083408<DEBUG:00003F7C>: [Goddess Server 08] Enter KG_GoddessServer::_ping()
20250717-083410<DEBUG:00004244>: [Goddess Server 07] Enter KG_GoddessServer::_ping()
20250717-083411<DEBUG:00003970>: [Goddess Server 00] Enter KG_GoddessServer::_ping()
20250717-083413<DEBUG:00002B18>: [Goddess Server 04] Enter KG_GoddessServer::_ping()
20250717-083415<DEBUG:0000419C>: [Goddess Server 06] Enter KG_GoddessServer::_ping()
20250717-083416<DEBUG:00004A80>: [Goddess Server 02] Enter KG_GoddessServer::_ping()
20250717-083416<DEBUG:00003CA4>: [Goddess Server 03] Enter KG_GoddessServer::_ping()
20250717-083417<DEBUG:00000274>: [Goddess Server 05] Enter KG_GoddessServer::_ping()
20250717-083418<DEBUG:00003F7C>: [Goddess Server 08] Enter KG_GoddessServer::_ping()
20250717-083420<DEBUG:00004244>: [Goddess Server 07] Enter KG_GoddessServer::_ping()
20250717-083420<DEBUG:00003A9C>: [Goddess Server 01] Enter KG_GoddessServer::_ping()
20250717-083423<DEBUG:00002B18>: [Goddess Server 04] Enter KG_GoddessServer::_ping()
20250717-083425<DEBUG:0000419C>: [Goddess Server 06] Enter KG_GoddessServer::_ping()
20250717-083426<DEBUG:00004A80>: [Goddess Server 02] Enter KG_GoddessServer::_ping()
20250717-083426<DEBUG:00004A80>: [Goddess Server 02] Enter KG_GoddessServer::_ping()
20250717-083426<DEBUG:00003CA4>: [Goddess Server 03] Enter KG_GoddessServer::_ping()
20250717-083427<DEBUG:00003CA4>: [Goddess Server 03] Enter KG_GoddessServer::_ping()
20250717-083427<DEBUG:00000274>: [Goddess Server 05] Enter KG_GoddessServer::_ping()
20250717-083427<DEBUG:00000274>: [Goddess Server 05] Enter KG_GoddessServer::_ping()
20250717-083428<DEBUG:00003F7C>: [Goddess Server 08] Enter KG_GoddessServer::_ping()
20250717-083428<DEBUG:00003F7C>: [Goddess Server 08] Enter KG_GoddessServer::_ping()
20250717-083430<DEBUG:00004244>: [Goddess Server 07] Enter KG_GoddessServer::_ping()
20250717-083430<DEBUG:00004244>: [Goddess Server 07] Enter KG_GoddessServer::_ping()
20250717-083431<DEBUG:00003970>: [Goddess Server 00] Enter KG_GoddessServer::_ping()
20250717-083433<DEBUG:00002B18>: [Goddess Server 04] Enter KG_GoddessServer::_ping()
20250717-083434<DEBUG:00002B18>: [Goddess Server 04] Enter KG_GoddessServer::_ping()
20250717-083435<DEBUG:0000419C>: [Goddess Server 06] Enter KG_GoddessServer::_ping()
20250717-083436<DEBUG:0000419C>: [Goddess Server 06] Enter KG_GoddessServer::_ping()
20250717-083436<DEBUG:00004A80>: [Goddess Server 02] Enter KG_GoddessServer::_ping()
20250717-083436<DEBUG:00003CA4>: [Goddess Server 03] Enter KG_GoddessServer::_ping()
20250717-083437<DEBUG:00000274>: [Goddess Server 05] Enter KG_GoddessServer::_ping()
20250717-083438<DEBUG:00003F7C>: [Goddess Server 08] Enter KG_GoddessServer::_ping()
20250717-083440<DEBUG:00004244>: [Goddess Server 07] Enter KG_GoddessServer::_ping()
20250717-083443<DEBUG:00002B18>: [Goddess Server 04] Enter KG_GoddessServer::_ping()
20250717-083445<DEBUG:0000419C>: [Goddess Server 06] Enter KG_GoddessServer::_ping()
20250717-083446<DEBUG:00004A80>: [Goddess Server 02] Enter KG_GoddessServer::_ping()
20250717-083446<DEBUG:00003CA4>: [Goddess Server 03] Enter KG_GoddessServer::_ping()
20250717-083447<DEBUG:00000274>: [Goddess Server 05] Enter KG_GoddessServer::_ping()
20250717-083448<DEBUG:00003F7C>: [Goddess Server 08] Enter KG_GoddessServer::_ping()
20250717-083450<DEBUG:00004244>: [Goddess Server 07] Enter KG_GoddessServer::_ping()
20250717-083450<DEBUG:00003A9C>: [Goddess Server 01] Enter KG_GoddessServer::_ping()
20250717-083451<DEBUG:00003970>: [Goddess Server 00] Enter KG_GoddessServer::_ping()
20250717-083453<DEBUG:00002B18>: [Goddess Server 04] Enter KG_GoddessServer::_ping()
20250717-083455<DEBUG:0000419C>: [Goddess Server 06] Enter KG_GoddessServer::_ping()
20250717-083456<DEBUG:00004A80>: [Goddess Server 02] Enter KG_GoddessServer::_ping()
20250717-083456<DEBUG:00004A80>: [Goddess Server 02] Enter KG_GoddessServer::_ping()
20250717-083456<DEBUG:00003CA4>: [Goddess Server 03] Enter KG_GoddessServer::_ping()
20250717-083457<DEBUG:00003CA4>: [Goddess Server 03] Enter KG_GoddessServer::_ping()
20250717-083457<DEBUG:00000274>: [Goddess Server 05] Enter KG_GoddessServer::_ping()
20250717-083457<DEBUG:00000274>: [Goddess Server 05] Enter KG_GoddessServer::_ping()
20250717-083458<DEBUG:00003F7C>: [Goddess Server 08] Enter KG_GoddessServer::_ping()
20250717-083458<DEBUG:00003F7C>: [Goddess Server 08] Enter KG_GoddessServer::_ping()
20250717-083500<DEBUG:00004244>: [Goddess Server 07] Enter KG_GoddessServer::_ping()
20250717-083500<DEBUG:00004244>: [Goddess Server 07] Enter KG_GoddessServer::_ping()
20250717-083503<DEBUG:00002B18>: [Goddess Server 04] Enter KG_GoddessServer::_ping()
20250717-083504<DEBUG:00002B18>: [Goddess Server 04] Enter KG_GoddessServer::_ping()
20250717-083505<DEBUG:0000419C>: [Goddess Server 06] Enter KG_GoddessServer::_ping()
20250717-083506<DEBUG:0000419C>: [Goddess Server 06] Enter KG_GoddessServer::_ping()
20250717-083506<DEBUG:00004A80>: [Goddess Server 02] Enter KG_GoddessServer::_ping()
20250717-083506<DEBUG:00003CA4>: [Goddess Server 03] Enter KG_GoddessServer::_ping()
20250717-083507<DEBUG:00000274>: [Goddess Server 05] Enter KG_GoddessServer::_ping()
20250717-083508<DEBUG:00003F7C>: [Goddess Server 08] Enter KG_GoddessServer::_ping()
20250717-083510<DEBUG:00004244>: [Goddess Server 07] Enter KG_GoddessServer::_ping()
20250717-083511<DEBUG:00003970>: [Goddess Server 00] Enter KG_GoddessServer::_ping()
20250717-083513<DEBUG:00002B18>: [Goddess Server 04] Enter KG_GoddessServer::_ping()
20250717-083515<DEBUG:0000419C>: [Goddess Server 06] Enter KG_GoddessServer::_ping()
20250717-083516<DEBUG:00004A80>: [Goddess Server 02] Enter KG_GoddessServer::_ping()
20250717-083516<DEBUG:00003CA4>: [Goddess Server 03] Enter KG_GoddessServer::_ping()
20250717-083517<DEBUG:00000274>: [Goddess Server 05] Enter KG_GoddessServer::_ping()
20250717-083518<DEBUG:00003F7C>: [Goddess Server 08] Enter KG_GoddessServer::_ping()
20250717-083520<DEBUG:00004244>: [Goddess Server 07] Enter KG_GoddessServer::_ping()
20250717-083520<DEBUG:00003A9C>: [Goddess Server 01] Enter KG_GoddessServer::_ping()
20250717-083523<DEBUG:00002B18>: [Goddess Server 04] Enter KG_GoddessServer::_ping()
20250717-083525<DEBUG:0000419C>: [Goddess Server 06] Enter KG_GoddessServer::_ping()
20250717-083526<DEBUG:00004A80>: [Goddess Server 02] Enter KG_GoddessServer::_ping()
20250717-083526<DEBUG:00004A80>: [Goddess Server 02] Enter KG_GoddessServer::_ping()
20250717-083526<DEBUG:00003CA4>: [Goddess Server 03] Enter KG_GoddessServer::_ping()
20250717-083527<DEBUG:00003CA4>: [Goddess Server 03] Enter KG_GoddessServer::_ping()
20250717-083527<DEBUG:00000274>: [Goddess Server 05] Enter KG_GoddessServer::_ping()
20250717-083527<DEBUG:00000274>: [Goddess Server 05] Enter KG_GoddessServer::_ping()
20250717-083528<DEBUG:00003F7C>: [Goddess Server 08] Enter KG_GoddessServer::_ping()
20250717-083528<DEBUG:00003F7C>: [Goddess Server 08] Enter KG_GoddessServer::_ping()
20250717-083530<DEBUG:00004244>: [Goddess Server 07] Enter KG_GoddessServer::_ping()
20250717-083530<DEBUG:00004244>: [Goddess Server 07] Enter KG_GoddessServer::_ping()
20250717-083531<DEBUG:00003970>: [Goddess Server 00] Enter KG_GoddessServer::_ping()
20250717-083533<DEBUG:00002B18>: [Goddess Server 04] Enter KG_GoddessServer::_ping()
20250717-083534<DEBUG:00002B18>: [Goddess Server 04] Enter KG_GoddessServer::_ping()
20250717-083535<DEBUG:0000419C>: [Goddess Server 06] Enter KG_GoddessServer::_ping()
20250717-083536<DEBUG:0000419C>: [Goddess Server 06] Enter KG_GoddessServer::_ping()
20250717-083536<DEBUG:00004A80>: [Goddess Server 02] Enter KG_GoddessServer::_ping()
20250717-083536<DEBUG:00003CA4>: [Goddess Server 03] Enter KG_GoddessServer::_ping()
20250717-083537<DEBUG:00000274>: [Goddess Server 05] Enter KG_GoddessServer::_ping()
20250717-083538<DEBUG:00003F7C>: [Goddess Server 08] Enter KG_GoddessServer::_ping()
20250717-083540<DEBUG:00004244>: [Goddess Server 07] Enter KG_GoddessServer::_ping()
20250717-083543<DEBUG:00002B18>: [Goddess Server 04] Enter KG_GoddessServer::_ping()
20250717-083545<DEBUG:0000419C>: [Goddess Server 06] Enter KG_GoddessServer::_ping()
20250717-083546<DEBUG:00004A80>: [Goddess Server 02] Enter KG_GoddessServer::_ping()
20250717-083546<DEBUG:00003CA4>: [Goddess Server 03] Enter KG_GoddessServer::_ping()
20250717-083547<DEBUG:00000274>: [Goddess Server 05] Enter KG_GoddessServer::_ping()
20250717-083548<DEBUG:00003F7C>: [Goddess Server 08] Enter KG_GoddessServer::_ping()
20250717-083550<DEBUG:00004244>: [Goddess Server 07] Enter KG_GoddessServer::_ping()
20250717-083550<DEBUG:00003A9C>: [Goddess Server 01] Enter KG_GoddessServer::_ping()
20250717-083551<DEBUG:00003970>: [Goddess Server 00] Enter KG_GoddessServer::_ping()
20250717-083553<DEBUG:00002B18>: [Goddess Server 04] Enter KG_GoddessServer::_ping()
20250717-083555<DEBUG:0000419C>: [Goddess Server 06] Enter KG_GoddessServer::_ping()
20250717-083556<DEBUG:00004A80>: [Goddess Server 02] Enter KG_GoddessServer::_ping()
20250717-083556<DEBUG:00004A80>: [Goddess Server 02] Enter KG_GoddessServer::_ping()
20250717-083556<DEBUG:00003CA4>: [Goddess Server 03] Enter KG_GoddessServer::_ping()
20250717-083557<DEBUG:00003CA4>: [Goddess Server 03] Enter KG_GoddessServer::_ping()
20250717-083557<DEBUG:00000274>: [Goddess Server 05] Enter KG_GoddessServer::_ping()
20250717-083557<DEBUG:00000274>: [Goddess Server 05] Enter KG_GoddessServer::_ping()
20250717-083558<DEBUG:00003F7C>: [Goddess Server 08] Enter KG_GoddessServer::_ping()
20250717-083558<DEBUG:00003F7C>: [Goddess Server 08] Enter KG_GoddessServer::_ping()
20250717-083600<DEBUG:00004244>: [Goddess Server 07] Enter KG_GoddessServer::_ping()
20250717-083600<DEBUG:00004244>: [Goddess Server 07] Enter KG_GoddessServer::_ping()
20250717-083603<DEBUG:00002B18>: [Goddess Server 04] Enter KG_GoddessServer::_ping()
20250717-083604<DEBUG:00002B18>: [Goddess Server 04] Enter KG_GoddessServer::_ping()
20250717-083605<DEBUG:0000419C>: [Goddess Server 06] Enter KG_GoddessServer::_ping()
20250717-083606<DEBUG:00004A80>: [Goddess Server 02] Enter KG_GoddessServer::_ping()
20250717-083606<DEBUG:0000419C>: [Goddess Server 06] Enter KG_GoddessServer::_ping()
20250717-083606<DEBUG:00003CA4>: [Goddess Server 03] Enter KG_GoddessServer::_ping()
20250717-083607<DEBUG:00000274>: [Goddess Server 05] Enter KG_GoddessServer::_ping()
20250717-083608<DEBUG:00003F7C>: [Goddess Server 08] Enter KG_GoddessServer::_ping()
20250717-083610<DEBUG:00004244>: [Goddess Server 07] Enter KG_GoddessServer::_ping()
20250717-083611<DEBUG:00003970>: [Goddess Server 00] Enter KG_GoddessServer::_ping()
20250717-083613<DEBUG:00002B18>: [Goddess Server 04] Enter KG_GoddessServer::_ping()
20250717-083615<DEBUG:0000419C>: [Goddess Server 06] Enter KG_GoddessServer::_ping()
20250717-083616<DEBUG:00004A80>: [Goddess Server 02] Enter KG_GoddessServer::_ping()
20250717-083616<DEBUG:00003CA4>: [Goddess Server 03] Enter KG_GoddessServer::_ping()
20250717-083617<DEBUG:00000274>: [Goddess Server 05] Enter KG_GoddessServer::_ping()
20250717-083618<DEBUG:00003F7C>: [Goddess Server 08] Enter KG_GoddessServer::_ping()
20250717-083620<DEBUG:00004244>: [Goddess Server 07] Enter KG_GoddessServer::_ping()
20250717-083620<DEBUG:00003A9C>: [Goddess Server 01] Enter KG_GoddessServer::_ping()
20250717-083623<DEBUG:00002B18>: [Goddess Server 04] Enter KG_GoddessServer::_ping()
20250717-083625<DEBUG:0000419C>: [Goddess Server 06] Enter KG_GoddessServer::_ping()
20250717-083626<DEBUG:00004A80>: [Goddess Server 02] Enter KG_GoddessServer::_ping()
20250717-083626<DEBUG:00004A80>: [Goddess Server 02] Enter KG_GoddessServer::_ping()
20250717-083626<DEBUG:00003CA4>: [Goddess Server 03] Enter KG_GoddessServer::_ping()
20250717-083627<DEBUG:00003CA4>: [Goddess Server 03] Enter KG_GoddessServer::_ping()
20250717-083627<DEBUG:00000274>: [Goddess Server 05] Enter KG_GoddessServer::_ping()
20250717-083627<DEBUG:00000274>: [Goddess Server 05] Enter KG_GoddessServer::_ping()
20250717-083628<DEBUG:00003F7C>: [Goddess Server 08] Enter KG_GoddessServer::_ping()
20250717-083629<DEBUG:00003F7C>: [Goddess Server 08] Enter KG_GoddessServer::_ping()
20250717-083630<DEBUG:00004244>: [Goddess Server 07] Enter KG_GoddessServer::_ping()
20250717-083630<DEBUG:00004244>: [Goddess Server 07] Enter KG_GoddessServer::_ping()
20250717-083631<DEBUG:00003970>: [Goddess Server 00] Enter KG_GoddessServer::_ping()
20250717-083633<DEBUG:00002B18>: [Goddess Server 04] Enter KG_GoddessServer::_ping()
20250717-083634<DEBUG:00002B18>: [Goddess Server 04] Enter KG_GoddessServer::_ping()
20250717-083635<DEBUG:0000419C>: [Goddess Server 06] Enter KG_GoddessServer::_ping()
20250717-083636<DEBUG:00004A80>: [Goddess Server 02] Enter KG_GoddessServer::_ping()
20250717-083636<DEBUG:0000419C>: [Goddess Server 06] Enter KG_GoddessServer::_ping()
20250717-083636<DEBUG:00003CA4>: [Goddess Server 03] Enter KG_GoddessServer::_ping()
20250717-083637<DEBUG:00000274>: [Goddess Server 05] Enter KG_GoddessServer::_ping()
20250717-083638<DEBUG:00003F7C>: [Goddess Server 08] Enter KG_GoddessServer::_ping()
20250717-083640<DEBUG:00004244>: [Goddess Server 07] Enter KG_GoddessServer::_ping()
20250717-083643<DEBUG:00002B18>: [Goddess Server 04] Enter KG_GoddessServer::_ping()
20250717-083645<DEBUG:0000419C>: [Goddess Server 06] Enter KG_GoddessServer::_ping()
20250717-083646<DEBUG:00004A80>: [Goddess Server 02] Enter KG_GoddessServer::_ping()
20250717-083646<DEBUG:00003CA4>: [Goddess Server 03] Enter KG_GoddessServer::_ping()
20250717-083647<DEBUG:00000274>: [Goddess Server 05] Enter KG_GoddessServer::_ping()
20250717-083648<DEBUG:00003F7C>: [Goddess Server 08] Enter KG_GoddessServer::_ping()
20250717-083650<DEBUG:00004244>: [Goddess Server 07] Enter KG_GoddessServer::_ping()
20250717-083650<DEBUG:00003A9C>: [Goddess Server 01] Enter KG_GoddessServer::_ping()
20250717-083651<DEBUG:00003970>: [Goddess Server 00] Enter KG_GoddessServer::_ping()
20250717-083653<DEBUG:00002B18>: [Goddess Server 04] Enter KG_GoddessServer::_ping()
20250717-083655<DEBUG:0000419C>: [Goddess Server 06] Enter KG_GoddessServer::_ping()
20250717-083656<DEBUG:00004A80>: [Goddess Server 02] Enter KG_GoddessServer::_ping()
20250717-083656<DEBUG:00003CA4>: [Goddess Server 03] Enter KG_GoddessServer::_ping()
20250717-083656<DEBUG:00004A80>: [Goddess Server 02] Enter KG_GoddessServer::_ping()
20250717-083657<DEBUG:00003CA4>: [Goddess Server 03] Enter KG_GoddessServer::_ping()
20250717-083657<DEBUG:00000274>: [Goddess Server 05] Enter KG_GoddessServer::_ping()
20250717-083658<DEBUG:00000274>: [Goddess Server 05] Enter KG_GoddessServer::_ping()
20250717-083658<DEBUG:00003F7C>: [Goddess Server 08] Enter KG_GoddessServer::_ping()
20250717-083659<DEBUG:00003F7C>: [Goddess Server 08] Enter KG_GoddessServer::_ping()
20250717-083700<DEBUG:00004244>: [Goddess Server 07] Enter KG_GoddessServer::_ping()
20250717-083700<DEBUG:00004244>: [Goddess Server 07] Enter KG_GoddessServer::_ping()
20250717-083703<DEBUG:00002B18>: [Goddess Server 04] Enter KG_GoddessServer::_ping()
20250717-083704<DEBUG:00002B18>: [Goddess Server 04] Enter KG_GoddessServer::_ping()
20250717-083705<DEBUG:0000419C>: [Goddess Server 06] Enter KG_GoddessServer::_ping()
20250717-083706<DEBUG:00004A80>: [Goddess Server 02] Enter KG_GoddessServer::_ping()
20250717-083706<DEBUG:0000419C>: [Goddess Server 06] Enter KG_GoddessServer::_ping()
20250717-083706<DEBUG:00003CA4>: [Goddess Server 03] Enter KG_GoddessServer::_ping()
20250717-083707<DEBUG:00000274>: [Goddess Server 05] Enter KG_GoddessServer::_ping()
20250717-083708<DEBUG:00003F7C>: [Goddess Server 08] Enter KG_GoddessServer::_ping()
20250717-083710<DEBUG:00004244>: [Goddess Server 07] Enter KG_GoddessServer::_ping()
20250717-083711<DEBUG:00003970>: [Goddess Server 00] Enter KG_GoddessServer::_ping()
20250717-083713<DEBUG:00002B18>: [Goddess Server 04] Enter KG_GoddessServer::_ping()
20250717-083715<DEBUG:0000419C>: [Goddess Server 06] Enter KG_GoddessServer::_ping()
20250717-083716<DEBUG:00004A80>: [Goddess Server 02] Enter KG_GoddessServer::_ping()
20250717-083716<DEBUG:00003CA4>: [Goddess Server 03] Enter KG_GoddessServer::_ping()
20250717-083717<DEBUG:00000274>: [Goddess Server 05] Enter KG_GoddessServer::_ping()
20250717-083718<DEBUG:00003F7C>: [Goddess Server 08] Enter KG_GoddessServer::_ping()
20250717-083720<DEBUG:00004244>: [Goddess Server 07] Enter KG_GoddessServer::_ping()
20250717-083720<DEBUG:00003A9C>: [Goddess Server 01] Enter KG_GoddessServer::_ping()
20250717-083723<DEBUG:00002B18>: [Goddess Server 04] Enter KG_GoddessServer::_ping()
20250717-083725<DEBUG:0000419C>: [Goddess Server 06] Enter KG_GoddessServer::_ping()
20250717-083726<DEBUG:00004A80>: [Goddess Server 02] Enter KG_GoddessServer::_ping()
20250717-083726<DEBUG:00003CA4>: [Goddess Server 03] Enter KG_GoddessServer::_ping()
20250717-083726<DEBUG:00004A80>: [Goddess Server 02] Enter KG_GoddessServer::_ping()
20250717-083727<DEBUG:00003CA4>: [Goddess Server 03] Enter KG_GoddessServer::_ping()
20250717-083727<DEBUG:00000274>: [Goddess Server 05] Enter KG_GoddessServer::_ping()
20250717-083728<DEBUG:00000274>: [Goddess Server 05] Enter KG_GoddessServer::_ping()
20250717-083728<DEBUG:00003F7C>: [Goddess Server 08] Enter KG_GoddessServer::_ping()
20250717-083729<DEBUG:00003F7C>: [Goddess Server 08] Enter KG_GoddessServer::_ping()
20250717-083730<DEBUG:00004244>: [Goddess Server 07] Enter KG_GoddessServer::_ping()
20250717-083730<DEBUG:00004244>: [Goddess Server 07] Enter KG_GoddessServer::_ping()
20250717-083731<DEBUG:00003970>: [Goddess Server 00] Enter KG_GoddessServer::_ping()
20250717-083733<DEBUG:00002B18>: [Goddess Server 04] Enter KG_GoddessServer::_ping()
20250717-083734<DEBUG:00002B18>: [Goddess Server 04] Enter KG_GoddessServer::_ping()
20250717-083735<DEBUG:0000419C>: [Goddess Server 06] Enter KG_GoddessServer::_ping()
20250717-083736<DEBUG:00004A80>: [Goddess Server 02] Enter KG_GoddessServer::_ping()
20250717-083736<DEBUG:0000419C>: [Goddess Server 06] Enter KG_GoddessServer::_ping()
20250717-083736<DEBUG:00003CA4>: [Goddess Server 03] Enter KG_GoddessServer::_ping()
20250717-083737<DEBUG:00000274>: [Goddess Server 05] Enter KG_GoddessServer::_ping()
20250717-083738<DEBUG:00003F7C>: [Goddess Server 08] Enter KG_GoddessServer::_ping()
20250717-083740<DEBUG:00004244>: [Goddess Server 07] Enter KG_GoddessServer::_ping()
20250717-083743<DEBUG:00002B18>: [Goddess Server 04] Enter KG_GoddessServer::_ping()
20250717-083745<DEBUG:0000419C>: [Goddess Server 06] Enter KG_GoddessServer::_ping()
20250717-083746<DEBUG:00004A80>: [Goddess Server 02] Enter KG_GoddessServer::_ping()
20250717-083746<DEBUG:00003CA4>: [Goddess Server 03] Enter KG_GoddessServer::_ping()
20250717-083747<DEBUG:00000274>: [Goddess Server 05] Enter KG_GoddessServer::_ping()
20250717-083748<DEBUG:00003F7C>: [Goddess Server 08] Enter KG_GoddessServer::_ping()
20250717-083750<DEBUG:00004244>: [Goddess Server 07] Enter KG_GoddessServer::_ping()
20250717-083750<DEBUG:00003A9C>: [Goddess Server 01] Enter KG_GoddessServer::_ping()
20250717-083751<DEBUG:00003970>: [Goddess Server 00] Enter KG_GoddessServer::_ping()
20250717-083753<DEBUG:00002B18>: [Goddess Server 04] Enter KG_GoddessServer::_ping()
20250717-083755<DEBUG:0000419C>: [Goddess Server 06] Enter KG_GoddessServer::_ping()
20250717-083756<DEBUG:00004A80>: [Goddess Server 02] Enter KG_GoddessServer::_ping()
20250717-083756<DEBUG:00003CA4>: [Goddess Server 03] Enter KG_GoddessServer::_ping()
20250717-083756<DEBUG:00004A80>: [Goddess Server 02] Enter KG_GoddessServer::_ping()
20250717-083757<DEBUG:00003CA4>: [Goddess Server 03] Enter KG_GoddessServer::_ping()
20250717-083757<DEBUG:00000274>: [Goddess Server 05] Enter KG_GoddessServer::_ping()
20250717-083758<DEBUG:00000274>: [Goddess Server 05] Enter KG_GoddessServer::_ping()
20250717-083758<DEBUG:00003F7C>: [Goddess Server 08] Enter KG_GoddessServer::_ping()
20250717-083759<DEBUG:00003F7C>: [Goddess Server 08] Enter KG_GoddessServer::_ping()
20250717-083800<DEBUG:00004244>: [Goddess Server 07] Enter KG_GoddessServer::_ping()
20250717-083800<DEBUG:00004244>: [Goddess Server 07] Enter KG_GoddessServer::_ping()
20250717-083803<DEBUG:00002B18>: [Goddess Server 04] Enter KG_GoddessServer::_ping()
20250717-083804<DEBUG:00002B18>: [Goddess Server 04] Enter KG_GoddessServer::_ping()
20250717-083805<DEBUG:0000419C>: [Goddess Server 06] Enter KG_GoddessServer::_ping()
20250717-083806<DEBUG:00004A80>: [Goddess Server 02] Enter KG_GoddessServer::_ping()
20250717-083806<DEBUG:0000419C>: [Goddess Server 06] Enter KG_GoddessServer::_ping()
20250717-083806<DEBUG:00003CA4>: [Goddess Server 03] Enter KG_GoddessServer::_ping()
20250717-083807<DEBUG:00000274>: [Goddess Server 05] Enter KG_GoddessServer::_ping()
20250717-083808<DEBUG:00003F7C>: [Goddess Server 08] Enter KG_GoddessServer::_ping()
20250717-083810<DEBUG:00004244>: [Goddess Server 07] Enter KG_GoddessServer::_ping()
20250717-083811<DEBUG:00003970>: [Goddess Server 00] Enter KG_GoddessServer::_ping()
20250717-083813<DEBUG:00002B18>: [Goddess Server 04] Enter KG_GoddessServer::_ping()
20250717-083815<DEBUG:0000419C>: [Goddess Server 06] Enter KG_GoddessServer::_ping()
20250717-083816<DEBUG:00004A80>: [Goddess Server 02] Enter KG_GoddessServer::_ping()
20250717-083816<DEBUG:00003CA4>: [Goddess Server 03] Enter KG_GoddessServer::_ping()
20250717-083817<DEBUG:00000274>: [Goddess Server 05] Enter KG_GoddessServer::_ping()
20250717-083818<DEBUG:00003F7C>: [Goddess Server 08] Enter KG_GoddessServer::_ping()
20250717-083820<DEBUG:00004244>: [Goddess Server 07] Enter KG_GoddessServer::_ping()
20250717-083820<DEBUG:00003A9C>: [Goddess Server 01] Enter KG_GoddessServer::_ping()
20250717-083823<DEBUG:00002B18>: [Goddess Server 04] Enter KG_GoddessServer::_ping()
20250717-083825<DEBUG:0000419C>: [Goddess Server 06] Enter KG_GoddessServer::_ping()
20250717-083826<DEBUG:00004A80>: [Goddess Server 02] Enter KG_GoddessServer::_ping()
20250717-083826<DEBUG:00003CA4>: [Goddess Server 03] Enter KG_GoddessServer::_ping()
20250717-083827<DEBUG:00004A80>: [Goddess Server 02] Enter KG_GoddessServer::_ping()
20250717-083827<DEBUG:00000274>: [Goddess Server 05] Enter KG_GoddessServer::_ping()
20250717-083827<DEBUG:00003CA4>: [Goddess Server 03] Enter KG_GoddessServer::_ping()
20250717-083828<DEBUG:00000274>: [Goddess Server 05] Enter KG_GoddessServer::_ping()
20250717-083828<DEBUG:00003F7C>: [Goddess Server 08] Enter KG_GoddessServer::_ping()
20250717-083829<DEBUG:00003F7C>: [Goddess Server 08] Enter KG_GoddessServer::_ping()
20250717-083830<DEBUG:00004244>: [Goddess Server 07] Enter KG_GoddessServer::_ping()
20250717-083830<DEBUG:00004244>: [Goddess Server 07] Enter KG_GoddessServer::_ping()
20250717-083831<DEBUG:00003970>: [Goddess Server 00] Enter KG_GoddessServer::_ping()
20250717-083833<DEBUG:00002B18>: [Goddess Server 04] Enter KG_GoddessServer::_ping()
20250717-083834<DEBUG:00002B18>: [Goddess Server 04] Enter KG_GoddessServer::_ping()
20250717-083835<DEBUG:0000419C>: [Goddess Server 06] Enter KG_GoddessServer::_ping()
20250717-083836<DEBUG:00004A80>: [Goddess Server 02] Enter KG_GoddessServer::_ping()
20250717-083836<DEBUG:0000419C>: [Goddess Server 06] Enter KG_GoddessServer::_ping()
20250717-083836<DEBUG:00003CA4>: [Goddess Server 03] Enter KG_GoddessServer::_ping()
20250717-083837<DEBUG:00000274>: [Goddess Server 05] Enter KG_GoddessServer::_ping()
20250717-083838<DEBUG:00003F7C>: [Goddess Server 08] Enter KG_GoddessServer::_ping()
20250717-083840<DEBUG:00004244>: [Goddess Server 07] Enter KG_GoddessServer::_ping()
20250717-083843<DEBUG:00002B18>: [Goddess Server 04] Enter KG_GoddessServer::_ping()
20250717-083845<DEBUG:0000419C>: [Goddess Server 06] Enter KG_GoddessServer::_ping()
20250717-083846<DEBUG:00004A80>: [Goddess Server 02] Enter KG_GoddessServer::_ping()
20250717-083846<DEBUG:00003CA4>: [Goddess Server 03] Enter KG_GoddessServer::_ping()
20250717-083847<DEBUG:00000274>: [Goddess Server 05] Enter KG_GoddessServer::_ping()
20250717-083848<DEBUG:00003F7C>: [Goddess Server 08] Enter KG_GoddessServer::_ping()
20250717-083850<DEBUG:00004244>: [Goddess Server 07] Enter KG_GoddessServer::_ping()
20250717-083850<DEBUG:00003A9C>: [Goddess Server 01] Enter KG_GoddessServer::_ping()
20250717-083851<DEBUG:00003970>: [Goddess Server 00] Enter KG_GoddessServer::_ping()
20250717-083853<DEBUG:00002B18>: [Goddess Server 04] Enter KG_GoddessServer::_ping()
20250717-083855<DEBUG:0000419C>: [Goddess Server 06] Enter KG_GoddessServer::_ping()
20250717-083856<DEBUG:00004A80>: [Goddess Server 02] Enter KG_GoddessServer::_ping()
20250717-083856<DEBUG:00003CA4>: [Goddess Server 03] Enter KG_GoddessServer::_ping()
20250717-083857<DEBUG:00004A80>: [Goddess Server 02] Enter KG_GoddessServer::_ping()
20250717-083857<DEBUG:00000274>: [Goddess Server 05] Enter KG_GoddessServer::_ping()
20250717-083857<DEBUG:00003CA4>: [Goddess Server 03] Enter KG_GoddessServer::_ping()
20250717-083858<DEBUG:00000274>: [Goddess Server 05] Enter KG_GoddessServer::_ping()
20250717-083858<DEBUG:00003F7C>: [Goddess Server 08] Enter KG_GoddessServer::_ping()
20250717-083859<DEBUG:00003F7C>: [Goddess Server 08] Enter KG_GoddessServer::_ping()
20250717-083900<DEBUG:00004244>: [Goddess Server 07] Enter KG_GoddessServer::_ping()
20250717-083900<DEBUG:00004244>: [Goddess Server 07] Enter KG_GoddessServer::_ping()
20250717-083903<DEBUG:00002B18>: [Goddess Server 04] Enter KG_GoddessServer::_ping()
20250717-083904<DEBUG:00002B18>: [Goddess Server 04] Enter KG_GoddessServer::_ping()
20250717-083905<DEBUG:0000419C>: [Goddess Server 06] Enter KG_GoddessServer::_ping()
20250717-083906<DEBUG:00004A80>: [Goddess Server 02] Enter KG_GoddessServer::_ping()
20250717-083906<DEBUG:0000419C>: [Goddess Server 06] Enter KG_GoddessServer::_ping()
20250717-083906<DEBUG:00003CA4>: [Goddess Server 03] Enter KG_GoddessServer::_ping()
20250717-083907<DEBUG:00000274>: [Goddess Server 05] Enter KG_GoddessServer::_ping()
20250717-083908<DEBUG:00003F7C>: [Goddess Server 08] Enter KG_GoddessServer::_ping()
20250717-083910<DEBUG:00004244>: [Goddess Server 07] Enter KG_GoddessServer::_ping()
20250717-083911<DEBUG:00003970>: [Goddess Server 00] Enter KG_GoddessServer::_ping()
20250717-083913<DEBUG:00002B18>: [Goddess Server 04] Enter KG_GoddessServer::_ping()
20250717-083915<DEBUG:0000419C>: [Goddess Server 06] Enter KG_GoddessServer::_ping()
20250717-083916<DEBUG:00004A80>: [Goddess Server 02] Enter KG_GoddessServer::_ping()
20250717-083916<DEBUG:00003CA4>: [Goddess Server 03] Enter KG_GoddessServer::_ping()
20250717-083917<DEBUG:00000274>: [Goddess Server 05] Enter KG_GoddessServer::_ping()
20250717-083918<DEBUG:00003F7C>: [Goddess Server 08] Enter KG_GoddessServer::_ping()
20250717-083920<DEBUG:00004244>: [Goddess Server 07] Enter KG_GoddessServer::_ping()
20250717-083920<DEBUG:00003A9C>: [Goddess Server 01] Enter KG_GoddessServer::_ping()
20250717-083923<DEBUG:00002B18>: [Goddess Server 04] Enter KG_GoddessServer::_ping()
20250717-083925<DEBUG:0000419C>: [Goddess Server 06] Enter KG_GoddessServer::_ping()
20250717-083926<DEBUG:00004A80>: [Goddess Server 02] Enter KG_GoddessServer::_ping()
20250717-083926<DEBUG:00003CA4>: [Goddess Server 03] Enter KG_GoddessServer::_ping()
20250717-083927<DEBUG:00004A80>: [Goddess Server 02] Enter KG_GoddessServer::_ping()
20250717-083927<DEBUG:00000274>: [Goddess Server 05] Enter KG_GoddessServer::_ping()
20250717-083927<DEBUG:00003CA4>: [Goddess Server 03] Enter KG_GoddessServer::_ping()
20250717-083928<DEBUG:00000274>: [Goddess Server 05] Enter KG_GoddessServer::_ping()
20250717-083928<DEBUG:00003F7C>: [Goddess Server 08] Enter KG_GoddessServer::_ping()
20250717-083929<DEBUG:00003F7C>: [Goddess Server 08] Enter KG_GoddessServer::_ping()
20250717-083930<DEBUG:00004244>: [Goddess Server 07] Enter KG_GoddessServer::_ping()
20250717-083930<DEBUG:00004244>: [Goddess Server 07] Enter KG_GoddessServer::_ping()
20250717-083931<DEBUG:00003970>: [Goddess Server 00] Enter KG_GoddessServer::_ping()
20250717-083933<DEBUG:00002B18>: [Goddess Server 04] Enter KG_GoddessServer::_ping()
20250717-083934<DEBUG:00002B18>: [Goddess Server 04] Enter KG_GoddessServer::_ping()
20250717-083935<DEBUG:0000419C>: [Goddess Server 06] Enter KG_GoddessServer::_ping()
20250717-083936<DEBUG:00004A80>: [Goddess Server 02] Enter KG_GoddessServer::_ping()
20250717-083936<DEBUG:0000419C>: [Goddess Server 06] Enter KG_GoddessServer::_ping()
20250717-083936<DEBUG:00003CA4>: [Goddess Server 03] Enter KG_GoddessServer::_ping()
20250717-083937<DEBUG:00000274>: [Goddess Server 05] Enter KG_GoddessServer::_ping()
20250717-083938<DEBUG:00003F7C>: [Goddess Server 08] Enter KG_GoddessServer::_ping()
20250717-083940<DEBUG:00004244>: [Goddess Server 07] Enter KG_GoddessServer::_ping()
20250717-083943<DEBUG:00002B18>: [Goddess Server 04] Enter KG_GoddessServer::_ping()
20250717-083945<DEBUG:0000419C>: [Goddess Server 06] Enter KG_GoddessServer::_ping()
20250717-083946<DEBUG:00004A80>: [Goddess Server 02] Enter KG_GoddessServer::_ping()
20250717-083946<DEBUG:00003CA4>: [Goddess Server 03] Enter KG_GoddessServer::_ping()
20250717-083947<DEBUG:00000274>: [Goddess Server 05] Enter KG_GoddessServer::_ping()
20250717-083948<DEBUG:00003F7C>: [Goddess Server 08] Enter KG_GoddessServer::_ping()
20250717-083950<DEBUG:00004244>: [Goddess Server 07] Enter KG_GoddessServer::_ping()
20250717-083950<DEBUG:00003A9C>: [Goddess Server 01] Enter KG_GoddessServer::_ping()
20250717-083951<DEBUG:00003970>: [Goddess Server 00] Enter KG_GoddessServer::_ping()
20250717-083953<DEBUG:00002B18>: [Goddess Server 04] Enter KG_GoddessServer::_ping()
20250717-083955<DEBUG:0000419C>: [Goddess Server 06] Enter KG_GoddessServer::_ping()
20250717-083956<DEBUG:00004A80>: [Goddess Server 02] Enter KG_GoddessServer::_ping()
20250717-083956<DEBUG:00003CA4>: [Goddess Server 03] Enter KG_GoddessServer::_ping()
20250717-083957<DEBUG:00004A80>: [Goddess Server 02] Enter KG_GoddessServer::_ping()
20250717-083957<DEBUG:00000274>: [Goddess Server 05] Enter KG_GoddessServer::_ping()
20250717-083957<DEBUG:00003CA4>: [Goddess Server 03] Enter KG_GoddessServer::_ping()
20250717-083958<DEBUG:00000274>: [Goddess Server 05] Enter KG_GoddessServer::_ping()
20250717-083958<DEBUG:00003F7C>: [Goddess Server 08] Enter KG_GoddessServer::_ping()
20250717-083959<DEBUG:00003F7C>: [Goddess Server 08] Enter KG_GoddessServer::_ping()
20250717-084000<DEBUG:00004244>: [Goddess Server 07] Enter KG_GoddessServer::_ping()
20250717-084000<DEBUG:00004244>: [Goddess Server 07] Enter KG_GoddessServer::_ping()
20250717-084003<DEBUG:00002B18>: [Goddess Server 04] Enter KG_GoddessServer::_ping()
20250717-084004<DEBUG:00002B18>: [Goddess Server 04] Enter KG_GoddessServer::_ping()
20250717-084005<DEBUG:0000419C>: [Goddess Server 06] Enter KG_GoddessServer::_ping()
20250717-084006<DEBUG:00004A80>: [Goddess Server 02] Enter KG_GoddessServer::_ping()
20250717-084006<DEBUG:00003CA4>: [Goddess Server 03] Enter KG_GoddessServer::_ping()
20250717-084006<DEBUG:0000419C>: [Goddess Server 06] Enter KG_GoddessServer::_ping()
20250717-084007<DEBUG:00000274>: [Goddess Server 05] Enter KG_GoddessServer::_ping()
20250717-084008<DEBUG:00003F7C>: [Goddess Server 08] Enter KG_GoddessServer::_ping()
20250717-084010<DEBUG:00004244>: [Goddess Server 07] Enter KG_GoddessServer::_ping()
20250717-084011<DEBUG:00003970>: [Goddess Server 00] Enter KG_GoddessServer::_ping()
20250717-084013<DEBUG:00002B18>: [Goddess Server 04] Enter KG_GoddessServer::_ping()
20250717-084015<DEBUG:0000419C>: [Goddess Server 06] Enter KG_GoddessServer::_ping()
20250717-084016<DEBUG:00004A80>: [Goddess Server 02] Enter KG_GoddessServer::_ping()
20250717-084016<DEBUG:00003CA4>: [Goddess Server 03] Enter KG_GoddessServer::_ping()
20250717-084017<DEBUG:00000274>: [Goddess Server 05] Enter KG_GoddessServer::_ping()
20250717-084018<DEBUG:00003F7C>: [Goddess Server 08] Enter KG_GoddessServer::_ping()
20250717-084020<DEBUG:00004244>: [Goddess Server 07] Enter KG_GoddessServer::_ping()
20250717-084020<DEBUG:00003A9C>: [Goddess Server 01] Enter KG_GoddessServer::_ping()
20250717-084023<DEBUG:00002B18>: [Goddess Server 04] Enter KG_GoddessServer::_ping()
20250717-084025<DEBUG:0000419C>: [Goddess Server 06] Enter KG_GoddessServer::_ping()
20250717-084026<DEBUG:00004A80>: [Goddess Server 02] Enter KG_GoddessServer::_ping()
20250717-084026<DEBUG:00003CA4>: [Goddess Server 03] Enter KG_GoddessServer::_ping()
20250717-084027<DEBUG:00004A80>: [Goddess Server 02] Enter KG_GoddessServer::_ping()
20250717-084027<DEBUG:00000274>: [Goddess Server 05] Enter KG_GoddessServer::_ping()
20250717-084027<DEBUG:00003CA4>: [Goddess Server 03] Enter KG_GoddessServer::_ping()
20250717-084028<DEBUG:00000274>: [Goddess Server 05] Enter KG_GoddessServer::_ping()
20250717-084028<DEBUG:00003F7C>: [Goddess Server 08] Enter KG_GoddessServer::_ping()
20250717-084029<DEBUG:00003F7C>: [Goddess Server 08] Enter KG_GoddessServer::_ping()
20250717-084030<DEBUG:00004244>: [Goddess Server 07] Enter KG_GoddessServer::_ping()
20250717-084030<DEBUG:00004244>: [Goddess Server 07] Enter KG_GoddessServer::_ping()
20250717-084031<DEBUG:00003970>: [Goddess Server 00] Enter KG_GoddessServer::_ping()
20250717-084033<DEBUG:00002B18>: [Goddess Server 04] Enter KG_GoddessServer::_ping()
20250717-084034<DEBUG:00002B18>: [Goddess Server 04] Enter KG_GoddessServer::_ping()
20250717-084035<DEBUG:0000419C>: [Goddess Server 06] Enter KG_GoddessServer::_ping()
20250717-084036<DEBUG:00004A80>: [Goddess Server 02] Enter KG_GoddessServer::_ping()
20250717-084036<DEBUG:00003CA4>: [Goddess Server 03] Enter KG_GoddessServer::_ping()
20250717-084036<DEBUG:0000419C>: [Goddess Server 06] Enter KG_GoddessServer::_ping()
20250717-084037<DEBUG:00000274>: [Goddess Server 05] Enter KG_GoddessServer::_ping()
20250717-084038<DEBUG:00003F7C>: [Goddess Server 08] Enter KG_GoddessServer::_ping()
20250717-084040<DEBUG:00004244>: [Goddess Server 07] Enter KG_GoddessServer::_ping()
20250717-084043<DEBUG:00002B18>: [Goddess Server 04] Enter KG_GoddessServer::_ping()
20250717-084045<DEBUG:0000419C>: [Goddess Server 06] Enter KG_GoddessServer::_ping()
20250717-084046<DEBUG:00004A80>: [Goddess Server 02] Enter KG_GoddessServer::_ping()
20250717-084046<DEBUG:00003CA4>: [Goddess Server 03] Enter KG_GoddessServer::_ping()
20250717-084047<DEBUG:00000274>: [Goddess Server 05] Enter KG_GoddessServer::_ping()
20250717-084048<DEBUG:00003F7C>: [Goddess Server 08] Enter KG_GoddessServer::_ping()
20250717-084050<DEBUG:00004244>: [Goddess Server 07] Enter KG_GoddessServer::_ping()
20250717-084050<DEBUG:00003A9C>: [Goddess Server 01] Enter KG_GoddessServer::_ping()
20250717-084051<DEBUG:00003970>: [Goddess Server 00] Enter KG_GoddessServer::_ping()
20250717-084053<DEBUG:00002B18>: [Goddess Server 04] Enter KG_GoddessServer::_ping()
20250717-084055<DEBUG:0000419C>: [Goddess Server 06] Enter KG_GoddessServer::_ping()
20250717-084056<DEBUG:00004A80>: [Goddess Server 02] Enter KG_GoddessServer::_ping()
20250717-084056<DEBUG:00003CA4>: [Goddess Server 03] Enter KG_GoddessServer::_ping()
20250717-084057<DEBUG:00004A80>: [Goddess Server 02] Enter KG_GoddessServer::_ping()
20250717-084057<DEBUG:00000274>: [Goddess Server 05] Enter KG_GoddessServer::_ping()
20250717-084057<DEBUG:00003CA4>: [Goddess Server 03] Enter KG_GoddessServer::_ping()
20250717-084058<DEBUG:00000274>: [Goddess Server 05] Enter KG_GoddessServer::_ping()
20250717-084058<DEBUG:00003F7C>: [Goddess Server 08] Enter KG_GoddessServer::_ping()
20250717-084059<DEBUG:00003F7C>: [Goddess Server 08] Enter KG_GoddessServer::_ping()
20250717-084100<DEBUG:00004244>: [Goddess Server 07] Enter KG_GoddessServer::_ping()
20250717-084101<DEBUG:00004244>: [Goddess Server 07] Enter KG_GoddessServer::_ping()
20250717-084103<DEBUG:00002B18>: [Goddess Server 04] Enter KG_GoddessServer::_ping()
20250717-084104<DEBUG:00002B18>: [Goddess Server 04] Enter KG_GoddessServer::_ping()
20250717-084105<DEBUG:0000419C>: [Goddess Server 06] Enter KG_GoddessServer::_ping()
20250717-084106<DEBUG:00004A80>: [Goddess Server 02] Enter KG_GoddessServer::_ping()
20250717-084106<DEBUG:00003CA4>: [Goddess Server 03] Enter KG_GoddessServer::_ping()
20250717-084106<DEBUG:0000419C>: [Goddess Server 06] Enter KG_GoddessServer::_ping()
20250717-084107<DEBUG:00000274>: [Goddess Server 05] Enter KG_GoddessServer::_ping()
20250717-084108<DEBUG:00003F7C>: [Goddess Server 08] Enter KG_GoddessServer::_ping()
20250717-084110<DEBUG:00004244>: [Goddess Server 07] Enter KG_GoddessServer::_ping()
20250717-084111<DEBUG:00003970>: [Goddess Server 00] Enter KG_GoddessServer::_ping()
20250717-084113<DEBUG:00002B18>: [Goddess Server 04] Enter KG_GoddessServer::_ping()
20250717-084115<DEBUG:0000419C>: [Goddess Server 06] Enter KG_GoddessServer::_ping()
20250717-084116<DEBUG:00004A80>: [Goddess Server 02] Enter KG_GoddessServer::_ping()
20250717-084116<DEBUG:00003CA4>: [Goddess Server 03] Enter KG_GoddessServer::_ping()
20250717-084117<DEBUG:00000274>: [Goddess Server 05] Enter KG_GoddessServer::_ping()
20250717-084118<DEBUG:00003F7C>: [Goddess Server 08] Enter KG_GoddessServer::_ping()
20250717-084120<DEBUG:00004244>: [Goddess Server 07] Enter KG_GoddessServer::_ping()
20250717-084120<DEBUG:00003A9C>: [Goddess Server 01] Enter KG_GoddessServer::_ping()
20250717-084123<DEBUG:00002B18>: [Goddess Server 04] Enter KG_GoddessServer::_ping()
20250717-084125<DEBUG:0000419C>: [Goddess Server 06] Enter KG_GoddessServer::_ping()
20250717-084126<DEBUG:00004A80>: [Goddess Server 02] Enter KG_GoddessServer::_ping()
20250717-084126<DEBUG:00003CA4>: [Goddess Server 03] Enter KG_GoddessServer::_ping()
20250717-084127<DEBUG:00004A80>: [Goddess Server 02] Enter KG_GoddessServer::_ping()
20250717-084127<DEBUG:00000274>: [Goddess Server 05] Enter KG_GoddessServer::_ping()
20250717-084127<DEBUG:00003CA4>: [Goddess Server 03] Enter KG_GoddessServer::_ping()
20250717-084128<DEBUG:00000274>: [Goddess Server 05] Enter KG_GoddessServer::_ping()
20250717-084128<DEBUG:00003F7C>: [Goddess Server 08] Enter KG_GoddessServer::_ping()
20250717-084129<DEBUG:00003F7C>: [Goddess Server 08] Enter KG_GoddessServer::_ping()
20250717-084130<DEBUG:00004244>: [Goddess Server 07] Enter KG_GoddessServer::_ping()
20250717-084131<DEBUG:00004244>: [Goddess Server 07] Enter KG_GoddessServer::_ping()
20250717-084131<DEBUG:00003970>: [Goddess Server 00] Enter KG_GoddessServer::_ping()
20250717-084133<DEBUG:00002B18>: [Goddess Server 04] Enter KG_GoddessServer::_ping()
20250717-084134<DEBUG:00002B18>: [Goddess Server 04] Enter KG_GoddessServer::_ping()
20250717-084135<DEBUG:0000419C>: [Goddess Server 06] Enter KG_GoddessServer::_ping()
20250717-084136<DEBUG:00004A80>: [Goddess Server 02] Enter KG_GoddessServer::_ping()
20250717-084136<DEBUG:00003CA4>: [Goddess Server 03] Enter KG_GoddessServer::_ping()
20250717-084136<DEBUG:0000419C>: [Goddess Server 06] Enter KG_GoddessServer::_ping()
20250717-084137<DEBUG:00000274>: [Goddess Server 05] Enter KG_GoddessServer::_ping()
20250717-084138<DEBUG:00003F7C>: [Goddess Server 08] Enter KG_GoddessServer::_ping()
20250717-084140<DEBUG:00004244>: [Goddess Server 07] Enter KG_GoddessServer::_ping()
20250717-084143<DEBUG:00002B18>: [Goddess Server 04] Enter KG_GoddessServer::_ping()
20250717-084145<DEBUG:0000419C>: [Goddess Server 06] Enter KG_GoddessServer::_ping()
20250717-084146<DEBUG:00004A80>: [Goddess Server 02] Enter KG_GoddessServer::_ping()
20250717-084146<DEBUG:00003CA4>: [Goddess Server 03] Enter KG_GoddessServer::_ping()
20250717-084147<DEBUG:00000274>: [Goddess Server 05] Enter KG_GoddessServer::_ping()
20250717-084148<DEBUG:00003F7C>: [Goddess Server 08] Enter KG_GoddessServer::_ping()
20250717-084150<DEBUG:00004244>: [Goddess Server 07] Enter KG_GoddessServer::_ping()
20250717-084150<DEBUG:00003A9C>: [Goddess Server 01] Enter KG_GoddessServer::_ping()
20250717-084151<DEBUG:00003970>: [Goddess Server 00] Enter KG_GoddessServer::_ping()
20250717-084153<DEBUG:00002B18>: [Goddess Server 04] Enter KG_GoddessServer::_ping()
20250717-084155<DEBUG:0000419C>: [Goddess Server 06] Enter KG_GoddessServer::_ping()
20250717-084156<DEBUG:00004A80>: [Goddess Server 02] Enter KG_GoddessServer::_ping()
20250717-084156<DEBUG:00003CA4>: [Goddess Server 03] Enter KG_GoddessServer::_ping()
20250717-084157<DEBUG:00004A80>: [Goddess Server 02] Enter KG_GoddessServer::_ping()
20250717-084157<DEBUG:00000274>: [Goddess Server 05] Enter KG_GoddessServer::_ping()
20250717-084157<DEBUG:00003CA4>: [Goddess Server 03] Enter KG_GoddessServer::_ping()
20250717-084158<DEBUG:00000274>: [Goddess Server 05] Enter KG_GoddessServer::_ping()
20250717-084158<DEBUG:00003F7C>: [Goddess Server 08] Enter KG_GoddessServer::_ping()
20250717-084159<DEBUG:00003F7C>: [Goddess Server 08] Enter KG_GoddessServer::_ping()
20250717-084200<DEBUG:00004244>: [Goddess Server 07] Enter KG_GoddessServer::_ping()
20250717-084201<DEBUG:00004244>: [Goddess Server 07] Enter KG_GoddessServer::_ping()
20250717-084203<DEBUG:00002B18>: [Goddess Server 04] Enter KG_GoddessServer::_ping()
20250717-084205<DEBUG:00002B18>: [Goddess Server 04] Enter KG_GoddessServer::_ping()
20250717-084205<DEBUG:0000419C>: [Goddess Server 06] Enter KG_GoddessServer::_ping()
20250717-084206<DEBUG:00004A80>: [Goddess Server 02] Enter KG_GoddessServer::_ping()
20250717-084206<DEBUG:00003CA4>: [Goddess Server 03] Enter KG_GoddessServer::_ping()
20250717-084207<DEBUG:0000419C>: [Goddess Server 06] Enter KG_GoddessServer::_ping()
20250717-084207<DEBUG:00000274>: [Goddess Server 05] Enter KG_GoddessServer::_ping()
20250717-084208<DEBUG:00003F7C>: [Goddess Server 08] Enter KG_GoddessServer::_ping()
20250717-084210<DEBUG:00004244>: [Goddess Server 07] Enter KG_GoddessServer::_ping()
20250717-084211<DEBUG:00003970>: [Goddess Server 00] Enter KG_GoddessServer::_ping()
20250717-084213<DEBUG:00002B18>: [Goddess Server 04] Enter KG_GoddessServer::_ping()
20250717-084215<DEBUG:0000419C>: [Goddess Server 06] Enter KG_GoddessServer::_ping()
20250717-084216<DEBUG:00004A80>: [Goddess Server 02] Enter KG_GoddessServer::_ping()
20250717-084216<DEBUG:00003CA4>: [Goddess Server 03] Enter KG_GoddessServer::_ping()
20250717-084217<DEBUG:00000274>: [Goddess Server 05] Enter KG_GoddessServer::_ping()
20250717-084218<DEBUG:00003F7C>: [Goddess Server 08] Enter KG_GoddessServer::_ping()
20250717-084220<DEBUG:00004244>: [Goddess Server 07] Enter KG_GoddessServer::_ping()
20250717-084220<DEBUG:00003A9C>: [Goddess Server 01] Enter KG_GoddessServer::_ping()
20250717-084223<DEBUG:00002B18>: [Goddess Server 04] Enter KG_GoddessServer::_ping()
20250717-084225<DEBUG:0000419C>: [Goddess Server 06] Enter KG_GoddessServer::_ping()
20250717-084226<DEBUG:00004A80>: [Goddess Server 02] Enter KG_GoddessServer::_ping()
20250717-084226<DEBUG:00003CA4>: [Goddess Server 03] Enter KG_GoddessServer::_ping()
20250717-084227<DEBUG:00000274>: [Goddess Server 05] Enter KG_GoddessServer::_ping()
20250717-084227<DEBUG:00004A80>: [Goddess Server 02] Enter KG_GoddessServer::_ping()
20250717-084227<DEBUG:00003CA4>: [Goddess Server 03] Enter KG_GoddessServer::_ping()
20250717-084228<DEBUG:00003F7C>: [Goddess Server 08] Enter KG_GoddessServer::_ping()
20250717-084228<DEBUG:00000274>: [Goddess Server 05] Enter KG_GoddessServer::_ping()
20250717-084229<DEBUG:00003F7C>: [Goddess Server 08] Enter KG_GoddessServer::_ping()
20250717-084230<DEBUG:00004244>: [Goddess Server 07] Enter KG_GoddessServer::_ping()
20250717-084231<DEBUG:00004244>: [Goddess Server 07] Enter KG_GoddessServer::_ping()
20250717-084231<DEBUG:00003970>: [Goddess Server 00] Enter KG_GoddessServer::_ping()
20250717-084233<DEBUG:00002B18>: [Goddess Server 04] Enter KG_GoddessServer::_ping()
20250717-084235<DEBUG:00002B18>: [Goddess Server 04] Enter KG_GoddessServer::_ping()
20250717-084235<DEBUG:0000419C>: [Goddess Server 06] Enter KG_GoddessServer::_ping()
20250717-084236<DEBUG:00004A80>: [Goddess Server 02] Enter KG_GoddessServer::_ping()
20250717-084236<DEBUG:00003CA4>: [Goddess Server 03] Enter KG_GoddessServer::_ping()
20250717-084237<DEBUG:0000419C>: [Goddess Server 06] Enter KG_GoddessServer::_ping()
20250717-084237<DEBUG:00000274>: [Goddess Server 05] Enter KG_GoddessServer::_ping()
20250717-084238<DEBUG:00003F7C>: [Goddess Server 08] Enter KG_GoddessServer::_ping()
20250717-084240<DEBUG:00004244>: [Goddess Server 07] Enter KG_GoddessServer::_ping()
20250717-084243<DEBUG:00002B18>: [Goddess Server 04] Enter KG_GoddessServer::_ping()
20250717-084245<DEBUG:0000419C>: [Goddess Server 06] Enter KG_GoddessServer::_ping()
20250717-084246<DEBUG:00004A80>: [Goddess Server 02] Enter KG_GoddessServer::_ping()
20250717-084246<DEBUG:00003CA4>: [Goddess Server 03] Enter KG_GoddessServer::_ping()
20250717-084247<DEBUG:00000274>: [Goddess Server 05] Enter KG_GoddessServer::_ping()
20250717-084248<DEBUG:00003F7C>: [Goddess Server 08] Enter KG_GoddessServer::_ping()
20250717-084250<DEBUG:00004244>: [Goddess Server 07] Enter KG_GoddessServer::_ping()
20250717-084250<DEBUG:00003A9C>: [Goddess Server 01] Enter KG_GoddessServer::_ping()
20250717-084251<DEBUG:00003970>: [Goddess Server 00] Enter KG_GoddessServer::_ping()
20250717-084253<DEBUG:00002B18>: [Goddess Server 04] Enter KG_GoddessServer::_ping()
20250717-084255<DEBUG:0000419C>: [Goddess Server 06] Enter KG_GoddessServer::_ping()
20250717-084256<DEBUG:00004A80>: [Goddess Server 02] Enter KG_GoddessServer::_ping()
20250717-084256<DEBUG:00003CA4>: [Goddess Server 03] Enter KG_GoddessServer::_ping()
20250717-084257<DEBUG:00000274>: [Goddess Server 05] Enter KG_GoddessServer::_ping()
20250717-084257<DEBUG:00004A80>: [Goddess Server 02] Enter KG_GoddessServer::_ping()
20250717-084257<DEBUG:00003CA4>: [Goddess Server 03] Enter KG_GoddessServer::_ping()
20250717-084258<DEBUG:00003F7C>: [Goddess Server 08] Enter KG_GoddessServer::_ping()
20250717-084258<DEBUG:00000274>: [Goddess Server 05] Enter KG_GoddessServer::_ping()
20250717-084259<DEBUG:00003F7C>: [Goddess Server 08] Enter KG_GoddessServer::_ping()
20250717-084300<DEBUG:00004244>: [Goddess Server 07] Enter KG_GoddessServer::_ping()
20250717-084301<DEBUG:00004244>: [Goddess Server 07] Enter KG_GoddessServer::_ping()
20250717-084303<DEBUG:00002B18>: [Goddess Server 04] Enter KG_GoddessServer::_ping()
20250717-084305<DEBUG:00002B18>: [Goddess Server 04] Enter KG_GoddessServer::_ping()
20250717-084305<DEBUG:0000419C>: [Goddess Server 06] Enter KG_GoddessServer::_ping()
20250717-084306<DEBUG:00004A80>: [Goddess Server 02] Enter KG_GoddessServer::_ping()
20250717-084306<DEBUG:00003CA4>: [Goddess Server 03] Enter KG_GoddessServer::_ping()
20250717-084307<DEBUG:0000419C>: [Goddess Server 06] Enter KG_GoddessServer::_ping()
20250717-084307<DEBUG:00000274>: [Goddess Server 05] Enter KG_GoddessServer::_ping()
20250717-084308<DEBUG:00003F7C>: [Goddess Server 08] Enter KG_GoddessServer::_ping()
20250717-084310<DEBUG:00004244>: [Goddess Server 07] Enter KG_GoddessServer::_ping()
20250717-084311<DEBUG:00003970>: [Goddess Server 00] Enter KG_GoddessServer::_ping()
20250717-084313<DEBUG:00002B18>: [Goddess Server 04] Enter KG_GoddessServer::_ping()
20250717-084315<DEBUG:0000419C>: [Goddess Server 06] Enter KG_GoddessServer::_ping()
20250717-084316<DEBUG:00004A80>: [Goddess Server 02] Enter KG_GoddessServer::_ping()
20250717-084316<DEBUG:00003CA4>: [Goddess Server 03] Enter KG_GoddessServer::_ping()
20250717-084317<DEBUG:00000274>: [Goddess Server 05] Enter KG_GoddessServer::_ping()
20250717-084318<DEBUG:00003F7C>: [Goddess Server 08] Enter KG_GoddessServer::_ping()
20250717-084320<DEBUG:00004244>: [Goddess Server 07] Enter KG_GoddessServer::_ping()
20250717-084320<DEBUG:00003A9C>: [Goddess Server 01] Enter KG_GoddessServer::_ping()
20250717-084323<DEBUG:00002B18>: [Goddess Server 04] Enter KG_GoddessServer::_ping()
20250717-084325<DEBUG:0000419C>: [Goddess Server 06] Enter KG_GoddessServer::_ping()
20250717-084326<DEBUG:00004A80>: [Goddess Server 02] Enter KG_GoddessServer::_ping()
20250717-084326<DEBUG:00003CA4>: [Goddess Server 03] Enter KG_GoddessServer::_ping()
20250717-084327<DEBUG:00000274>: [Goddess Server 05] Enter KG_GoddessServer::_ping()
20250717-084327<DEBUG:00004A80>: [Goddess Server 02] Enter KG_GoddessServer::_ping()
20250717-084328<DEBUG:00003CA4>: [Goddess Server 03] Enter KG_GoddessServer::_ping()
20250717-084328<DEBUG:00003F7C>: [Goddess Server 08] Enter KG_GoddessServer::_ping()
20250717-084328<DEBUG:00000274>: [Goddess Server 05] Enter KG_GoddessServer::_ping()
20250717-084329<DEBUG:00003F7C>: [Goddess Server 08] Enter KG_GoddessServer::_ping()
20250717-084330<DEBUG:00004244>: [Goddess Server 07] Enter KG_GoddessServer::_ping()
20250717-084331<DEBUG:00004244>: [Goddess Server 07] Enter KG_GoddessServer::_ping()
20250717-084331<DEBUG:00003970>: [Goddess Server 00] Enter KG_GoddessServer::_ping()
20250717-084333<DEBUG:00002B18>: [Goddess Server 04] Enter KG_GoddessServer::_ping()
20250717-084335<DEBUG:00002B18>: [Goddess Server 04] Enter KG_GoddessServer::_ping()
20250717-084335<DEBUG:0000419C>: [Goddess Server 06] Enter KG_GoddessServer::_ping()
20250717-084336<DEBUG:00004A80>: [Goddess Server 02] Enter KG_GoddessServer::_ping()
20250717-084336<DEBUG:00003CA4>: [Goddess Server 03] Enter KG_GoddessServer::_ping()
20250717-084337<DEBUG:0000419C>: [Goddess Server 06] Enter KG_GoddessServer::_ping()
20250717-084337<DEBUG:00000274>: [Goddess Server 05] Enter KG_GoddessServer::_ping()
20250717-084338<DEBUG:00003F7C>: [Goddess Server 08] Enter KG_GoddessServer::_ping()
20250717-084340<DEBUG:00004244>: [Goddess Server 07] Enter KG_GoddessServer::_ping()
20250717-084343<DEBUG:00002B18>: [Goddess Server 04] Enter KG_GoddessServer::_ping()
20250717-084345<DEBUG:0000419C>: [Goddess Server 06] Enter KG_GoddessServer::_ping()
20250717-084346<DEBUG:00004A80>: [Goddess Server 02] Enter KG_GoddessServer::_ping()
20250717-084346<DEBUG:00003CA4>: [Goddess Server 03] Enter KG_GoddessServer::_ping()
20250717-084347<DEBUG:00000274>: [Goddess Server 05] Enter KG_GoddessServer::_ping()
20250717-084348<DEBUG:00003F7C>: [Goddess Server 08] Enter KG_GoddessServer::_ping()
20250717-084350<DEBUG:00004244>: [Goddess Server 07] Enter KG_GoddessServer::_ping()
20250717-084350<DEBUG:00003A9C>: [Goddess Server 01] Enter KG_GoddessServer::_ping()
20250717-084351<DEBUG:00003970>: [Goddess Server 00] Enter KG_GoddessServer::_ping()
20250717-084353<DEBUG:00002B18>: [Goddess Server 04] Enter KG_GoddessServer::_ping()
20250717-084355<DEBUG:0000419C>: [Goddess Server 06] Enter KG_GoddessServer::_ping()
20250717-084356<DEBUG:00004A80>: [Goddess Server 02] Enter KG_GoddessServer::_ping()
20250717-084356<DEBUG:00003CA4>: [Goddess Server 03] Enter KG_GoddessServer::_ping()
20250717-084357<DEBUG:00000274>: [Goddess Server 05] Enter KG_GoddessServer::_ping()
20250717-084357<DEBUG:00004A80>: [Goddess Server 02] Enter KG_GoddessServer::_ping()
20250717-084358<DEBUG:00003CA4>: [Goddess Server 03] Enter KG_GoddessServer::_ping()
20250717-084358<DEBUG:00003F7C>: [Goddess Server 08] Enter KG_GoddessServer::_ping()
20250717-084358<DEBUG:00000274>: [Goddess Server 05] Enter KG_GoddessServer::_ping()
20250717-084359<DEBUG:00003F7C>: [Goddess Server 08] Enter KG_GoddessServer::_ping()
20250717-084400<DEBUG:00004244>: [Goddess Server 07] Enter KG_GoddessServer::_ping()
20250717-084401<DEBUG:00004244>: [Goddess Server 07] Enter KG_GoddessServer::_ping()
20250717-084403<DEBUG:00002B18>: [Goddess Server 04] Enter KG_GoddessServer::_ping()
20250717-084405<DEBUG:00002B18>: [Goddess Server 04] Enter KG_GoddessServer::_ping()
20250717-084405<DEBUG:0000419C>: [Goddess Server 06] Enter KG_GoddessServer::_ping()
20250717-084406<DEBUG:00004A80>: [Goddess Server 02] Enter KG_GoddessServer::_ping()
20250717-084406<DEBUG:00003CA4>: [Goddess Server 03] Enter KG_GoddessServer::_ping()
20250717-084407<DEBUG:0000419C>: [Goddess Server 06] Enter KG_GoddessServer::_ping()
20250717-084407<DEBUG:00000274>: [Goddess Server 05] Enter KG_GoddessServer::_ping()
20250717-084408<DEBUG:00003F7C>: [Goddess Server 08] Enter KG_GoddessServer::_ping()
20250717-084410<DEBUG:00004244>: [Goddess Server 07] Enter KG_GoddessServer::_ping()
20250717-084411<DEBUG:00003970>: [Goddess Server 00] Enter KG_GoddessServer::_ping()
20250717-084413<DEBUG:00002B18>: [Goddess Server 04] Enter KG_GoddessServer::_ping()
20250717-084415<DEBUG:0000419C>: [Goddess Server 06] Enter KG_GoddessServer::_ping()
20250717-084416<DEBUG:00004A80>: [Goddess Server 02] Enter KG_GoddessServer::_ping()
20250717-084416<DEBUG:00003CA4>: [Goddess Server 03] Enter KG_GoddessServer::_ping()
20250717-084417<DEBUG:00000274>: [Goddess Server 05] Enter KG_GoddessServer::_ping()
20250717-084418<DEBUG:00003F7C>: [Goddess Server 08] Enter KG_GoddessServer::_ping()
20250717-084420<DEBUG:00004244>: [Goddess Server 07] Enter KG_GoddessServer::_ping()
20250717-084420<DEBUG:00003A9C>: [Goddess Server 01] Enter KG_GoddessServer::_ping()
20250717-084423<DEBUG:00002B18>: [Goddess Server 04] Enter KG_GoddessServer::_ping()
20250717-084425<DEBUG:0000419C>: [Goddess Server 06] Enter KG_GoddessServer::_ping()
20250717-084426<DEBUG:00004A80>: [Goddess Server 02] Enter KG_GoddessServer::_ping()
20250717-084426<DEBUG:00003CA4>: [Goddess Server 03] Enter KG_GoddessServer::_ping()
20250717-084427<DEBUG:00000274>: [Goddess Server 05] Enter KG_GoddessServer::_ping()
20250717-084427<DEBUG:00004A80>: [Goddess Server 02] Enter KG_GoddessServer::_ping()
20250717-084428<DEBUG:00003CA4>: [Goddess Server 03] Enter KG_GoddessServer::_ping()
20250717-084428<DEBUG:00003F7C>: [Goddess Server 08] Enter KG_GoddessServer::_ping()
20250717-084428<DEBUG:00000274>: [Goddess Server 05] Enter KG_GoddessServer::_ping()
20250717-084429<DEBUG:00003F7C>: [Goddess Server 08] Enter KG_GoddessServer::_ping()
20250717-084430<DEBUG:00004244>: [Goddess Server 07] Enter KG_GoddessServer::_ping()
20250717-084431<DEBUG:00004244>: [Goddess Server 07] Enter KG_GoddessServer::_ping()
20250717-084431<DEBUG:00003970>: [Goddess Server 00] Enter KG_GoddessServer::_ping()
20250717-084433<DEBUG:00002B18>: [Goddess Server 04] Enter KG_GoddessServer::_ping()
20250717-084435<DEBUG:00002B18>: [Goddess Server 04] Enter KG_GoddessServer::_ping()
20250717-084435<DEBUG:0000419C>: [Goddess Server 06] Enter KG_GoddessServer::_ping()
20250717-084436<DEBUG:00004A80>: [Goddess Server 02] Enter KG_GoddessServer::_ping()
20250717-084436<DEBUG:00003CA4>: [Goddess Server 03] Enter KG_GoddessServer::_ping()
20250717-084437<DEBUG:0000419C>: [Goddess Server 06] Enter KG_GoddessServer::_ping()
20250717-084437<DEBUG:00000274>: [Goddess Server 05] Enter KG_GoddessServer::_ping()
20250717-084438<DEBUG:00003F7C>: [Goddess Server 08] Enter KG_GoddessServer::_ping()
20250717-084440<DEBUG:00004244>: [Goddess Server 07] Enter KG_GoddessServer::_ping()
20250717-084443<DEBUG:00002B18>: [Goddess Server 04] Enter KG_GoddessServer::_ping()
20250717-084445<DEBUG:0000419C>: [Goddess Server 06] Enter KG_GoddessServer::_ping()
20250717-084446<DEBUG:00004A80>: [Goddess Server 02] Enter KG_GoddessServer::_ping()
20250717-084446<DEBUG:00003CA4>: [Goddess Server 03] Enter KG_GoddessServer::_ping()
20250717-084447<DEBUG:00000274>: [Goddess Server 05] Enter KG_GoddessServer::_ping()
20250717-084448<DEBUG:00003F7C>: [Goddess Server 08] Enter KG_GoddessServer::_ping()
20250717-084450<DEBUG:00004244>: [Goddess Server 07] Enter KG_GoddessServer::_ping()
20250717-084450<DEBUG:00003A9C>: [Goddess Server 01] Enter KG_GoddessServer::_ping()
20250717-084451<DEBUG:00003970>: [Goddess Server 00] Enter KG_GoddessServer::_ping()
20250717-084453<DEBUG:00002B18>: [Goddess Server 04] Enter KG_GoddessServer::_ping()
20250717-084455<DEBUG:0000419C>: [Goddess Server 06] Enter KG_GoddessServer::_ping()
20250717-084456<DEBUG:00004A80>: [Goddess Server 02] Enter KG_GoddessServer::_ping()
20250717-084456<DEBUG:00003CA4>: [Goddess Server 03] Enter KG_GoddessServer::_ping()
20250717-084457<DEBUG:00000274>: [Goddess Server 05] Enter KG_GoddessServer::_ping()
20250717-084457<DEBUG:00004A80>: [Goddess Server 02] Enter KG_GoddessServer::_ping()
20250717-084458<DEBUG:00003CA4>: [Goddess Server 03] Enter KG_GoddessServer::_ping()
20250717-084458<DEBUG:00003F7C>: [Goddess Server 08] Enter KG_GoddessServer::_ping()
20250717-084458<DEBUG:00000274>: [Goddess Server 05] Enter KG_GoddessServer::_ping()
20250717-084459<DEBUG:00003F7C>: [Goddess Server 08] Enter KG_GoddessServer::_ping()
20250717-084500<DEBUG:00004244>: [Goddess Server 07] Enter KG_GoddessServer::_ping()
20250717-084501<DEBUG:00004244>: [Goddess Server 07] Enter KG_GoddessServer::_ping()
20250717-084503<DEBUG:00002B18>: [Goddess Server 04] Enter KG_GoddessServer::_ping()
20250717-084505<DEBUG:00002B18>: [Goddess Server 04] Enter KG_GoddessServer::_ping()
20250717-084505<DEBUG:0000419C>: [Goddess Server 06] Enter KG_GoddessServer::_ping()
20250717-084506<DEBUG:00004A80>: [Goddess Server 02] Enter KG_GoddessServer::_ping()
20250717-084506<DEBUG:00003CA4>: [Goddess Server 03] Enter KG_GoddessServer::_ping()
20250717-084507<DEBUG:0000419C>: [Goddess Server 06] Enter KG_GoddessServer::_ping()
20250717-084507<DEBUG:00000274>: [Goddess Server 05] Enter KG_GoddessServer::_ping()
20250717-084508<DEBUG:00003F7C>: [Goddess Server 08] Enter KG_GoddessServer::_ping()
20250717-084510<DEBUG:00004244>: [Goddess Server 07] Enter KG_GoddessServer::_ping()
20250717-084511<DEBUG:00003970>: [Goddess Server 00] Enter KG_GoddessServer::_ping()
20250717-084513<DEBUG:00002B18>: [Goddess Server 04] Enter KG_GoddessServer::_ping()
20250717-084515<DEBUG:0000419C>: [Goddess Server 06] Enter KG_GoddessServer::_ping()
20250717-084516<DEBUG:00004A80>: [Goddess Server 02] Enter KG_GoddessServer::_ping()
20250717-084516<DEBUG:00003CA4>: [Goddess Server 03] Enter KG_GoddessServer::_ping()
20250717-084517<DEBUG:00000274>: [Goddess Server 05] Enter KG_GoddessServer::_ping()
20250717-084518<DEBUG:00003F7C>: [Goddess Server 08] Enter KG_GoddessServer::_ping()
20250717-084520<DEBUG:00004244>: [Goddess Server 07] Enter KG_GoddessServer::_ping()
20250717-084520<DEBUG:00003A9C>: [Goddess Server 01] Enter KG_GoddessServer::_ping()
20250717-084523<DEBUG:00002B18>: [Goddess Server 04] Enter KG_GoddessServer::_ping()
20250717-084525<DEBUG:0000419C>: [Goddess Server 06] Enter KG_GoddessServer::_ping()
20250717-084526<DEBUG:00004A80>: [Goddess Server 02] Enter KG_GoddessServer::_ping()
20250717-084526<DEBUG:00003CA4>: [Goddess Server 03] Enter KG_GoddessServer::_ping()
20250717-084527<DEBUG:00000274>: [Goddess Server 05] Enter KG_GoddessServer::_ping()
20250717-084527<DEBUG:00004A80>: [Goddess Server 02] Enter KG_GoddessServer::_ping()
20250717-084528<DEBUG:00003CA4>: [Goddess Server 03] Enter KG_GoddessServer::_ping()
20250717-084528<DEBUG:00003F7C>: [Goddess Server 08] Enter KG_GoddessServer::_ping()
20250717-084528<DEBUG:00000274>: [Goddess Server 05] Enter KG_GoddessServer::_ping()
20250717-084530<DEBUG:00003F7C>: [Goddess Server 08] Enter KG_GoddessServer::_ping()
20250717-084530<DEBUG:00004244>: [Goddess Server 07] Enter KG_GoddessServer::_ping()
20250717-084531<DEBUG:00004244>: [Goddess Server 07] Enter KG_GoddessServer::_ping()
20250717-084531<DEBUG:00003970>: [Goddess Server 00] Enter KG_GoddessServer::_ping()
20250717-084533<DEBUG:00002B18>: [Goddess Server 04] Enter KG_GoddessServer::_ping()
20250717-084535<DEBUG:00002B18>: [Goddess Server 04] Enter KG_GoddessServer::_ping()
20250717-084535<DEBUG:0000419C>: [Goddess Server 06] Enter KG_GoddessServer::_ping()
20250717-084536<DEBUG:00004A80>: [Goddess Server 02] Enter KG_GoddessServer::_ping()
20250717-084536<DEBUG:00003CA4>: [Goddess Server 03] Enter KG_GoddessServer::_ping()
20250717-084537<DEBUG:0000419C>: [Goddess Server 06] Enter KG_GoddessServer::_ping()
20250717-084537<DEBUG:00000274>: [Goddess Server 05] Enter KG_GoddessServer::_ping()
20250717-084538<DEBUG:00003F7C>: [Goddess Server 08] Enter KG_GoddessServer::_ping()
20250717-084540<DEBUG:00004244>: [Goddess Server 07] Enter KG_GoddessServer::_ping()
20250717-084543<DEBUG:00002B18>: [Goddess Server 04] Enter KG_GoddessServer::_ping()
20250717-084545<DEBUG:0000419C>: [Goddess Server 06] Enter KG_GoddessServer::_ping()
20250717-084546<DEBUG:00004A80>: [Goddess Server 02] Enter KG_GoddessServer::_ping()
20250717-084546<DEBUG:00003CA4>: [Goddess Server 03] Enter KG_GoddessServer::_ping()
20250717-084547<DEBUG:00000274>: [Goddess Server 05] Enter KG_GoddessServer::_ping()
20250717-084548<DEBUG:00003F7C>: [Goddess Server 08] Enter KG_GoddessServer::_ping()
20250717-084550<DEBUG:00004244>: [Goddess Server 07] Enter KG_GoddessServer::_ping()
20250717-084550<DEBUG:00003A9C>: [Goddess Server 01] Enter KG_GoddessServer::_ping()
20250717-084551<DEBUG:00003970>: [Goddess Server 00] Enter KG_GoddessServer::_ping()
20250717-084553<DEBUG:00002B18>: [Goddess Server 04] Enter KG_GoddessServer::_ping()
20250717-084555<DEBUG:0000419C>: [Goddess Server 06] Enter KG_GoddessServer::_ping()
20250717-084556<DEBUG:00004A80>: [Goddess Server 02] Enter KG_GoddessServer::_ping()
20250717-084556<DEBUG:00003CA4>: [Goddess Server 03] Enter KG_GoddessServer::_ping()
20250717-084557<DEBUG:00000274>: [Goddess Server 05] Enter KG_GoddessServer::_ping()
20250717-084557<DEBUG:00004A80>: [Goddess Server 02] Enter KG_GoddessServer::_ping()
20250717-084558<DEBUG:00003CA4>: [Goddess Server 03] Enter KG_GoddessServer::_ping()
20250717-084558<DEBUG:00003F7C>: [Goddess Server 08] Enter KG_GoddessServer::_ping()
20250717-084559<DEBUG:00000274>: [Goddess Server 05] Enter KG_GoddessServer::_ping()
20250717-084600<DEBUG:00004244>: [Goddess Server 07] Enter KG_GoddessServer::_ping()
20250717-084600<DEBUG:00003F7C>: [Goddess Server 08] Enter KG_GoddessServer::_ping()
20250717-084601<DEBUG:00004244>: [Goddess Server 07] Enter KG_GoddessServer::_ping()
20250717-084603<DEBUG:00002B18>: [Goddess Server 04] Enter KG_GoddessServer::_ping()
20250717-084605<DEBUG:00002B18>: [Goddess Server 04] Enter KG_GoddessServer::_ping()
20250717-084605<DEBUG:0000419C>: [Goddess Server 06] Enter KG_GoddessServer::_ping()
20250717-084606<DEBUG:00004A80>: [Goddess Server 02] Enter KG_GoddessServer::_ping()
20250717-084606<DEBUG:00003CA4>: [Goddess Server 03] Enter KG_GoddessServer::_ping()
20250717-084607<DEBUG:00000274>: [Goddess Server 05] Enter KG_GoddessServer::_ping()
20250717-084607<DEBUG:0000419C>: [Goddess Server 06] Enter KG_GoddessServer::_ping()
20250717-084608<DEBUG:00003F7C>: [Goddess Server 08] Enter KG_GoddessServer::_ping()
20250717-084610<DEBUG:00004244>: [Goddess Server 07] Enter KG_GoddessServer::_ping()
20250717-084611<DEBUG:00003970>: [Goddess Server 00] Enter KG_GoddessServer::_ping()
20250717-084613<DEBUG:00002B18>: [Goddess Server 04] Enter KG_GoddessServer::_ping()
20250717-084615<DEBUG:0000419C>: [Goddess Server 06] Enter KG_GoddessServer::_ping()
20250717-084616<DEBUG:00004A80>: [Goddess Server 02] Enter KG_GoddessServer::_ping()
20250717-084616<DEBUG:00003CA4>: [Goddess Server 03] Enter KG_GoddessServer::_ping()
20250717-084617<DEBUG:00000274>: [Goddess Server 05] Enter KG_GoddessServer::_ping()
20250717-084618<DEBUG:00003F7C>: [Goddess Server 08] Enter KG_GoddessServer::_ping()
20250717-084620<DEBUG:00004244>: [Goddess Server 07] Enter KG_GoddessServer::_ping()
20250717-084620<DEBUG:00003A9C>: [Goddess Server 01] Enter KG_GoddessServer::_ping()
20250717-084623<DEBUG:00002B18>: [Goddess Server 04] Enter KG_GoddessServer::_ping()
20250717-084625<DEBUG:0000419C>: [Goddess Server 06] Enter KG_GoddessServer::_ping()
20250717-084626<DEBUG:00004A80>: [Goddess Server 02] Enter KG_GoddessServer::_ping()
20250717-084626<DEBUG:00003CA4>: [Goddess Server 03] Enter KG_GoddessServer::_ping()
20250717-084627<DEBUG:00000274>: [Goddess Server 05] Enter KG_GoddessServer::_ping()
20250717-084627<DEBUG:00004A80>: [Goddess Server 02] Enter KG_GoddessServer::_ping()
20250717-084628<DEBUG:00003CA4>: [Goddess Server 03] Enter KG_GoddessServer::_ping()
20250717-084628<DEBUG:00003F7C>: [Goddess Server 08] Enter KG_GoddessServer::_ping()
20250717-084629<DEBUG:00000274>: [Goddess Server 05] Enter KG_GoddessServer::_ping()
20250717-084630<DEBUG:00004244>: [Goddess Server 07] Enter KG_GoddessServer::_ping()
20250717-084630<DEBUG:00003F7C>: [Goddess Server 08] Enter KG_GoddessServer::_ping()
20250717-084631<DEBUG:00004244>: [Goddess Server 07] Enter KG_GoddessServer::_ping()
20250717-084631<DEBUG:00003970>: [Goddess Server 00] Enter KG_GoddessServer::_ping()
20250717-084633<DEBUG:00002B18>: [Goddess Server 04] Enter KG_GoddessServer::_ping()
20250717-084635<DEBUG:00002B18>: [Goddess Server 04] Enter KG_GoddessServer::_ping()
20250717-084635<DEBUG:0000419C>: [Goddess Server 06] Enter KG_GoddessServer::_ping()
20250717-084636<DEBUG:00004A80>: [Goddess Server 02] Enter KG_GoddessServer::_ping()
20250717-084636<DEBUG:00003CA4>: [Goddess Server 03] Enter KG_GoddessServer::_ping()
20250717-084637<DEBUG:00000274>: [Goddess Server 05] Enter KG_GoddessServer::_ping()
20250717-084637<DEBUG:0000419C>: [Goddess Server 06] Enter KG_GoddessServer::_ping()
20250717-084638<DEBUG:00003F7C>: [Goddess Server 08] Enter KG_GoddessServer::_ping()
20250717-084640<DEBUG:00004244>: [Goddess Server 07] Enter KG_GoddessServer::_ping()
20250717-084643<DEBUG:00002B18>: [Goddess Server 04] Enter KG_GoddessServer::_ping()
20250717-084645<DEBUG:0000419C>: [Goddess Server 06] Enter KG_GoddessServer::_ping()
20250717-084646<DEBUG:00004A80>: [Goddess Server 02] Enter KG_GoddessServer::_ping()
20250717-084646<DEBUG:00003CA4>: [Goddess Server 03] Enter KG_GoddessServer::_ping()
20250717-084647<DEBUG:00000274>: [Goddess Server 05] Enter KG_GoddessServer::_ping()
20250717-084648<DEBUG:00003F7C>: [Goddess Server 08] Enter KG_GoddessServer::_ping()
20250717-084650<DEBUG:00004244>: [Goddess Server 07] Enter KG_GoddessServer::_ping()
20250717-084650<DEBUG:00003A9C>: [Goddess Server 01] Enter KG_GoddessServer::_ping()
20250717-084651<DEBUG:00003970>: [Goddess Server 00] Enter KG_GoddessServer::_ping()
20250717-084653<DEBUG:00002B18>: [Goddess Server 04] Enter KG_GoddessServer::_ping()
20250717-084655<DEBUG:0000419C>: [Goddess Server 06] Enter KG_GoddessServer::_ping()
20250717-084656<DEBUG:00004A80>: [Goddess Server 02] Enter KG_GoddessServer::_ping()
20250717-084656<DEBUG:00003CA4>: [Goddess Server 03] Enter KG_GoddessServer::_ping()
20250717-084657<DEBUG:00000274>: [Goddess Server 05] Enter KG_GoddessServer::_ping()
20250717-084657<DEBUG:00004A80>: [Goddess Server 02] Enter KG_GoddessServer::_ping()
20250717-084658<DEBUG:00003CA4>: [Goddess Server 03] Enter KG_GoddessServer::_ping()
20250717-084658<DEBUG:00003F7C>: [Goddess Server 08] Enter KG_GoddessServer::_ping()
20250717-084659<DEBUG:00000274>: [Goddess Server 05] Enter KG_GoddessServer::_ping()
20250717-084700<DEBUG:00004244>: [Goddess Server 07] Enter KG_GoddessServer::_ping()
20250717-084700<DEBUG:00003F7C>: [Goddess Server 08] Enter KG_GoddessServer::_ping()
20250717-084701<DEBUG:00004244>: [Goddess Server 07] Enter KG_GoddessServer::_ping()
20250717-084703<DEBUG:00002B18>: [Goddess Server 04] Enter KG_GoddessServer::_ping()
20250717-084705<DEBUG:00002B18>: [Goddess Server 04] Enter KG_GoddessServer::_ping()
20250717-084705<DEBUG:0000419C>: [Goddess Server 06] Enter KG_GoddessServer::_ping()
20250717-084706<DEBUG:00004A80>: [Goddess Server 02] Enter KG_GoddessServer::_ping()
20250717-084706<DEBUG:00003CA4>: [Goddess Server 03] Enter KG_GoddessServer::_ping()
20250717-084707<DEBUG:00000274>: [Goddess Server 05] Enter KG_GoddessServer::_ping()
20250717-084707<DEBUG:0000419C>: [Goddess Server 06] Enter KG_GoddessServer::_ping()
20250717-084708<DEBUG:00003F7C>: [Goddess Server 08] Enter KG_GoddessServer::_ping()
20250717-084710<DEBUG:00004244>: [Goddess Server 07] Enter KG_GoddessServer::_ping()
20250717-084711<DEBUG:00003970>: [Goddess Server 00] Enter KG_GoddessServer::_ping()
20250717-084713<DEBUG:00002B18>: [Goddess Server 04] Enter KG_GoddessServer::_ping()
