20250717-043600<DEBUG:00003BE8>: [PrevInitCore]:1, start tickers = 9493154644678
20250717-043601<DEBUG:00003BF0>: [PrevInitCore]:1->[PrevInitCore]:0 timeout, tickers = 3789288258
20250717-043601<DEBUG:00003BD0>: [PrevInitCore]:1->[PrevInitCore]:0 timeout, tickers = 3810284030
20250717-043601<DEBUG:00003BD8>: [PrevInitCore]:1->[PrevInitCore]:0 timeout, tickers = 3853163281
20250717-043601<DEBUG:00003BC8>: [PrevInitCore]:1->[PrevInitCore]:0 timeout, tickers = 3994693567
20250717-043601<DEBUG:00003BE8>: [PrevInitCore]:1->[PrevInitCore]:0 timeout, tickers = 4046136232
20250717-043602<DEBUG:00003B14>: [PrevInitCore]:1->[PrevInitCore]:0 timeout, tickers = 4123137497
20250717-043602<DEBUG:00003BF8>: [PrevInitCore]:1->[PrevInitCore]:0 timeout, tickers = 4189598182
20250717-043602<DEBUG:00003BE0>: [PrevInitCore]:1->[PrevInitCore]:0 timeout, tickers = 4235902960
20250717-043603<ERROR:00003BF0>: GetInteger(38, 1) failed !
20250717-043603<ERROR:00003BD8>: GetInteger(38, 1) failed !
20250717-043603<ERROR:00003BD0>: GetInteger(38, 1) failed !
20250717-043603<ERROR:00003BF8>: GetInteger(38, 1) failed !
20250717-043603<ERROR:00003BC8>: GetInteger(38, 1) failed !
20250717-043603<ERROR:00003B14>: GetInteger(38, 1) failed !
20250717-043603<ERROR:00003BE8>: GetInteger(38, 1) failed !
20250717-043603<ERROR:00003BE0>: GetInteger(38, 1) failed !
20250717-043603<WARN :00003BF8>: LostFps: 19 (+19)
20250717-043604<WARN :00003BF8>: LostFps: 0 (-19)
20250717-043609<WARN :00003BD0>: LostFps: 136 (+136)
20250717-043609<WARN :00003BE0>: LostFps: 132 (+132)
20250717-043609<WARN :00003BE8>: LostFps: 104 (+104)
20250717-043610<WARN :00003BD8>: LostFps: 148 (+148)
20250717-043610<WARN :00003B14>: LostFps: 144 (+144)
20250717-043610<WARN :00003BD0>: LostFps: 90 (-46)
20250717-043610<WARN :00003BE0>: LostFps: 85 (-47)
20250717-043610<WARN :00003BE8>: LostFps: 60 (-44)
20250717-043611<WARN :00003BD8>: LostFps: 102 (-46)
20250717-043611<WARN :00003B14>: LostFps: 96 (-48)
20250717-043611<WARN :00003BD0>: LostFps: 43 (-47)
20250717-043611<WARN :00003BE0>: LostFps: 39 (-46)
20250717-043611<WARN :00003BE8>: LostFps: 13 (-47)
20250717-043612<WARN :00003BD8>: LostFps: 55 (-47)
20250717-043612<WARN :00003B14>: LostFps: 50 (-46)
20250717-043612<WARN :00003BD0>: LostFps: 0 (-43)
20250717-043612<WARN :00003BE0>: LostFps: 0 (-39)
20250717-043612<WARN :00003BE8>: LostFps: 0 (-13)
20250717-043613<WARN :00003BD8>: LostFps: 8 (-47)
20250717-043613<WARN :00003B14>: LostFps: 3 (-47)
20250717-043614<WARN :00003BD8>: LostFps: 0 (-8)
20250717-043614<WARN :00003B14>: LostFps: 0 (-3)
