20250717-043646<DEBUG:000007B0>: [PrevInitCore]:1, start tickers = 9668684277731
20250717-043647<DEBUG:00003DC4>: [PrevInitCore]:1->[PrevInitCore]:0 timeout, tickers = 3537495666
20250717-043647<DEBUG:00003F44>: [PrevInitCore]:1->[PrevInitCore]:0 timeout, tickers = 3435773339
20250717-043647<DEBUG:000007B0>: [PrevInitCore]:1->[PrevInitCore]:0 timeout, tickers = 3417749478
20250717-043647<ERROR:00003DC4>: GetInteger(38, 1) failed !
20250717-043647<ERROR:00003F44>: GetInteger(38, 1) failed !
20250717-043647<ERROR:000007B0>: GetInteger(38, 1) failed !
20250717-043651<WARN :00003DC4>: LostFps: 88 (+88)
20250717-043652<WARN :00003DC4>: LostFps: 43 (-45)
20250717-043653<WARN :000007B0>: LostFps: 74 (+74)
20250717-043653<WARN :00003DC4>: LostFps: 0 (-43)
20250717-043653<WARN :00003F44>: LostFps: 88 (+88)
20250717-043654<WARN :000007B0>: LostFps: 29 (-45)
20250717-043654<WARN :00003F44>: LostFps: 44 (-44)
20250717-043655<WARN :000007B0>: LostFps: 0 (-29)
20250717-043655<WARN :00003F44>: LostFps: 0 (-44)
20250717-050923<DEBUG:000007B0>: nSocket = 824, nSendFlag = 0, Error = 10054
20250717-050923<DEBUG:00003F44>: nSocket = 824, nSendFlag = 0, Error = 10054
20250717-050923<DEBUG:00003DC4>: nSocket = 808, nSendFlag = 0, Error = 10054
20250717-050923<DEBUG:00003F44>: KGLOG_PROCESS_ERROR(DatabaseIsGood()) at line 2239 in KSwordOnLineSever::SendSavePlayerData
20250717-050923<DEBUG:00003F44>: main thread exit
20250717-050923<DEBUG:000007B0>: main thread exit
20250717-050923<DEBUG:00003DC4>: main thread exit
