20250318-232031<DEBUG:00004EFC>: [PrevInitCore]:1, start tickers = 78179713430154
20250318-232032<DEBUG:00005DFC>: [PrevInitCore]:1->[PrevInitCore]:0 timeout, tickers = 3790528006
20250318-232032<DEBUG:00004EA4>: [PrevInitCore]:1->[PrevInitCore]:0 timeout, tickers = 3943510931
20250318-232032<DEBUG:00004EFC>: [PrevInitCore]:1->[PrevInitCore]:0 timeout, tickers = 3647241922
20250318-232033<ERROR:00005DFC>: GetInteger(38, 1) failed !
20250318-232033<ERROR:00004EA4>: GetInteger(38, 1) failed !
20250318-232034<ERROR:00004EFC>: GetInteger(38, 1) failed !
20250318-232035<WARN :00004EFC>: LostFps: 19 (+19)
20250318-232036<WARN :00004EFC>: LostFps: 0 (-19)
20250318-232036<WARN :00005DFC>: LostFps: 20 (+20)
20250318-232037<WARN :00005DFC>: LostFps: 0 (-20)
20250318-232412<DEBUG:00004EFC>: nSocket = 780, nSendFlag = 0, Error = 10054
20250318-232412<DEBUG:00004EFC>: KGLOG_PROCESS_ERROR(DatabaseIsGood()) at line 2239 in KSwordOnLineSever::SendSavePlayerData
20250318-232412<DEBUG:00004EA4>: nSocket = 824, nSendFlag = 0, Error = 10054
20250318-232412<DEBUG:00005DFC>: nSocket = 784, nSendFlag = 0, Error = 10054
20250318-232412<DEBUG:00004EFC>: main thread exit
20250318-232412<DEBUG:00005DFC>: KGLOG_PROCESS_ERROR(DatabaseIsGood()) at line 2239 in KSwordOnLineSever::SendSavePlayerData
20250318-232412<DEBUG:00005DFC>: main thread exit
20250318-232412<DEBUG:00004EA4>: KGLOG_PROCESS_ERROR(DatabaseIsGood()) at line 2239 in KSwordOnLineSever::SendSavePlayerData
20250318-232412<DEBUG:00004EA4>: main thread exit
