20250318-231634<DEBUG:00005B30>: [PrevInitCore]:1, start tickers = 77303376674679
20250318-231635<DEBUG:00005964>: [PrevInitCore]:1->[PrevInitCore]:0 timeout, tickers = 3932204284
20250318-231635<DEBUG:00004090>: [PrevInitCore]:1->[PrevInitCore]:0 timeout, tickers = 3818159264
20250318-231635<DEBUG:00005B30>: [PrevInitCore]:1->[PrevInitCore]:0 timeout, tickers = 3776780820
20250318-231636<ERROR:00005964>: GetInteger(38, 1) failed !
20250318-231636<ERROR:00004090>: GetInteger(38, 1) failed !
20250318-231637<ERROR:00005B30>: GetInteger(38, 1) failed !
20250318-231646<WARN :00004090>: LostFps: 165 (+165)
20250318-231647<WARN :00005B30>: LostFps: 175 (+175)
20250318-231647<WARN :00004090>: LostFps: 117 (-48)
20250318-231647<WARN :00005964>: LostFps: 191 (+191)
20250318-231648<WARN :00005B30>: LostFps: 128 (-47)
20250318-231648<WARN :00004090>: LostFps: 69 (-48)
20250318-231648<WARN :00005964>: LostFps: 143 (-48)
20250318-231649<WARN :00005B30>: LostFps: 81 (-47)
20250318-231649<WARN :00004090>: LostFps: 22 (-47)
20250318-231649<WARN :00005964>: LostFps: 96 (-47)
20250318-231650<WARN :00005B30>: LostFps: 33 (-48)
20250318-231650<WARN :00004090>: LostFps: 0 (-22)
20250318-231650<WARN :00005964>: LostFps: 49 (-47)
20250318-231651<WARN :00005B30>: LostFps: 0 (-33)
20250318-231651<WARN :00005964>: LostFps: 1 (-48)
20250318-231652<WARN :00005964>: LostFps: 0 (-1)
20250318-232015<DEBUG:00005964>: nSocket = 804, nSendFlag = 0, Error = 10054
20250318-232015<DEBUG:00005B30>: nSocket = 916, nSendFlag = 0, Error = 10054
20250318-232015<DEBUG:00004090>: nSocket = 804, nSendFlag = 0, Error = 10054
20250318-232015<ERROR:00004090>: Gamecenter Disconnect!!
20250318-232015<ERROR:00005B30>: Gamecenter Disconnect!!
