[2025-03-22 16:17:55]	INFO	[Task]	Help	Get The Dynamic new nKey: , szTitle:  	1	TCQGaming đạt cấp 69 đầu tiên!
[2025-03-22 16:17:55]	INFO	[Task]	Help	Get The Dynamic new nKey: , szTitle:  	5	Đẳng cấp nhân vật cao nhất đã mở đến cấp 99
[2025-03-22 16:17:55]	INFO	[Task]	Help	Get The Dynamic new nKey: , szTitle:  	6	03月22日国庆活动幸运卡民族
[2025-03-22 16:17:55]	INFO	[Task]	Help	Get The Dynamic new nKey: , szTitle:  	4	Làm sao nhận được bạc
[2025-03-22 16:17:55]	INFO	[Task]	Help	Get The Dynamic new nKey: , szTitle:  	19	Điều chỉnh giới hạn đẳng cấp tham gia thi đấu môn phái
[2025-03-22 16:17:59]	ATTEN	[Player]	Cap cao nhat 119
[2025-03-22 16:18:00]	INFO	[Player]	Offline	Cường Hiệu Bạch Câu Hoàn	nTimeFrameStartSale
[2025-03-22 16:18:00]	INFO	[Player]	Offline	Cường Hiệu Bạch Câu Hoàn	nTimeFrameEndSale
[2025-03-22 16:18:00]	INFO	[Player]	Offline	Cường Hiệu Bạch Câu Hoàn	50
[2025-03-22 16:18:09]	INFO	[Player]	Offline	ProcessOfflineTime	TCQGaming Last Logout time and now login time: 1742635021 1742635089
[2025-03-22 16:18:09]	INFO	[Player]	Offline	ProcessOfflineTime	TCQGaming nOffLiveTime, nTodayUsedtime = 0, 0
[2025-03-22 16:18:09]	INFO	[Player]	Offline	ProcessOfflineTime	TCQGaming	nCurLevel, nCurExp, nLevelLimit 	119	39	69
[2025-03-22 16:18:09]	INFO	[Player]	Offline	ProcessWasteTime	Player TCQGaming have nWasteTime 0, nNowAddExp 0 !
[2025-03-22 16:18:09]	INFO	[Player]	plugin_log	玩家	TCQGaming	使用了插件，插件数量	30
[2025-03-22 16:19:01]	ERR!	[Mail]	Tuyến đường, võ nghệ thuật là không đúng!
[2025-03-22 16:19:01]	ERR!	[Mail]	Năm Ấn Độ tóc, võ nghệ thuật là không đúng!
[2025-03-22 16:19:01]	INFO	[PlayerHonor]	RefreshHonorLevel	aaaaaâ	0		0	1
[2025-03-22 16:19:01]	INFO	[PlayerHonor]	UpdataMaxWealth	aaaaaâ	2	8	0	0
[2025-03-22 16:19:01]	ERR!	[Mail]	发五行印，门派不正确！
[2025-03-22 16:19:01]	INFO	[Player]	Offline	ProcessOfflineTime	aaaaaâ Last Logout time and now login time: 0 1742635141
[2025-03-22 16:19:01]	INFO	[Player]	Offline	ProcessWasteTime	Player aaaaaâ have nWasteTime 0, nNowAddExp 0 !
[2025-03-22 16:19:01]	INFO	[Player]	plugin_log	玩家	aaaaaâ	使用了插件，插件数量	30
[2025-03-22 16:19:04]	INFO	[PlayerHonor]	UpdataMaxWealth	aaaaaâ	2	8	0	120
[2025-03-22 16:19:32]	INFO	[PlayerHonor]	UpdataMaxWealth	aaaaaâ	2	8	0	21211652
[2025-03-22 16:19:32]	INFO	[PlayerHonor]	UpdataMaxWealth	aaaaaâ	2	8	0	26340712
[2025-03-22 16:19:32]	INFO	[PlayerHonor]	UpdataMaxWealth	aaaaaâ	2	8	0	31454692
[2025-03-22 16:19:33]	INFO	[PlayerHonor]	UpdataMaxWealth	aaaaaâ	2	8	0	36565740
[2025-03-22 16:19:33]	INFO	[PlayerHonor]	UpdataMaxWealth	aaaaaâ	2	8	0	44234973
[2025-03-22 16:19:33]	INFO	[PlayerHonor]	UpdataMaxWealth	aaaaaâ	2	8	0	51961627
[2025-03-22 16:19:33]	INFO	[PlayerHonor]	UpdataMaxWealth	aaaaaâ	2	8	0	57203325
[2025-03-22 16:19:34]	INFO	[PlayerHonor]	UpdataMaxWealth	aaaaaâ	2	8	0	65031604
[2025-03-22 16:19:34]	INFO	[PlayerHonor]	UpdataMaxWealth	aaaaaâ	2	8	0	70158839
[2025-03-22 16:19:34]	INFO	[PlayerHonor]	UpdataMaxWealth	aaaaaâ	2	8	0	77881526
[2025-03-22 16:19:38]	ATTEN	[Prestige]	aaaaaâ	30
[2025-03-22 16:30:00]	ATTEN	[Merchant]	Gọi Thương Nhân Thần Bí ngẫu nhiên	25-03-22 16:30	11
[2025-03-22 16:30:00]	ATTEN	[Merchant]	Gọi Thương Nhân Thần Bí ngẫu nhiên	25-03-22 16:30	12
[2025-03-22 16:30:00]	ATTEN	[BaiHuTang]	9720	ShowGongGao	1	16:30-00
[2025-03-22 16:30:20]	ATTEN	[XoyoGame]	
[2025-03-22 16:39:00]	ATTEN	[BaiHuTang]	9720	ShowGongGao	2	16:39-00
[2025-03-22 16:48:00]	ATTEN	[BaiHuTang]	5400	ShowGongGao	3	16:48-00
[2025-03-22 17:00:01]	ATTEN	[Merchant]	Gọi Thương Nhân Thần Bí ngẫu nhiên	25-03-22 17:00	11
[2025-03-22 17:00:01]	ATTEN	[Merchant]	Gọi Thương Nhân Thần Bí ngẫu nhiên	25-03-22 17:00	12
