[2025-03-22 16:07:06]	INFO	[Task]	Help	Get The Dynamic new nKey: , szTitle:  	1	TCQGaming đạt cấp 69 đầu tiên!
[2025-03-22 16:07:06]	INFO	[Task]	Help	Get The Dynamic new nKey: , szTitle:  	5	Đẳng cấp nhân vật cao nhất đã mở đến cấp 99
[2025-03-22 16:07:06]	INFO	[Task]	Help	Get The Dynamic new nKey: , szTitle:  	6	03月22日国庆活动幸运卡民族
[2025-03-22 16:07:06]	INFO	[Task]	Help	Get The Dynamic new nKey: , szTitle:  	4	Làm sao nhận được bạc
[2025-03-22 16:07:06]	INFO	[Task]	Help	Get The Dynamic new nKey: , szTitle:  	19	Điều chỉnh giới hạn đẳng cấp tham gia thi đấu môn phái
[2025-03-22 16:07:10]	ATTEN	[Player]	Cap cao nhat 119
[2025-03-22 16:07:10]	INFO	[Player]	Offline	Cường Hiệu Bạch Câu Hoàn	nTimeFrameStartSale
[2025-03-22 16:07:10]	INFO	[Player]	Offline	Cường Hiệu Bạch Câu Hoàn	nTimeFrameEndSale
[2025-03-22 16:07:06]	INFO	[Task]	Help	Get The Dynamic new nKey: , szTitle:  	19	Điều chỉnh giới hạn đẳng cấp tham gia thi đấu môn phái
[2025-03-22 16:07:10]	ATTEN	[Player]	Cap cao nhat 119
[2025-03-22 16:07:11]	INFO	[Player]	Offline	Cường Hiệu Bạch Câu Hoàn	nTimeFrameStartSale
[2025-03-22 16:07:11]	INFO	[Player]	Offline	Cường Hiệu Bạch Câu Hoàn	nTimeFrameEndSale
[2025-03-22 16:07:11]	INFO	[Player]	Offline	Cường Hiệu Bạch Câu Hoàn	50
[2025-03-22 16:07:58]	INFO	[Player]	Offline	ProcessOfflineTime	TCQGaming Last Logout time and now login time: 1742314988 1742634478
[2025-03-22 16:07:58]	INFO	[Player]	Offline	ProcessOfflineTime	TCQGaming nOffLiveTime, nTodayUsedtime = 255755, 61678
[2025-03-22 16:07:58]	INFO	[Player]	Offline	ProcessOfflineTime	TCQGaming	nCurLevel, nCurExp, nLevelLimit 	119	6	69
[2025-03-22 16:07:58]	INFO	[Player]	Offline	ProcessOfflineTime	Player TCQGaming use BaiJu Đặc Hiệu Bạch Câu Hoàn , Original BaiJu Time is 0; Used Baiju Time is 0; Rest Baiju Time is 0  !
[2025-03-22 16:07:58]	INFO	[Player]	Offline	ProcessOfflineTime	Player TCQGaming use BaiJu Cường Hiệu Bạch Câu Hoàn , Original BaiJu Time is 0; Used Baiju Time is 0; Rest Baiju Time is 0  !
[2025-03-22 16:07:58]	INFO	[Player]	Offline	ProcessOfflineTime	Player TCQGaming use BaiJu Đại Bạch Câu Hoàn , Original BaiJu Time is 0; Used Baiju Time is 0; Rest Baiju Time is 0  !
[2025-03-22 16:07:58]	INFO	[Player]	Offline	ProcessOfflineTime	Player TCQGaming use BaiJu  Bạch Câu Hoàn  , Original BaiJu Time is 0; Used Baiju Time is 0; Rest Baiju Time is 0  !
[2025-03-22 16:07:58]	INFO	[Player]	Offline	ProcessOfflineTime	TCQGaming The really rest time is 0, nTotalAddExp 0, nTotalAddPoint 0 !
[2025-03-22 16:07:58]	INFO	[Player]	Offline	ProcessWasteTime	Player TCQGaming have nWasteTime 0, nNowAddExp 0 !
[2025-03-22 16:09:35]	INFO	[PlayerHonor]	UpdataMaxWealth	TCQGaming	1	8	0	862896525
[2025-03-22 16:15:49]	INFO	[Player]	Offline	ProcessOfflineTime	TCQGaming Last Logout time and now login time: 1742634917 1742634949
[2025-03-22 16:15:49]	INFO	[Player]	Offline	ProcessOfflineTime	TCQGaming nOffLiveTime, nTodayUsedtime = 0, 0
[2025-03-22 16:15:49]	INFO	[Player]	Offline	ProcessOfflineTime	TCQGaming	nCurLevel, nCurExp, nLevelLimit 	119	39	69
