[2025-07-18 19:29:26]	INFO	[Task]	Help	Get The Dynamic new nKey: , szTitle:  	1	TCQGaming đạt cấp 69 đầu tiên!
[2025-07-18 19:29:26]	INFO	[Task]	Help	Get The Dynamic new nKey: , szTitle:  	5	Đẳng cấp nhân vật cao nhất đã mở đến cấp 119
[2025-07-18 19:29:26]	INFO	[Task]	Help	Get The Dynamic new nKey: , szTitle:  	6	07月18日国庆活动幸运卡民族
[2025-07-18 19:29:26]	INFO	[Task]	Help	Get The Dynamic new nKey: , szTitle:  	4	Làm sao nhận được bạc
[2025-07-18 19:29:26]	INFO	[Task]	Help	Get The Dynamic new nKey: , szTitle:  	19	Điều chỉnh giới hạn đẳng cấp tham gia thi đấu môn phái
[2025-07-18 19:29:30]	ATTEN	[Player]	Cap cao nhat 80
[2025-07-18 19:29:30]	INFO	[Player]	Offline	Cường Hiệu Bạch Câu Hoàn	nTimeFrameStartSale
[2025-07-18 19:29:30]	INFO	[Player]	Offline	Cường Hiệu Bạch Câu Hoàn	nTimeFrameEndSale
[2025-07-18 19:29:29]	INFO	[Player]	Offline	Cường Hiệu Bạch Câu Hoàn	50
[2025-07-18 19:30:00]	ATTEN	[Merchant]	Gọi Thương Nhân Thần Bí ngẫu nhiên	25-07-18 19:30	5
[2025-07-18 19:30:00]	ATTEN	[Merchant]	Gọi Thương Nhân Thần Bí ngẫu nhiên	25-07-18 19:30	9
e nOffLiveTime, nTodayUsedtime = 0, 0
[2025-07-18 19:29:41]	INFO	[Player]	Offline	ProcessOfflineTime	thieulamne	nCurLevel, nCurExp, nLevelLimit 	80	0	69
[2025-07-18 19:29:41]	INFO	[Player]	Offline	ProcessWasteTime	Player thieulamne have nWasteTime 0, nNowAddExp 0 !
[2025-07-18 19:30:00]	ATTEN	[Merchant]	Gọi Thương Nhân Thần Bí ngẫu nhiên	25-07-18 19:30	1
[2025-07-18 19:30:00]	ATTEN	[Merchant]	Gọi Thương Nhân Thần Bí ngẫu nhiên	25-07-18 19:30	2[2[2025-07-18 19:30:20]	ATTEN	[XoyoGame]	
[2025-07-18 19:30:43]	INFO	[Player]	Offline	ProcessOfflineTime	thieulamne Last Logout time and now login time: 1752841822 1752841843
[2025-07-18 19:30:43]	INFO	[Player]	Offline	ProcessOfflineTime	thieulamne nOffLiveTime, nTodayUsedtime = 0, 0
[2025-07-18 19:30:43]	INFO	[Player]	Offline	ProcessOfflineTime	thieulamne	nCurLevel, nCurExp, nLevelLimit 	80	0	69
0:28]	INFO	[Player]	Offline	ProcessOfflineTime	TCQGaming	nCurLevel, nCurExp, nLevelLimit 	80	154200	69
[2025-07-18 19:30:28]	INFO	[Player]	Offline	ProcessWasteTime	Player TCQGaming have nWasteTime 0, nNowAddExp 0 !
r testttt have nWasteTime 0, nNowAddExp 0 !
[2025-07-18 19:30:00]	ATTEN	[Merchant]	Gọi Thương Nhân Thần Bí ngẫu nhiên	25-07-18 19:30	1
[2025-07-18 19:30:00]	ATTEN	[Merchant]	Gọi Thương Nhân Thần Bí ngẫu nhiên	25-07-18 19:30	2
