[2025-07-18 01:49:36]	INFO	[Task]	Help	Get The Dynamic new nKey: , szTitle:  	1	TCQGaming ƒë·∫°t c·∫•p 69 ƒë·∫ßu ti√™n!
[2025-07-18 01:49:36]	INFO	[Task]	Help	Get The Dynamic new nKey: , szTitle:  	20	t√¢n m·ªôt l·∫ßn m∆∞·ªùi hai ƒë·∫°i m√¥n ph√°i con ng∆∞·ªùi m·ªõi v∆∞∆°ng
[2025-07-18 01:49:36]	INFO	[Task]	Help	Get The Dynamic new nKey: , szTitle:  	19	ƒêi·ªÅu ch·ªânh gi·ªõi h·∫°n ƒë·∫≥ng c·∫•p tham gia thi ƒë·∫•u m√¥n ph√°i
[2025-07-18 01:49:36]	INFO	[Task]	Help	Get The Dynamic new nKey: , szTitle:  	4	L√†m sao nh·∫≠n ƒë∆∞·ª£c b·∫°c
[2025-07-18 01:49:36]	INFO	[Task]	Help	Get The Dynamic new nKey: , szTitle:  	5	ƒê·∫≥ng c·∫•p nh√¢n v·∫≠t cao nh·∫•t ƒë√£ m·ªü ƒë·∫øn c·∫•p 119
[2025-07-18 01:49:36]	INFO	[Task]	Help	Get The Dynamic new nKey: , szTitle:  	6	07Êúà18Êó•ÂõΩÂ∫ÜÊ¥ªÂä®Âπ∏ËøêÂç°Ê∞ëÊóè
[2025-07-18 01:49:40]	ATTEN	[Player]	Cap cao nhat 80
[2025-07-18 01:49:40]	INFO	[Player]	Offline	C∆∞·ªùng Hi·ªáu B·∫°ch C√¢u Ho√†n	nTimeFrameStartSale
[2025-07-18 01:49:40]	INFO	[Player]	Offline	C∆∞·ªùng Hi·ªáu B·∫°ch C√¢u Ho√†n	nTimeFrameEndSale
[2025-07-18 01:49:39]	INFO	[Player]	Offline	C∆∞·ªùng Hi·ªáu B·∫°ch C√¢u Ho√†n	50
[2025-07-18 02:00:01]	ATTEN	[Merchant]	G·ªçi Th∆∞∆°ng Nh√¢n Th·∫ßn B√≠ ng·∫´u nhi√™n	25-07-18 02:00	5
[2025-07-18 02:00:01]	ATTEN	[Merchant]	G·[2025-07-18 02:30:00]	ATTEN	[Merchant]	G·ªçi Th∆∞∆°ng Nh√¢n Th·∫ßn B√≠ ng·∫´u nhi√™n	25-07-18 02:30	5
[2025-07-18 02:30:00]	ATTEN	[BaiHuTang]	9720	ShowGongGao	1	02:30-00
[2025-07-18 02:39:00]	ATTEN	[BaiHuTang]	9720	ShowGongGao	2	02:39-00
[2025-07-18 02:48:00]	ATTEN	[BaiHuTang]	5400	ShowGongGao	3	02:48-00
[2025-07-18 03:00:01]	ATTEN	[Merchant]	G·ªçi Th∆∞∆°ng Nh√¢n Th·∫ßn B√≠ ng·∫´u nhi√™n	25-07-18 03:00	5
[2025-07-18 03:30:00]	ATTEN	[Merchant]	G·ªçi Th∆∞∆°ng Nh√¢n Th·∫ßn B√≠ ng·∫´u nhi√™n	25-07-18 03:30	5
[2025-07-18 03:30:00]	ATTEN	[BaiHuTang]	9720	ShowGongGao	1	03:30-00
-07-18 03:00:01]	ATTEN	[Merchant]	[2025-07-18 03:00:01]	ATTEN	[Merchant]	G·ªçi Th∆∞∆°ng Nh√¢n Th·∫ß[2025-07-18 03:30:00]	ATTEN	[Merchant][2025-07-18 03:30:00]	ATTEN	[Merchant]	G·ªçi Th∆∞∆°ng Nh√¢n Th·∫ß[2025-07-18 03:30:00]	ATTEN	[Merchant][2025-07-18 03:30:00]	ATTEN	[Merchant]	G·ªçi Th∆∞∆°ng Nh√¢n Th·∫ßn[2025-07-18 03:30:00]	ATTEN	[BaiHuTan[2025-07-18 03:30:00]	ATTEN	[BaiHuTang]	9720	ShowGongGao	1	03:30-00
ing	5
[2025-07-18 01:53:52]	ATTEN	[Prestige]	TCQGaming	5
[2025-07-18 01:53:55]	ATTEN	[Prestige]	TCQGaming	7
[2025-07-18 01:55:33]	ATTEN	[Prestige]	TCQGaming	7
[2025-07-18 01:55:38]	ATTEN	[Prestige]	TCQGaming	10
[2025-07-18 02:00:01]	ATTEN	[Merchant]	G·ªçi Th∆∞∆°ng Nh√¢n Th·∫ßn B√≠ ng·∫´u nhi√™n	25-07-18 02:00	11
[2025-07-18 02:00:01]	ATTEN	[Merchant]	G·ªçi Th∆∞∆°ng Nh√¢n Th·∫ßn B√≠ ng·∫´u nhi√™n	25-07-18 02:00	12
[2025-07-18 02:00:22]	ATTEN	[XoyoGame]	
[2025-07-18 02:02:18]	ATTEN	[Prestige]	TCQGaming	10
[2025-07-18 02:30:00]	ATTEN	[Merchant]	G·ªçi Th∆∞∆°ng Nh√¢n Th·∫ßn B√≠ ng·∫´u nhi√™n	25-07-18 02:30	11
[2025-07-18 02:30:00]	ATTEN	[Merchant]	G·ªçi Th∆∞∆°ng Nh√¢n Th·∫ßn B√≠ ng·∫´u nhi√™n	25-07-18 02:30	12
[2025-07-18 02:30:00]	ATTEN	[BaiHuTang]	9720	ShowGongGao	1	02:30-00
[2025-07-18 02:39:00]	ATTEN	[BaiHuTang]	9720	ShowGongGao	2	02:39-00
[2025-07-18 02:48:00]	ATTEN	[BaiHuTang]	5400	ShowGongGao	3	02:48-00
[2025-07-18 03:00:01]	ATTEN	[Merchant]	G·ªçi Th∆∞∆°ng Nh√¢n Th·∫ßn B√≠ ng·∫´u nhi√™n	25-07-18 03:00	11
[2025-07-18 03:00:01]	ATTEN	[Merchant]	G·ªçi Th∆∞∆°ng Nh√¢n Th·∫ßn B√≠ ng·∫´u nhi√™n	25-07-18 03:00	12
[2025-07-18 03:30:00]	ATTEN	[Merchant]	G·ªçi Th∆∞∆°ng Nh√¢n Th·∫ßn B√≠ ng·∫´u nhi√™n	25-07-18 03:30	11
[2025-07-18 03:30:00]	ATTEN	[Merchant]	G·ªçi Th∆∞∆°ng Nh√¢n Th·∫ßn B√≠ ng·∫´u nhi√™n	25-07-18 03:30	12
[2025-07-18 03:30:00]	ATTEN	[BaiHuTang]	9720	ShowGongGao	1	03:30-00
∆∞∆°ng Nh√¢n Th·∫ßn B√≠ ng·∫´u nhi√™n	25-07-18 03:30	2
[2025-07-18 03:30:00]	ATTEN	[BaiHuTang]	9720	ShowGongGao	1	03:30-00
