[2025-07-18 19:29:05]	INFO	[Task]	Help	Get The Dynamic new nKey: , szTitle:  	1	TCQGaming ƒë·∫°t c·∫•p 69 ƒë·∫ßu ti√™n!
[2025-07-18 19:29:05]	INFO	[Task]	Help	Get The Dynamic new nKey: , szTitle:  	5	ƒê·∫≥ng c·∫•p nh√¢n v·∫≠t cao nh·∫•t ƒë√£ m·ªü ƒë·∫øn c·∫•p 119
[2025-07-18 19:29:05]	INFO	[Task]	Help	Get The Dynamic new nKey: , szTitle:  	6	07Êúà18Êó•ÂõΩÂ∫ÜÊ¥ªÂä®Âπ∏ËøêÂç°Ê∞ëÊóè
[2025-07-18 19:29:05]	INFO	[Task]	Help	Get The Dynamic new nKey: , szTitle:  	4	L√†m sao nh·∫≠n ƒë∆∞·ª£c b·∫°c
[2025-07-18 19:29:05]	INFO	[Task]	Help	Get The Dynamic new nKey: , szTitle:  	19	ƒêi·ªÅu ch·ªânh gi·ªõi h·∫°n ƒë·∫≥ng c·∫•p tham gia thi ƒë·∫•u m√¥n ph√°i
[2025-07-18 19:29:09]	ATTEN	[Player]	Cap cao nhat 80
[2025-07-18 19:29:09]	INFO	[Player]	Offline	C∆∞·ªùng Hi·ªáu B·∫°ch C√¢u Ho√†n	nTimeFrameStartSale
[2025-07-18 19:29:09]	INFO	[Player]	Offline	C∆∞·ªùng Hi·ªáu B·∫°ch C√¢u Ho√†n	nTimeFrameEndSale
[2025-07-18 19:29:06]	INFO	[Player]	Offline	C∆∞·ªùng Hi·ªáu B·∫°ch C√¢u Ho√†n	50
[2025-07-18 19:30:00]	ATTEN	[Merchant]	G·ªçi Th∆∞∆°ng Nh√¢n Th·∫ßn B√≠ ng·∫´u nhi√™n	25-07-18 19:30	5
[2025-07-18 19:30:00]	ATTEN	[Merchant]	G·ªçi Th∆∞∆°ng Nh√¢n Th·∫ßn B√≠ ng·∫´u nhi√™n	25-07-18 19:30	9
∞∆°ng Nh√¢n Th·∫ßn B√≠ ng·∫´u nhi√™n	25-07-18 19:30	12
[2025-07-18 19:30:21]	ATTEN	[XoyoGame]	
[2025-07-18 19:31:41]	INFO	[PlayerHonor]	UpdataMaxWealth	TCQGaming	1	8	0	4406120
[2025-07-18 19:31:41]	INFO	[PlayerHonor]	UpdataMaxWealth	TCQGaming	1	8	0	5438449
[2025-07-18 19:31:42]	INFO	[PlayerHonor]	UpdataMaxWealth	TCQGaming	1	8	0	7008073
[2025-07-18 19:31:42]	INFO	[PlayerHonor]	UpdataMaxWealth	TCQGaming	1	8	0	8596202
[2025-07-18 19:31:42]	INFO	[PlayerHonor]	UpdataMaxWealth	TCQGaming	1	8	0	10144695
[2025-07-18 19:31:42]	INFO	[PlayerHonor]	UpdataMaxWealth	TCQGaming	1	8	0	11739363
[2025-07-18 19:31:43]	INFO	[PlayerHonor]	UpdataMaxWealth	TCQGaming	1	8	0	12803725
[2025-07-18 19:31:43]	INFO	[PlayerHonor]	UpdataMaxWealth	TCQGaming	1	8	0	13848080
[2025-07-18 19:31:43]	INFO	[PlayerHonor]	UpdataMaxWealth	TCQGaming	1	8	0	14879526
CQGaming use BaiJu C∆∞·ªùng Hi·ªáu B·∫°ch C√¢u Ho√†n , Original BaiJu Time is 0; Used Baiju Time is 0; Rest Baiju Time is 0  !
[2025-07-18 19:29:24]	INFO	[Player]	Offline	ProcessOfflineTime	Player TCQGaming use BaiJu ƒê·∫°i B·∫°ch C√¢u Ho√†n , Original BaiJu Time is 0; Used Baiju Time is 0; Rest Baiju Time is 0  !
[2025-07-18 19:29:24]	INFO	[Player]	Offline	ProcessOfflineTime	Player TCQGaming use BaiJu  B·∫°ch C√¢u Ho√†n  , Original BaiJu Time is 0; Used Baiju Time is 0; Rest Baiju Time is 0  !
[2025-07-18 19:29:24]	INFO	[Player]	Offline	ProcessOfflineTime	TCQGaming The really rest time is 0, nTotalAddExp 0, nTotalAddPoint 0 !
[2025-07-18 19:29:24]	INFO	[Player]	Offline	ProcessWasteTime	Player TCQGaming have nWasteTime 0, nNowAddExp 0 !
[2025-07-18 19:29:25]	INFO	[Player]	Offline	ProcessOfflineTime	tessssssst Last Logout time and now login time: 1752582614 1752841765
[2025-07-18 19:29:25]	INFO	[Player]	Offline	ProcessOfflineTime	tessssssst nOffLiveTime, nTodayUsedtime = 206986, 64800
[2025-07-18 19:29:25]	INFO	[Player]	Offline	ProcessOfflineTime	tessssssst	nCurLevel, nCurExp, nLevelLimit 	80	0	69
[2025-07-18 19:29:25]	INFO	[Player]	Offline	ProcessOfflineTime	Player tessssssst use BaiJu ƒê·∫∑c Hi·ªáu B·∫°ch C√¢u Ho√†n , Original BaiJu Time is 0; Used Baiju Time is 0; Rest Baiju Time is 0  !
[2025-07-18 19:29:25]	INFO	[Player]	Offline	ProcessOfflineTime	Player tessssssst use BaiJu C∆∞·ªùng Hi·ªáu B·∫°ch C√¢u Ho√†n , Original BaiJu Time is 0; Used Baiju Time is 0; Rest Baiju Time is 0  !
[2025-07-18 19:29:25]	INFO	[Player]	Offline	ProcessOfflineTime	Player tessssssst use BaiJu ƒê·∫°i B·∫°ch C√¢u Ho√†n , Original BaiJu Time is 0; Used Baiju Time is 0; Rest Baiju Time is 0  !
[2025-07-18 19:29:25]	INFO	[Player]	Offline	ProcessOfflineTime	Player tessssssst use BaiJu  B·∫°ch C√¢u Ho√†n  , Original BaiJu Time is 0; Used Baiju Time is 0; Rest Baiju Time is 0  !
[2025-07-18 19:29:25]	INFO	[Player]	Offline	ProcessOfflineTime	tessssssst The really rest time is 0, nTotalAddExp 0, nTotalAddPoint 0 !
[2025-07-18 19:29:25]	INFO	[Player]	Offline	ProcessWasteTime	Player tessssssst have nWasteTime 0, nNowAddExp 0 !
[2025-07-18 19:29:45]	INFO	[Player]	Offline	ProcessOfflineTime	testttt Last Logout time and now login time: 1752841812 1752841785
[2025-07-18 19:29:45]	INFO	[Player]	Offline	ProcessOfflineTime	testttt nOffLiveTime, nTodayUsedtime = 0, 0
[2025-07-18 19:29:45]	INFO	[Player]	Offline	ProcessOfflineTime	testttt	nCurLevel, nCurExp, nLevelLimit 	80	0	69
[2025-07-18 19:29:45]	INFO	[Player]	Offline	ProcessWasteTime	Player testttt have nWasteTime 0, nNowAddExp 0 !
[2025-07-18 19:30:00]	ATTEN	[Merchant]	G·ªçi Th∆∞∆°ng Nh√¢n Th·∫ßn B√≠ ng·∫´u nhi√™n	25-07-18 19:30	1
[2025-07-18 19:30:00]	ATTEN	[Merchant]	G·ªçi Th∆∞∆°ng Nh√¢n Th·∫ßn B√≠ ng·∫´u nhi√™n	25-07-18 19:30	2
