[2025-07-18 19:29:30]	INFO	[Task]	Help	Get The Dynamic new nKey: , szTitle:  	1	TCQGaming đạt cấp 69 đầu tiên!
[2025-07-18 19:29:30]	INFO	[Task]	Help	Get The Dynamic new nKey: , szTitle:  	5	Đẳng cấp nhân vật cao nhất đã mở đến cấp 119
[2025-07-18 19:29:30]	INFO	[Task]	Help	Get The Dynamic new nKey: , szTitle:  	6	07月18日国庆活动幸运卡民族
[2025-07-18 19:29:30]	INFO	[Task]	Help	Get The Dynamic new nKey: , szTitle:  	4	Làm sao nhận được bạc
[2025-07-18 19:29:30]	INFO	[Task]	Help	Get The Dynamic new nKey: , szTitle:  	19	Điều chỉnh giới hạn đẳng cấp tham gia thi đấu môn phái
[2025-07-18 19:29:34]	ATTEN	[Player]	Cap cao nhat 80
[2025-07-18 19:29:34]	INFO	[Player]	Offline	Cường Hiệu Bạch Câu Hoàn	nTimeFrameStartSale
[2025-07-18 19:29:34]	INFO	[Player]	Offline	Cường Hiệu Bạch Câu Hoàn	nTimeFrameEndSale
[2025-07-18 19:29:34]	INFO	[Player]	Offline	Cường Hiệu Bạch Câu Hoàn	50
[2025-07-18 19:30:00]	ATTEN	[Merchant]	Gọi Thương Nhân Thần Bí ngẫu nhiên	25-07-18 19:30	5
[2025-07-18 19:30:00]	ATTEN	[Merchant]	Gọi Thương Nhân Thần Bí ngẫu nhiên	25-07-18 19:30	9
e nOffLiveTime, nTodayUsedtime = 0, 0
[2025-07-18 19:29:55]	INFO	[Player]	Offline	ProcessOfflineTime	thieulamne	nCurLevel, nCurExp, nLevelLimit 	80	0	69
[2025-07-18 19:29:55]	INFO	[Player]	Offline	ProcessWasteTime	Player thieulamne have nWasteTime 0, nNowAddExp 0 !
[2025-07-18 19:30:00]	ATTEN	[Merchant]	Gọi Thương Nhân Thần Bí ngẫu nhiên	25-07-18 19:30	[20[2025-07-18 19:30:00]	ATTEN	[Merchant]	Gọi Thương Nhân Thần Bí ngẫu nhiên	25-07-18 19:30	2
025-07-18 19:30:00]	ATTEN	[Merchant]	Gọi Thương Nhân Thần Bí ngẫu nhiên	25-07-18 19:30	12
2841929 1752841816
[2025-07-18 19:30:16]	INFO	[Player]	Offline	ProcessOfflineTime	thieulamne nOffLiveTime, nTodayUsedtime = 0, 0
[2025-07-18 19:30:16]	INFO	[Player]	Offline	ProcessOfflineTime	thieulamne	nCurLevel, nCurExp, nLevelLimit 	80	0	69
[2025-07-18 19:30:16]	INFO	[Player]	Offline	ProcessWasteTime	Player thieulamne have nWasteTime 0, nNowAddExp 0 !
h	thieulamne	4	8	0	0
[2025-07-18 19:31:51]	ERR!	[Mail]	发五行印，门派不正确！
[2025-07-18 19:31:51]	INFO	[Player]	Offline	ProcessOfflineTime	thieulamne Last Logout time and now login time: 0 1752841911
[2025-07-18 19:31:51]	INFO	[Player]	Offline	ProcessWasteTime	Player thieulamne have nWasteTime 0, nNowAddExp 0 !
[2025-07-18 19:31:51]	INFO	[Player]	plugin_log	玩家	thieulamne	使用了插件，插件数量	30
[2025-07-18 19:31:58]	INFO	[PlayerHonor]	UpdataMaxWealth	thieulamne	4	8	0	3600
