[2025-07-18 19:29:47]	INFO	[Task]	Help	Get The Dynamic new nKey: , szTitle:  	1	TCQGaming đạt cấp 69 đầu tiên!
[2025-07-18 19:29:47]	INFO	[Task]	Help	Get The Dynamic new nKey: , szTitle:  	5	Đẳng cấp nhân vật cao nhất đã mở đến cấp 119
[2025-07-18 19:29:47]	INFO	[Task]	Help	Get The Dynamic new nKey: , szTitle:  	6	07月18日国庆活动幸运卡民族
[2025-07-18 19:29:47]	INFO	[Task]	Help	Get The Dynamic new nKey: , szTitle:  	4	Làm sao nhận được bạc
[2025-07-18 19:29:47]	INFO	[Task]	Help	Get The Dynamic new nKey: , szTitle:  	19	Điều chỉnh giới hạn đẳng cấp tham gia thi đấu môn phái
[2025-07-18 19:29:51]	ATTEN	[Player]	Cap cao nhat 80
[2025-07-18 19:29:51]	INFO	[Player]	Offline	Cường Hiệu Bạch Câu Hoàn	nTimeFrameStartSale
[2025-07-18 19:29:51]	INFO	[Player]	Offline	Cường Hiệu Bạch Câu Hoàn	nTimeFrameEndSale
[2025-07-18 19:29:50]	INFO	[Player]	Offline	Cường Hiệu Bạch Câu Hoàn	50
[2025-07-18 19:30:00]	ATTEN	[Merchant]	Gọi Thương Nhân Thần Bí ngẫu nhiên	25-07-18 19:30	5
[2025-07-18 19:30:00]	ATTEN	[Merchant]	Gọi Thương Nhân Thần Bí ngẫu nhiên	25-07-18 19:30	9

imeFrameStartSale
[2025-07-18 19:29:49]	INFO	[Player]	Offline	Cường Hiệu Bạch Câu Hoàn	nTimeFrameEndSale
[2025-07-18 19:29:49]	INFO	[Player]	Offline	Cường Hiệu Bạch Câu Hoàn	50
[2025-07-18 19:30:00]	ATTEN	[Merchant]	Gọi Thương Nhân Thần Bí ngẫu nhiên	25-07-18 19:30	1
[2025-07-18 19:30:00]	ATTEN	[Merchant]	Gọi Thương Nhân Thần Bí ngẫu nhiên	25-07-18 19:30	2
[2025-07-18 19:30:08]	INFO	[Player]	Offline	ProcessOfflineTime	TCQGaming Last Logout time and now login time: 1752841813 1752841808
[2025-07-18 19:30:08]	INFO	[Player]	Offline	ProcessOfflineTime	TCQGaming nOffLiveTime, nTodayUsedtime = 0, 0
[2025-07-18 19:30:08]	INFO	[Player]	Offline	ProcessOfflineTime	TCQGaming	nCurLevel, nCurExp, nLevelLimit 	80	154200	69
[2025-07-18 19:30:08]	INFO	[Player]	Offline	ProcessWasteTime	Player TCQGaming have nWasteTime 0, nNowAddExp 0 !
[2025-07-18 19:30:08]	INFO	[Player]	Offline	ProcessOfflineTime	testttt Last Logout time and now login time: 1752841823 1752841808
[2025-07-18 19:30:08]	INFO	[Player]	Offline	ProcessOfflineTime	testttt nOffLiveTime, nTodayUsedtime = 0, 0
[2025-07-18 19:30:08]	INFO	[Player]	Offline	ProcessOfflineTime	testttt	nCurLevel, nCurExp, nLevelLimit 	80	0	69
[2025-07-18 19:30:08]	INFO	[Player]	Offline	ProcessWasteTime	Player testttt have nWasteTime 0, nNowAddExp 0 !
