[2025-07-18 03:48:24]	INFO	[Task]	Help	Get The Dynamic new nKey: , szTitle:  	1	TCQGaming đạt cấp 69 đầu tiên!
[2025-07-18 03:48:24]	INFO	[Task]	Help	Get The Dynamic new nKey: , szTitle:  	20	tân một lần mười hai đại môn phái con người mới vương
[2025-07-18 03:48:24]	INFO	[Task]	Help	Get The Dynamic new nKey: , szTitle:  	19	Điều chỉnh giới hạn đẳng cấp tham gia thi đấu môn phái
[2025-07-18 03:48:24]	INFO	[Task]	Help	Get The Dynamic new nKey: , szTitle:  	4	Làm sao nhận được bạc
[2025-07-18 03:48:24]	INFO	[Task]	Help	Get The Dynamic new nKey: , szTitle:  	5	Đẳng cấp nhân vật cao nhất đã mở đến cấp 119
[2025-07-18 03:48:24]	INFO	[Task]	Help	Get The Dynamic new nKey: , szTitle:  	6	07月18日国庆活动幸运卡民族
[2025-07-18 03:48:27]	ATTEN	[Player]	Cap cao nhat 80
[2025-07-18 03:48:27]	INFO	[Player]	Offline	Cường Hiệu Bạch Câu Hoàn	nTimeFrameStartSale
[2025-07-18 03:48:27]	INFO	[Player]	Offline	Cường Hiệu Bạch Câu Hoàn	nTimeFrameEndSale
[2025-07-18 03:48:27]	INFO	[Player]	Offline	Cường Hiệu Bạch Câu Hoàn	50
[2025-07-18 03:48:49]	INFO	[Player]	Offline	ProcessOfflineTime	TCQGaming Last Logout time and now login time: 1752783909 1752785329
[2025-07-18 03:48:49]	INFO	[Player]	Offline	ProcessOfflineTime	TCQGaming nOffLiveTime, nTodayUsedtime = 0, 64800
[2025-07-18 03:48:49]	INFO	[Player]	Offline	ProcessOfflineTime	TCQGaming	nCurLevel, nCurExp, nLevelLimit 	80	8792325	69
[2025-07-18 03:48:49]	INFO	[Player]	Offline	ProcessWasteTime	Player TCQGaming have nWasteTime 0, nNowAddExp 0 !
[2025-07-18 03:48:49]	INFO	[Player]	plugin_log	玩家	TCQGaming	使用了插件，插件数量	30
[2025-07-18 03:48:56]	ATTEN	[DeRobot]	BattleJoin1	TCQGaming	Battle_2539837046
[2025-07-18 03:50:42]	INFO	[Player]	Offline	ProcessOfflineTime	tessssssst Last Logout time and now login time: 1752785056 1752785442
[2025-07-18 03:50:42]	INFO	[Player]	Offline	ProcessOfflineTime	tessssssst nOffLiveTime, nTodayUsedtime = 0, 64800
[2025-07-18 03:50:42]	INFO	[Player]	Offline	ProcessOfflineTime	tessssssst	nCurLevel, nCurExp, nLevelLimit 	80	3630000	69
[2025-07-18 03:50:42]	INFO	[Player]	Offline	ProcessWasteTime	Player tessssssst have nWasteTime 0, nNowAddExp 0 !
[2025-07-18 03:50:42]	INFO	[Player]	plugin_log	玩家	tessssssst	使用了插件，插件数量	30
[2025-07-18 03:50:51]	ATTEN	[DeRobot]	BattleJoin1	tessssssst	Battle_2168814073
[2025-07-18 03:55:13]	ATTEN	[DeRobot]	BattleLeave0	tessssssst	Battle_2168814073
