[2025-07-18 19:28:58]	INFO	[Task]	Help	Get The Dynamic new nKey: , szTitle:  	1	TCQGaming đạt cấp 69 đầu tiên!
[2025-07-18 19:28:58]	INFO	[Task]	Help	Get The Dynamic new nKey: , szTitle:  	5	Đẳng cấp nhân vật cao nhất đã mở đến cấp 119
[2025-07-18 19:28:58]	INFO	[Task]	Help	Get The Dynamic new nKey: , szTitle:  	6	07月18日国庆活动幸运卡民族
[2025-07-18 19:28:58]	INFO	[Task]	Help	Get The Dynamic new nKey: , szTitle:  	4	Làm sao nhận được bạc
[2025-07-18 19:28:58]	INFO	[Task]	Help	Get The Dynamic new nKey: , szTitle:  	19	Điều chỉnh giới hạn đẳng cấp tham gia thi đấu môn phái
[2025-07-18 19:29:02]	ATTEN	[Player]	Cap cao nhat 80
[2025-07-18 19:29:02]	INFO	[Player]	Offline	Cường Hiệu Bạch Câu Hoàn	nTimeFrameStartSale
[2025-07-18 19:29:02]	INFO	[Player]	Offline	Cường Hiệu Bạch Câu Hoàn	nTimeFrameEndSale
[2025-07-18 19:29:01]	INFO	[Player]	Offline	Cường Hiệu Bạch Câu Hoàn	50
[2025-07-18 19:30:00]	ATTEN	[Merchant]	Gọi Thương Nhân Thần Bí ngẫu nhiên	25-07-18 19:30	5
[2025-07-18 19:30:00]	ATTEN	[Merchant]	Gọi Thương Nhân Thần Bí ngẫu nhiên	25-07-18 19:30	2
nOffLiveTime, nTodayUsedtime = 0, 0
[2025-07-18 19:29:14]	INFO	[Player]	Offline	ProcessOfflineTime	TCQGaming	nCurLevel, nCurExp, nLevelLimit 	80	154200	69
[2025-07-18 19:29:14]	INFO	[Player]	Offline	ProcessWasteTime	Player TCQGaming have nWasteTime 0, nNowAddExp 0 !
[2025-07-18 19:29:14]	INFO	[Player]	plugin_log	玩家	TCQGaming	使用了插件，插件数量	30
[2025-07-18 19:29:29]	INFO	[Player]	Offline	ProcessOfflineTime	tessssssst Last Logout time and now login time: 1752843669 1752841769
[2025-07-18 19:29:29]	INFO	[Player]	Offline	ProcessOfflineTime	tessssssst nOffLiveTime, nTodayUsedtime = 0, 0
[2025-07-18 19:29:29]	INFO	[Player]	Offline	ProcessOfflineTime	tessssssst	nCurLevel, nCurExp, nLevelLimit 	80	0	69
[2025-07-18 19:29:29]	INFO	[Player]	Offline	ProcessWasteTime	Player tessssssst have nWasteTime 0, nNowAddExp 0 !
[2025-07-18 19:29:29]	INFO	[Player]	plugin_log	玩家	tessssssst	使用了插件，插件数量	30
[2025-07-18 19:30:00]	ATTEN	[Merchant]	Gọi Thương Nhân Thần Bí ngẫu nhiên	25-07-18 19:30	11
[2025-07-18 19:30:00]	ATTEN	[Merchant]	Gọi Thương Nhân Thần Bí ngẫu nhiên	25-07-18 19:30	12
[2025-07-18 19:30:20]	ATTEN	[XoyoGame]	
[2025-07-18 19:33:04]	ERR!	[Mail]	Tuyến đường, võ nghệ thuật là không đúng!
[2025-07-18 19:33:04]	ERR!	[Mail]	Năm Ấn Độ tóc, võ nghệ thuật là không đúng!
[2025-07-18 19:33:04]	INFO	[PlayerHonor]	RefreshHonorLevel	testttt	0		0	1
[2025-07-18 19:33:04]	INFO	[PlayerHonor]	UpdataMaxWealth	testttt	3	8	0	0
[2025-07-18 19:33:04]	ERR!	[Mail]	发五行印，门派不正确！
[2025-07-18 19:33:04]	INFO	[Player]	Offline	ProcessOfflineTime	testttt Last Logout time and now login time: 0 1752841984
[2025-07-18 19:33:04]	INFO	[Player]	Offline	ProcessWasteTime	Player testttt have nWasteTime 0, nNowAddExp 0 !
[2025-07-18 19:33:04]	INFO	[Player]	plugin_log	玩家	testttt	使用了插件，插件数量	30
