[2025-07-18 19:34:28]	INFO	[Task]	Help	Get The Dynamic new nKey: , szTitle:  	1	TCQGaming đạt cấp 69 đầu tiên!
[2025-07-18 19:34:28]	INFO	[Task]	Help	Get The Dynamic new nKey: , szTitle:  	5	Đẳng cấp nhân vật cao nhất đã mở đến cấp 119
[2025-07-18 19:34:28]	INFO	[Task]	Help	Get The Dynamic new nKey: , szTitle:  	6	07月18日国庆活动幸运卡民族
[2025-07-18 19:34:28]	INFO	[Task]	Help	Get The Dynamic new nKey: , szTitle:  	4	Làm sao nhận được bạc
[2025-07-18 19:34:28]	INFO	[Task]	Help	Get The Dynamic new nKey: , szTitle:  	19	Điều chỉnh giới hạn đẳng cấp tham gia thi đấu môn phái
[2025-07-18 19:34:31]	ATTEN	[Player]	Cap cao nhat 80
[2025-07-18 19:34:31]	INFO	[Player]	Offline	Cường Hiệu Bạch Câu Hoàn	nTimeFrameStartSale
[2025-07-18 19:34:31]	INFO	[Player]	Offline	Cường Hiệu Bạch Câu Hoàn	nTimeFrameEndSale
[2025-07-18 19:34:31]	INFO	[Player]	Offline	Cường Hiệu Bạch Câu Hoàn	50
[2025-07-17 05:30:00]	ATTEN	[Merchant]	Gọi Thương Nhân Thần Bí ngẫu nhiên	25-07-17 05:30	1
[2025-07-17 05:30:00]	ATTEN	[Merchant]	Gọi Thương Nhân Thần Bí ngẫu nhiên	25-07-17 05:30	2
[2025-07-17 05:30:00]	ATTEN	[BaiHuTang]	9720	ShowGongGao	1	05:30-00
[2025-07-17 05:39:00]	ATTEN	[BaiHuTang]	9720	ShowGongGao	2	05:39-00
[2025-07-17 05:48:00]	ATTEN	[BaiHuTang]	5400	ShowGongGao	3	05:48-00
[2025-07-17 06:00:01]	ATTEN	[Merchant]	Gọi Thương Nhân Thần Bí ngẫu nhiên	25-07-17 06:00	1
[2025-07-17 06:00:01]	ATTEN	[Merchant]	Gọi Thương Nhân Thần Bí ngẫu nhiên	25-07-17 06:00	2
[2025-07-17 06:30:00]	ATTEN	[Merchant]	Gọi Thương Nhân Thần Bí ngẫu nhiên	25-07-17 06:30	1
[2025-07-17 06:30:00]	ATTEN	[Merchant]	Gọi Thương Nhân Thần Bí ngẫu nhiên	25-07-17 06:30	2
[2025-07-17 06:30:00]	ATTEN	[BaiHuTang]	9720	ShowGongGao	1	06:30-00
[2025-07-17 06:39:00]	ATTEN	[BaiHuTang]	9720	ShowGongGao	2	06:39-00
[2025-07-17 06:48:00]	ATTEN	[BaiHuTang]	5400	ShowGongGao	3	06:48-00
[2025-07-17 07:00:01]	ATTEN	[Merchant]	Gọi Thương Nhân Thần Bí ngẫu nhiên	25-07-17 07:00	1
[2025-07-17 07:00:01]	ATTEN	[Merchant]	Gọi Thương Nhân Thần Bí ngẫu nhiên	25-07-17 07:00	2
[2025-07-17 07:30:00]	ATTEN	[Merchant]	Gọi Thương Nhân Thần Bí ngẫu nhiên	25-07-17 07:30	1
[2025-07-17 07:30:00]	ATTEN	[Merchant]	Gọi Thương Nhân Thần Bí ngẫu nhiên	25-07-17 07:30	2
[2025-07-17 08:00:01]	ATTEN	[Merchant]	Gọi Thương Nhân Thần Bí ngẫu nhiên	25-07-17 08:00	1
[2025-07-17 08:00:01]	ATTEN	[Merchant]	Gọi Thương Nhân Thần Bí ngẫu nhiên	25-07-17 08:00	2
