[2025-07-24 16:55:10]	INFO	[Task]	Help	Get The Dynamic new nKey: , szTitle:  	1	TCQGaming đạt cấp 69 đầu tiên!
[2025-07-24 16:55:10]	INFO	[Task]	Help	Get The Dynamic new nKey: , szTitle:  	5	Đẳng cấp nhân vật cao nhất đã mở đến cấp 119
[2025-07-24 16:55:10]	INFO	[Task]	Help	Get The Dynamic new nKey: , szTitle:  	6	07月24日国庆活动幸运卡民族
[2025-07-24 16:55:10]	INFO	[Task]	Help	Get The Dynamic new nKey: , szTitle:  	4	Làm sao nhận được bạc
[2025-07-24 16:55:10]	INFO	[Task]	Help	Get The Dynamic new nKey: , szTitle:  	19	Điều chỉnh giới hạn đẳng cấp tham gia thi đấu môn phái
[2025-07-24 16:55:14]	ATTEN	[Player]	Cap cao nhat 80
[2025-07-24 16:55:15]	INFO	[Player]	Offline	Cường Hiệu Bạch Câu Hoàn	nTimeFrameStartSale
[2025-07-24 16:55:15]	INFO	[Player]	Offline	Cường Hiệu Bạch Câu Hoàn	nTimeFrameEndSale
[2025-07-24 16:55:13]	INFO	[Player]	Offline	Cường Hiệu Bạch Câu Hoàn	50
[2025-07-24 17:00:01]	ATTEN	[Merchant]	Gọi Thương Nhân Thần Bí ngẫu nhiên	25-07-24 17:00	6
[2025-07-24 17:00:01]	ATTEN	[Merchant]	Gọi Thương Nhân Thần Bí ngẫu nhiên	25-07-24 17:00	9
2025-07-24 16:55:33]	INFO	[Player]	Offline	ProcessOfflineTime	TCQGaming nOffLiveTime, nTodayUsedtime = 284942, 64533
[2025-07-24 16:55:33]	INFO	[Player]	Offline	ProcessOfflineTime	TCQGaming	nCurLevel, nCurExp, nLevelLimit 	80	60360	69
[2025-07-24 16:55:33]	INFO	[Player]	Offline	ProcessOfflineTime	Player TCQGaming use BaiJu Đặc Hiệu Bạch Câu Hoàn , Original BaiJu Time is 0; Used Baiju Time is 0; Rest Baiju Time is 0  !
[2025-07-24 16:55:33]	INFO	[Player]	Offline	ProcessOfflineTime	Player TCQGaming use BaiJu Cường Hiệu Bạch Câu Hoàn , Original BaiJu Time is 0; Used Baiju Time is 0; Rest Baiju Time is 0  !
[2025-07-24 16:55:33]	INFO	[Player]	Offline	ProcessOfflineTime	Player TCQGaming use BaiJu Đại Bạch Câu Hoàn , Original BaiJu Time is 0; Used Baiju Time is 0; Rest Baiju Time is 0  !
[2025-07-24 16:55:33]	INFO	[Player]	Offline	ProcessOfflineTime	Player TCQGaming use BaiJu  Bạch Câu Hoàn  , Original BaiJu Time is 0; Used Baiju Time is 0; Rest Baiju Time is 0  !
[2025-07-24 16:55:33]	INFO	[Player]	Offline	ProcessOfflineTime	TCQGaming The really rest time is 0, nTotalAddExp 0, nTotalAddPoint 0 !
[2025-07-24 16:55:33]	INFO	[Player]	Offline	ProcessWasteTime	Player TCQGaming have nWasteTime 0, nNowAddExp 0 !
[2025-07-24 16:55:34]	INFO	[Player]	plugin_log	玩家	TCQGaming	使用了插件，插件数量	30
[2025-07-24 17:00:01]	ATTEN	[Merchant]	Gọi Thương Nhân Thần Bí ngẫu nhiên	25-07-24 17:00	11
[2025-07-24 17:00:01]	ATTEN	[Merchant]	Gọi Thương Nhân Thần Bí ngẫu nhiên	25-07-24 17:00	12
ATTEN	[Merchant]	Gọi Thương Nhân Thần Bí ngẫu nhiên	25-07-24 17:00	1
[2025-07-24 17:00:01]	ATTEN	[Merchant]	Gọi Thương Nhân Thần Bí ngẫu nhiên	25-07-24 17:00	2
