[2025-07-24 17:13:49]	INFO	[Task]	Help	Get The Dynamic new nKey: , szTitle:  	1	TCQGaming đạt cấp 69 đầu tiên!
[2025-07-24 17:13:49]	INFO	[Task]	Help	Get The Dynamic new nKey: , szTitle:  	5	Đẳng cấp nhân vật cao nhất đã mở đến cấp 119
[2025-07-24 17:13:49]	INFO	[Task]	Help	Get The Dynamic new nKey: , szTitle:  	6	07月24日国庆活动幸运卡民族
[2025-07-24 17:13:49]	INFO	[Task]	Help	Get The Dynamic new nKey: , szTitle:  	4	Làm sao nhận được bạc
[2025-07-24 17:13:49]	INFO	[Task]	Help	Get The Dynamic new nKey: , szTitle:  	19	Điều chỉnh giới hạn đẳng cấp tham gia thi đấu môn phái
[2025-07-24 17:13:53]	ATTEN	[Player]	Cap cao nhat 80
[2025-07-24 17:13:54]	INFO	[Player]	Offline	Cường Hiệu Bạch Câu Hoàn	nTimeFrameStartSale
[2025-07-24 17:13:54]	INFO	[Player]	Offline	Cường Hiệu Bạch Câu Hoàn	nTimeFrameEndSale
[2025-07-24 17:13:52]	INFO	[Player]	Offline	Cường Hiệu Bạch Câu Hoàn	50
[2025-07-24 17:30:01]	ATTEN	[Merchant]	Gọi Thương Nhân Thần Bí ngẫu nhiên	25-07-24 17:30	7
[2025-07-24 17:30:01]	ATTEN	[BaiHuTang]	9720	ShowGongGao	1	17:30-01
[2025-07-24 17:30:21]	ATTEN	[XoyoG[2025-0[2025-07-24 17:39:00]	ATTEN	[BaiHuTang]	9720	ShowGongGao	2	17:[2025-0[2025-07-24 17:48:00]	ATTEN	[BaiHuTang]	5400	ShowGongGao	3	17:[[2025-[2025-07-24 18:00:01]	ATTEN	[Merchant]	Gọi Thương Nhân Thần Bí ngẫu nhiên	25-07-24 18:00	6
[2025-07-24 18:00:21]	ATTEN	[XoyoGame]	
[2025-07-24 18:30:00]	ATTEN	[Merchant]	Gọi Thương Nhân Thần Bí ngẫu nhiên	25-07-24 18:30	5
[2025-07-24 18:30:20]	ATTEN	[XoyoGame]	
[2025-07-24 19:00:01]	ATTEN	[Merchant]	Gọi Thương Nhân Thần Bí ngẫu nhiên	25-07-24 19:00	6
[2025-07-24 19:00:21]	ATTEN	[XoyoGame]	
[2025-07-24 19:30:00]	ATTEN	[Merchant]	Gọi Thương Nhân Thần Bí ngẫu nhiên	25-07-24 19:30	5
[2025-07-24 19:30:20]	ATTEN	[XoyoGame]	
[2025-07-24 20:00:01]	ATTEN	[Merchant]	Gọi Thương Nhân Thần Bí ngẫu nhiên	25-07-24 20:00	6
[2025-07-24 20:00:21]	ATTEN	[XoyoGame]	
[2025-07-24 20:30:00]	ATTEN	[Merchant]	Gọi Thương Nhân Thần Bí ngẫu nhiên	25-07-24 20:30	6
t]	Gọi Thương Nhân Thần Bí ngẫu nhiên	25-07-24 19:30	10
[2025-07-24 20:00:01]	ATTEN	[Merchant]	Gọi Thương Nhân Thần Bí ngẫu nhiên	25-07-24 20:0[2025[2025-07-24 20:00:01]	ATTEN	[Merchant]	Gọi Thương Nhân Thần Bí ngẫu nhiên	25-07-24 20:0[2025-07-24 20:30:00]	ATTEN	[Merchant]	Gọi Thương Nhân Thần Bí ngẫu nhiên	25-07-24 20:30	7
30	4
25-07-24 17:39:00]	ATTEN	[BaiHuTang]	9720	ShowGongGao	2	17:39-00
[2025-07-24 17:48:00]	ATTEN	[BaiHuTang]	5400	ShowGongGao	3	17:48-00
[2025-07-24 18:00:01]	ATTEN	[Merchant]	Gọi Thương Nhân Thần Bí ngẫu nhiên	25-07-24 18:00	11
[2025-07-24 18:00:01]	ATTEN	[Merchant]	Gọi Thương Nhân Thần Bí ngẫu nhiên	25-07-24 18:00	12
[2025-07-24 18:00:21]	ATTEN	[XoyoGame]	
[2025-07-24 18:30:00]	ATTEN	[Merchant]	Gọi Thương Nhân Thần Bí ngẫu nhiên	25-07-24 18:30	11
[2025-07-24 18:30:00]	ATTEN	[Merchant]	Gọi Thương Nhân Thần Bí ngẫu nhiên	25-07-24 18:30	12[2[2025-07-24 18:30:20]	ATTEN	[XoyoGame]	
[2025-07-24 19:00:01]	ATTEN	[Merchant]	Gọi Thương Nhân Thần Bí ngẫu nhiên	25-07-24 19:00	11
[2025-07-24 19:00:01]	ATTEN	[Merchant]	Gọi Thương Nhân Thần Bí ngẫu nhiên	25-07-24 19:00	12
[2025-07-24 19:00:21]	ATTEN	[XoyoGame]	
[2025-07-24 19:30:00]	ATTEN	[Merchant]	Gọi Thương Nhân Thần Bí ngẫu nhiên	25-07-24 19:30	11
[2025-07-24 19:30:00]	ATTEN	[Merchant]	Gọi Thương Nhân Thần Bí ngẫu nhiên	25-07-24 19:30	12
[2025-07-24 19:30:20]	ATTEN	[XoyoGame]	
[2025-07-24 20:00:01]	ATTEN	[Merchant]	Gọi Thương Nhân Thần Bí ngẫu nhiên	25-07-24 20:00	11
[2025-07-24 20:00:01]	ATTEN	[Merchant]	Gọi Thương Nhân Thần Bí ngẫu nhiên	25-07-24 20:00	12
[2025-07-24 20:00:21]	ATTEN	[XoyoGame]	
[2025-07-24 20:30:00]	ATTEN	[Merchant]	Gọi Thương Nhân Thần Bí ngẫu nhiên	25-07-24 20:30	11
[2025-07-24 20:30:00]	ATTEN	[Merchant]	Gọi Thương Nhân Thần Bí ngẫu nhiên	25-07-24 20:30	12
[2025-07-24 20:30:20]	ATTEN	[XoyoGame]	
-07-24 20:30:00]	ATTEN	[Merchant]	Gọi Thương Nhân Thần Bí ngẫu nhiên	25-07-24 20:30	9
