[2025-07-24 20:36:49]	INFO	[Task]	Help	Get The Dynamic new nKey: , szTitle:  	1	TCQGaming đạt cấp 69 đầu tiên!
[2025-07-24 20:36:49]	INFO	[Task]	Help	Get The Dynamic new nKey: , szTitle:  	5	Đẳng cấp nhân vật cao nhất đã mở đến cấp 119
[2025-07-24 20:36:49]	INFO	[Task]	Help	Get The Dynamic new nKey: , szTitle:  	6	07月24日国庆活动幸运卡民族
[2025-07-24 20:36:49]	INFO	[Task]	Help	Get The Dynamic new nKey: , szTitle:  	4	Làm sao nhận được bạc
[2025-07-24 20:36:49]	INFO	[Task]	Help	Get The Dynamic new nKey: , szTitle:  	19	Điều chỉnh giới hạn đẳng cấp tham gia thi đấu môn phái
[2025-07-24 20:36:53]	ATTEN	[Player]	Cap cao nhat 80
[2025-07-24 20:36:54]	INFO	[Player]	Offline	Cường Hiệu Bạch Câu Hoàn	nTimeFrameStartSale
[2025-07-24 20:36:54]	INFO	[Player]	Offline	Cường Hiệu Bạch Câu Hoàn	nTimeFrameEndSale
[2025-07-24 20:36:52]	INFO	[Player]	Offline	Cường Hiệu Bạch Câu Hoàn	50
[2025-07-24 21:00:01]	ATTEN	[Merchant]	Gọi Thương Nhân Thần Bí ngẫu nhiên	25-07-24 21:00	5
[2025-07-24 21:00:01]	ATTEN	[Merchant]	Gọi Thương Nhân Thần Bí ngẫu nhiên	25-07-24 21:00	10
[2025-07-24 21:30:00]	ATTEN	[Merchant]	G[2025-07-24 21:30:00]	ATTEN	[BaiHuTang]	9720	ShowGongGao	1	21:30-00
[2025-07-24 21:30:20]	ATTEN	[XoyoGame]	
[2025-07-24 21:39:00]	ATTEN	[BaiHuTang]	9720	ShowGongGao	2	21:39-00
[2025-07-24 21:48:00]	ATTEN	[BaiHuTang]	5400	ShowGongGao	3	21:48-00
[2025-07-24 22:00:01]	ATTEN	[Merchant]	Gọi Thương Nhân Thần Bí ngẫu nhiên	25-07-24 22:00	5
[2025-07-24 22:00:21]	ATTEN	[XoyoGame]	
[2025-07-24 22:30:00]	ATTEN	[Merchant]	Gọi Thương Nhân Thần Bí ngẫu nhiên	25-07-24 22:30	5
[2025-07-24 22:30:00]	ATTEN	[BaiHuTang]	9720	ShowGongGao	1	22:30-00
7-24 22:00	8
[20[2025-07-24 22:30:00]	ATTEN	[Merchant]	Gọi Thương Nhân Thần Bí ngẫu nhiên	25-07-24 22:30	[2025-07-24 22:30:00]	ATTEN	[Merchant]	Gọi Thương Nhân Thần Bí ngẫu nhiên	25-07-24 22:30	8
10
-07-24 22:30	3
[2025-07-24 22:30:00]	ATTEN	[Merchant]	Gọi Thương Nhân Thần Bí ngẫu nhiên	25-07-24 22:30	9
[2025-07-24 22:30:00]	ATTEN	[BaiHuTang]	9720	ShowGongGao	1	22:30-00
量	30
[2025-07-24 21:00:01]	ATTEN	[Merchant]	Gọi Thương Nhân Thần Bí ngẫu nhiên	25-07-24 21:00	11
[2025-07-24 21:00:01]	ATTEN	[Merchant]	Gọi Thương Nhân Thần Bí ngẫu nhiên	25-07-24 21:00	12
[2025-07-24 21:00:21]	ATTEN	[XoyoGame]	
[2025-07-24 21:30:00]	ATTEN	[Merchant]	Gọi Thương Nhân Thần Bí ngẫu nhiên	25-07-24 21:30	11
[2025-07-24 21:30:00]	ATTEN	[Merchant]	Gọi Thương Nhân Thần Bí ngẫu nhiên	25-07-24 21:30	12
[2025-07-24 21:30:00]	ATTEN	[BaiHuTang]	9720	ShowGongGao	1	21:30-00
[2025-07-24 21:30:20]	ATTEN	[XoyoGame]	
[2025-07-24 21:39:00]	ATTEN	[BaiHuTang]	9720	ShowGongGao	2	21:39-00
[2025-07-24 21:48:00]	ATTEN	[BaiHuTang]	5400	ShowGongGao	3	21:48-00
[2025-07-24 22:00:01]	ATTEN	[Merchant]	Gọi Thương Nhân Thần Bí ngẫu nhiên	25-07-24 22:00	11
[2025-07-24 22:00:01]	ATTEN	[Merchant]	Gọi Thương Nhân Thần Bí ngẫu nhiên	25-07-24 22:00	12
[2025-07-24 22:00:21]	ATTEN	[XoyoGame]	
[2025-07-24 22:30:00]	ATTEN	[Merchant]	Gọi Thương Nhân Thần Bí ngẫu nhiên	25-07-24 22:30	11
[2025-07-24 22:30:00]	ATTEN	[Merchant]	Gọi Thương Nhân Thần Bí ngẫu nhiên	25-07-24 22:30	12
[2025-07-24 22:30:00]	ATTEN	[BaiHuTang]	9720	ShowGongGao	1	22:30-00
[Merchant]	Gọi Thương Nhân Thần Bí ngẫu nhiên	25-07-24 22:30	1
[2025-07-24 22:30:00]	ATTEN	[Merchant]	Gọi Thương Nhân Thần Bí ngẫu nhiên	25-07-24 22:30	2
[2025-07-24 22:30:00]	ATTEN	[BaiHuTang]	9720	ShowGongGao	1	22:30-00
