20250720-143651<DEBUG:000062B4>: [KGC_LadderManager::UpdateTotalLadder]:1494, start tickers = 1100795139723937
20250720-143651<DEBUG:000062B4>: [RefreshTotalLadderData]:1495, start tickers = 1100795141262695
20250720-143651<DEBUG:000062B4>: [RefreshTotalLadderData]:1495->[RefreshTotalLadderData]:1497 timeout, tickers = 964234
20250720-143651<DEBUG:000062B4>: [ProcessTotalLadderData]:1499, start tickers = 1100795143565185
20250720-143651<DEBUG:000062B4>: [ProcessTotalLadderData]:1520, start tickers = 1100795144559941
20250720-143651<DEBUG:000062B4>: [ProcessTotalLadderData]:1520->[ProcessTotalLadderData]:1527 timeout, tickers = 4726
20250720-143651<DEBUG:000062B4>: [ProcessTotalLadderData]:1499->[ProcessTotalLadderData]:1501 timeout, tickers = 1074118
20250720-143651<DEBUG:000062B4>: [AdjustTotalLadder]:1503, start tickers = 1100795147002016
20250720-143651<DEBUG:000062B4>: [AdjustTotalLadder]:1503->[AdjustTotalLadder]:1505 timeout, tickers = 1276
20250720-143651<DEBUG:000062B4>: [KGC_LadderManager::UpdateTotalLadder]:1494->[KGC_LadderManager::UpdateTotalLadder]:1511 timeout, tickers = 7297874
20250720-143651<DEBUG:000062B4>: [KGC_LadderManager::UpdateTotalLadder]:1494, start tickers = 1100795469166229
20250720-143651<DEBUG:000062B4>: [RefreshTotalLadderData]:1495, start tickers = 1100795469716987
20250720-143651<DEBUG:000062B4>: [RefreshTotalLadderData]:1495->[RefreshTotalLadderData]:1497 timeout, tickers = 898668
20250720-143651<DEBUG:000062B4>: [ProcessTotalLadderData]:1499, start tickers = 1100795472401331
20250720-143651<DEBUG:000062B4>: [ProcessTotalLadderData]:1520, start tickers = 1100795473230497
20250720-143651<DEBUG:000062B4>: [ProcessTotalLadderData]:1520->[ProcessTotalLadderData]:1527 timeout, tickers = 5258
20250720-143651<DEBUG:000062B4>: [ProcessTotalLadderData]:1499->[ProcessTotalLadderData]:1501 timeout, tickers = 1535456
20250720-143651<DEBUG:000062B4>: [AdjustTotalLadder]:1503, start tickers = 1100795475386843
20250720-143651<DEBUG:000062B4>: [AdjustTotalLadder]:1503->[AdjustTotalLadder]:1505 timeout, tickers = 1216
20250720-143651<DEBUG:000062B4>: [KGC_LadderManager::UpdateTotalLadder]:1494->[KGC_LadderManager::UpdateTotalLadder]:1511 timeout, tickers = 6421406
20250720-143651<DEBUG:000062B4>: [KGC_LadderManager::UpdateTotalLadder]:1494, start tickers = 1100795667255545
20250720-143651<DEBUG:000062B4>: [RefreshTotalLadderData]:1495, start tickers = 1100795669360979
20250720-143651<DEBUG:000062B4>: [RefreshTotalLadderData]:1495->[RefreshTotalLadderData]:1497 timeout, tickers = 1078846
20250720-143651<DEBUG:000062B4>: [ProcessTotalLadderData]:1499, start tickers = 1100795672430953
20250720-143651<DEBUG:000062B4>: [ProcessTotalLadderData]:1520, start tickers = 1100795673254371
20250720-143651<DEBUG:000062B4>: [ProcessTotalLadderData]:1520->[ProcessTotalLadderData]:1527 timeout, tickers = 5908
20250720-143651<DEBUG:000062B4>: [ProcessTotalLadderData]:1499->[ProcessTotalLadderData]:1501 timeout, tickers = 1512402
20250720-143651<DEBUG:000062B4>: [AdjustTotalLadder]:1503, start tickers = 1100795675452597
20250720-143651<DEBUG:000062B4>: [AdjustTotalLadder]:1503->[AdjustTotalLadder]:1505 timeout, tickers = 1204
20250720-143651<DEBUG:000062B4>: [KGC_LadderManager::UpdateTotalLadder]:1494->[KGC_LadderManager::UpdateTotalLadder]:1511 timeout, tickers = 6335472
20250720-143653<DEBUG:000062B4>: [KGC_LadderManager::UpdateTotalLadder]:1494, start tickers = 1100803537525327
20250720-143653<DEBUG:000062B4>: [RefreshTotalLadderData]:1495, start tickers = 1100803538324929
20250720-143653<DEBUG:000062B4>: [RefreshTotalLadderData]:1495->[RefreshTotalLadderData]:1497 timeout, tickers = 1285750
20250720-143653<DEBUG:000062B4>: [ProcessTotalLadderData]:1499, start tickers = 1100803542069051
20250720-143653<DEBUG:000062B4>: [ProcessTotalLadderData]:1520, start tickers = 1100803543142489
20250720-143653<DEBUG:000062B4>: [ProcessTotalLadderData]:1520->[ProcessTotalLadderData]:1527 timeout, tickers = 8738
20250720-143653<DEBUG:000062B4>: [ProcessTotalLadderData]:1499->[ProcessTotalLadderData]:1501 timeout, tickers = 1671970
20250720-143653<DEBUG:000062B4>: [AdjustTotalLadder]:1503, start tickers = 1100803545666543
20250720-143653<DEBUG:000062B4>: [AdjustTotalLadder]:1503->[AdjustTotalLadder]:1505 timeout, tickers = 2032
20250720-143653<DEBUG:000062B4>: [KGC_LadderManager::UpdateTotalLadder]:1494->[KGC_LadderManager::UpdateTotalLadder]:1511 timeout, tickers = 13521175
20250720-143656<ERROR:000062B4>: Bad use of memory system : memory leak detected, leak block [1]
