20250724-171346<DEBUG:00003E00>: [PrevInitCore]:1, start tickers = 40681663333972
20250724-171346<DEBUG:00001804>: [PrevInitCore]:1->[PrevInitCore]:0 timeout, tickers = 3838152980
20250724-171347<DEBUG:00003EEC>: [PrevInitCore]:1->[PrevInitCore]:0 timeout, tickers = 3846990980
20250724-171347<DEBUG:000042FC>: [PrevInitCore]:1->[PrevInitCore]:0 timeout, tickers = 3759801349
20250724-171347<ERROR:00002A18>: GetInteger(38, 1) failed !
20250724-171347<DEBUG:00003E00>: [PrevInitCore]:1->[PrevInitCore]:0 timeout, tickers = 3662598236
20250724-171347<ERROR:00001804>: GetInteger(38, 1) failed !
20250724-171348<ERROR:00003EEC>: GetInteger(38, 1) failed !
20250724-171348<ERROR:000042FC>: GetInteger(38, 1) failed !
20250724-171348<ERROR:00003E00>: GetInteger(38, 1) failed !
20250724-171353<WARN :00001804>: LostFps: 94 (+94)
20250724-171353<WARN :000042FC>: LostFps: 83 (+83)
20250724-171354<WARN :00002A18>: LostFps: 109 (+109)
20250724-171354<WARN :00003EEC>: LostFps: 100 (+100)
20250724-171354<WARN :00001804>: LostFps: 50 (-44)
20250724-171354<WARN :000042FC>: LostFps: 39 (-44)
20250724-171354<WARN :00003E00>: LostFps: 102 (+102)
20250724-171355<WARN :00002A18>: LostFps: 65 (-44)
20250724-171355<WARN :00003EEC>: LostFps: 56 (-44)
20250724-171355<WARN :00001804>: LostFps: 5 (-45)
20250724-171355<WARN :000042FC>: LostFps: 0 (-39)
20250724-171355<WARN :00003E00>: LostFps: 57 (-45)
20250724-171356<WARN :00002A18>: LostFps: 19 (-46)
20250724-171356<WARN :00003EEC>: LostFps: 9 (-47)
20250724-171356<WARN :00001804>: LostFps: 0 (-5)
20250724-171356<WARN :00003E00>: LostFps: 10 (-47)
20250724-171357<WARN :00002A18>: LostFps: 0 (-19)
20250724-171357<WARN :00003EEC>: LostFps: 0 (-9)
20250724-171357<WARN :00003E00>: LostFps: 0 (-10)
20250724-171409<INFO :00003E00>: [Player]TCQGaming Apply Save Data By Reason Value
20250724-171414<INFO :00003E00>: [Player]TCQGaming Apply Save Data By Reason Value
20250724-171422<INFO :00003E00>: [Player]TCQGaming Apply Save Data By Reason Value
20250724-171432<INFO :00003E00>: [Player]TCQGaming Excute Save Data
20250724-174730<INFO :00003E00>: [Player]TCQGaming Apply Save Data By Reason 30 min TimeOut
20250724-174740<INFO :00003E00>: [Player]TCQGaming Excute Save Data
20250724-181740<INFO :00003E00>: [Player]TCQGaming Apply Save Data By Reason 30 min TimeOut
20250724-181750<INFO :00003E00>: [Player]TCQGaming Excute Save Data
20250724-184751<INFO :00003E00>: [Player]TCQGaming Apply Save Data By Reason 30 min TimeOut
20250724-184801<INFO :00003E00>: [Player]TCQGaming Excute Save Data
20250724-191801<INFO :00003E00>: [Player]TCQGaming Apply Save Data By Reason 30 min TimeOut
20250724-191811<INFO :00003E00>: [Player]TCQGaming Excute Save Data
20250724-194811<INFO :00003E00>: [Player]TCQGaming Apply Save Data By Reason 30 min TimeOut
20250724-194821<INFO :00003E00>: [Player]TCQGaming Excute Save Data
20250724-201821<INFO :00003E00>: [Player]TCQGaming Apply Save Data By Reason 30 min TimeOut
20250724-201831<INFO :00003E00>: [Player]TCQGaming Excute Save Data
20250724-203124<INFO :00003E00>: [Player]TCQGaming Apply Save Data By Reason Value
20250724-203127<INFO :00003E00>: [Player]TCQGaming Apply Save Data By Reason Value
20250724-203132<INFO :00003E00>: [Player]TCQGaming Apply Save Data By Reason Value
20250724-203142<INFO :00003E00>: [Player]TCQGaming Excute Save Data
