20250724-203645<DEBUG:00001A68>: [PrevInitCore]:1, start tickers = 85703505465267
20250724-203646<DEBUG:00003DB4>: [PrevInitCore]:1->[PrevInitCore]:0 timeout, tickers = 3554036122
20250724-203646<DEBUG:0000436C>: [PrevInitCore]:1->[PrevInitCore]:0 timeout, tickers = 3396117076
20250724-203646<DEBUG:00001A68>: [PrevInitCore]:1->[PrevInitCore]:0 timeout, tickers = 3836682782
20250724-203647<ERROR:00003DB4>: GetInteger(38, 1) failed !
20250724-203647<ERROR:0000436C>: GetInteger(38, 1) failed !
20250724-203648<ERROR:00001A68>: GetInteger(38, 1) failed !
20250724-203651<WARN :00003DB4>: LostFps: 81 (+81)
20250724-203651<WARN :00003DB4>: LostFps: 36 (-45)
20250724-203652<WARN :00001A68>: LostFps: 98 (+98)
20250724-203652<WARN :00003DB4>: LostFps: 0 (-36)
20250724-203653<WARN :0000436C>: LostFps: 115 (+115)
20250724-203653<WARN :00001A68>: LostFps: 54 (-44)
20250724-203654<WARN :0000436C>: LostFps: 71 (-44)
20250724-203654<WARN :00001A68>: LostFps: 8 (-46)
20250724-203655<WARN :0000436C>: LostFps: 26 (-45)
20250724-203655<WARN :00001A68>: LostFps: 0 (-8)
20250724-203656<WARN :0000436C>: LostFps: 0 (-26)
20250724-223324<DEBUG:0000436C>: nSocket = 544, nSendFlag = 0, Error = 10054
20250724-223324<DEBUG:00003DB4>: nSocket = 816, nSendFlag = 0, Error = 10054
20250724-223324<DEBUG:00001A68>: nSocket = 836, nSendFlag = 0, Error = 10054
20250724-223324<ERROR:00001A68>: Gamecenter Disconnect!!
20250724-223324<DEBUG:00001A68>: nSocket = 864, nSendFlag = 0, Error = 10054
20250724-223324<DEBUG:00001A68>: main thread exit
20250724-223324<DEBUG:0000436C>: main thread exit
