20250719-192852<INFO :00004D78>: [KG_Goddess] starting ...
20250719-192852<INFO :00004D78>: [KG_Goddess] Loading kg_goddess.ini
20250719-192852<INFO :00004D78>: [KG_Goddess] Loaded KG_Angel, version 2.5
20250719-192852<INFO :00004D78>: [KG_Goddess] Initializing role database ...
20250719-192852<DEBUG:00004D78>: [KGD] Success connect to localhost:3306, character set switch to latin1
20250719-192852<INFO :00004D78>: [KG_Goddess] Initializing role statistic ...
20250719-192852<INFO :00004D78>: [KG_Goddess] Initializing server manager ...
20250719-192852<INFO :00004D78>: [KG_Goddess] Initializing Sequence ...
20250719-192852<INFO :00004D78>: [KG_Goddess] Initializing NameServer ...
20250719-192852<DEBUG:00004D78>: [Database] character set switch to latin1
20250719-192852<INFO :00004D78>: [ServerManager] Listening at 127.0.0.1:5001
20250719-192852<INFO :00004D78>: [KG_Goddess] RoleLock disable
20250719-192852<INFO :00004D78>: [KG_Goddess] Set log level to DEBUG
20250719-192852<INFO :00004D78>: [KG_Goddess] Start success
20250719-192858<INFO :000043F8>: [ServerManager] Accept from (127.0.0.1: 51277) SocketStream = 01067150
20250719-192858<INFO :00000B04>: [Goddess Server 00] Started, service for 127.0.0.1:51277
20250719-192858<DEBUG:00000B04>: [KGD] Success connect to localhost:3306, character set switch to latin1
20250719-192859<INFO :000043F8>: [ServerManager] Accept from (127.0.0.1: 51282) SocketStream = 01066FE8
20250719-192859<INFO :00004E30>: [Goddess Server 01] Started, service for 127.0.0.1:51282
20250719-192859<DEBUG:00004E30>: [KGD] Success connect to localhost:3306, character set switch to latin1
20250719-192903<INFO :000043F8>: [ServerManager] Accept from (127.0.0.1: 51294) SocketStream = 01067420
20250719-192903<INFO :00000600>: [Goddess Server 02] Started, service for 127.0.0.1:51294
20250719-192903<DEBUG:00000600>: [KGD] Success connect to localhost:3306, character set switch to latin1
20250719-192903<DEBUG:00000600>: [Goddess Server 02] Enter KG_GoddessServer::_query_statistic_info()
20250719-192903<DEBUG:00000600>: KGLOG_PROCESS_ERROR(piStatistic) at line 2189 in KG_GoddessServer::_query_statistic_info
20250719-192903<DEBUG:00000600>: [Goddess Server 02] Leave KG_GoddessServer::_query_statistic_info()
20250719-192903<INFO :000043F8>: [ServerManager] Accept from (127.0.0.1: 51299) SocketStream = 01067738
20250719-192903<INFO :000019D0>: [Goddess Server 03] Started, service for 127.0.0.1:51299
20250719-192903<DEBUG:000019D0>: [KGD] Success connect to localhost:3306, character set switch to latin1
20250719-192903<DEBUG:000019D0>: [Goddess Server 03] Enter KG_GoddessServer::_query_statistic_info()
20250719-192903<DEBUG:000019D0>: KGLOG_PROCESS_ERROR(piStatistic) at line 2189 in KG_GoddessServer::_query_statistic_info
20250719-192903<DEBUG:000019D0>: [Goddess Server 03] Leave KG_GoddessServer::_query_statistic_info()
20250719-192903<INFO :000043F8>: [ServerManager] Accept from (127.0.0.1: 51304) SocketStream = 01067030
20250719-192903<INFO :00003430>: [Goddess Server 04] Started, service for 127.0.0.1:51304
20250719-192903<DEBUG:00003430>: [KGD] Success connect to localhost:3306, character set switch to latin1
20250719-192903<INFO :000043F8>: [ServerManager] Accept from (127.0.0.1: 51309) SocketStream = 010676A8
20250719-192903<INFO :00001E0C>: [Goddess Server 05] Started, service for 127.0.0.1:51309
20250719-192903<DEBUG:00001E0C>: [KGD] Success connect to localhost:3306, character set switch to latin1
20250719-192903<DEBUG:00001E0C>: [Goddess Server 05] Enter KG_GoddessServer::_query_statistic_info()
20250719-192903<DEBUG:00001E0C>: KGLOG_PROCESS_ERROR(piStatistic) at line 2189 in KG_GoddessServer::_query_statistic_info
20250719-192903<DEBUG:00001E0C>: [Goddess Server 05] Leave KG_GoddessServer::_query_statistic_info()
20250719-192903<INFO :000043F8>: [ServerManager] Accept from (127.0.0.1: 51314) SocketStream = 010671E0
20250719-192903<INFO :000046D8>: [Goddess Server 06] Started, service for 127.0.0.1:51314
20250719-192903<DEBUG:000046D8>: [KGD] Success connect to localhost:3306, character set switch to latin1
20250719-192904<INFO :000043F8>: [ServerManager] Accept from (127.0.0.1: 51317) SocketStream = 010674B0
20250719-192904<INFO :00003E90>: [Goddess Server 07] Started, service for 127.0.0.1:51317
20250719-192904<DEBUG:00003E90>: [KGD] Success connect to localhost:3306, character set switch to latin1
20250719-192904<INFO :000043F8>: [ServerManager] Accept from (127.0.0.1: 51320) SocketStream = 010672B8
20250719-192904<INFO :00003B90>: [Goddess Server 08] Started, service for 127.0.0.1:51320
20250719-192904<DEBUG:00003B90>: [KGD] Success connect to localhost:3306, character set switch to latin1
20250719-192904<DEBUG:000046D8>: [Goddess Server 06] Enter KG_GoddessServer::_query_statistic_info()
20250719-192904<DEBUG:000046D8>: KGLOG_PROCESS_ERROR(piStatistic) at line 2189 in KG_GoddessServer::_query_statistic_info
20250719-192904<DEBUG:000046D8>: [Goddess Server 06] Leave KG_GoddessServer::_query_statistic_info()
20250719-192906<DEBUG:00003430>: [Goddess Server 04] Enter KG_GoddessServer::_query_statistic_info()
20250719-192906<DEBUG:00003430>: KGLOG_PROCESS_ERROR(piStatistic) at line 2189 in KG_GoddessServer::_query_statistic_info
20250719-192906<DEBUG:00003430>: [Goddess Server 04] Leave KG_GoddessServer::_query_statistic_info()
20250719-192907<DEBUG:00003B90>: [Goddess Server 08] Enter KG_GoddessServer::_query_statistic_info()
20250719-192907<DEBUG:00003B90>: KGLOG_PROCESS_ERROR(piStatistic) at line 2189 in KG_GoddessServer::_query_statistic_info
20250719-192907<DEBUG:00003B90>: [Goddess Server 08] Leave KG_GoddessServer::_query_statistic_info()
20250719-192908<DEBUG:00003E90>: [Goddess Server 07] Enter KG_GoddessServer::_query_statistic_info()
20250719-192908<DEBUG:00003E90>: KGLOG_PROCESS_ERROR(piStatistic) at line 2189 in KG_GoddessServer::_query_statistic_info
20250719-192908<DEBUG:00003E90>: [Goddess Server 07] Leave KG_GoddessServer::_query_statistic_info()
20250719-192909<DEBUG:00000600>: [Goddess Server 02] Enter KG_GoddessServer::_ping()
20250719-192909<DEBUG:000019D0>: [Goddess Server 03] Enter KG_GoddessServer::_ping()
20250719-192910<DEBUG:00001E0C>: [Goddess Server 05] Enter KG_GoddessServer::_ping()
20250719-192913<DEBUG:000046D8>: [Goddess Server 06] Enter KG_GoddessServer::_ping()
20250719-192914<DEBUG:00000B04>: [Goddess Server 00] Enter KG_GoddessServer::_ping()
20250719-192916<DEBUG:00003430>: [Goddess Server 04] Enter KG_GoddessServer::_ping()
20250719-192917<DEBUG:00003B90>: [Goddess Server 08] Enter KG_GoddessServer::_ping()
20250719-192918<DEBUG:00003E90>: [Goddess Server 07] Enter KG_GoddessServer::_ping()
20250719-192919<DEBUG:00000600>: [Goddess Server 02] Enter KG_GoddessServer::_ping()
20250719-192919<DEBUG:000019D0>: [Goddess Server 03] Enter KG_GoddessServer::_ping()
20250719-192920<DEBUG:00001E0C>: [Goddess Server 05] Enter KG_GoddessServer::_ping()
20250719-192922<DEBUG:00000B04>: [Goddess Server 00] Enter KG_GoddessServer::_query_role_list()
20250719-192922<INFO :00000B04>: [Goddess Server 00] Query roles list of account "xboyhd"
20250719-192922<DEBUG:00000B04>: [Goddess Server 00] Leave KG_GoddessServer::_query_role_list()
20250719-192923<DEBUG:000046D8>: [Goddess Server 06] Enter KG_GoddessServer::_ping()
20250719-192924<DEBUG:00000B04>: [Goddess Server 00] Enter KG_GoddessServer::_query_role_list_in_zone()
20250719-192924<DEBUG:00000B04>: [Goddess Server 00] Leave KG_GoddessServer::_query_role_list_in_zone()
20250719-192924<DEBUG:00004E30>: [Goddess Server 01] Enter KG_GoddessServer::_ping()
20250719-192926<DEBUG:00003430>: [Goddess Server 04] Enter KG_GoddessServer::_ping()
20250719-192926<DEBUG:00000B04>: [Goddess Server 00] Enter KG_GoddessServer::_query_role_data()
20250719-192926<INFO :00000B04>: [Goddess Server 00] PacketID : 3, Get role "TCQGaming" of Account "xboyhd", Result = 1
20250719-192926<DEBUG:00000B04>: [Goddess Server 00] Leave KG_GoddessServer::_query_role_data()
20250719-192927<DEBUG:00000600>: [Goddess Server 02] Unsupported protocol: 38
20250719-192927<DEBUG:00003B90>: [Goddess Server 08] Enter KG_GoddessServer::_ping()
20250719-192928<DEBUG:00003E90>: [Goddess Server 07] Enter KG_GoddessServer::_ping()
20250719-192928<DEBUG:00000600>: [Goddess Server 02] Unsupported protocol: 37
20250719-192928<DEBUG:00000600>: [Goddess Server 02] Enter KG_GoddessServer::_save_role_data()
20250719-192928<INFO :00000600>: [Goddess Server 02] PacketID : 1, Save role "TCQGaming" of Account "xboyhd", LeaveFlag = 1, Result = 1
20250719-192928<DEBUG:00000600>: [Goddess Server 02] Leave KG_GoddessServer::_save_role_data()
20250719-192928<DEBUG:00003B90>: [Goddess Server 08] Unsupported protocol: 38
20250719-192929<DEBUG:00003B90>: [Goddess Server 08] Unsupported protocol: 37
20250719-192929<DEBUG:00000600>: [Goddess Server 02] Enter KG_GoddessServer::_ping()
20250719-192929<DEBUG:00000600>: [Goddess Server 02] Enter KG_GoddessServer::_ping()
20250719-192929<DEBUG:000019D0>: [Goddess Server 03] Enter KG_GoddessServer::_ping()
20250719-192929<DEBUG:000019D0>: [Goddess Server 03] Enter KG_GoddessServer::_ping()
20250719-192930<DEBUG:00001E0C>: [Goddess Server 05] Enter KG_GoddessServer::_ping()
20250719-192930<DEBUG:00001E0C>: [Goddess Server 05] Enter KG_GoddessServer::_ping()
20250719-192933<DEBUG:000046D8>: [Goddess Server 06] Enter KG_GoddessServer::_ping()
20250719-192933<DEBUG:000046D8>: [Goddess Server 06] Enter KG_GoddessServer::_ping()
20250719-192936<DEBUG:00003430>: [Goddess Server 04] Enter KG_GoddessServer::_ping()
20250719-192936<DEBUG:00003430>: [Goddess Server 04] Enter KG_GoddessServer::_ping()
20250719-192937<DEBUG:00003B90>: [Goddess Server 08] Enter KG_GoddessServer::_ping()
20250719-192938<DEBUG:00003B90>: [Goddess Server 08] Enter KG_GoddessServer::_ping()
20250719-192938<DEBUG:00003E90>: [Goddess Server 07] Enter KG_GoddessServer::_ping()
20250719-192938<DEBUG:00003E90>: [Goddess Server 07] Enter KG_GoddessServer::_ping()
20250719-192939<DEBUG:00000600>: [Goddess Server 02] Enter KG_GoddessServer::_ping()
20250719-192939<DEBUG:000019D0>: [Goddess Server 03] Enter KG_GoddessServer::_ping()
20250719-192940<DEBUG:00001E0C>: [Goddess Server 05] Enter KG_GoddessServer::_ping()
20250719-192943<DEBUG:000046D8>: [Goddess Server 06] Enter KG_GoddessServer::_ping()
20250719-192946<DEBUG:00003430>: [Goddess Server 04] Enter KG_GoddessServer::_ping()
20250719-192946<DEBUG:00000B04>: [Goddess Server 00] Enter KG_GoddessServer::_ping()
20250719-192947<DEBUG:00003B90>: [Goddess Server 08] Enter KG_GoddessServer::_ping()
20250719-192948<DEBUG:00003E90>: [Goddess Server 07] Enter KG_GoddessServer::_ping()
20250719-192949<DEBUG:00000600>: [Goddess Server 02] Enter KG_GoddessServer::_ping()
20250719-192949<DEBUG:000019D0>: [Goddess Server 03] Enter KG_GoddessServer::_ping()
20250719-192950<DEBUG:00001E0C>: [Goddess Server 05] Enter KG_GoddessServer::_ping()
20250719-192953<DEBUG:000046D8>: [Goddess Server 06] Enter KG_GoddessServer::_ping()
20250719-192954<DEBUG:00004E30>: [Goddess Server 01] Enter KG_GoddessServer::_ping()
20250719-192956<DEBUG:00003430>: [Goddess Server 04] Enter KG_GoddessServer::_ping()
20250719-192957<DEBUG:00003B90>: [Goddess Server 08] Enter KG_GoddessServer::_ping()
20250719-192958<DEBUG:00003E90>: [Goddess Server 07] Enter KG_GoddessServer::_ping()
20250719-192959<DEBUG:00000600>: [Goddess Server 02] Enter KG_GoddessServer::_ping()
20250719-192959<DEBUG:00000600>: [Goddess Server 02] Enter KG_GoddessServer::_ping()
20250719-192959<DEBUG:000019D0>: [Goddess Server 03] Enter KG_GoddessServer::_ping()
20250719-193000<DEBUG:000019D0>: [Goddess Server 03] Enter KG_GoddessServer::_ping()
20250719-193000<DEBUG:00001E0C>: [Goddess Server 05] Enter KG_GoddessServer::_ping()
20250719-193000<DEBUG:00001E0C>: [Goddess Server 05] Enter KG_GoddessServer::_ping()
20250719-193003<DEBUG:000046D8>: [Goddess Server 06] Enter KG_GoddessServer::_ping()
20250719-193003<DEBUG:000046D8>: [Goddess Server 06] Enter KG_GoddessServer::_ping()
20250719-193006<DEBUG:00003430>: [Goddess Server 04] Enter KG_GoddessServer::_ping()
20250719-193006<DEBUG:00000B04>: [Goddess Server 00] Enter KG_GoddessServer::_ping()
20250719-193006<DEBUG:00003430>: [Goddess Server 04] Enter KG_GoddessServer::_ping()
20250719-193007<DEBUG:00003B90>: [Goddess Server 08] Enter KG_GoddessServer::_ping()
20250719-193008<DEBUG:00003B90>: [Goddess Server 08] Enter KG_GoddessServer::_ping()
20250719-193008<DEBUG:00003E90>: [Goddess Server 07] Enter KG_GoddessServer::_ping()
20250719-193008<DEBUG:00003E90>: [Goddess Server 07] Enter KG_GoddessServer::_ping()
20250719-193009<DEBUG:00000600>: [Goddess Server 02] Enter KG_GoddessServer::_ping()
20250719-193009<DEBUG:000019D0>: [Goddess Server 03] Enter KG_GoddessServer::_ping()
20250719-193010<DEBUG:00001E0C>: [Goddess Server 05] Enter KG_GoddessServer::_ping()
20250719-193013<DEBUG:000046D8>: [Goddess Server 06] Enter KG_GoddessServer::_ping()
20250719-193016<DEBUG:00003430>: [Goddess Server 04] Enter KG_GoddessServer::_ping()
20250719-193017<DEBUG:00003B90>: [Goddess Server 08] Enter KG_GoddessServer::_ping()
20250719-193018<DEBUG:00003E90>: [Goddess Server 07] Enter KG_GoddessServer::_ping()
20250719-193019<DEBUG:00000600>: [Goddess Server 02] Enter KG_GoddessServer::_ping()
20250719-193019<DEBUG:000019D0>: [Goddess Server 03] Enter KG_GoddessServer::_ping()
20250719-193020<DEBUG:00001E0C>: [Goddess Server 05] Enter KG_GoddessServer::_ping()
20250719-193023<DEBUG:000046D8>: [Goddess Server 06] Enter KG_GoddessServer::_ping()
20250719-193024<DEBUG:00004E30>: [Goddess Server 01] Enter KG_GoddessServer::_ping()
20250719-193026<DEBUG:00003430>: [Goddess Server 04] Enter KG_GoddessServer::_ping()
20250719-193026<DEBUG:00000B04>: [Goddess Server 00] Enter KG_GoddessServer::_ping()
20250719-193027<DEBUG:00003B90>: [Goddess Server 08] Enter KG_GoddessServer::_ping()
20250719-193028<DEBUG:00003E90>: [Goddess Server 07] Enter KG_GoddessServer::_ping()
20250719-193029<DEBUG:00000600>: [Goddess Server 02] Enter KG_GoddessServer::_ping()
20250719-193029<DEBUG:00000600>: [Goddess Server 02] Enter KG_GoddessServer::_ping()
20250719-193029<DEBUG:000019D0>: [Goddess Server 03] Enter KG_GoddessServer::_ping()
20250719-193030<DEBUG:000019D0>: [Goddess Server 03] Enter KG_GoddessServer::_ping()
20250719-193030<DEBUG:00001E0C>: [Goddess Server 05] Enter KG_GoddessServer::_ping()
20250719-193030<DEBUG:00001E0C>: [Goddess Server 05] Enter KG_GoddessServer::_ping()
20250719-193033<DEBUG:000046D8>: [Goddess Server 06] Enter KG_GoddessServer::_ping()
20250719-193033<DEBUG:000046D8>: [Goddess Server 06] Enter KG_GoddessServer::_ping()
20250719-193036<DEBUG:00003430>: [Goddess Server 04] Enter KG_GoddessServer::_ping()
20250719-193036<DEBUG:00003430>: [Goddess Server 04] Enter KG_GoddessServer::_ping()
20250719-193037<DEBUG:00003B90>: [Goddess Server 08] Enter KG_GoddessServer::_ping()
20250719-193038<DEBUG:00003B90>: [Goddess Server 08] Enter KG_GoddessServer::_ping()
20250719-193038<DEBUG:00003E90>: [Goddess Server 07] Enter KG_GoddessServer::_ping()
20250719-193038<DEBUG:00003E90>: [Goddess Server 07] Enter KG_GoddessServer::_ping()
20250719-193039<DEBUG:00000600>: [Goddess Server 02] Enter KG_GoddessServer::_ping()
20250719-193039<DEBUG:000019D0>: [Goddess Server 03] Enter KG_GoddessServer::_ping()
20250719-193040<DEBUG:00001E0C>: [Goddess Server 05] Enter KG_GoddessServer::_ping()
20250719-193043<DEBUG:000046D8>: [Goddess Server 06] Enter KG_GoddessServer::_ping()
20250719-193046<DEBUG:00003430>: [Goddess Server 04] Enter KG_GoddessServer::_ping()
20250719-193046<DEBUG:00000B04>: [Goddess Server 00] Enter KG_GoddessServer::_ping()
20250719-193047<DEBUG:00003B90>: [Goddess Server 08] Enter KG_GoddessServer::_ping()
20250719-193048<DEBUG:00003E90>: [Goddess Server 07] Enter KG_GoddessServer::_ping()
20250719-193049<DEBUG:00000600>: [Goddess Server 02] Enter KG_GoddessServer::_ping()
20250719-193049<DEBUG:000019D0>: [Goddess Server 03] Enter KG_GoddessServer::_ping()
20250719-193050<DEBUG:00001E0C>: [Goddess Server 05] Enter KG_GoddessServer::_ping()
20250719-193053<DEBUG:000046D8>: [Goddess Server 06] Enter KG_GoddessServer::_ping()
20250719-193054<DEBUG:00004E30>: [Goddess Server 01] Enter KG_GoddessServer::_ping()
20250719-193056<DEBUG:00003430>: [Goddess Server 04] Enter KG_GoddessServer::_ping()
20250719-193057<DEBUG:00003B90>: [Goddess Server 08] Enter KG_GoddessServer::_ping()
20250719-193058<DEBUG:00003E90>: [Goddess Server 07] Enter KG_GoddessServer::_ping()
20250719-193059<DEBUG:00000600>: [Goddess Server 02] Enter KG_GoddessServer::_ping()
20250719-193059<DEBUG:000019D0>: [Goddess Server 03] Enter KG_GoddessServer::_ping()
20250719-193059<DEBUG:00000600>: [Goddess Server 02] Enter KG_GoddessServer::_ping()
20250719-193100<DEBUG:000019D0>: [Goddess Server 03] Enter KG_GoddessServer::_ping()
20250719-193100<DEBUG:00001E0C>: [Goddess Server 05] Enter KG_GoddessServer::_ping()
20250719-193100<DEBUG:00001E0C>: [Goddess Server 05] Enter KG_GoddessServer::_ping()
20250719-193103<DEBUG:000046D8>: [Goddess Server 06] Enter KG_GoddessServer::_ping()
20250719-193103<DEBUG:000046D8>: [Goddess Server 06] Enter KG_GoddessServer::_ping()
20250719-193106<DEBUG:00003430>: [Goddess Server 04] Enter KG_GoddessServer::_ping()
20250719-193106<DEBUG:00000B04>: [Goddess Server 00] Enter KG_GoddessServer::_ping()
20250719-193106<DEBUG:00003430>: [Goddess Server 04] Enter KG_GoddessServer::_ping()
20250719-193107<DEBUG:00003B90>: [Goddess Server 08] Enter KG_GoddessServer::_ping()
20250719-193108<DEBUG:00003B90>: [Goddess Server 08] Enter KG_GoddessServer::_ping()
20250719-193108<DEBUG:00003E90>: [Goddess Server 07] Enter KG_GoddessServer::_ping()
20250719-193108<DEBUG:00003E90>: [Goddess Server 07] Enter KG_GoddessServer::_ping()
20250719-193109<DEBUG:00000600>: [Goddess Server 02] Enter KG_GoddessServer::_ping()
20250719-193109<DEBUG:000019D0>: [Goddess Server 03] Enter KG_GoddessServer::_ping()
20250719-193110<DEBUG:00001E0C>: [Goddess Server 05] Enter KG_GoddessServer::_ping()
20250719-193113<DEBUG:000046D8>: [Goddess Server 06] Enter KG_GoddessServer::_ping()
20250719-193116<DEBUG:00003430>: [Goddess Server 04] Enter KG_GoddessServer::_ping()
20250719-193117<DEBUG:00003B90>: [Goddess Server 08] Enter KG_GoddessServer::_ping()
20250719-193118<DEBUG:00003E90>: [Goddess Server 07] Enter KG_GoddessServer::_ping()
20250719-193119<DEBUG:00000600>: [Goddess Server 02] Enter KG_GoddessServer::_ping()
20250719-193119<DEBUG:000019D0>: [Goddess Server 03] Enter KG_GoddessServer::_ping()
20250719-193120<DEBUG:00001E0C>: [Goddess Server 05] Enter KG_GoddessServer::_ping()
20250719-193123<DEBUG:000046D8>: [Goddess Server 06] Enter KG_GoddessServer::_ping()
20250719-193124<DEBUG:00004E30>: [Goddess Server 01] Enter KG_GoddessServer::_ping()
20250719-193126<DEBUG:00003430>: [Goddess Server 04] Enter KG_GoddessServer::_ping()
20250719-193126<DEBUG:00000B04>: [Goddess Server 00] Enter KG_GoddessServer::_ping()
20250719-193127<DEBUG:00003B90>: [Goddess Server 08] Enter KG_GoddessServer::_ping()
20250719-193128<DEBUG:00003E90>: [Goddess Server 07] Enter KG_GoddessServer::_ping()
20250719-193129<DEBUG:00000600>: [Goddess Server 02] Enter KG_GoddessServer::_ping()
20250719-193129<DEBUG:000019D0>: [Goddess Server 03] Enter KG_GoddessServer::_ping()
20250719-193129<DEBUG:00000600>: [Goddess Server 02] Enter KG_GoddessServer::_ping()
20250719-193130<DEBUG:000019D0>: [Goddess Server 03] Enter KG_GoddessServer::_ping()
20250719-193130<DEBUG:00001E0C>: [Goddess Server 05] Enter KG_GoddessServer::_ping()
20250719-193130<DEBUG:00001E0C>: [Goddess Server 05] Enter KG_GoddessServer::_ping()
20250719-193133<DEBUG:000046D8>: [Goddess Server 06] Enter KG_GoddessServer::_ping()
20250719-193133<DEBUG:000046D8>: [Goddess Server 06] Enter KG_GoddessServer::_ping()
20250719-193136<DEBUG:00003430>: [Goddess Server 04] Enter KG_GoddessServer::_ping()
20250719-193136<DEBUG:00003430>: [Goddess Server 04] Enter KG_GoddessServer::_ping()
20250719-193137<DEBUG:00003B90>: [Goddess Server 08] Enter KG_GoddessServer::_ping()
20250719-193138<DEBUG:00003B90>: [Goddess Server 08] Enter KG_GoddessServer::_ping()
20250719-193138<DEBUG:00003E90>: [Goddess Server 07] Enter KG_GoddessServer::_ping()
20250719-193138<DEBUG:00003E90>: [Goddess Server 07] Enter KG_GoddessServer::_ping()
20250719-193139<DEBUG:00000600>: [Goddess Server 02] Enter KG_GoddessServer::_ping()
20250719-193139<DEBUG:000019D0>: [Goddess Server 03] Enter KG_GoddessServer::_ping()
20250719-193140<DEBUG:00001E0C>: [Goddess Server 05] Enter KG_GoddessServer::_ping()
20250719-193143<DEBUG:000046D8>: [Goddess Server 06] Enter KG_GoddessServer::_ping()
20250719-193146<DEBUG:00003430>: [Goddess Server 04] Enter KG_GoddessServer::_ping()
20250719-193146<DEBUG:00000B04>: [Goddess Server 00] Enter KG_GoddessServer::_ping()
20250719-193147<DEBUG:00003B90>: [Goddess Server 08] Enter KG_GoddessServer::_ping()
20250719-193148<DEBUG:00003E90>: [Goddess Server 07] Enter KG_GoddessServer::_ping()
20250719-193149<DEBUG:00000600>: [Goddess Server 02] Enter KG_GoddessServer::_ping()
20250719-193149<DEBUG:000019D0>: [Goddess Server 03] Enter KG_GoddessServer::_ping()
20250719-193150<DEBUG:00001E0C>: [Goddess Server 05] Enter KG_GoddessServer::_ping()
20250719-193153<DEBUG:000046D8>: [Goddess Server 06] Enter KG_GoddessServer::_ping()
20250719-193154<DEBUG:00004E30>: [Goddess Server 01] Enter KG_GoddessServer::_ping()
20250719-193156<DEBUG:00003430>: [Goddess Server 04] Enter KG_GoddessServer::_ping()
20250719-193157<DEBUG:00003B90>: [Goddess Server 08] Enter KG_GoddessServer::_ping()
20250719-193158<DEBUG:00003E90>: [Goddess Server 07] Enter KG_GoddessServer::_ping()
20250719-193159<DEBUG:00000600>: [Goddess Server 02] Enter KG_GoddessServer::_ping()
20250719-193159<DEBUG:000019D0>: [Goddess Server 03] Enter KG_GoddessServer::_ping()
20250719-193159<DEBUG:00000600>: [Goddess Server 02] Enter KG_GoddessServer::_ping()
20250719-193200<DEBUG:000019D0>: [Goddess Server 03] Enter KG_GoddessServer::_ping()
20250719-193200<DEBUG:00001E0C>: [Goddess Server 05] Enter KG_GoddessServer::_ping()
20250719-193200<DEBUG:00001E0C>: [Goddess Server 05] Enter KG_GoddessServer::_ping()
20250719-193203<DEBUG:000046D8>: [Goddess Server 06] Enter KG_GoddessServer::_ping()
20250719-193203<DEBUG:000046D8>: [Goddess Server 06] Enter KG_GoddessServer::_ping()
20250719-193206<DEBUG:00003430>: [Goddess Server 04] Enter KG_GoddessServer::_ping()
20250719-193206<DEBUG:00000B04>: [Goddess Server 00] Enter KG_GoddessServer::_ping()
20250719-193206<DEBUG:00003430>: [Goddess Server 04] Enter KG_GoddessServer::_ping()
20250719-193207<DEBUG:00003B90>: [Goddess Server 08] Enter KG_GoddessServer::_ping()
20250719-193208<DEBUG:00003B90>: [Goddess Server 08] Enter KG_GoddessServer::_ping()
20250719-193208<DEBUG:00003E90>: [Goddess Server 07] Enter KG_GoddessServer::_ping()
20250719-193208<DEBUG:00003E90>: [Goddess Server 07] Enter KG_GoddessServer::_ping()
20250719-193209<DEBUG:00000600>: [Goddess Server 02] Enter KG_GoddessServer::_ping()
20250719-193209<DEBUG:000019D0>: [Goddess Server 03] Enter KG_GoddessServer::_ping()
20250719-193210<DEBUG:00001E0C>: [Goddess Server 05] Enter KG_GoddessServer::_ping()
20250719-193213<DEBUG:000046D8>: [Goddess Server 06] Enter KG_GoddessServer::_ping()
20250719-193216<DEBUG:00003430>: [Goddess Server 04] Enter KG_GoddessServer::_ping()
20250719-193217<DEBUG:00003B90>: [Goddess Server 08] Enter KG_GoddessServer::_ping()
20250719-193218<DEBUG:00003E90>: [Goddess Server 07] Enter KG_GoddessServer::_ping()
20250719-193219<DEBUG:00000600>: [Goddess Server 02] Enter KG_GoddessServer::_ping()
20250719-193219<DEBUG:000019D0>: [Goddess Server 03] Enter KG_GoddessServer::_ping()
20250719-193220<DEBUG:00001E0C>: [Goddess Server 05] Enter KG_GoddessServer::_ping()
20250719-193223<DEBUG:000046D8>: [Goddess Server 06] Enter KG_GoddessServer::_ping()
20250719-193224<DEBUG:00004E30>: [Goddess Server 01] Enter KG_GoddessServer::_ping()
20250719-193226<DEBUG:00003430>: [Goddess Server 04] Enter KG_GoddessServer::_ping()
20250719-193226<DEBUG:00000B04>: [Goddess Server 00] Enter KG_GoddessServer::_ping()
20250719-193227<DEBUG:00003B90>: [Goddess Server 08] Enter KG_GoddessServer::_ping()
20250719-193228<DEBUG:00003E90>: [Goddess Server 07] Enter KG_GoddessServer::_ping()
20250719-193229<DEBUG:00000600>: [Goddess Server 02] Enter KG_GoddessServer::_ping()
20250719-193229<DEBUG:000019D0>: [Goddess Server 03] Enter KG_GoddessServer::_ping()
20250719-193230<DEBUG:00000600>: [Goddess Server 02] Enter KG_GoddessServer::_ping()
20250719-193230<DEBUG:000019D0>: [Goddess Server 03] Enter KG_GoddessServer::_ping()
20250719-193230<DEBUG:00001E0C>: [Goddess Server 05] Enter KG_GoddessServer::_ping()
20250719-193231<DEBUG:00001E0C>: [Goddess Server 05] Enter KG_GoddessServer::_ping()
20250719-193233<DEBUG:000046D8>: [Goddess Server 06] Enter KG_GoddessServer::_ping()
20250719-193233<DEBUG:000046D8>: [Goddess Server 06] Enter KG_GoddessServer::_ping()
20250719-193236<DEBUG:00003430>: [Goddess Server 04] Enter KG_GoddessServer::_ping()
20250719-193236<DEBUG:00003430>: [Goddess Server 04] Enter KG_GoddessServer::_ping()
20250719-193237<DEBUG:00003B90>: [Goddess Server 08] Enter KG_GoddessServer::_ping()
20250719-193238<DEBUG:00003E90>: [Goddess Server 07] Enter KG_GoddessServer::_ping()
20250719-193238<DEBUG:00003B90>: [Goddess Server 08] Enter KG_GoddessServer::_ping()
20250719-193238<DEBUG:00003E90>: [Goddess Server 07] Enter KG_GoddessServer::_ping()
20250719-193239<DEBUG:00000600>: [Goddess Server 02] Enter KG_GoddessServer::_ping()
20250719-193239<DEBUG:000019D0>: [Goddess Server 03] Enter KG_GoddessServer::_ping()
20250719-193240<DEBUG:00001E0C>: [Goddess Server 05] Enter KG_GoddessServer::_ping()
20250719-193243<DEBUG:000046D8>: [Goddess Server 06] Enter KG_GoddessServer::_ping()
20250719-193246<DEBUG:00003430>: [Goddess Server 04] Enter KG_GoddessServer::_ping()
20250719-193246<DEBUG:00000B04>: [Goddess Server 00] Enter KG_GoddessServer::_ping()
20250719-193247<DEBUG:00003B90>: [Goddess Server 08] Enter KG_GoddessServer::_ping()
20250719-193248<DEBUG:00003E90>: [Goddess Server 07] Enter KG_GoddessServer::_ping()
20250719-193249<DEBUG:00000600>: [Goddess Server 02] Enter KG_GoddessServer::_ping()
20250719-193249<DEBUG:000019D0>: [Goddess Server 03] Enter KG_GoddessServer::_ping()
20250719-193250<DEBUG:00001E0C>: [Goddess Server 05] Enter KG_GoddessServer::_ping()
20250719-193253<DEBUG:000046D8>: [Goddess Server 06] Enter KG_GoddessServer::_ping()
20250719-193254<DEBUG:00004E30>: [Goddess Server 01] Enter KG_GoddessServer::_ping()
20250719-193256<DEBUG:00003430>: [Goddess Server 04] Enter KG_GoddessServer::_ping()
20250719-193257<DEBUG:00003B90>: [Goddess Server 08] Enter KG_GoddessServer::_ping()
20250719-193258<DEBUG:00003E90>: [Goddess Server 07] Enter KG_GoddessServer::_ping()
20250719-193259<DEBUG:00000600>: [Goddess Server 02] Enter KG_GoddessServer::_ping()
20250719-193259<DEBUG:000019D0>: [Goddess Server 03] Enter KG_GoddessServer::_ping()
20250719-193300<DEBUG:00000600>: [Goddess Server 02] Enter KG_GoddessServer::_ping()
20250719-193300<DEBUG:000019D0>: [Goddess Server 03] Enter KG_GoddessServer::_ping()
20250719-193300<DEBUG:00001E0C>: [Goddess Server 05] Enter KG_GoddessServer::_ping()
20250719-193301<DEBUG:00001E0C>: [Goddess Server 05] Enter KG_GoddessServer::_ping()
