20250716-052506<DEBUG:00009154>: [PrevInitCore]:1, start tickers = 1431083131955996
20250716-052507<DEBUG:00006780>: [PrevInitCore]:1->[PrevInitCore]:0 timeout, tickers = 3562827260
20250716-052507<DEBUG:0000409C>: [PrevInitCore]:1->[PrevInitCore]:0 timeout, tickers = 3503743398
20250716-052507<DEBUG:00009154>: [PrevInitCore]:1->[PrevInitCore]:0 timeout, tickers = 3432944560
20250716-052508<ERROR:00006780>: GetInteger(38, 1) failed !
20250716-052508<ERROR:0000409C>: GetInteger(38, 1) failed !
20250716-052508<ERROR:00009154>: GetInteger(38, 1) failed !
20250716-052512<WARN :00009154>: LostFps: 93 (+93)
20250716-052513<WARN :0000409C>: LostFps: 72 (+72)
20250716-052513<WARN :00009154>: LostFps: 47 (-46)
20250716-052513<WARN :00006780>: LostFps: 87 (+87)
20250716-052514<WARN :0000409C>: LostFps: 28 (-44)
20250716-052514<WARN :00009154>: LostFps: 1 (-46)
20250716-052514<WARN :00006780>: LostFps: 42 (-45)
20250716-052515<WARN :0000409C>: LostFps: 0 (-28)
20250716-052515<WARN :00009154>: LostFps: 0 (-1)
20250716-052515<WARN :00006780>: LostFps: 0 (-42)
20250716-052525<DEBUG:00009154>: KGLOG_PROCESS_ERROR(dwLockCode == m_dwLockCode) at line 3927 in KPlayer::UnlockAction
20250716-052532<INFO :00009154>: [Player]TCQGaming Apply Save Data By Reason Value
20250716-052542<INFO :00009154>: [Player]TCQGaming Excute Save Data
20250716-052602<INFO :00009154>: [Player]TCQGaming Apply Save Data By Reason Value
20250716-052612<INFO :00009154>: [Player]TCQGaming Excute Save Data
20250716-052635<INFO :00009154>: [Player]TCQGaming Apply Save Data By Reason Value
