20250719-035124<DEBUG:00002588>: [PrevInitCore]:1, start tickers = 638312155877191
20250719-035124<DEBUG:000040E0>: [PrevInitCore]:1->[PrevInitCore]:0 timeout, tickers = 3929327027
20250719-035124<DEBUG:00004014>: [PrevInitCore]:1->[PrevInitCore]:0 timeout, tickers = 4161043999
20250719-035124<DEBUG:00002588>: [PrevInitCore]:1->[PrevInitCore]:0 timeout, tickers = 3967277461
20250719-035124<ERROR:000040E0>: GetInteger(38, 1) failed !
20250719-035124<ERROR:00004014>: GetInteger(38, 1) failed !
20250719-035124<ERROR:00002588>: GetInteger(38, 1) failed !
20250719-035129<WARN :00002588>: LostFps: 104 (+104)
20250719-035129<WARN :00004014>: LostFps: 79 (+79)
20250719-035130<WARN :000040E0>: LostFps: 94 (+94)
20250719-035130<WARN :00002588>: LostFps: 59 (-45)
20250719-035130<WARN :00004014>: LostFps: 32 (-47)
20250719-035130<WARN :000040E0>: LostFps: 50 (-44)
20250719-035131<WARN :00002588>: LostFps: 13 (-46)
20250719-035131<WARN :00004014>: LostFps: 0 (-32)
20250719-035131<WARN :000040E0>: LostFps: 3 (-47)
20250719-035132<WARN :00002588>: LostFps: 0 (-13)
20250719-035132<WARN :000040E0>: LostFps: 0 (-3)
20250719-040036<DEBUG:00002588>: KGLOG_PROCESS_ERROR(dwLockCode == m_dwLockCode) at line 3927 in KPlayer::UnlockAction
20250719-040045<INFO :00002588>: [Player]TVCSanBox Apply Save Data By Reason Value
