[2025-07-15 19:29:14]	INFO	[Task]	Help	Get The Dynamic new nKey: , szTitle:  	1	TCQGaming đạt cấp 69 đầu tiên!
[2025-07-15 19:29:14]	INFO	[Task]	Help	Get The Dynamic new nKey: , szTitle:  	5	Đẳng cấp nhân vật cao nhất đã mở đến cấp 119
[2025-07-15 19:29:14]	INFO	[Task]	Help	Get The Dynamic new nKey: , szTitle:  	6	07月15日国庆活动幸运卡民族
[2025-07-15 19:29:14]	INFO	[Task]	Help	Get The Dynamic new nKey: , szTitle:  	4	Làm sao nhận được bạc
[2025-07-15 19:29:14]	INFO	[Task]	Help	Get The Dynamic new nKey: , szTitle:  	19	Điều chỉnh giới hạn đẳng cấp tham gia thi đấu môn phái
[2025-07-15 19:29:18]	ATTEN	[Player]	Cap cao nhat 80
[2025-07-15 19:29:19]	INFO	[Player]	Offline	Cường Hiệu Bạch Câu Hoàn	nTimeFrameStartSale
[2025-07-15 19:29:19]	INFO	[Player]	Offline	Cường Hiệu Bạch Câu Hoàn	nTimeFrameEndSale
[2025-07-15 19:29:19]	INFO	[Player]	Offline	Cường Hiệu Bạch Câu Hoàn	50
[2025-07-15 19:29:25]	INFO	[Player]	Offline	ProcessOfflineTime	TCQGaming Last Logout time and now login time: 1752841790 1752582565
[2025-07-15 19:29:25]	INFO	[Player]	Offline	ProcessOfflineTime	TCQGaming nOffLiveTime, nTodayUsedtime = 0, 0
[2025-07-15 19:29:25]	INFO	[Player]	Offline	ProcessOfflineTime	TCQGaming	nCurLevel, nCurExp, nLevelLimit 	80	154200	69
[2025-07-15 19:29:25]	INFO	[Player]	Offline	ProcessWasteTime	Player TCQGaming have nWasteTime 0, nNowAddExp 0 !
[2025-07-15 19:29:26]	INFO	[Player]	plugin_log	玩家	TCQGaming	使用了插件，插件数量	30
[2025-07-15 19:29:30]	INFO	[Player]	Offline	ProcessOfflineTime	tessssssst Last Logout time and now login time: 1752841773 1752582570
[2025-07-15 19:29:30]	INFO	[Player]	Offline	ProcessOfflineTime	tessssssst nOffLiveTime, nTodayUsedtime = 0, 0
[2025-07-15 19:29:30]	INFO	[Player]	Offline	ProcessOfflineTime	tessssssst	nCurLevel, nCurExp, nLevelLimit 	80	0	69
[2025-07-15 19:29:30]	INFO	[Player]	Offline	ProcessWasteTime	Player tessssssst have nWasteTime 0, nNowAddExp 0 !
[2025-07-15 19:29:30]	INFO	[Player]	plugin_log	玩家	tessssssst	使用了插件，插件数量	30
[2025-07-15 19:30:00]	ATTEN	[Merchant]	Gọi Thương Nhân Thần Bí ngẫu nhiên	25-07-15 19:30	11
[2025-07-15 19:30:00]	ATTEN	[Merchant]	Gọi Thương Nhân Thần Bí ngẫu nhiên	25-07-15 19:30	12
