20250715-192944<DEBUG:00003B98>: [PrevInitCore]:1, start tickers = 257281379067188
20250715-192945<DEBUG:000039CC>: [PrevInitCore]:1->[PrevInitCore]:0 timeout, tickers = 4349562557
20250715-192945<DEBUG:00003A1C>: [PrevInitCore]:1->[PrevInitCore]:0 timeout, tickers = 4300566831
20250715-192945<DEBUG:00003B98>: [PrevInitCore]:1->[PrevInitCore]:0 timeout, tickers = 4150380075
20250715-192945<ERROR:000039CC>: GetInteger(38, 1) failed !
20250715-192945<ERROR:00003A1C>: GetInteger(38, 1) failed !
20250715-192945<ERROR:00003B98>: GetInteger(38, 1) failed !
20250715-192949<WARN :000039CC>: LostFps: 106 (+106)
20250715-192950<WARN :000039CC>: LostFps: 62 (-44)
20250715-192951<WARN :000039CC>: LostFps: 16 (-46)
20250715-192952<WARN :000039CC>: LostFps: 0 (-16)
20250715-193204<DEBUG:00003B98>: nSocket = 828, nSendFlag = 0, Error = 10054
20250715-193204<DEBUG:00003A1C>: nSocket = 524, nSendFlag = 0, Error = 10054
20250715-193204<DEBUG:00003B98>: KGLOG_PROCESS_ERROR(DatabaseIsGood()) at line 2239 in KSwordOnLineSever::SendSavePlayerData
20250715-193204<DEBUG:00003A1C>: KGLOG_PROCESS_ERROR(DatabaseIsGood()) at line 2239 in KSwordOnLineSever::SendSavePlayerData
20250715-193204<DEBUG:00003B98>: main thread exit
20250715-193204<DEBUG:00003A1C>: main thread exit
20250715-193204<DEBUG:000039CC>: nSocket = 872, nSendFlag = 0, Error = 10054
20250715-193204<DEBUG:000039CC>: KGLOG_PROCESS_ERROR(DatabaseIsGood()) at line 2239 in KSwordOnLineSever::SendSavePlayerData
20250715-193204<DEBUG:000039CC>: main thread exit
