20250715-192852<DEBUG:00003F6C>: [PrevInitCore]:1, start tickers = 275783203083945
20250715-192853<DEBUG:00003C38>: [PrevInitCore]:1->[PrevInitCore]:0 timeout, tickers = 4414538674
20250715-192853<DEBUG:00002F04>: [PrevInitCore]:1->[PrevInitCore]:0 timeout, tickers = 4217328744
20250715-192853<DEBUG:00003F6C>: [PrevInitCore]:1->[PrevInitCore]:0 timeout, tickers = 4210389684
20250715-192854<ERROR:00003C38>: GetInteger(38, 1) failed !
20250715-192854<ERROR:00002F04>: GetInteger(38, 1) failed !
20250715-192854<ERROR:00003F6C>: GetInteger(38, 1) failed !
20250715-192858<WARN :00002F04>: LostFps: 104 (+104)
20250715-192858<WARN :00003C38>: LostFps: 120 (+120)
20250715-192859<WARN :00002F04>: LostFps: 60 (-44)
20250715-192859<WARN :00003C38>: LostFps: 77 (-43)
20250715-192900<WARN :00002F04>: LostFps: 15 (-45)
20250715-192900<WARN :00003C38>: LostFps: 32 (-45)
20250715-192901<WARN :00002F04>: LostFps: 0 (-15)
20250715-192901<WARN :00003C38>: LostFps: 0 (-32)
20250715-195623<DEBUG:00002F04>: nSocket = 812, nSendFlag = 0, Error = 10054
20250715-195623<DEBUG:00002F04>: KGLOG_PROCESS_ERROR(DatabaseIsGood()) at line 2239 in KSwordOnLineSever::SendSavePlayerData
20250715-195623<DEBUG:00002F04>: main thread exit
20250715-195623<DEBUG:00003C38>: nSocket = 536, nSendFlag = 0, Error = 10054
20250715-195623<DEBUG:00003F6C>: nSocket = 244, nSendFlag = 0, Error = 10054
20250715-195623<DEBUG:00003C38>: KGLOG_PROCESS_ERROR(DatabaseIsGood()) at line 2239 in KSwordOnLineSever::SendSavePlayerData
20250715-195623<DEBUG:00003F6C>: KGLOG_PROCESS_ERROR(DatabaseIsGood()) at line 2239 in KSwordOnLineSever::SendSavePlayerData
20250715-195623<DEBUG:00003C38>: main thread exit
20250715-195623<DEBUG:00003F6C>: main thread exit
