20250715-192943<DEBUG:000049D4>: [PrevInitCore]:1, start tickers = 257277748324234
20250715-192944<DEBUG:00003CC8>: [PrevInitCore]:1->[PrevInitCore]:0 timeout, tickers = 4417445611
20250715-192944<DEBUG:00003F2C>: [PrevInitCore]:1->[PrevInitCore]:0 timeout, tickers = 4516306002
20250715-192944<DEBUG:000049D4>: [PrevInitCore]:1->[PrevInitCore]:0 timeout, tickers = 4287664069
20250715-192945<ERROR:00003CC8>: GetInteger(38, 1) failed !
20250715-192945<ERROR:00003F2C>: GetInteger(38, 1) failed !
20250715-192945<ERROR:000049D4>: GetInteger(38, 1) failed !
20250715-192948<WARN :00003CC8>: LostFps: 108 (+108)
20250715-192949<WARN :00003CC8>: LostFps: 64 (-44)
20250715-192950<WARN :000049D4>: LostFps: 124 (+124)
20250715-192950<WARN :00003CC8>: LostFps: 19 (-45)
20250715-192951<WARN :000049D4>: LostFps: 80 (-44)
20250715-192951<WARN :00003CC8>: LostFps: 0 (-19)
20250715-192952<WARN :000049D4>: LostFps: 34 (-46)
20250715-192953<WARN :000049D4>: LostFps: 0 (-34)
20250715-193041<DEBUG:00003CC8>: KGLOG_PROCESS_ERROR(dwLockCode == m_dwLockCode) at line 3927 in KPlayer::UnlockAction
20250715-193204<DEBUG:00003F2C>: nSocket = 516, nSendFlag = 0, Error = 10054
20250715-193204<DEBUG:00003F2C>: main thread exit
20250715-193204<DEBUG:000049D4>: nSocket = 788, nSendFlag = 0, Error = 10054
20250715-193204<DEBUG:000049D4>: KGLOG_PROCESS_ERROR(DatabaseIsGood()) at line 2239 in KSwordOnLineSever::SendSavePlayerData
20250715-193204<DEBUG:000049D4>: main thread exit
