20250715-192912<DEBUG:000010B8>: [PrevInitCore]:1, start tickers = 268928143146349
20250715-192913<DEBUG:00004174>: [PrevInitCore]:1->[PrevInitCore]:0 timeout, tickers = 4244769818
20250715-192913<DEBUG:00000F5C>: [PrevInitCore]:1->[PrevInitCore]:0 timeout, tickers = 4042983338
20250715-192913<DEBUG:000010B8>: [PrevInitCore]:1->[PrevInitCore]:0 timeout, tickers = 4206672731
20250715-192913<ERROR:00004174>: GetInteger(38, 1) failed !
20250715-192913<ERROR:00000F5C>: GetInteger(38, 1) failed !
20250715-192913<ERROR:000010B8>: GetInteger(38, 1) failed !
20250715-192918<WARN :00000F5C>: LostFps: 99 (+99)
20250715-192918<WARN :00004174>: LostFps: 116 (+116)
20250715-192919<WARN :00000F5C>: LostFps: 56 (-43)
20250715-192919<WARN :00004174>: LostFps: 71 (-45)
20250715-192920<WARN :00000F5C>: LostFps: 11 (-45)
20250715-192920<WARN :00004174>: LostFps: 25 (-46)
20250715-192921<WARN :00000F5C>: LostFps: 0 (-11)
20250715-192921<WARN :00004174>: LostFps: 0 (-25)
20250715-193144<DEBUG:00004174>: nSocket = 828, nSendFlag = 0, Error = 10054
20250715-193144<DEBUG:000010B8>: nSocket = 852, nSendFlag = 0, Error = 10054
20250715-193144<DEBUG:00004174>: KGLOG_PROCESS_ERROR(DatabaseIsGood()) at line 2239 in KSwordOnLineSever::SendSavePlayerData
20250715-193144<DEBUG:00004174>: main thread exit
20250715-193144<DEBUG:000010B8>: main thread exit
20250715-193144<DEBUG:00000F5C>: nSocket = 252, nSendFlag = 0, Error = 10054
20250715-193144<DEBUG:00000F5C>: KGLOG_PROCESS_ERROR(DatabaseIsGood()) at line 2239 in KSwordOnLineSever::SendSavePlayerData
20250715-193144<DEBUG:00000F5C>: main thread exit
