[2025-07-19 03:51:25]	INFO	[Task]	Help	Get The Dynamic new nKey: , szTitle:  	1	TCQGaming đạt cấp 69 đầu tiên!
[2025-07-19 03:51:25]	INFO	[Task]	Help	Get The Dynamic new nKey: , szTitle:  	20	tân một lần mười hai đại môn phái con người mới vương
[2025-07-19 03:51:25]	INFO	[Task]	Help	Get The Dynamic new nKey: , szTitle:  	19	Điều chỉnh giới hạn đẳng cấp tham gia thi đấu môn phái
[2025-07-19 03:51:25]	INFO	[Task]	Help	Get The Dynamic new nKey: , szTitle:  	4	Làm sao nhận được bạc
[2025-07-19 03:51:25]	INFO	[Task]	Help	Get The Dynamic new nKey: , szTitle:  	5	Đẳng cấp nhân vật cao nhất đã mở đến cấp 119
[2025-07-19 03:51:25]	INFO	[Task]	Help	Get The Dynamic new nKey: , szTitle:  	6	07月19日国庆活动幸运卡民族
[2025-07-19 03:51:28]	ATTEN	[Player]	Cap cao nhat 80
[2025-07-19 03:51:28]	INFO	[Player]	Offline	Cường Hiệu Bạch Câu Hoàn	nTimeFrameStartSale
[2025-07-19 03:51:28]	INFO	[Player]	Offline	Cường Hiệu Bạch Câu Hoàn	nTimeFrameEndSale
[2025-07-19 03:51:28]	INFO	[Player]	Offline	Cường Hiệu Bạch Câu Hoàn	50
[2025-07-19 04:00:01]	ATTEN	[Merchant]	Gọi Thương Nhân Thần Bí ngẫu nhiên	25-07-19 04:00	7
[2025-07-19 04:00:01]	ATTEN	[Merchant]	Gọi Thương Nhân Thần Bí ngẫu nhiên	25-07-19 04:00	8
[2025-07-19 04:30:00]	ATTEN	[Merchant]	Gọi Thương Nhân Thần Bí ngẫu nhiên	25-07-19 04:30	7
[2025-07-19 04:30:00]	ATTEN	[Merchant]	Gọi Thương Nhân Thần Bí ngẫu nhiên	25-07-19 04:30	8
[2025-07-19 04:30:00]	ATTEN	[BaiHuTang]	9720	ShowGongGao	1	04:30-00
[2025-07-19 04:39:00]	ATTEN	[BaiHuTang]	9720	ShowGongGao	2	04:39-00
[2025-07-19 04:48:00]	ATTEN	[BaiHuTang]	5400	ShowGongGao	3	04:48-00
[2025-07-19 05:00:01]	ATTEN	[Merchant]	Gọi Thương Nhân Thần Bí ngẫu nhiên	25-07-19 05:00	7
[2025-07-19 05:00:01]	ATTEN	[Merchant]	Gọi Thương Nhân Thần Bí ngẫu nhiên	25-07-19 05:00	8
[2025-07-19 05:30:00]	ATTEN	[Merchant]	Gọi Thương Nhân Thần Bí ngẫu nhiên	25-07-19 05:30	7
[2025-07-19 05:30:00]	ATTEN	[Merchant]	Gọi Thương Nhân Thần Bí ngẫu nhiên	25-07-19 05:30	8
[2025-07-19 05:30:00]	ATTEN	[BaiHuTang]	9720	ShowGongGao	1	05:30-00
[2025-07-19 05:39:00]	ATTEN	[BaiHuTang]	9720	ShowGongGao	2	05:39-00
[2025-07-19 05:48:00]	ATTEN	[BaiHuTang]	5400	ShowGongGao	3	05:48-00
[2025-07-19 06:00:01]	ATTEN	[Merchant]	Gọi Thương Nhân Thần Bí ngẫu nhiên	25-07-19 06:00	7
[2025-07-19 06:00:01]	ATTEN	[Merchant]	Gọi Thương Nhân Thần Bí ngẫu nhiên	25-07-19 06:00	8
[2025-07-19 06:30:00]	ATTEN	[Merchant]	Gọi Thương Nhân Thần Bí ngẫu nhiên	25-07-19 06:30	7
[2025-07-19 06:30:00]	ATTEN	[Merchant]	Gọi Thương Nhân Thần Bí ngẫu nhiên	25-07-19 06:30	8
[2025-07-19 06:30:00]	ATTEN	[BaiHuTang]	9720	ShowGongGao	1	06:30-00
[2025-07-19 06:39:00]	ATTEN	[BaiHuTang]	9720	ShowGongGao	2	06:39-00
[2025-07-19 06:48:00]	ATTEN	[BaiHuTang]	5400	ShowGongGao	3	06:48-00
[2025-07-19 07:00:01]	ATTEN	[Merchant]	Gọi Thương Nhân Thần Bí ngẫu nhiên	25-07-19 07:00	7
[2025-07-19 07:00:01]	ATTEN	[Merchant]	Gọi Thương Nhân Thần Bí ngẫu nhiên	25-07-19 07:00	8
[2025-07-19 07:30:00]	ATTEN	[Merchant]	Gọi Thương Nhân Thần Bí ngẫu nhiên	25-07-19 07:30	7
[2025-07-19 07:30:00]	ATTEN	[Merchant]	Gọi Thương Nhân Thần Bí ngẫu nhiên	25-07-19 07:30	8
[2025-07-19 08:00:01]	ATTEN	[Merchant]	Gọi Thương Nhân Thần Bí ngẫu nhiên	25-07-19 08:00	7
[2025-07-19 08:00:01]	ATTEN	[Merchant]	Gọi Thương Nhân Thần Bí ngẫu nhiên	25-07-19 08:00	8
[2025-07-19 08:30:00]	ATTEN	[Merchant]	Gọi Thương Nhân Thần Bí ngẫu nhiên	25-07-19 08:30	7
[2025-07-19 08:30:00]	ATTEN	[Merchant]	Gọi Thương Nhân Thần Bí ngẫu nhiên	25-07-19 08:30	8
[2025-07-19 08:30:00]	ATTEN	[BaiHuTang]	9720	ShowGongGao	1	08:30-00
[2025-07-19 08:39:00]	ATTEN	[BaiHuTang]	9720	ShowGongGao	2	08:39-00
[2025-07-19 08:48:00]	ATTEN	[BaiHuTang]	5400	ShowGongGao	3	08:48-00
[2025-07-19 09:00:01]	ATTEN	[Merchant]	Gọi Thương Nhân Thần Bí ngẫu nhiên	25-07-19 09:00	7
[2025-07-19 09:00:01]	ATTEN	[Merchant]	Gọi Thương Nhân Thần Bí ngẫu nhiên	25-07-19 09:00	8
[2025-07-19 09:30:00]	ATTEN	[Merchant]	Gọi Thương Nhân Thần Bí ngẫu nhiên	25-07-19 09:30	7
[2025-07-19 09:30:00]	ATTEN	[Merchant]	Gọi Thương Nhân Thần Bí ngẫu nhiên	25-07-19 09:30	8
[2025-07-19 09:30:00]	ATTEN	[BaiHuTang]	9720	ShowGongGao	1	09:30-00
[2025-07-19 09:39:00]	ATTEN	[BaiHuTang]	9720	ShowGongGao	2	09:39-00
[2025-07-19 09:48:00]	ATTEN	[BaiHuTang]	5400	ShowGongGao	3	09:48-00
[2025-07-19 10:00:01]	ATTEN	[Merchant]	Gọi Thương Nhân Thần Bí ngẫu nhiên	25-07-19 10:00	7
[2025-07-19 10:00:01]	ATTEN	[Merchant]	Gọi Thương Nhân Thần Bí ngẫu nhiên	25-07-19 10:00	8
[2025-07-19 10:30:00]	ATTEN	[Merchant]	Gọi Thương Nhân Thần Bí ngẫu nhiên	25-07-19 10:30	7
[2025-07-19 10:30:00]	ATTEN	[Merchant]	Gọi Thương Nhân Thần Bí ngẫu nhiên	25-07-19 10:30	8
[2025-07-19 10:30:00]	ATTEN	[BaiHuTang]	9720	ShowGongGao	1	10:30-00
[2025-07-19 10:38:59]	ATTEN	[BaiHuTang]	9720	ShowGongGao	2	10:38-59
[2025-07-19 10:47:59]	ATTEN	[BaiHuTang]	5400	ShowGongGao	3	10:47-59
[2025-07-19 11:00:01]	ATTEN	[Merchant]	Gọi Thương Nhân Thần Bí ngẫu nhiên	25-07-19 11:00	7
[2025-07-19 11:00:01]	ATTEN	[Merchant]	Gọi Thương Nhân Thần Bí ngẫu nhiên	25-07-19 11:00	8
[2025-07-19 11:30:00]	ATTEN	[Merchant]	Gọi Thương Nhân Thần Bí ngẫu nhiên	25-07-19 11:30	7
[2025-07-19 11:30:00]	ATTEN	[Merchant]	Gọi Thương Nhân Thần Bí ngẫu nhiên	25-07-19 11:30	8
[2025-07-19 11:30:00]	ATTEN	[BaiHuTang]	9720	ShowGongGao	1	11:30-00
[2025-07-19 11:39:00]	ATTEN	[BaiHuTang]	9720	ShowGongGao	2	11:39-00
[2025-07-19 11:48:00]	ATTEN	[BaiHuTang]	5400	ShowGongGao	3	11:48-00
[2025-07-19 12:00:01]	ATTEN	[Merchant]	Gọi Thương Nhân Thần Bí ngẫu nhiên	25-07-19 12:00	7
[2025-07-19 12:00:01]	ATTEN	[Merchant]	Gọi Thương Nhân Thần Bí ngẫu nhiên	25-07-19 12:00	8
[2025-07-19 12:30:00]	ATTEN	[Merchant]	Gọi Thương Nhân Thần Bí ngẫu nhiên	25-07-19 12:30	7
[2025-07-19 12:30:00]	ATTEN	[Merchant]	Gọi Thương Nhân Thần Bí ngẫu nhiên	25-07-19 12:30	8
[2025-07-19 12:30:00]	ATTEN	[BaiHuTang]	9720	ShowGongGao	1	12:30-00
[2025-07-19 12:39:00]	ATTEN	[BaiHuTang]	9720	ShowGongGao	2	12:39-00
[2025-07-19 12:48:00]	ATTEN	[BaiHuTang]	5400	ShowGongGao	3	12:48-00
[2025-07-19 13:00:01]	ATTEN	[Merchant]	Gọi Thương Nhân Thần Bí ngẫu nhiên	25-07-19 13:00	7
[2025-07-19 13:00:01]	ATTEN	[Merchant]	Gọi Thương Nhân Thần Bí ngẫu nhiên	25-07-19 13:00	8
[2025-07-19 13:30:00]	ATTEN	[Merchant]	Gọi Thương Nhân Thần Bí ngẫu nhiên	25-07-19 13:30	7
[2025-07-19 13:30:00]	ATTEN	[Merchant]	Gọi Thương Nhân Thần Bí ngẫu nhiên	25-07-19 13:30	8
[2025-07-19 13:30:00]	ATTEN	[BaiHuTang]	9720	ShowGongGao	1	13:30-00
[2025-07-19 13:39:00]	ATTEN	[BaiHuTang]	9720	ShowGongGao	2	13:39-00
[2025-07-19 13:48:00]	ATTEN	[BaiHuTang]	5400	ShowGongGao	3	13:48-00
[2025-07-19 14:00:01]	ATTEN	[Merchant]	Gọi Thương Nhân Thần Bí ngẫu nhiên	25-07-19 14:00	7
[2025-07-19 14:00:01]	ATTEN	[Merchant]	Gọi Thương Nhân Thần Bí ngẫu nhiên	25-07-19 14:00	8
[2025-07-19 14:30:00]	ATTEN	[Merchant]	Gọi Thương Nhân Thần Bí ngẫu nhiên	25-07-19 14:30	7
[2025-07-19 14:30:00]	ATTEN	[Merchant]	Gọi Thương Nhân Thần Bí ngẫu nhiên	25-07-19 14:30	8
[2025-07-19 14:30:00]	ATTEN	[BaiHuTang]	9720	ShowGongGao	1	14:30-00
[2025-07-19 14:39:00]	ATTEN	[BaiHuTang]	9720	ShowGongGao	2	14:39-00
[2025-07-19 14:48:00]	ATTEN	[BaiHuTang]	5400	ShowGongGao	3	14:48-00
[2025-07-19 15:00:01]	ATTEN	[Merchant]	Gọi Thương Nhân Thần Bí ngẫu nhiên	25-07-19 15:00	7
[2025-07-19 15:00:01]	ATTEN	[Merchant]	Gọi Thương Nhân Thần Bí ngẫu nhiên	25-07-19 15:00	8
[2025-07-19 15:30:00]	ATTEN	[Merchant]	Gọi Thương Nhân Thần Bí ngẫu nhiên	25-07-19 15:30	7
[2025-07-19 15:30:00]	ATTEN	[Merchant]	Gọi Thương Nhân Thần Bí ngẫu nhiên	25-07-19 15:30	8
[2025-07-19 15:30:00]	ATTEN	[BaiHuTang]	9720	ShowGongGao	1	15:30-00
[2025-07-19 15:39:00]	ATTEN	[BaiHuTang]	9720	ShowGongGao	2	15:39-00
[2025-07-19 15:48:00]	ATTEN	[BaiHuTang]	5400	ShowGongGao	3	15:48-00
[2025-07-19 16:00:01]	ATTEN	[Merchant]	Gọi Thương Nhân Thần Bí ngẫu nhiên	25-07-19 16:00	7
[2025-07-19 16:00:01]	ATTEN	[Merchant]	Gọi Thương Nhân Thần Bí ngẫu nhiên	25-07-19 16:00	8
[2025-07-19 16:30:01]	ATTEN	[Merchant]	Gọi Thương Nhân Thần Bí ngẫu nhiên	25-07-19 16:30	7
[2025-07-19 16:30:01]	ATTEN	[Merchant]	Gọi Thương Nhân Thần Bí ngẫu nhiên	25-07-19 16:30	8
[2025-07-19 16:30:01]	ATTEN	[BaiHuTang]	9720	ShowGongGao	1	16:30-01
[2025-07-19 16:39:00]	ATTEN	[BaiHuTang]	9720	ShowGongGao	2	16:39-00
[2025-07-19 16:48:00]	ATTEN	[BaiHuTang]	5400	ShowGongGao	3	16:48-00
[2025-07-19 17:00:01]	ATTEN	[Merchant]	Gọi Thương Nhân Thần Bí ngẫu nhiên	25-07-19 17:00	7
[2025-07-19 17:00:01]	ATTEN	[Merchant]	Gọi Thương Nhân Thần Bí ngẫu nhiên	25-07-19 17:00	8
[2025-07-19 17:30:00]	ATTEN	[Merchant]	Gọi Thương Nhân Thần Bí ngẫu nhiên	25-07-19 17:30	7
[2025-07-19 17:30:00]	ATTEN	[Merchant]	Gọi Thương Nhân Thần Bí ngẫu nhiên	25-07-19 17:30	8
[2025-07-19 17:30:00]	ATTEN	[BaiHuTang]	9720	ShowGongGao	1	17:30-00
[2025-07-19 17:39:00]	ATTEN	[BaiHuTang]	9720	ShowGongGao	2	17:39-00
[2025-07-19 17:48:00]	ATTEN	[BaiHuTang]	5400	ShowGongGao	3	17:48-00
[2025-07-19 18:00:01]	ATTEN	[Merchant]	Gọi Thương Nhân Thần Bí ngẫu nhiên	25-07-19 18:00	7
[2025-07-19 18:00:01]	ATTEN	[Merchant]	Gọi Thương Nhân Thần Bí ngẫu nhiên	25-07-19 18:00	8
[2025-07-19 18:30:00]	ATTEN	[Merchant]	Gọi Thương Nhân Thần Bí ngẫu nhiên	25-07-19 18:30	7
[2025-07-19 18:30:00]	ATTEN	[Merchant]	Gọi Thương Nhân Thần Bí ngẫu nhiên	25-07-19 18:30	8
[2025-07-19 19:00:01]	ATTEN	[Merchant]	Gọi Thương Nhân Thần Bí ngẫu nhiên	25-07-19 19:00	7
[2025-07-19 19:00:01]	ATTEN	[Merchant]	Gọi Thương Nhân Thần Bí ngẫu nhiên	25-07-19 19:00	8
[2025-07-19 19:30:00]	ATTEN	[Merchant]	Gọi Thương Nhân Thần Bí ngẫu nhiên	25-07-19 19:30	7
[2025-07-19 19:30:00]	ATTEN	[Merchant]	Gọi Thương Nhân Thần Bí ngẫu nhiên	25-07-19 19:30	8
[2025-07-19 20:00:01]	ATTEN	[Merchant]	Gọi Thương Nhân Thần Bí ngẫu nhiên	25-07-19 20:00	7
[2025-07-19 20:00:01]	ATTEN	[Merchant]	Gọi Thương Nhân Thần Bí ngẫu nhiên	25-07-19 20:00	8
[2025-07-19 20:30:00]	ATTEN	[Merchant]	Gọi Thương Nhân Thần Bí ngẫu nhiên	25-07-19 20:30	7
[2025-07-19 20:30:00]	ATTEN	[Merchant]	Gọi Thương Nhân Thần Bí ngẫu nhiên	25-07-19 20:30	8
[2025-07-19 21:00:01]	ATTEN	[Merchant]	Gọi Thương Nhân Thần Bí ngẫu nhiên	25-07-19 21:00	7
[2025-07-19 21:00:01]	ATTEN	[Merchant]	Gọi Thương Nhân Thần Bí ngẫu nhiên	25-07-19 21:00	8
[2025-07-19 21:30:00]	ATTEN	[Merchant]	Gọi Thương Nhân Thần Bí ngẫu nhiên	25-07-19 21:30	7
[2025-07-19 21:30:00]	ATTEN	[Merchant]	Gọi Thương Nhân Thần Bí ngẫu nhiên	25-07-19 21:30	8
[2025-07-19 21:30:00]	ATTEN	[BaiHuTang]	9720	ShowGongGao	1	21:30-00
[2025-07-19 21:39:00]	ATTEN	[BaiHuTang]	9720	ShowGongGao	2	21:39-00
[2025-07-19 21:48:00]	ATTEN	[BaiHuTang]	5400	ShowGongGao	3	21:48-00
[2025-07-19 22:00:01]	ATTEN	[Merchant]	Gọi Thương Nhân Thần Bí ngẫu nhiên	25-07-19 22:00	7
[2025-07-19 22:00:01]	ATTEN	[Merchant]	Gọi Thương Nhân Thần Bí ngẫu nhiên	25-07-19 22:00	8
[2025-07-19 22:30:00]	ATTEN	[Merchant]	Gọi Thương Nhân Thần Bí ngẫu nhiên	25-07-19 22:30	7
[2025-07-19 22:30:00]	ATTEN	[Merchant]	Gọi Thương Nhân Thần Bí ngẫu nhiên	25-07-19 22:30	8
[2025-07-19 22:30:00]	ATTEN	[BaiHuTang]	9720	ShowGongGao	1	22:30-00
[2025-07-19 22:39:00]	ATTEN	[BaiHuTang]	9720	ShowGongGao	2	22:39-00
[2025-07-19 22:48:00]	ATTEN	[BaiHuTang]	5400	ShowGongGao	3	22:48-00
[2025-07-19 23:00:01]	ATTEN	[Merchant]	Gọi Thương Nhân Thần Bí ngẫu nhiên	25-07-19 23:00	7
[2025-07-19 23:00:01]	ATTEN	[Merchant]	Gọi Thương Nhân Thần Bí ngẫu nhiên	25-07-19 23:00	8
[2025-07-19 23:30:00]	ATTEN	[Merchant]	Gọi Thương Nhân Thần Bí ngẫu nhiên	25-07-19 23:30	7
[2025-07-19 23:30:00]	ATTEN	[Merchant]	Gọi Thương Nhân Thần Bí ngẫu nhiên	25-07-19 23:30	8
[2025-07-19 23:30:00]	ATTEN	[BaiHuTang]	9720	ShowGongGao	1	23:30-00
[2025-07-19 23:39:00]	ATTEN	[BaiHuTang]	9720	ShowGongGao	2	23:39-00
[2025-07-19 23:48:00]	ATTEN	[BaiHuTang]	5400	ShowGongGao	3	23:48-00
[2025-07-20 00:00:00]	ATTEN	[Merchant]	Gọi Thương Nhân Thần Bí ngẫu nhiên	25-07-20 00:00	7
[2025-07-20 00:00:00]	ATTEN	[Merchant]	Gọi Thương Nhân Thần Bí ngẫu nhiên	25-07-20 00:00	8
[2025-07-20 00:30:00]	ATTEN	[Merchant]	Gọi Thương Nhân Thần Bí ngẫu nhiên	25-07-20 00:30	7
[2025-07-20 00:30:00]	ATTEN	[Merchant]	Gọi Thương Nhân Thần Bí ngẫu nhiên	25-07-20 00:30	8
[2025-07-20 00:30:00]	ATTEN	[BaiHuTang]	9720	ShowGongGao	1	00:30-00
[2025-07-20 00:39:00]	ATTEN	[BaiHuTang]	9720	ShowGongGao	2	00:39-00
[2025-07-20 00:48:00]	ATTEN	[BaiHuTang]	5400	ShowGongGao	3	00:48-00
[2025-07-20 01:00:01]	ATTEN	[Merchant]	Gọi Thương Nhân Thần Bí ngẫu nhiên	25-07-20 01:00	7
[2025-07-20 01:00:01]	ATTEN	[Merchant]	Gọi Thương Nhân Thần Bí ngẫu nhiên	25-07-20 01:00	8
[2025-07-20 01:30:00]	ATTEN	[Merchant]	Gọi Thương Nhân Thần Bí ngẫu nhiên	25-07-20 01:30	7
[2025-07-20 01:30:00]	ATTEN	[Merchant]	Gọi Thương Nhân Thần Bí ngẫu nhiên	25-07-20 01:30	8
[2025-07-20 01:30:00]	ATTEN	[BaiHuTang]	9720	ShowGongGao	1	01:30-00
[2025-07-20 01:39:00]	ATTEN	[BaiHuTang]	9720	ShowGongGao	2	01:39-00
[2025-07-20 01:48:00]	ATTEN	[BaiHuTang]	5400	ShowGongGao	3	01:48-00
[2025-07-20 02:00:01]	ATTEN	[Merchant]	Gọi Thương Nhân Thần Bí ngẫu nhiên	25-07-20 02:00	7
[2025-07-20 02:00:01]	ATTEN	[Merchant]	Gọi Thương Nhân Thần Bí ngẫu nhiên	25-07-20 02:00	8
[2025-07-20 02:30:00]	ATTEN	[Merchant]	Gọi Thương Nhân Thần Bí ngẫu nhiên	25-07-20 02:30	7
[2025-07-20 02:30:00]	ATTEN	[Merchant]	Gọi Thương Nhân Thần Bí ngẫu nhiên	25-07-20 02:30	8
[2025-07-20 02:30:00]	ATTEN	[BaiHuTang]	9720	ShowGongGao	1	02:30-00
[2025-07-20 02:39:00]	ATTEN	[BaiHuTang]	9720	ShowGongGao	2	02:39-00
[2025-07-20 02:48:00]	ATTEN	[BaiHuTang]	5400	ShowGongGao	3	02:48-00
[2025-07-20 03:00:02]	ATTEN	[Merchant]	Gọi Thương Nhân Thần Bí ngẫu nhiên	25-07-20 03:00	7
[2025-07-20 03:00:02]	ATTEN	[Merchant]	Gọi Thương Nhân Thần Bí ngẫu nhiên	25-07-20 03:00	8
[2025-07-20 03:30:00]	ATTEN	[Merchant]	Gọi Thương Nhân Thần Bí ngẫu nhiên	25-07-20 03:30	7
[2025-07-20 03:30:00]	ATTEN	[Merchant]	Gọi Thương Nhân Thần Bí ngẫu nhiên	25-07-20 03:30	8
[2025-07-20 03:30:00]	ATTEN	[BaiHuTang]	9720	ShowGongGao	1	03:30-00
[2025-07-20 03:39:00]	ATTEN	[BaiHuTang]	9720	ShowGongGao	2	03:39-00
[2025-07-20 03:48:00]	ATTEN	[BaiHuTang]	5400	ShowGongGao	3	03:48-00
[2025-07-20 04:00:01]	ATTEN	[Merchant]	Gọi Thương Nhân Thần Bí ngẫu nhiên	25-07-20 04:00	7
[2025-07-20 04:00:01]	ATTEN	[Merchant]	Gọi Thương Nhân Thần Bí ngẫu nhiên	25-07-20 04:00	8
[2025-07-20 04:30:00]	ATTEN	[Merchant]	Gọi Thương Nhân Thần Bí ngẫu nhiên	25-07-20 04:30	7
[2025-07-20 04:30:00]	ATTEN	[Merchant]	Gọi Thương Nhân Thần Bí ngẫu nhiên	25-07-20 04:30	8
[2025-07-20 04:30:00]	ATTEN	[BaiHuTang]	9720	ShowGongGao	1	04:30-00
[2025-07-20 04:39:00]	ATTEN	[BaiHuTang]	9720	ShowGongGao	2	04:39-00
[2025-07-20 04:48:00]	ATTEN	[BaiHuTang]	5400	ShowGongGao	3	04:48-00
[2025-07-20 05:00:01]	ATTEN	[Merchant]	Gọi Thương Nhân Thần Bí ngẫu nhiên	25-07-20 05:00	7
[2025-07-20 05:00:01]	ATTEN	[Merchant]	Gọi Thương Nhân Thần Bí ngẫu nhiên	25-07-20 05:00	8
[2025-07-20 05:30:00]	ATTEN	[Merchant]	Gọi Thương Nhân Thần Bí ngẫu nhiên	25-07-20 05:30	7
[2025-07-20 05:30:00]	ATTEN	[Merchant]	Gọi Thương Nhân Thần Bí ngẫu nhiên	25-07-20 05:30	8
[2025-07-20 05:30:00]	ATTEN	[BaiHuTang]	9720	ShowGongGao	1	05:30-00
[2025-07-20 05:39:00]	ATTEN	[BaiHuTang]	9720	ShowGongGao	2	05:39-00
[2025-07-20 05:48:00]	ATTEN	[BaiHuTang]	5400	ShowGongGao	3	05:48-00
[2025-07-20 06:00:01]	ATTEN	[Merchant]	Gọi Thương Nhân Thần Bí ngẫu nhiên	25-07-20 06:00	7
[2025-07-20 06:00:01]	ATTEN	[Merchant]	Gọi Thương Nhân Thần Bí ngẫu nhiên	25-07-20 06:00	8
[2025-07-20 06:30:00]	ATTEN	[Merchant]	Gọi Thương Nhân Thần Bí ngẫu nhiên	25-07-20 06:30	7
[2025-07-20 06:30:00]	ATTEN	[Merchant]	Gọi Thương Nhân Thần Bí ngẫu nhiên	25-07-20 06:30	8
[2025-07-20 06:30:00]	ATTEN	[BaiHuTang]	9720	ShowGongGao	1	06:30-00
[2025-07-20 06:39:00]	ATTEN	[BaiHuTang]	9720	ShowGongGao	2	06:39-00
[2025-07-20 06:48:00]	ATTEN	[BaiHuTang]	5400	ShowGongGao	3	06:48-00
[2025-07-20 07:00:01]	ATTEN	[Merchant]	Gọi Thương Nhân Thần Bí ngẫu nhiên	25-07-20 07:00	7
[2025-07-20 07:00:01]	ATTEN	[Merchant]	Gọi Thương Nhân Thần Bí ngẫu nhiên	25-07-20 07:00	8
[2025-07-20 07:30:00]	ATTEN	[Merchant]	Gọi Thương Nhân Thần Bí ngẫu nhiên	25-07-20 07:30	7
[2025-07-20 07:30:00]	ATTEN	[Merchant]	Gọi Thương Nhân Thần Bí ngẫu nhiên	25-07-20 07:30	8
[2025-07-20 08:00:01]	ATTEN	[Merchant]	Gọi Thương Nhân Thần Bí ngẫu nhiên	25-07-20 08:00	7
[2025-07-20 08:00:01]	ATTEN	[Merchant]	Gọi Thương Nhân Thần Bí ngẫu nhiên	25-07-20 08:00	8
[2025-07-20 08:30:00]	ATTEN	[Merchant]	Gọi Thương Nhân Thần Bí ngẫu nhiên	25-07-20 08:30	7
[2025-07-20 08:30:00]	ATTEN	[Merchant]	Gọi Thương Nhân Thần Bí ngẫu nhiên	25-07-20 08:30	8
[2025-07-20 08:00:21]	ATTEN	[XoyoGame]	
[2025-07-20 08:30:00]	ATTEN	[Merchant]	Gọi Thương Nhân Thần Bí ngẫu nhiên	25-07-20 08:30	6
[2025-07-20 08:30:00]	ATTEN	[BaiHuTang]	9720	ShowGongGao	1	08:30-00
